[INFO ] 20191108_142129 DEV_SendScanPara:68 -| Running In DEV_SendScanPara...
    5: ./exe() [0x40a0ec]
    4: ./exe() [0x40a597]
    3: ./exe() [0x404e6d]
    2: ./exe() [0x402c89]
    1: /lib/x86_64-linux-gnu/libpthread.so.0(+0x8184) [0x7fd67545e184]
    0: /lib/x86_64-linux-gnu/libc.so.6(clone+0x6d) [0x7fd674a5303d]
[INFO ] 20191108_142129 DEV_SendScanPara:106 -| End DEV_SendScanPara.
    5: ./exe() [0x40a0ec]
    4: ./exe() [0x40a597]
    3: ./exe() [0x405067]
    2: ./exe() [0x402c89]
    1: /lib/x86_64-linux-gnu/libpthread.so.0(+0x8184) [0x7fd67545e184]
    0: /lib/x86_64-linux-gnu/libc.so.6(clone+0x6d) [0x7fd674a5303d]
[INFO ] 20191108_142131 DEV_SendScanPara:68 -| Running In DEV_SendScanPara...
    5: ./exe() [0x40a0ec]
    4: ./exe() [0x40a597]
    3: ./exe() [0x404e6d]
    2: ./exe() [0x402c89]
    1: /lib/x86_64-linux-gnu/libpthread.so.0(+0x8184) [0x7fd67545e184]
    0: /lib/x86_64-linux-gnu/libc.so.6(clone+0x6d) [0x7fd674a5303d]
[INFO ] 20191108_142131 DEV_SendScanPara:106 -| End DEV_SendScanPara.
    5: ./exe() [0x40a0ec]
    4: ./exe() [0x40a597]
    3: ./exe() [0x405067]
    2: ./exe() [0x402c89]
    1: /lib/x86_64-linux-gnu/libpthread.so.0(+0x8184) [0x7fd67545e184]
    0: /lib/x86_64-linux-gnu/libc.so.6(clone+0x6d) [0x7fd674a5303d]
[INFO ] 20191108_142133 DEV_SendScanPara:68 -| Running In DEV_SendScanPara...
    5: ./exe() [0x40a0ec]
    4: ./exe() [0x40a597]
    3: ./exe() [0x404e6d]
    2: ./exe() [0x402c89]
    1: /lib/x86_64-linux-gnu/libpthread.so.0(+0x8184) [0x7fd67545e184]
    0: /lib/x86_64-linux-gnu/libc.so.6(clone+0x6d) [0x7fd674a5303d]
[INFO ] 20191108_142133 DEV_SendScanPara:106 -| End DEV_SendScanPara.
    5: ./exe() [0x40a0ec]
    4: ./exe() [0x40a597]
    3: ./exe() [0x405067]
    2: ./exe() [0x402c89]
    1: /lib/x86_64-linux-gnu/libpthread.so.0(+0x8184) [0x7fd67545e184]
    0: /lib/x86_64-linux-gnu/libc.so.6(clone+0x6d) [0x7fd674a5303d]
[INFO ] 20191108_142135 DEV_SendScanPara:68 -| Running In DEV_SendScanPara...
    5: ./exe() [0x40a0ec]
    4: ./exe() [0x40a597]
    3: ./exe() [0x404e6d]
    2: ./exe() [0x402c89]
    1: /lib/x86_64-linux-gnu/libpthread.so.0(+0x8184) [0x7fd67545e184]
    0: /lib/x86_64-linux-gnu/libc.so.6(clone+0x6d) [0x7fd674a5303d]
[INFO ] 20191108_142135 DEV_SendScanPara:106 -| End DEV_SendScanPara.
    5: ./exe() [0x40a0ec]
    4: ./exe() [0x40a597]
    3: ./exe() [0x405067]
    2: ./exe() [0x402c89]
    1: /lib/x86_64-linux-gnu/libpthread.so.0(+0x8184) [0x7fd67545e184]
    0: /lib/x86_64-linux-gnu/libc.so.6(clone+0x6d) [0x7fd674a5303d]
[INFO ] 20191108_142137 DEV_SendLocatePara:126 -| Running In DEV_SendLocatePara...
    5: ./exe() [0x40a0ec]
    4: ./exe() [0x40a597]
    3: ./exe() [0x4050e2]
    2: ./exe() [0x402d3c]
    1: /lib/x86_64-linux-gnu/libpthread.so.0(+0x8184) [0x7fd67545e184]
    0: /lib/x86_64-linux-gnu/libc.so.6(clone+0x6d) [0x7fd674a5303d]
[INFO ] 20191108_142137 DEV_SendLocatePara:158 -| End DEV_SendLocatePara.
    5: ./exe() [0x40a0ec]
    4: ./exe() [0x40a597]
    3: ./exe() [0x405288]
    2: ./exe() [0x402d3c]
    1: /lib/x86_64-linux-gnu/libpthread.so.0(+0x8184) [0x7fd67545e184]
    0: /lib/x86_64-linux-gnu/libc.so.6(clone+0x6d) [0x7fd674a5303d]
[INFO ] 20191108_142137 DEV_SendScanPara:68 -| Running In DEV_SendScanPara...
    5: ./exe() [0x40a0ec]
    4: ./exe() [0x40a597]
    3: ./exe() [0x404e6d]
    2: ./exe() [0x402c89]
    1: /lib/x86_64-linux-gnu/libpthread.so.0(+0x8184) [0x7fd67545e184]
    0: /lib/x86_64-linux-gnu/libc.so.6(clone+0x6d) [0x7fd674a5303d]
[INFO ] 20191108_142137 DEV_SendScanPara:106 -| End DEV_SendScanPara.
    5: ./exe() [0x40a0ec]
    4: ./exe() [0x40a597]
    3: ./exe() [0x405067]
    2: ./exe() [0x402c89]
    1: /lib/x86_64-linux-gnu/libpthread.so.0(+0x8184) [0x7fd67545e184]
    0: /lib/x86_64-linux-gnu/libc.so.6(clone+0x6d) [0x7fd674a5303d]
[INFO ] 20191108_142139 DEV_SendScanPara:68 -| Running In DEV_SendScanPara...
    5: ./exe() [0x40a0ec]
    4: ./exe() [0x40a597]
    3: ./exe() [0x404e6d]
    2: ./exe() [0x402c89]
    1: /lib/x86_64-linux-gnu/libpthread.so.0(+0x8184) [0x7fd67545e184]
    0: /lib/x86_64-linux-gnu/libc.so.6(clone+0x6d) [0x7fd674a5303d]
[INFO ] 20191108_142139 DEV_SendScanPara:106 -| End DEV_SendScanPara.
    5: ./exe() [0x40a0ec]
    4: ./exe() [0x40a597]
    3: ./exe() [0x405067]
    2: ./exe() [0x402c89]
    1: /lib/x86_64-linux-gnu/libpthread.so.0(+0x8184) [0x7fd67545e184]
    0: /lib/x86_64-linux-gnu/libc.so.6(clone+0x6d) [0x7fd674a5303d]
[INFO ] 20191108_142141 DEV_SendScanPara:68 -| Running In DEV_SendScanPara...
    5: ./exe() [0x40a0ec]
    4: ./exe() [0x40a597]
    3: ./exe() [0x404e6d]
    2: ./exe() [0x402c89]
    1: /lib/x86_64-linux-gnu/libpthread.so.0(+0x8184) [0x7fd67545e184]
    0: /lib/x86_64-linux-gnu/libc.so.6(clone+0x6d) [0x7fd674a5303d]
[INFO ] 20191108_142141 DEV_SendScanPara:106 -| End DEV_SendScanPara.
    5: ./exe() [0x40a0ec]
    4: ./exe() [0x40a597]
    3: ./exe() [0x405067]
    2: ./exe() [0x402c89]
    1: /lib/x86_64-linux-gnu/libpthread.so.0(+0x8184) [0x7fd67545e184]
    0: /lib/x86_64-linux-gnu/libc.so.6(clone+0x6d) [0x7fd674a5303d]
[INFO ] 20191108_142143 DEV_SendScanPara:68 -| Running In DEV_SendScanPara...
    5: ./exe() [0x40a0ec]
    4: ./exe() [0x40a597]
    3: ./exe() [0x404e6d]
    2: ./exe() [0x402c89]
    1: /lib/x86_64-linux-gnu/libpthread.so.0(+0x8184) [0x7fd67545e184]
    0: /lib/x86_64-linux-gnu/libc.so.6(clone+0x6d) [0x7fd674a5303d]
[INFO ] 20191108_142143 DEV_SendScanPara:106 -| End DEV_SendScanPara.
    5: ./exe() [0x40a0ec]
    4: ./exe() [0x40a597]
    3: ./exe() [0x405067]
    2: ./exe() [0x402c89]
    1: /lib/x86_64-linux-gnu/libpthread.so.0(+0x8184) [0x7fd67545e184]
    0: /lib/x86_64-linux-gnu/libc.so.6(clone+0x6d) [0x7fd674a5303d]
[INFO ] 20191108_142145 DEV_SendScanPara:68 -| Running In DEV_SendScanPara...
    5: ./exe() [0x40a0ec]
    4: ./exe() [0x40a597]
    3: ./exe() [0x404e6d]
    2: ./exe() [0x402c89]
    1: /lib/x86_64-linux-gnu/libpthread.so.0(+0x8184) [0x7fd67545e184]
    0: /lib/x86_64-linux-gnu/libc.so.6(clone+0x6d) [0x7fd674a5303d]
[INFO ] 20191108_142145 DEV_SendScanPara:106 -| End DEV_SendScanPara.
    5: ./exe() [0x40a0ec]
    4: ./exe() [0x40a597]
    3: ./exe() [0x405067]
    2: ./exe() [0x402c89]
    1: /lib/x86_64-linux-gnu/libpthread.so.0(+0x8184) [0x7fd67545e184]
    0: /lib/x86_64-linux-gnu/libc.so.6(clone+0x6d) [0x7fd674a5303d]
[INFO ] 20191108_142147 DEV_SendLocatePara:126 -| Running In DEV_SendLocatePara...
    5: ./exe() [0x40a0ec]
    4: ./exe() [0x40a597]
    3: ./exe() [0x4050e2]
    2: ./exe() [0x402d3c]
    1: /lib/x86_64-linux-gnu/libpthread.so.0(+0x8184) [0x7fd67545e184]
    0: /lib/x86_64-linux-gnu/libc.so.6(clone+0x6d) [0x7fd674a5303d]
[INFO ] 20191108_142147 DEV_SendLocatePara:158 -| End DEV_SendLocatePara.
    5: ./exe() [0x40a0ec]
    4: ./exe() [0x40a597]
    3: ./exe() [0x405288]
    2: ./exe() [0x402d3c]
    1: /lib/x86_64-linux-gnu/libpthread.so.0(+0x8184) [0x7fd67545e184]
    0: /lib/x86_64-linux-gnu/libc.so.6(clone+0x6d) [0x7fd674a5303d]
[INFO ] 20191108_142147 DEV_SendScanPara:68 -| Running In DEV_SendScanPara...
    5: ./exe() [0x40a0ec]
    4: ./exe() [0x40a597]
    3: ./exe() [0x404e6d]
    2: ./exe() [0x402c89]
    1: /lib/x86_64-linux-gnu/libpthread.so.0(+0x8184) [0x7fd67545e184]
    0: /lib/x86_64-linux-gnu/libc.so.6(clone+0x6d) [0x7fd674a5303d]
[INFO ] 20191108_142147 DEV_SendScanPara:106 -| End DEV_SendScanPara.
    5: ./exe() [0x40a0ec]
    4: ./exe() [0x40a597]
    3: ./exe() [0x405067]
    2: ./exe() [0x402c89]
    1: /lib/x86_64-linux-gnu/libpthread.so.0(+0x8184) [0x7fd67545e184]
    0: /lib/x86_64-linux-gnu/libc.so.6(clone+0x6d) [0x7fd674a5303d]
[INFO ] 20191108_142149 DEV_SendScanPara:68 -| Running In DEV_SendScanPara...
    5: ./exe() [0x40a0ec]
    4: ./exe() [0x40a597]
    3: ./exe() [0x404e6d]
    2: ./exe() [0x402c89]
    1: /lib/x86_64-linux-gnu/libpthread.so.0(+0x8184) [0x7fd67545e184]
    0: /lib/x86_64-linux-gnu/libc.so.6(clone+0x6d) [0x7fd674a5303d]
[INFO ] 20191108_142149 DEV_SendScanPara:106 -| End DEV_SendScanPara.
    5: ./exe() [0x40a0ec]
    4: ./exe() [0x40a597]
    3: ./exe() [0x405067]
    2: ./exe() [0x402c89]
    1: /lib/x86_64-linux-gnu/libpthread.so.0(+0x8184) [0x7fd67545e184]
    0: /lib/x86_64-linux-gnu/libc.so.6(clone+0x6d) [0x7fd674a5303d]
[INFO ] 20191108_142151 DEV_SendScanPara:68 -| Running In DEV_SendScanPara...
    5: ./exe() [0x40a0ec]
    4: ./exe() [0x40a597]
    3: ./exe() [0x404e6d]
    2: ./exe() [0x402c89]
    1: /lib/x86_64-linux-gnu/libpthread.so.0(+0x8184) [0x7fd67545e184]
    0: /lib/x86_64-linux-gnu/libc.so.6(clone+0x6d) [0x7fd674a5303d]
[INFO ] 20191108_142151 DEV_SendScanPara:106 -| End DEV_SendScanPara.
    5: ./exe() [0x40a0ec]
    4: ./exe() [0x40a597]
    3: ./exe() [0x405067]
    2: ./exe() [0x402c89]
    1: /lib/x86_64-linux-gnu/libpthread.so.0(+0x8184) [0x7fd67545e184]
    0: /lib/x86_64-linux-gnu/libc.so.6(clone+0x6d) [0x7fd674a5303d]
[INFO ] 20191108_142153 DEV_SendScanPara:68 -| Running In DEV_SendScanPara...
    5: ./exe() [0x40a0ec]
    4: ./exe() [0x40a597]
    3: ./exe() [0x404e6d]
    2: ./exe() [0x402c89]
    1: /lib/x86_64-linux-gnu/libpthread.so.0(+0x8184) [0x7fd67545e184]
    0: /lib/x86_64-linux-gnu/libc.so.6(clone+0x6d) [0x7fd674a5303d]
[INFO ] 20191108_142153 DEV_SendScanPara:106 -| End DEV_SendScanPara.
    5: ./exe() [0x40a0ec]
    4: ./exe() [0x40a597]
    3: ./exe() [0x405067]
    2: ./exe() [0x402c89]
    1: /lib/x86_64-linux-gnu/libpthread.so.0(+0x8184) [0x7fd67545e184]
    0: /lib/x86_64-linux-gnu/libc.so.6(clone+0x6d) [0x7fd674a5303d]
[INFO ] 20191108_142155 DEV_SendScanPara:68 -| Running In DEV_SendScanPara...
    5: ./exe() [0x40a0ec]
    4: ./exe() [0x40a597]
    3: ./exe() [0x404e6d]
    2: ./exe() [0x402c89]
    1: /lib/x86_64-linux-gnu/libpthread.so.0(+0x8184) [0x7fd67545e184]
    0: /lib/x86_64-linux-gnu/libc.so.6(clone+0x6d) [0x7fd674a5303d]
[INFO ] 20191108_142155 DEV_SendScanPara:106 -| End DEV_SendScanPara.
    5: ./exe() [0x40a0ec]
    4: ./exe() [0x40a597]
    3: ./exe() [0x405067]
    2: ./exe() [0x402c89]
    1: /lib/x86_64-linux-gnu/libpthread.so.0(+0x8184) [0x7fd67545e184]
    0: /lib/x86_64-linux-gnu/libc.so.6(clone+0x6d) [0x7fd674a5303d]
[INFO ] 20191108_142157 DEV_SendLocatePara:126 -| Running In DEV_SendLocatePara...
    5: ./exe() [0x40a0ec]
    4: ./exe() [0x40a597]
    3: ./exe() [0x4050e2]
    2: ./exe() [0x402d3c]
    1: /lib/x86_64-linux-gnu/libpthread.so.0(+0x8184) [0x7fd67545e184]
    0: /lib/x86_64-linux-gnu/libc.so.6(clone+0x6d) [0x7fd674a5303d]
[INFO ] 20191108_142157 DEV_SendLocatePara:158 -| End DEV_SendLocatePara.
    5: ./exe() [0x40a0ec]
    4: ./exe() [0x40a597]
    3: ./exe() [0x405288]
    2: ./exe() [0x402d3c]
    1: /lib/x86_64-linux-gnu/libpthread.so.0(+0x8184) [0x7fd67545e184]
    0: /lib/x86_64-linux-gnu/libc.so.6(clone+0x6d) [0x7fd674a5303d]
[INFO ] 20191108_142157 DEV_SendScanPara:68 -| Running In DEV_SendScanPara...
    5: ./exe() [0x40a0ec]
    4: ./exe() [0x40a597]
    3: ./exe() [0x404e6d]
    2: ./exe() [0x402c89]
    1: /lib/x86_64-linux-gnu/libpthread.so.0(+0x8184) [0x7fd67545e184]
    0: /lib/x86_64-linux-gnu/libc.so.6(clone+0x6d) [0x7fd674a5303d]
[INFO ] 20191108_142157 DEV_SendScanPara:106 -| End DEV_SendScanPara.
    5: ./exe() [0x40a0ec]
    4: ./exe() [0x40a597]
    3: ./exe() [0x405067]
    2: ./exe() [0x402c89]
    1: /lib/x86_64-linux-gnu/libpthread.so.0(+0x8184) [0x7fd67545e184]
    0: /lib/x86_64-linux-gnu/libc.so.6(clone+0x6d) [0x7fd674a5303d]
[INFO ] 20191108_142159 DEV_SendScanPara:68 -| Running In DEV_SendScanPara...
    5: ./exe() [0x40a0ec]
    4: ./exe() [0x40a597]
    3: ./exe() [0x404e6d]
    2: ./exe() [0x402c89]
    1: /lib/x86_64-linux-gnu/libpthread.so.0(+0x8184) [0x7fd67545e184]
    0: /lib/x86_64-linux-gnu/libc.so.6(clone+0x6d) [0x7fd674a5303d]
[INFO ] 20191108_142159 DEV_SendScanPara:106 -| End DEV_SendScanPara.
    5: ./exe() [0x40a0ec]
    4: ./exe() [0x40a597]
    3: ./exe() [0x405067]
    2: ./exe() [0x402c89]
    1: /lib/x86_64-linux-gnu/libpthread.so.0(+0x8184) [0x7fd67545e184]
    0: /lib/x86_64-linux-gnu/libc.so.6(clone+0x6d) [0x7fd674a5303d]
[INFO ] 20191108_142201 DEV_SendScanPara:68 -| Running In DEV_SendScanPara...
    5: ./exe() [0x40a0ec]
    4: ./exe() [0x40a597]
    3: ./exe() [0x404e6d]
    2: ./exe() [0x402c89]
    1: /lib/x86_64-linux-gnu/libpthread.so.0(+0x8184) [0x7fd67545e184]
    0: /lib/x86_64-linux-gnu/libc.so.6(clone+0x6d) [0x7fd674a5303d]
[INFO ] 20191108_142201 DEV_SendScanPara:106 -| End DEV_SendScanPara.
    5: ./exe() [0x40a0ec]
    4: ./exe() [0x40a597]
    3: ./exe() [0x405067]
    2: ./exe() [0x402c89]
    1: /lib/x86_64-linux-gnu/libpthread.so.0(+0x8184) [0x7fd67545e184]
    0: /lib/x86_64-linux-gnu/libc.so.6(clone+0x6d) [0x7fd674a5303d]
[INFO ] 20191108_142207 DEV_SendLocatePara:126 -| Running In DEV_SendLocatePara...
    5: ./exe() [0x40a0ec]
    4: ./exe() [0x40a597]
    3: ./exe() [0x4050e2]
    2: ./exe() [0x402d3c]
    1: /lib/x86_64-linux-gnu/libpthread.so.0(+0x8184) [0x7fd67545e184]
    0: /lib/x86_64-linux-gnu/libc.so.6(clone+0x6d) [0x7fd674a5303d]
[INFO ] 20191108_142207 DEV_SendLocatePara:158 -| End DEV_SendLocatePara.
    5: ./exe() [0x40a0ec]
    4: ./exe() [0x40a597]
    3: ./exe() [0x405288]
    2: ./exe() [0x402d3c]
    1: /lib/x86_64-linux-gnu/libpthread.so.0(+0x8184) [0x7fd67545e184]
    0: /lib/x86_64-linux-gnu/libc.so.6(clone+0x6d) [0x7fd674a5303d]
[INFO ] 20191108_142207 main:665 -| Main BYE!
    4: ./exe() [0x40a0ec]
    3: ./exe() [0x40a597]
    2: ./exe() [0x403645]
    1: /lib/x86_64-linux-gnu/libc.so.6(__libc_start_main+0xf5) [0x7fd674976f45]
    0: ./exe() [0x402469]
