[INFO ] 20191108_145909 DEV_SendScanPara:68 -| Running In DEV_SendScanPara...
    5: ./exe() [0x40a0fc]
    4: ./exe() [0x40a5a7]
    3: ./exe() [0x404e7d]
    2: ./exe() [0x402c89]
    1: /lib/x86_64-linux-gnu/libpthread.so.0(+0x8184) [0x7faac46ba184]
    0: /lib/x86_64-linux-gnu/libc.so.6(clone+0x6d) [0x7faac3caf03d]
[INFO ] 20191108_145909 DEV_SendLocatePara:126 -| Running In DEV_SendLocatePara...
    5: ./exe() [0x40a0fc]
    4: ./exe() [0x40a5a7]
    3: ./exe() [0x4050f2]
    2: ./exe() [0x402d3c]
    1: /lib/x86_64-linux-gnu/libpthread.so.0(+0x8184) [0x7faac46ba184]
    0: /lib/x86_64-linux-gnu/libc.so.6(clone+0x6d) [0x7faac3caf03d]
[INFO ] 20191108_145909 DEV_SendScanPara:106 -| End DEV_SendScanPara.
    5: ./exe() [0x40a0fc]
    4: ./exe() [0x40a5a7]
    3: ./exe() [0x405077]
    2: ./exe() [0x402c89]
    1: /lib/x86_64-linux-gnu/libpthread.so.0(+0x8184) [0x7faac46ba184]
    0: /lib/x86_64-linux-gnu/libc.so.6(clone+0x6d) [0x7faac3caf03d]
[INFO ] 20191108_145909 DEV_SendLocatePara:158 -| End DEV_SendLocatePara.
    5: ./exe() [0x40a0fc]
    4: ./exe() [0x40a5a7]
    3: ./exe() [0x405298]
    2: ./exe() [0x402d3c]
    1: /lib/x86_64-linux-gnu/libpthread.so.0(+0x8184) [0x7faac46ba184]
    0: /lib/x86_64-linux-gnu/libc.so.6(clone+0x6d) [0x7faac3caf03d]
[INFO ] 20191108_145911 DEV_SendScanPara:68 -| Running In DEV_SendScanPara...
    5: ./exe() [0x40a0fc]
    4: ./exe() [0x40a5a7]
    3: ./exe() [0x404e7d]
    2: ./exe() [0x402c89]
    1: /lib/x86_64-linux-gnu/libpthread.so.0(+0x8184) [0x7faac46ba184]
    0: /lib/x86_64-linux-gnu/libc.so.6(clone+0x6d) [0x7faac3caf03d]
[INFO ] 20191108_145911 DEV_SendLocatePara:126 -| Running In DEV_SendLocatePara...
    5: ./exe() [0x40a0fc]
    4: ./exe() [0x40a5a7]
    3: ./exe() [0x4050f2]
    2: ./exe() [0x402d3c]
    1: /lib/x86_64-linux-gnu/libpthread.so.0(+0x8184) [0x7faac46ba184]
    0: /lib/x86_64-linux-gnu/libc.so.6(clone+0x6d) [0x7faac3caf03d]
[INFO ] 20191108_145911 DEV_SendScanPara:106 -| End DEV_SendScanPara.
    5: ./exe() [0x40a0fc]
    4: ./exe() [0x40a5a7]
    3: ./exe() [0x405077]
    2: ./exe() [0x402c89]
    1: /lib/x86_64-linux-gnu/libpthread.so.0(+0x8184) [0x7faac46ba184]
    0: /lib/x86_64-linux-gnu/libc.so.6(clone+0x6d) [0x7faac3caf03d]
[INFO ] 20191108_145911 DEV_SendLocatePara:158 -| End DEV_SendLocatePara.
    5: ./exe() [0x40a0fc]
    4: ./exe() [0x40a5a7]
    3: ./exe() [0x405298]
    2: ./exe() [0x402d3c]
    1: /lib/x86_64-linux-gnu/libpthread.so.0(+0x8184) [0x7faac46ba184]
    0: /lib/x86_64-linux-gnu/libc.so.6(clone+0x6d) [0x7faac3caf03d]
[INFO ] 20191108_145913 DEV_SendScanPara:68 -| Running In DEV_SendScanPara...
    5: ./exe() [0x40a0fc]
    4: ./exe() [0x40a5a7]
    3: ./exe() [0x404e7d]
    2: ./exe() [0x402c89]
    1: /lib/x86_64-linux-gnu/libpthread.so.0(+0x8184) [0x7faac46ba184]
    0: /lib/x86_64-linux-gnu/libc.so.6(clone+0x6d) [0x7faac3caf03d]
[INFO ] 20191108_145913 DEV_SendLocatePara:126 -| Running In DEV_SendLocatePara...
    5: ./exe() [0x40a0fc]
    4: ./exe() [0x40a5a7]
    3: ./exe() [0x4050f2]
    2: ./exe() [0x402d3c]
    1: /lib/x86_64-linux-gnu/libpthread.so.0(+0x8184) [0x7faac46ba184]
    0: /lib/x86_64-linux-gnu/libc.so.6(clone+0x6d) [0x7faac3caf03d]
[INFO ] 20191108_145913 DEV_SendScanPara:106 -| End DEV_SendScanPara.
    5: ./exe() [0x40a0fc]
    4: ./exe() [0x40a5a7]
    3: ./exe() [0x405077]
    2: ./exe() [0x402c89]
    1: /lib/x86_64-linux-gnu/libpthread.so.0(+0x8184) [0x7faac46ba184]
    0: /lib/x86_64-linux-gnu/libc.so.6(clone+0x6d) [0x7faac3caf03d]
[INFO ] 20191108_145913 DEV_SendLocatePara:158 -| End DEV_SendLocatePara.
    5: ./exe() [0x40a0fc]
    4: ./exe() [0x40a5a7]
    3: ./exe() [0x405298]
    2: ./exe() [0x402d3c]
    1: /lib/x86_64-linux-gnu/libpthread.so.0(+0x8184) [0x7faac46ba184]
    0: /lib/x86_64-linux-gnu/libc.so.6(clone+0x6d) [0x7faac3caf03d]
[INFO ] 20191108_145915 DEV_SendScanPara:68 -| Running In DEV_SendScanPara...
    5: ./exe() [0x40a0fc]
    4: ./exe() [0x40a5a7]
    3: ./exe() [0x404e7d]
    2: ./exe() [0x402c89]
    1: /lib/x86_64-linux-gnu/libpthread.so.0(+0x8184) [0x7faac46ba184]
    0: /lib/x86_64-linux-gnu/libc.so.6(clone+0x6d) [0x7faac3caf03d]
[INFO ] 20191108_145915 DEV_SendScanPara:106 -| End DEV_SendScanPara.
    5: ./exe() [0x40a0fc]
    4: ./exe() [0x40a5a7]
    3: ./exe() [0x405077]
    2: ./exe() [0x402c89]
    1: /lib/x86_64-linux-gnu/libpthread.so.0(+0x8184) [0x7faac46ba184]
    0: /lib/x86_64-linux-gnu/libc.so.6(clone+0x6d) [0x7faac3caf03d]
[INFO ] 20191108_145915 DEV_SendLocatePara:126 -| Running In DEV_SendLocatePara...
    5: ./exe() [0x40a0fc]
    4: ./exe() [0x40a5a7]
    3: ./exe() [0x4050f2]
    2: ./exe() [0x402d3c]
    1: /lib/x86_64-linux-gnu/libpthread.so.0(+0x8184) [0x7faac46ba184]
    0: /lib/x86_64-linux-gnu/libc.so.6(clone+0x6d) [0x7faac3caf03d]
[INFO ] 20191108_145915 DEV_SendLocatePara:158 -| End DEV_SendLocatePara.
    5: ./exe() [0x40a0fc]
    4: ./exe() [0x40a5a7]
    3: ./exe() [0x405298]
    2: ./exe() [0x402d3c]
    1: /lib/x86_64-linux-gnu/libpthread.so.0(+0x8184) [0x7faac46ba184]
    0: /lib/x86_64-linux-gnu/libc.so.6(clone+0x6d) [0x7faac3caf03d]
[INFO ] 20191108_145917 DEV_SendScanPara:68 -| Running In DEV_SendScanPara...
    5: ./exe() [0x40a0fc]
    4: ./exe() [0x40a5a7]
    3: ./exe() [0x404e7d]
    2: ./exe() [0x402c89]
    1: /lib/x86_64-linux-gnu/libpthread.so.0(+0x8184) [0x7faac46ba184]
    0: /lib/x86_64-linux-gnu/libc.so.6(clone+0x6d) [0x7faac3caf03d]
[INFO ] 20191108_145917 DEV_SendLocatePara:126 -| Running In DEV_SendLocatePara...
    5: ./exe() [0x40a0fc]
    4: ./exe() [0x40a5a7]
    3: ./exe() [0x4050f2]
    2: ./exe() [0x402d3c]
    1: /lib/x86_64-linux-gnu/libpthread.so.0(+0x8184) [0x7faac46ba184]
    0: /lib/x86_64-linux-gnu/libc.so.6(clone+0x6d) [0x7faac3caf03d]
[INFO ] 20191108_145917 DEV_SendLocatePara:158 -| End DEV_SendLocatePara.
    5: ./exe() [0x40a0fc]
    4: ./exe() [0x40a5a7]
    3: ./exe() [0x405298]
    2: ./exe() [0x402d3c]
    1: /lib/x86_64-linux-gnu/libpthread.so.0(+0x8184) [0x7faac46ba184]
    0: /lib/x86_64-linux-gnu/libc.so.6(clone+0x6d) [0x7faac3caf03d]
[INFO ] 20191108_145917 DEV_SendScanPara:106 -| End DEV_SendScanPara.
    5: ./exe() [0x40a0fc]
    4: ./exe() [0x40a5a7]
    3: ./exe() [0x405077]
    2: ./exe() [0x402c89]
    1: /lib/x86_64-linux-gnu/libpthread.so.0(+0x8184) [0x7faac46ba184]
    0: /lib/x86_64-linux-gnu/libc.so.6(clone+0x6d) [0x7faac3caf03d]
[INFO ] 20191108_145919 DEV_SendLocatePara:126 -| Running In DEV_SendLocatePara...
    5: ./exe() [0x40a0fc]
    4: ./exe() [0x40a5a7]
    3: ./exe() [0x4050f2]
    2: ./exe() [0x402d3c]
    1: /lib/x86_64-linux-gnu/libpthread.so.0(+0x8184) [0x7faac46ba184]
    0: /lib/x86_64-linux-gnu/libc.so.6(clone+0x6d) [0x7faac3caf03d]
[INFO ] 20191108_145919 DEV_SendScanPara:68 -| Running In DEV_SendScanPara...
    5: ./exe() [0x40a0fc]
    4: ./exe() [0x40a5a7]
    3: ./exe() [0x404e7d]
    2: ./exe() [0x402c89]
    1: /lib/x86_64-linux-gnu/libpthread.so.0(+0x8184) [0x7faac46ba184]
    0: /lib/x86_64-linux-gnu/libc.so.6(clone+0x6d) [0x7faac3caf03d]
[INFO ] 20191108_145919 DEV_SendScanPara:106 -| End DEV_SendScanPara.
    5: ./exe() [0x40a0fc]
    4: ./exe() [0x40a5a7]
    3: ./exe() [0x405077]
    2: ./exe() [0x402c89]
    1: /lib/x86_64-linux-gnu/libpthread.so.0(+0x8184) [0x7faac46ba184]
    0: /lib/x86_64-linux-gnu/libc.so.6(clone+0x6d) [0x7faac3caf03d]
[INFO ] 20191108_145919 DEV_SendLocatePara:158 -| End DEV_SendLocatePara.
    5: ./exe() [0x40a0fc]
    4: ./exe() [0x40a5a7]
    3: ./exe() [0x405298]
    2: ./exe() [0x402d3c]
    1: /lib/x86_64-linux-gnu/libpthread.so.0(+0x8184) [0x7faac46ba184]
    0: /lib/x86_64-linux-gnu/libc.so.6(clone+0x6d) [0x7faac3caf03d]
[INFO ] 20191108_145921 DEV_SendScanPara:68 -| Running In DEV_SendScanPara...
    5: ./exe() [0x40a0fc]
    4: ./exe() [0x40a5a7]
    3: ./exe() [0x404e7d]
    2: ./exe() [0x402c89]
    1: /lib/x86_64-linux-gnu/libpthread.so.0(+0x8184) [0x7faac46ba184]
    0: /lib/x86_64-linux-gnu/libc.so.6(clone+0x6d) [0x7faac3caf03d]
[INFO ] 20191108_145921 DEV_SendScanPara:106 -| End DEV_SendScanPara.
    5: ./exe() [0x40a0fc]
    4: ./exe() [0x40a5a7]
    3: ./exe() [0x405077]
    2: ./exe() [0x402c89]
    1: /lib/x86_64-linux-gnu/libpthread.so.0(+0x8184) [0x7faac46ba184]
    0: /lib/x86_64-linux-gnu/libc.so.6(clone+0x6d) [0x7faac3caf03d]
[INFO ] 20191108_145921 DEV_SendLocatePara:126 -| Running In DEV_SendLocatePara...
    5: ./exe() [0x40a0fc]
    4: ./exe() [0x40a5a7]
    3: ./exe() [0x4050f2]
    2: ./exe() [0x402d3c]
    1: /lib/x86_64-linux-gnu/libpthread.so.0(+0x8184) [0x7faac46ba184]
    0: /lib/x86_64-linux-gnu/libc.so.6(clone+0x6d) [0x7faac3caf03d]
[INFO ] 20191108_145921 DEV_SendLocatePara:158 -| End DEV_SendLocatePara.
    5: ./exe() [0x40a0fc]
    4: ./exe() [0x40a5a7]
    3: ./exe() [0x405298]
    2: ./exe() [0x402d3c]
    1: /lib/x86_64-linux-gnu/libpthread.so.0(+0x8184) [0x7faac46ba184]
    0: /lib/x86_64-linux-gnu/libc.so.6(clone+0x6d) [0x7faac3caf03d]
[INFO ] 20191108_145923 DEV_SendScanPara:68 -| Running In DEV_SendScanPara...
    5: ./exe() [0x40a0fc]
    4: ./exe() [0x40a5a7]
    3: ./exe() [0x404e7d]
    2: ./exe() [0x402c89]
    1: /lib/x86_64-linux-gnu/libpthread.so.0(+0x8184) [0x7faac46ba184]
    0: /lib/x86_64-linux-gnu/libc.so.6(clone+0x6d) [0x7faac3caf03d]
[INFO ] 20191108_145923 DEV_SendScanPara:106 -| End DEV_SendScanPara.
    5: ./exe() [0x40a0fc]
    4: ./exe() [0x40a5a7]
    3: ./exe() [0x405077]
    2: ./exe() [0x402c89]
    1: /lib/x86_64-linux-gnu/libpthread.so.0(+0x8184) [0x7faac46ba184]
    0: /lib/x86_64-linux-gnu/libc.so.6(clone+0x6d) [0x7faac3caf03d]
[INFO ] 20191108_145923 DEV_SendLocatePara:126 -| Running In DEV_SendLocatePara...
    5: ./exe() [0x40a0fc]
    4: ./exe() [0x40a5a7]
    3: ./exe() [0x4050f2]
    2: ./exe() [0x402d3c]
    1: /lib/x86_64-linux-gnu/libpthread.so.0(+0x8184) [0x7faac46ba184]
    0: /lib/x86_64-linux-gnu/libc.so.6(clone+0x6d) [0x7faac3caf03d]
[INFO ] 20191108_145923 DEV_SendLocatePara:158 -| End DEV_SendLocatePara.
    5: ./exe() [0x40a0fc]
    4: ./exe() [0x40a5a7]
    3: ./exe() [0x405298]
    2: ./exe() [0x402d3c]
    1: /lib/x86_64-linux-gnu/libpthread.so.0(+0x8184) [0x7faac46ba184]
    0: /lib/x86_64-linux-gnu/libc.so.6(clone+0x6d) [0x7faac3caf03d]
[INFO ] 20191108_145925 DEV_SendScanPara:68 -| Running In DEV_SendScanPara...
    5: ./exe() [0x40a0fc]
    4: ./exe() [0x40a5a7]
    3: ./exe() [0x404e7d]
    2: ./exe() [0x402c89]
    1: /lib/x86_64-linux-gnu/libpthread.so.0(+0x8184) [0x7faac46ba184]
    0: /lib/x86_64-linux-gnu/libc.so.6(clone+0x6d) [0x7faac3caf03d]
[INFO ] 20191108_145925 DEV_SendScanPara:106 -| End DEV_SendScanPara.
    5: ./exe() [0x40a0fc]
    4: ./exe() [0x40a5a7]
    3: ./exe() [0x405077]
    2: ./exe() [0x402c89]
    1: /lib/x86_64-linux-gnu/libpthread.so.0(+0x8184) [0x7faac46ba184]
    0: /lib/x86_64-linux-gnu/libc.so.6(clone+0x6d) [0x7faac3caf03d]
[INFO ] 20191108_145925 DEV_SendLocatePara:126 -| Running In DEV_SendLocatePara...
    5: ./exe() [0x40a0fc]
    4: ./exe() [0x40a5a7]
    3: ./exe() [0x4050f2]
    2: ./exe() [0x402d3c]
    1: /lib/x86_64-linux-gnu/libpthread.so.0(+0x8184) [0x7faac46ba184]
    0: /lib/x86_64-linux-gnu/libc.so.6(clone+0x6d) [0x7faac3caf03d]
[INFO ] 20191108_145925 DEV_SendLocatePara:158 -| End DEV_SendLocatePara.
    5: ./exe() [0x40a0fc]
    4: ./exe() [0x40a5a7]
    3: ./exe() [0x405298]
    2: ./exe() [0x402d3c]
    1: /lib/x86_64-linux-gnu/libpthread.so.0(+0x8184) [0x7faac46ba184]
    0: /lib/x86_64-linux-gnu/libc.so.6(clone+0x6d) [0x7faac3caf03d]
[INFO ] 20191108_145927 DEV_SendScanPara:68 -| Running In DEV_SendScanPara...
    5: ./exe() [0x40a0fc]
    4: ./exe() [0x40a5a7]
    3: ./exe() [0x404e7d]
    2: ./exe() [0x402c89]
    1: /lib/x86_64-linux-gnu/libpthread.so.0(+0x8184) [0x7faac46ba184]
    0: /lib/x86_64-linux-gnu/libc.so.6(clone+0x6d) [0x7faac3caf03d]
[INFO ] 20191108_145927 DEV_SendLocatePara:126 -| Running In DEV_SendLocatePara...
    5: ./exe() [0x40a0fc]
    4: ./exe() [0x40a5a7]
    3: ./exe() [0x4050f2]
    2: ./exe() [0x402d3c]
    1: /lib/x86_64-linux-gnu/libpthread.so.0(+0x8184) [0x7faac46ba184]
    0: /lib/x86_64-linux-gnu/libc.so.6(clone+0x6d) [0x7faac3caf03d]
[INFO ] 20191108_145927 DEV_SendScanPara:106 -| End DEV_SendScanPara.
    5: ./exe() [0x40a0fc]
    4: ./exe() [0x40a5a7]
    3: ./exe() [0x405077]
    2: ./exe() [0x402c89]
    1: /lib/x86_64-linux-gnu/libpthread.so.0(+0x8184) [0x7faac46ba184]
    0: /lib/x86_64-linux-gnu/libc.so.6(clone+0x6d) [0x7faac3caf03d]
[INFO ] 20191108_145927 DEV_SendLocatePara:158 -| End DEV_SendLocatePara.
    5: ./exe() [0x40a0fc]
    4: ./exe() [0x40a5a7]
    3: ./exe() [0x405298]
    2: ./exe() [0x402d3c]
    1: /lib/x86_64-linux-gnu/libpthread.so.0(+0x8184) [0x7faac46ba184]
    0: /lib/x86_64-linux-gnu/libc.so.6(clone+0x6d) [0x7faac3caf03d]
[INFO ] 20191108_145929 DEV_SendScanPara:68 -| Running In DEV_SendScanPara...
    5: ./exe() [0x40a0fc]
    4: ./exe() [0x40a5a7]
    3: ./exe() [0x404e7d]
    2: ./exe() [0x402c89]
    1: /lib/x86_64-linux-gnu/libpthread.so.0(+0x8184) [0x7faac46ba184]
    0: /lib/x86_64-linux-gnu/libc.so.6(clone+0x6d) [0x7faac3caf03d]
[INFO ] 20191108_145929 DEV_SendLocatePara:126 -| Running In DEV_SendLocatePara...
    5: ./exe() [0x40a0fc]
    4: ./exe() [0x40a5a7]
    3: ./exe() [0x4050f2]
    2: ./exe() [0x402d3c]
    1: /lib/x86_64-linux-gnu/libpthread.so.0(+0x8184) [0x7faac46ba184]
    0: /lib/x86_64-linux-gnu/libc.so.6(clone+0x6d) [0x7faac3caf03d]
[INFO ] 20191108_145929 DEV_SendScanPara:106 -| End DEV_SendScanPara.
    5: ./exe() [0x40a0fc]
    4: ./exe() [0x40a5a7]
    3: ./exe() [0x405077]
    2: ./exe() [0x402c89]
    1: /lib/x86_64-linux-gnu/libpthread.so.0(+0x8184) [0x7faac46ba184]
    0: /lib/x86_64-linux-gnu/libc.so.6(clone+0x6d) [0x7faac3caf03d]
[INFO ] 20191108_145929 DEV_SendLocatePara:158 -| End DEV_SendLocatePara.
    5: ./exe() [0x40a0fc]
    4: ./exe() [0x40a5a7]
    3: ./exe() [0x405298]
    2: ./exe() [0x402d3c]
    1: /lib/x86_64-linux-gnu/libpthread.so.0(+0x8184) [0x7faac46ba184]
    0: /lib/x86_64-linux-gnu/libc.so.6(clone+0x6d) [0x7faac3caf03d]
[INFO ] 20191108_145931 DEV_SendLocatePara:126 -| Running In DEV_SendLocatePara...
    5: ./exe() [0x40a0fc]
    4: ./exe() [0x40a5a7]
    3: ./exe() [0x4050f2]
    2: ./exe() [0x402d3c]
    1: /lib/x86_64-linux-gnu/libpthread.so.0(+0x8184) [0x7faac46ba184]
    0: /lib/x86_64-linux-gnu/libc.so.6(clone+0x6d) [0x7faac3caf03d]
[INFO ] 20191108_145931 DEV_SendScanPara:68 -| Running In DEV_SendScanPara...
    5: ./exe() [0x40a0fc]
    4: ./exe() [0x40a5a7]
    3: ./exe() [0x404e7d]
    2: ./exe() [0x402c89]
    1: /lib/x86_64-linux-gnu/libpthread.so.0(+0x8184) [0x7faac46ba184]
    0: /lib/x86_64-linux-gnu/libc.so.6(clone+0x6d) [0x7faac3caf03d]
[INFO ] 20191108_145931 DEV_SendLocatePara:158 -| End DEV_SendLocatePara.
    5: ./exe() [0x40a0fc]
    4: ./exe() [0x40a5a7]
    3: ./exe() [0x405298]
    2: ./exe() [0x402d3c]
    1: /lib/x86_64-linux-gnu/libpthread.so.0(+0x8184) [0x7faac46ba184]
    0: /lib/x86_64-linux-gnu/libc.so.6(clone+0x6d) [0x7faac3caf03d]
[INFO ] 20191108_145931 DEV_SendScanPara:106 -| End DEV_SendScanPara.
    5: ./exe() [0x40a0fc]
    4: ./exe() [0x40a5a7]
    3: ./exe() [0x405077]
    2: ./exe() [0x402c89]
    1: /lib/x86_64-linux-gnu/libpthread.so.0(+0x8184) [0x7faac46ba184]
    0: /lib/x86_64-linux-gnu/libc.so.6(clone+0x6d) [0x7faac3caf03d]
[INFO ] 20191108_145933 DEV_SendLocatePara:126 -| Running In DEV_SendLocatePara...
    5: ./exe() [0x40a0fc]
    4: ./exe() [0x40a5a7]
    3: ./exe() [0x4050f2]
    2: ./exe() [0x402d3c]
    1: /lib/x86_64-linux-gnu/libpthread.so.0(+0x8184) [0x7faac46ba184]
    0: /lib/x86_64-linux-gnu/libc.so.6(clone+0x6d) [0x7faac3caf03d]
[INFO ] 20191108_145933 DEV_SendLocatePara:158 -| End DEV_SendLocatePara.
    5: ./exe() [0x40a0fc]
    4: ./exe() [0x40a5a7]
    3: ./exe() [0x405298]
    2: ./exe() [0x402d3c]
    1: /lib/x86_64-linux-gnu/libpthread.so.0(+0x8184) [0x7faac46ba184]
    0: /lib/x86_64-linux-gnu/libc.so.6(clone+0x6d) [0x7faac3caf03d]
[INFO ] 20191108_145933 DEV_SendScanPara:68 -| Running In DEV_SendScanPara...
    5: ./exe() [0x40a0fc]
    4: ./exe() [0x40a5a7]
    3: ./exe() [0x404e7d]
    2: ./exe() [0x402c89]
    1: /lib/x86_64-linux-gnu/libpthread.so.0(+0x8184) [0x7faac46ba184]
    0: /lib/x86_64-linux-gnu/libc.so.6(clone+0x6d) [0x7faac3caf03d]
[INFO ] 20191108_145933 DEV_SendScanPara:106 -| End DEV_SendScanPara.
    5: ./exe() [0x40a0fc]
    4: ./exe() [0x40a5a7]
    3: ./exe() [0x405077]
    2: ./exe() [0x402c89]
    1: /lib/x86_64-linux-gnu/libpthread.so.0(+0x8184) [0x7faac46ba184]
    0: /lib/x86_64-linux-gnu/libc.so.6(clone+0x6d) [0x7faac3caf03d]
[INFO ] 20191108_145935 DEV_SendLocatePara:126 -| Running In DEV_SendLocatePara...
    5: ./exe() [0x40a0fc]
    4: ./exe() [0x40a5a7]
    3: ./exe() [0x4050f2]
    2: ./exe() [0x402d3c]
    1: /lib/x86_64-linux-gnu/libpthread.so.0(+0x8184) [0x7faac46ba184]
    0: /lib/x86_64-linux-gnu/libc.so.6(clone+0x6d) [0x7faac3caf03d]
[INFO ] 20191108_145935 DEV_SendLocatePara:158 -| End DEV_SendLocatePara.
    5: ./exe() [0x40a0fc]
    4: ./exe() [0x40a5a7]
    3: ./exe() [0x405298]
    2: ./exe() [0x402d3c]
    1: /lib/x86_64-linux-gnu/libpthread.so.0(+0x8184) [0x7faac46ba184]
    0: /lib/x86_64-linux-gnu/libc.so.6(clone+0x6d) [0x7faac3caf03d]
[INFO ] 20191108_145935 DEV_SendScanPara:68 -| Running In DEV_SendScanPara...
    5: ./exe() [0x40a0fc]
    4: ./exe() [0x40a5a7]
    3: ./exe() [0x404e7d]
    2: ./exe() [0x402c89]
    1: /lib/x86_64-linux-gnu/libpthread.so.0(+0x8184) [0x7faac46ba184]
    0: /lib/x86_64-linux-gnu/libc.so.6(clone+0x6d) [0x7faac3caf03d]
[INFO ] 20191108_145935 DEV_SendScanPara:106 -| End DEV_SendScanPara.
    5: ./exe() [0x40a0fc]
    4: ./exe() [0x40a5a7]
    3: ./exe() [0x405077]
    2: ./exe() [0x402c89]
    1: /lib/x86_64-linux-gnu/libpthread.so.0(+0x8184) [0x7faac46ba184]
    0: /lib/x86_64-linux-gnu/libc.so.6(clone+0x6d) [0x7faac3caf03d]
[INFO ] 20191108_145937 DEV_SendLocatePara:126 -| Running In DEV_SendLocatePara...
    5: ./exe() [0x40a0fc]
    4: ./exe() [0x40a5a7]
    3: ./exe() [0x4050f2]
    2: ./exe() [0x402d3c]
    1: /lib/x86_64-linux-gnu/libpthread.so.0(+0x8184) [0x7faac46ba184]
    0: /lib/x86_64-linux-gnu/libc.so.6(clone+0x6d) [0x7faac3caf03d]
[INFO ] 20191108_145937 DEV_SendLocatePara:158 -| End DEV_SendLocatePara.
    5: ./exe() [0x40a0fc]
    4: ./exe() [0x40a5a7]
    3: ./exe() [0x405298]
    2: ./exe() [0x402d3c]
    1: /lib/x86_64-linux-gnu/libpthread.so.0(+0x8184) [0x7faac46ba184]
    0: /lib/x86_64-linux-gnu/libc.so.6(clone+0x6d) [0x7faac3caf03d]
[INFO ] 20191108_145937 DEV_SendScanPara:68 -| Running In DEV_SendScanPara...
    5: ./exe() [0x40a0fc]
    4: ./exe() [0x40a5a7]
    3: ./exe() [0x404e7d]
    2: ./exe() [0x402c89]
    1: /lib/x86_64-linux-gnu/libpthread.so.0(+0x8184) [0x7faac46ba184]
    0: /lib/x86_64-linux-gnu/libc.so.6(clone+0x6d) [0x7faac3caf03d]
[INFO ] 20191108_145937 DEV_SendScanPara:106 -| End DEV_SendScanPara.
    5: ./exe() [0x40a0fc]
    4: ./exe() [0x40a5a7]
    3: ./exe() [0x405077]
    2: ./exe() [0x402c89]
    1: /lib/x86_64-linux-gnu/libpthread.so.0(+0x8184) [0x7faac46ba184]
    0: /lib/x86_64-linux-gnu/libc.so.6(clone+0x6d) [0x7faac3caf03d]
[INFO ] 20191108_145939 DEV_SendLocatePara:126 -| Running In DEV_SendLocatePara...
    5: ./exe() [0x40a0fc]
    4: ./exe() [0x40a5a7]
    3: ./exe() [0x4050f2]
    2: ./exe() [0x402d3c]
    1: /lib/x86_64-linux-gnu/libpthread.so.0(+0x8184) [0x7faac46ba184]
    0: /lib/x86_64-linux-gnu/libc.so.6(clone+0x6d) [0x7faac3caf03d]
[INFO ] 20191108_145939 DEV_SendLocatePara:158 -| End DEV_SendLocatePara.
    5: ./exe() [0x40a0fc]
    4: ./exe() [0x40a5a7]
    3: ./exe() [0x405298]
    2: ./exe() [0x402d3c]
    1: /lib/x86_64-linux-gnu/libpthread.so.0(+0x8184) [0x7faac46ba184]
    0: /lib/x86_64-linux-gnu/libc.so.6(clone+0x6d) [0x7faac3caf03d]
[INFO ] 20191108_145939 DEV_SendScanPara:68 -| Running In DEV_SendScanPara...
    5: ./exe() [0x40a0fc]
    4: ./exe() [0x40a5a7]
    3: ./exe() [0x404e7d]
    2: ./exe() [0x402c89]
    1: /lib/x86_64-linux-gnu/libpthread.so.0(+0x8184) [0x7faac46ba184]
    0: /lib/x86_64-linux-gnu/libc.so.6(clone+0x6d) [0x7faac3caf03d]
[INFO ] 20191108_145939 DEV_SendScanPara:106 -| End DEV_SendScanPara.
    5: ./exe() [0x40a0fc]
    4: ./exe() [0x40a5a7]
    3: ./exe() [0x405077]
    2: ./exe() [0x402c89]
    1: /lib/x86_64-linux-gnu/libpthread.so.0(+0x8184) [0x7faac46ba184]
    0: /lib/x86_64-linux-gnu/libc.so.6(clone+0x6d) [0x7faac3caf03d]
[INFO ] 20191108_145941 DEV_SendLocatePara:126 -| Running In DEV_SendLocatePara...
    5: ./exe() [0x40a0fc]
    4: ./exe() [0x40a5a7]
    3: ./exe() [0x4050f2]
    2: ./exe() [0x402d3c]
    1: /lib/x86_64-linux-gnu/libpthread.so.0(+0x8184) [0x7faac46ba184]
    0: /lib/x86_64-linux-gnu/libc.so.6(clone+0x6d) [0x7faac3caf03d]
[INFO ] 20191108_145941 DEV_SendLocatePara:158 -| End DEV_SendLocatePara.
    5: ./exe() [0x40a0fc]
    4: ./exe() [0x40a5a7]
    3: ./exe() [0x405298]
    2: ./exe() [0x402d3c]
    1: /lib/x86_64-linux-gnu/libpthread.so.0(+0x8184) [0x7faac46ba184]
    0: /lib/x86_64-linux-gnu/libc.so.6(clone+0x6d) [0x7faac3caf03d]
[INFO ] 20191108_145941 DEV_SendScanPara:68 -| Running In DEV_SendScanPara...
    5: ./exe() [0x40a0fc]
    4: ./exe() [0x40a5a7]
    3: ./exe() [0x404e7d]
    2: ./exe() [0x402c89]
    1: /lib/x86_64-linux-gnu/libpthread.so.0(+0x8184) [0x7faac46ba184]
    0: /lib/x86_64-linux-gnu/libc.so.6(clone+0x6d) [0x7faac3caf03d]
[INFO ] 20191108_145941 DEV_SendScanPara:106 -| End DEV_SendScanPara.
    5: ./exe() [0x40a0fc]
    4: ./exe() [0x40a5a7]
    3: ./exe() [0x405077]
    2: ./exe() [0x402c89]
    1: /lib/x86_64-linux-gnu/libpthread.so.0(+0x8184) [0x7faac46ba184]
    0: /lib/x86_64-linux-gnu/libc.so.6(clone+0x6d) [0x7faac3caf03d]
[INFO ] 20191108_145943 DEV_SendLocatePara:126 -| Running In DEV_SendLocatePara...
    5: ./exe() [0x40a0fc]
    4: ./exe() [0x40a5a7]
    3: ./exe() [0x4050f2]
    2: ./exe() [0x402d3c]
    1: /lib/x86_64-linux-gnu/libpthread.so.0(+0x8184) [0x7faac46ba184]
    0: /lib/x86_64-linux-gnu/libc.so.6(clone+0x6d) [0x7faac3caf03d]
[INFO ] 20191108_145943 DEV_SendLocatePara:158 -| End DEV_SendLocatePara.
    5: ./exe() [0x40a0fc]
    4: ./exe() [0x40a5a7]
    3: ./exe() [0x405298]
    2: ./exe() [0x402d3c]
    1: /lib/x86_64-linux-gnu/libpthread.so.0(+0x8184) [0x7faac46ba184]
    0: /lib/x86_64-linux-gnu/libc.so.6(clone+0x6d) [0x7faac3caf03d]
[INFO ] 20191108_145943 DEV_SendScanPara:68 -| Running In DEV_SendScanPara...
    5: ./exe() [0x40a0fc]
    4: ./exe() [0x40a5a7]
    3: ./exe() [0x404e7d]
    2: ./exe() [0x402c89]
    1: /lib/x86_64-linux-gnu/libpthread.so.0(+0x8184) [0x7faac46ba184]
    0: /lib/x86_64-linux-gnu/libc.so.6(clone+0x6d) [0x7faac3caf03d]
[INFO ] 20191108_145943 DEV_SendScanPara:106 -| End DEV_SendScanPara.
    5: ./exe() [0x40a0fc]
    4: ./exe() [0x40a5a7]
    3: ./exe() [0x405077]
    2: ./exe() [0x402c89]
    1: /lib/x86_64-linux-gnu/libpthread.so.0(+0x8184) [0x7faac46ba184]
    0: /lib/x86_64-linux-gnu/libc.so.6(clone+0x6d) [0x7faac3caf03d]
[INFO ] 20191108_145945 DEV_SendLocatePara:126 -| Running In DEV_SendLocatePara...
    5: ./exe() [0x40a0fc]
    4: ./exe() [0x40a5a7]
    3: ./exe() [0x4050f2]
    2: ./exe() [0x402d3c]
    1: /lib/x86_64-linux-gnu/libpthread.so.0(+0x8184) [0x7faac46ba184]
    0: /lib/x86_64-linux-gnu/libc.so.6(clone+0x6d) [0x7faac3caf03d]
[INFO ] 20191108_145945 DEV_SendLocatePara:158 -| End DEV_SendLocatePara.
    5: ./exe() [0x40a0fc]
    4: ./exe() [0x40a5a7]
    3: ./exe() [0x405298]
    2: ./exe() [0x402d3c]
    1: /lib/x86_64-linux-gnu/libpthread.so.0(+0x8184) [0x7faac46ba184]
    0: /lib/x86_64-linux-gnu/libc.so.6(clone+0x6d) [0x7faac3caf03d]
[INFO ] 20191108_145945 DEV_SendScanPara:68 -| Running In DEV_SendScanPara...
    5: ./exe() [0x40a0fc]
    4: ./exe() [0x40a5a7]
    3: ./exe() [0x404e7d]
    2: ./exe() [0x402c89]
    1: /lib/x86_64-linux-gnu/libpthread.so.0(+0x8184) [0x7faac46ba184]
    0: /lib/x86_64-linux-gnu/libc.so.6(clone+0x6d) [0x7faac3caf03d]
[INFO ] 20191108_145945 DEV_SendScanPara:106 -| End DEV_SendScanPara.
    5: ./exe() [0x40a0fc]
    4: ./exe() [0x40a5a7]
    3: ./exe() [0x405077]
    2: ./exe() [0x402c89]
    1: /lib/x86_64-linux-gnu/libpthread.so.0(+0x8184) [0x7faac46ba184]
    0: /lib/x86_64-linux-gnu/libc.so.6(clone+0x6d) [0x7faac3caf03d]
