[INFO ] 20191108_150457 DEV_SendScanPara:68 -| Running In DEV_SendScanPara...
    5: ./exe() [0x40a0fc]
    4: ./exe() [0x40a5a7]
    3: ./exe() [0x404e7d]
    2: ./exe() [0x402c89]
    1: /lib/x86_64-linux-gnu/libpthread.so.0(+0x8184) [0x7f4f47b98184]
    0: /lib/x86_64-linux-gnu/libc.so.6(clone+0x6d) [0x7f4f4718d03d]
[INFO ] 20191108_150457 DEV_SendLocatePara:126 -| Running In DEV_SendLocatePara...
    5: ./exe() [0x40a0fc]
    4: ./exe() [0x40a5a7]
    3: ./exe() [0x4050f2]
    2: ./exe() [0x402d3c]
    1: /lib/x86_64-linux-gnu/libpthread.so.0(+0x8184) [0x7f4f47b98184]
    0: /lib/x86_64-linux-gnu/libc.so.6(clone+0x6d) [0x7f4f4718d03d]
[INFO ] 20191108_150457 DEV_SendLocatePara:158 -| End DEV_SendLocatePara.
    5: ./exe() [0x40a0fc]
    4: ./exe() [0x40a5a7]
    3: ./exe() [0x405298]
    2: ./exe() [0x402d3c]
    1: /lib/x86_64-linux-gnu/libpthread.so.0(+0x8184) [0x7f4f47b98184]
    0: /lib/x86_64-linux-gnu/libc.so.6(clone+0x6d) [0x7f4f4718d03d]
[INFO ] 20191108_150457 DEV_SendScanPara:106 -| End DEV_SendScanPara.
    5: ./exe() [0x40a0fc]
    4: ./exe() [0x40a5a7]
    3: ./exe() [0x405077]
    2: ./exe() [0x402c89]
    1: /lib/x86_64-linux-gnu/libpthread.so.0(+0x8184) [0x7f4f47b98184]
    0: /lib/x86_64-linux-gnu/libc.so.6(clone+0x6d) [0x7f4f4718d03d]
[INFO ] 20191108_150459 DEV_SendLocatePara:126 -| Running In DEV_SendLocatePara...
    5: ./exe() [0x40a0fc]
    4: ./exe() [0x40a5a7]
    3: ./exe() [0x4050f2]
    2: ./exe() [0x402d3c]
    1: /lib/x86_64-linux-gnu/libpthread.so.0(+0x8184) [0x7f4f47b98184]
    0: /lib/x86_64-linux-gnu/libc.so.6(clone+0x6d) [0x7f4f4718d03d]
[INFO ] 20191108_150459 DEV_SendScanPara:68 -| Running In DEV_SendScanPara...
    5: ./exe() [0x40a0fc]
    4: ./exe() [0x40a5a7]
    3: ./exe() [0x404e7d]
    2: ./exe() [0x402c89]
    1: /lib/x86_64-linux-gnu/libpthread.so.0(+0x8184) [0x7f4f47b98184]
    0: /lib/x86_64-linux-gnu/libc.so.6(clone+0x6d) [0x7f4f4718d03d]
[INFO ] 20191108_150459 DEV_SendLocatePara:158 -| End DEV_SendLocatePara.
    5: ./exe() [0x40a0fc]
    4: ./exe() [0x40a5a7]
    3: ./exe() [0x405298]
    2: ./exe() [0x402d3c]
    1: /lib/x86_64-linux-gnu/libpthread.so.0(+0x8184) [0x7f4f47b98184]
    0: /lib/x86_64-linux-gnu/libc.so.6(clone+0x6d) [0x7f4f4718d03d]
[INFO ] 20191108_150459 DEV_SendScanPara:106 -| End DEV_SendScanPara.
    5: ./exe() [0x40a0fc]
    4: ./exe() [0x40a5a7]
    3: ./exe() [0x405077]
    2: ./exe() [0x402c89]
    1: /lib/x86_64-linux-gnu/libpthread.so.0(+0x8184) [0x7f4f47b98184]
    0: /lib/x86_64-linux-gnu/libc.so.6(clone+0x6d) [0x7f4f4718d03d]
[INFO ] 20191108_150501 DEV_SendLocatePara:126 -| Running In DEV_SendLocatePara...
    5: ./exe() [0x40a0fc]
    4: ./exe() [0x40a5a7]
    3: ./exe() [0x4050f2]
    2: ./exe() [0x402d3c]
    1: /lib/x86_64-linux-gnu/libpthread.so.0(+0x8184) [0x7f4f47b98184]
    0: /lib/x86_64-linux-gnu/libc.so.6(clone+0x6d) [0x7f4f4718d03d]
[INFO ] 20191108_150501 DEV_SendLocatePara:158 -| End DEV_SendLocatePara.
    5: ./exe() [0x40a0fc]
    4: ./exe() [0x40a5a7]
    3: ./exe() [0x405298]
    2: ./exe() [0x402d3c]
    1: /lib/x86_64-linux-gnu/libpthread.so.0(+0x8184) [0x7f4f47b98184]
    0: /lib/x86_64-linux-gnu/libc.so.6(clone+0x6d) [0x7f4f4718d03d]
[INFO ] 20191108_150501 DEV_SendScanPara:68 -| Running In DEV_SendScanPara...
    5: ./exe() [0x40a0fc]
    4: ./exe() [0x40a5a7]
    3: ./exe() [0x404e7d]
    2: ./exe() [0x402c89]
    1: /lib/x86_64-linux-gnu/libpthread.so.0(+0x8184) [0x7f4f47b98184]
    0: /lib/x86_64-linux-gnu/libc.so.6(clone+0x6d) [0x7f4f4718d03d]
[INFO ] 20191108_150501 DEV_SendScanPara:106 -| End DEV_SendScanPara.
    5: ./exe() [0x40a0fc]
    4: ./exe() [0x40a5a7]
    3: ./exe() [0x405077]
    2: ./exe() [0x402c89]
    1: /lib/x86_64-linux-gnu/libpthread.so.0(+0x8184) [0x7f4f47b98184]
    0: /lib/x86_64-linux-gnu/libc.so.6(clone+0x6d) [0x7f4f4718d03d]
[INFO ] 20191108_150503 DEV_SendLocatePara:126 -| Running In DEV_SendLocatePara...
    5: ./exe() [0x40a0fc]
    4: ./exe() [0x40a5a7]
    3: ./exe() [0x4050f2]
    2: ./exe() [0x402d3c]
    1: /lib/x86_64-linux-gnu/libpthread.so.0(+0x8184) [0x7f4f47b98184]
    0: /lib/x86_64-linux-gnu/libc.so.6(clone+0x6d) [0x7f4f4718d03d]
[INFO ] 20191108_150503 DEV_SendScanPara:68 -| Running In DEV_SendScanPara...
    5: ./exe() [0x40a0fc]
    4: ./exe() [0x40a5a7]
    3: ./exe() [0x404e7d]
    2: ./exe() [0x402c89]
    1: /lib/x86_64-linux-gnu/libpthread.so.0(+0x8184) [0x7f4f47b98184]
    0: /lib/x86_64-linux-gnu/libc.so.6(clone+0x6d) [0x7f4f4718d03d]
[INFO ] 20191108_150503 DEV_SendLocatePara:158 -| End DEV_SendLocatePara.
    5: ./exe() [0x40a0fc]
    4: ./exe() [0x40a5a7]
    3: ./exe() [0x405298]
    2: ./exe() [0x402d3c]
    1: /lib/x86_64-linux-gnu/libpthread.so.0(+0x8184) [0x7f4f47b98184]
    0: /lib/x86_64-linux-gnu/libc.so.6(clone+0x6d) [0x7f4f4718d03d]
[INFO ] 20191108_150503 DEV_SendScanPara:106 -| End DEV_SendScanPara.
    5: ./exe() [0x40a0fc]
    4: ./exe() [0x40a5a7]
    3: ./exe() [0x405077]
    2: ./exe() [0x402c89]
    1: /lib/x86_64-linux-gnu/libpthread.so.0(+0x8184) [0x7f4f47b98184]
    0: /lib/x86_64-linux-gnu/libc.so.6(clone+0x6d) [0x7f4f4718d03d]
[INFO ] 20191108_150505 DEV_SendLocatePara:126 -| Running In DEV_SendLocatePara...
    5: ./exe() [0x40a0fc]
    4: ./exe() [0x40a5a7]
    3: ./exe() [0x4050f2]
    2: ./exe() [0x402d3c]
    1: /lib/x86_64-linux-gnu/libpthread.so.0(+0x8184) [0x7f4f47b98184]
    0: /lib/x86_64-linux-gnu/libc.so.6(clone+0x6d) [0x7f4f4718d03d]
[INFO ] 20191108_150505 DEV_SendScanPara:68 -| Running In DEV_SendScanPara...
    5: ./exe() [0x40a0fc]
    4: ./exe() [0x40a5a7]
    3: ./exe() [0x404e7d]
    2: ./exe() [0x402c89]
    1: /lib/x86_64-linux-gnu/libpthread.so.0(+0x8184) [0x7f4f47b98184]
    0: /lib/x86_64-linux-gnu/libc.so.6(clone+0x6d) [0x7f4f4718d03d]
[INFO ] 20191108_150505 DEV_SendScanPara:106 -| End DEV_SendScanPara.
    5: ./exe() [0x40a0fc]
    4: ./exe() [0x40a5a7]
    3: ./exe() [0x405077]
    2: ./exe() [0x402c89]
    1: /lib/x86_64-linux-gnu/libpthread.so.0(+0x8184) [0x7f4f47b98184]
    0: /lib/x86_64-linux-gnu/libc.so.6(clone+0x6d) [0x7f4f4718d03d]
[INFO ] 20191108_150505 DEV_SendLocatePara:158 -| End DEV_SendLocatePara.
    5: ./exe() [0x40a0fc]
    4: ./exe() [0x40a5a7]
    3: ./exe() [0x405298]
    2: ./exe() [0x402d3c]
    1: /lib/x86_64-linux-gnu/libpthread.so.0(+0x8184) [0x7f4f47b98184]
    0: /lib/x86_64-linux-gnu/libc.so.6(clone+0x6d) [0x7f4f4718d03d]
[INFO ] 20191108_150507 DEV_SendLocatePara:126 -| Running In DEV_SendLocatePara...
    5: ./exe() [0x40a0fc]
    4: ./exe() [0x40a5a7]
    3: ./exe() [0x4050f2]
    2: ./exe() [0x402d3c]
    1: /lib/x86_64-linux-gnu/libpthread.so.0(+0x8184) [0x7f4f47b98184]
    0: /lib/x86_64-linux-gnu/libc.so.6(clone+0x6d) [0x7f4f4718d03d]
[INFO ] 20191108_150507 DEV_SendScanPara:68 -| Running In DEV_SendScanPara...
    5: ./exe() [0x40a0fc]
    4: ./exe() [0x40a5a7]
    3: ./exe() [0x404e7d]
    2: ./exe() [0x402c89]
    1: /lib/x86_64-linux-gnu/libpthread.so.0(+0x8184) [0x7f4f47b98184]
    0: /lib/x86_64-linux-gnu/libc.so.6(clone+0x6d) [0x7f4f4718d03d]
[INFO ] 20191108_150507 DEV_SendLocatePara:158 -| End DEV_SendLocatePara.
    5: ./exe() [0x40a0fc]
    4: ./exe() [0x40a5a7]
    3: ./exe() [0x405298]
    2: ./exe() [0x402d3c]
    1: /lib/x86_64-linux-gnu/libpthread.so.0(+0x8184) [0x7f4f47b98184]
    0: /lib/x86_64-linux-gnu/libc.so.6(clone+0x6d) [0x7f4f4718d03d]
[INFO ] 20191108_150507 DEV_SendScanPara:106 -| End DEV_SendScanPara.
    5: ./exe() [0x40a0fc]
    4: ./exe() [0x40a5a7]
    3: ./exe() [0x405077]
    2: ./exe() [0x402c89]
    1: /lib/x86_64-linux-gnu/libpthread.so.0(+0x8184) [0x7f4f47b98184]
    0: /lib/x86_64-linux-gnu/libc.so.6(clone+0x6d) [0x7f4f4718d03d]
[INFO ] 20191108_150509 DEV_SendLocatePara:126 -| Running In DEV_SendLocatePara...
    5: ./exe() [0x40a0fc]
    4: ./exe() [0x40a5a7]
    3: ./exe() [0x4050f2]
    2: ./exe() [0x402d3c]
    1: /lib/x86_64-linux-gnu/libpthread.so.0(+0x8184) [0x7f4f47b98184]
    0: /lib/x86_64-linux-gnu/libc.so.6(clone+0x6d) [0x7f4f4718d03d]
[INFO ] 20191108_150509 DEV_SendLocatePara:158 -| End DEV_SendLocatePara.
    5: ./exe() [0x40a0fc]
    4: ./exe() [0x40a5a7]
    3: ./exe() [0x405298]
    2: ./exe() [0x402d3c]
    1: /lib/x86_64-linux-gnu/libpthread.so.0(+0x8184) [0x7f4f47b98184]
    0: /lib/x86_64-linux-gnu/libc.so.6(clone+0x6d) [0x7f4f4718d03d]
[INFO ] 20191108_150509 DEV_SendScanPara:68 -| Running In DEV_SendScanPara...
    5: ./exe() [0x40a0fc]
    4: ./exe() [0x40a5a7]
    3: ./exe() [0x404e7d]
    2: ./exe() [0x402c89]
    1: /lib/x86_64-linux-gnu/libpthread.so.0(+0x8184) [0x7f4f47b98184]
    0: /lib/x86_64-linux-gnu/libc.so.6(clone+0x6d) [0x7f4f4718d03d]
[INFO ] 20191108_150509 DEV_SendScanPara:106 -| End DEV_SendScanPara.
    5: ./exe() [0x40a0fc]
    4: ./exe() [0x40a5a7]
    3: ./exe() [0x405077]
    2: ./exe() [0x402c89]
    1: /lib/x86_64-linux-gnu/libpthread.so.0(+0x8184) [0x7f4f47b98184]
    0: /lib/x86_64-linux-gnu/libc.so.6(clone+0x6d) [0x7f4f4718d03d]
[INFO ] 20191108_150511 th_RDWR:271 -| th_RDWR read data lens:32, data:0001000200030000001d001600040003

    4: ./exe() [0x40a0fc]
    3: ./exe() [0x40a5a7]
    2: ./exe() [0x402ab5]
    1: /lib/x86_64-linux-gnu/libpthread.so.0(+0x8184) [0x7f4f47b98184]
    0: /lib/x86_64-linux-gnu/libc.so.6(clone+0x6d) [0x7f4f4718d03d]
[INFO ] 20191108_150511 DecodeRecvData:237 -| recv data type...
    5: ./exe() [0x40a0fc]
    4: ./exe() [0x40a5a7]
    3: ./exe() [0x404050]
    2: ./exe() [0x402acc]
    1: /lib/x86_64-linux-gnu/libpthread.so.0(+0x8184) [0x7f4f47b98184]
    0: /lib/x86_64-linux-gnu/libc.so.6(clone+0x6d) [0x7f4f4718d03d]
[INFO ] 20191108_150511 DecodeRecvData:432 -| End DecodeRecvData.
    5: ./exe() [0x40a0fc]
    4: ./exe() [0x40a5a7]
    3: ./exe() [0x404bf5]
    2: ./exe() [0x402acc]
    1: /lib/x86_64-linux-gnu/libpthread.so.0(+0x8184) [0x7f4f47b98184]
    0: /lib/x86_64-linux-gnu/libc.so.6(clone+0x6d) [0x7f4f4718d03d]
[INFO ] 20191108_150511 DEV_SendLocatePara:126 -| Running In DEV_SendLocatePara...
    5: ./exe() [0x40a0fc]
    4: ./exe() [0x40a5a7]
    3: ./exe() [0x4050f2]
    2: ./exe() [0x402d3c]
    1: /lib/x86_64-linux-gnu/libpthread.so.0(+0x8184) [0x7f4f47b98184]
    0: /lib/x86_64-linux-gnu/libc.so.6(clone+0x6d) [0x7f4f4718d03d]
[INFO ] 20191108_150511 DEV_SendLocatePara:158 -| End DEV_SendLocatePara.
    5: ./exe() [0x40a0fc]
    4: ./exe() [0x40a5a7]
    3: ./exe() [0x405298]
    2: ./exe() [0x402d3c]
    1: /lib/x86_64-linux-gnu/libpthread.so.0(+0x8184) [0x7f4f47b98184]
    0: /lib/x86_64-linux-gnu/libc.so.6(clone+0x6d) [0x7f4f4718d03d]
[INFO ] 20191108_150511 DEV_SendScanPara:68 -| Running In DEV_SendScanPara...
    5: ./exe() [0x40a0fc]
    4: ./exe() [0x40a5a7]
    3: ./exe() [0x404e7d]
    2: ./exe() [0x402c89]
    1: /lib/x86_64-linux-gnu/libpthread.so.0(+0x8184) [0x7f4f47b98184]
    0: /lib/x86_64-linux-gnu/libc.so.6(clone+0x6d) [0x7f4f4718d03d]
[INFO ] 20191108_150511 DEV_SendScanPara:106 -| End DEV_SendScanPara.
    5: ./exe() [0x40a0fc]
    4: ./exe() [0x40a5a7]
    3: ./exe() [0x405077]
    2: ./exe() [0x402c89]
    1: /lib/x86_64-linux-gnu/libpthread.so.0(+0x8184) [0x7f4f47b98184]
    0: /lib/x86_64-linux-gnu/libc.so.6(clone+0x6d) [0x7f4f4718d03d]
[INFO ] 20191108_150513 DEV_SendLocatePara:126 -| Running In DEV_SendLocatePara...
    5: ./exe() [0x40a0fc]
    4: ./exe() [0x40a5a7]
    3: ./exe() [0x4050f2]
    2: ./exe() [0x402d3c]
    1: /lib/x86_64-linux-gnu/libpthread.so.0(+0x8184) [0x7f4f47b98184]
    0: /lib/x86_64-linux-gnu/libc.so.6(clone+0x6d) [0x7f4f4718d03d]
[INFO ] 20191108_150513 DEV_SendLocatePara:158 -| End DEV_SendLocatePara.
    5: ./exe() [0x40a0fc]
    4: ./exe() [0x40a5a7]
    3: ./exe() [0x405298]
    2: ./exe() [0x402d3c]
    1: /lib/x86_64-linux-gnu/libpthread.so.0(+0x8184) [0x7f4f47b98184]
    0: /lib/x86_64-linux-gnu/libc.so.6(clone+0x6d) [0x7f4f4718d03d]
[INFO ] 20191108_150513 DEV_SendScanPara:68 -| Running In DEV_SendScanPara...
    5: ./exe() [0x40a0fc]
    4: ./exe() [0x40a5a7]
    3: ./exe() [0x404e7d]
    2: ./exe() [0x402c89]
    1: /lib/x86_64-linux-gnu/libpthread.so.0(+0x8184) [0x7f4f47b98184]
    0: /lib/x86_64-linux-gnu/libc.so.6(clone+0x6d) [0x7f4f4718d03d]
[INFO ] 20191108_150513 DEV_SendScanPara:106 -| End DEV_SendScanPara.
    5: ./exe() [0x40a0fc]
    4: ./exe() [0x40a5a7]
    3: ./exe() [0x405077]
    2: ./exe() [0x402c89]
    1: /lib/x86_64-linux-gnu/libpthread.so.0(+0x8184) [0x7f4f47b98184]
    0: /lib/x86_64-linux-gnu/libc.so.6(clone+0x6d) [0x7f4f4718d03d]
[INFO ] 20191108_150515 DEV_SendLocatePara:126 -| Running In DEV_SendLocatePara...
    5: ./exe() [0x40a0fc]
    4: ./exe() [0x40a5a7]
    3: ./exe() [0x4050f2]
    2: ./exe() [0x402d3c]
    1: /lib/x86_64-linux-gnu/libpthread.so.0(+0x8184) [0x7f4f47b98184]
    0: /lib/x86_64-linux-gnu/libc.so.6(clone+0x6d) [0x7f4f4718d03d]
[INFO ] 20191108_150515 DEV_SendLocatePara:158 -| End DEV_SendLocatePara.
    5: ./exe() [0x40a0fc]
    4: ./exe() [0x40a5a7]
    3: ./exe() [0x405298]
    2: ./exe() [0x402d3c]
    1: /lib/x86_64-linux-gnu/libpthread.so.0(+0x8184) [0x7f4f47b98184]
    0: /lib/x86_64-linux-gnu/libc.so.6(clone+0x6d) [0x7f4f4718d03d]
[INFO ] 20191108_150515 DEV_SendScanPara:68 -| Running In DEV_SendScanPara...
    5: ./exe() [0x40a0fc]
    4: ./exe() [0x40a5a7]
    3: ./exe() [0x404e7d]
    2: ./exe() [0x402c89]
    1: /lib/x86_64-linux-gnu/libpthread.so.0(+0x8184) [0x7f4f47b98184]
    0: /lib/x86_64-linux-gnu/libc.so.6(clone+0x6d) [0x7f4f4718d03d]
[INFO ] 20191108_150515 DEV_SendScanPara:106 -| End DEV_SendScanPara.
    5: ./exe() [0x40a0fc]
    4: ./exe() [0x40a5a7]
    3: ./exe() [0x405077]
    2: ./exe() [0x402c89]
    1: /lib/x86_64-linux-gnu/libpthread.so.0(+0x8184) [0x7f4f47b98184]
    0: /lib/x86_64-linux-gnu/libc.so.6(clone+0x6d) [0x7f4f4718d03d]
[INFO ] 20191108_150517 DEV_SendLocatePara:126 -| Running In DEV_SendLocatePara...
    5: ./exe() [0x40a0fc]
    4: ./exe() [0x40a5a7]
    3: ./exe() [0x4050f2]
    2: ./exe() [0x402d3c]
    1: /lib/x86_64-linux-gnu/libpthread.so.0(+0x8184) [0x7f4f47b98184]
    0: /lib/x86_64-linux-gnu/libc.so.6(clone+0x6d) [0x7f4f4718d03d]
[INFO ] 20191108_150517 DEV_SendLocatePara:158 -| End DEV_SendLocatePara.
    5: ./exe() [0x40a0fc]
    4: ./exe() [0x40a5a7]
    3: ./exe() [0x405298]
    2: ./exe() [0x402d3c]
    1: /lib/x86_64-linux-gnu/libpthread.so.0(+0x8184) [0x7f4f47b98184]
    0: /lib/x86_64-linux-gnu/libc.so.6(clone+0x6d) [0x7f4f4718d03d]
[INFO ] 20191108_150517 DEV_SendScanPara:68 -| Running In DEV_SendScanPara...
    5: ./exe() [0x40a0fc]
    4: ./exe() [0x40a5a7]
    3: ./exe() [0x404e7d]
    2: ./exe() [0x402c89]
    1: /lib/x86_64-linux-gnu/libpthread.so.0(+0x8184) [0x7f4f47b98184]
    0: /lib/x86_64-linux-gnu/libc.so.6(clone+0x6d) [0x7f4f4718d03d]
[INFO ] 20191108_150517 DEV_SendScanPara:106 -| End DEV_SendScanPara.
    5: ./exe() [0x40a0fc]
    4: ./exe() [0x40a5a7]
    3: ./exe() [0x405077]
    2: ./exe() [0x402c89]
    1: /lib/x86_64-linux-gnu/libpthread.so.0(+0x8184) [0x7f4f47b98184]
    0: /lib/x86_64-linux-gnu/libc.so.6(clone+0x6d) [0x7f4f4718d03d]
[INFO ] 20191108_150518 th_RDWR:271 -| th_RDWR read data lens:144, data:0001000200030000ffff0013007400070000000100bb00aa0000000100bb00aa0000000100bb00aa0000000100bb00aa0000000100bb00aa0000000100bb00aa0000000100bb00aa

    4: ./exe() [0x40a0fc]
    3: ./exe() [0x40a5a7]
    2: ./exe() [0x402ab5]
    1: /lib/x86_64-linux-gnu/libpthread.so.0(+0x8184) [0x7f4f47b98184]
    0: /lib/x86_64-linux-gnu/libc.so.6(clone+0x6d) [0x7f4f4718d03d]
[INFO ] 20191108_150518 DecodeRecvData:237 -| recv data type...
    5: ./exe() [0x40a0fc]
    4: ./exe() [0x40a5a7]
    3: ./exe() [0x404050]
    2: ./exe() [0x402acc]
    1: /lib/x86_64-linux-gnu/libpthread.so.0(+0x8184) [0x7f4f47b98184]
    0: /lib/x86_64-linux-gnu/libc.so.6(clone+0x6d) [0x7f4f4718d03d]
[INFO ] 20191108_150518 DecodeRecvData:328 -| The Message type is MT_POSITION_PARA!
    5: ./exe() [0x40a0fc]
    4: ./exe() [0x40a5a7]
    3: ./exe() [0x40460d]
    2: ./exe() [0x402acc]
    1: /lib/x86_64-linux-gnu/libpthread.so.0(+0x8184) [0x7f4f47b98184]
    0: /lib/x86_64-linux-gnu/libc.so.6(clone+0x6d) [0x7f4f4718d03d]
[INFO ] 20191108_150518 DEV_SendLocatePara:126 -| Running In DEV_SendLocatePara...
    6: ./exe() [0x40a0fc]
    5: ./exe() [0x40a5a7]
    4: ./exe() [0x4050f2]
    3: ./exe() [0x40481f]
    2: ./exe() [0x402acc]
    1: /lib/x86_64-linux-gnu/libpthread.so.0(+0x8184) [0x7f4f47b98184]
    0: /lib/x86_64-linux-gnu/libc.so.6(clone+0x6d) [0x7f4f4718d03d]
[INFO ] 20191108_150518 DEV_SendLocatePara:158 -| End DEV_SendLocatePara.
    6: ./exe() [0x40a0fc]
    5: ./exe() [0x40a5a7]
    4: ./exe() [0x405298]
    3: ./exe() [0x40481f]
    2: ./exe() [0x402acc]
    1: /lib/x86_64-linux-gnu/libpthread.so.0(+0x8184) [0x7f4f47b98184]
    0: /lib/x86_64-linux-gnu/libc.so.6(clone+0x6d) [0x7f4f4718d03d]
[INFO ] 20191108_150518 DecodeRecvData:432 -| End DecodeRecvData.
    5: ./exe() [0x40a0fc]
    4: ./exe() [0x40a5a7]
    3: ./exe() [0x404bf5]
    2: ./exe() [0x402acc]
    1: /lib/x86_64-linux-gnu/libpthread.so.0(+0x8184) [0x7f4f47b98184]
    0: /lib/x86_64-linux-gnu/libc.so.6(clone+0x6d) [0x7f4f4718d03d]
[INFO ] 20191108_150519 DEV_SendLocatePara:126 -| Running In DEV_SendLocatePara...
    5: ./exe() [0x40a0fc]
    4: ./exe() [0x40a5a7]
    3: ./exe() [0x4050f2]
    2: ./exe() [0x402d3c]
    1: /lib/x86_64-linux-gnu/libpthread.so.0(+0x8184) [0x7f4f47b98184]
    0: /lib/x86_64-linux-gnu/libc.so.6(clone+0x6d) [0x7f4f4718d03d]
[INFO ] 20191108_150519 DEV_SendLocatePara:158 -| End DEV_SendLocatePara.
    5: ./exe() [0x40a0fc]
    4: ./exe() [0x40a5a7]
    3: ./exe() [0x405298]
    2: ./exe() [0x402d3c]
    1: /lib/x86_64-linux-gnu/libpthread.so.0(+0x8184) [0x7f4f47b98184]
    0: /lib/x86_64-linux-gnu/libc.so.6(clone+0x6d) [0x7f4f4718d03d]
[INFO ] 20191108_150519 DEV_SendScanPara:68 -| Running In DEV_SendScanPara...
    5: ./exe() [0x40a0fc]
    4: ./exe() [0x40a5a7]
    3: ./exe() [0x404e7d]
    2: ./exe() [0x402c89]
    1: /lib/x86_64-linux-gnu/libpthread.so.0(+0x8184) [0x7f4f47b98184]
    0: /lib/x86_64-linux-gnu/libc.so.6(clone+0x6d) [0x7f4f4718d03d]
[INFO ] 20191108_150519 DEV_SendScanPara:106 -| End DEV_SendScanPara.
    5: ./exe() [0x40a0fc]
    4: ./exe() [0x40a5a7]
    3: ./exe() [0x405077]
    2: ./exe() [0x402c89]
    1: /lib/x86_64-linux-gnu/libpthread.so.0(+0x8184) [0x7f4f47b98184]
    0: /lib/x86_64-linux-gnu/libc.so.6(clone+0x6d) [0x7f4f4718d03d]
[INFO ] 20191108_150521 DEV_SendScanPara:68 -| Running In DEV_SendScanPara...
    5: ./exe() [0x40a0fc]
    4: ./exe() [0x40a5a7]
    3: ./exe() [0x404e7d]
    2: ./exe() [0x402c89]
    1: /lib/x86_64-linux-gnu/libpthread.so.0(+0x8184) [0x7f4f47b98184]
    0: /lib/x86_64-linux-gnu/libc.so.6(clone+0x6d) [0x7f4f4718d03d]
[INFO ] 20191108_150521 DEV_SendScanPara:106 -| End DEV_SendScanPara.
    5: ./exe() [0x40a0fc]
    4: ./exe() [0x40a5a7]
    3: ./exe() [0x405077]
    2: ./exe() [0x402c89]
    1: /lib/x86_64-linux-gnu/libpthread.so.0(+0x8184) [0x7f4f47b98184]
    0: /lib/x86_64-linux-gnu/libc.so.6(clone+0x6d) [0x7f4f4718d03d]
[INFO ] 20191108_150523 DEV_SendScanPara:68 -| Running In DEV_SendScanPara...
    5: ./exe() [0x40a0fc]
    4: ./exe() [0x40a5a7]
    3: ./exe() [0x404e7d]
    2: ./exe() [0x402c89]
    1: /lib/x86_64-linux-gnu/libpthread.so.0(+0x8184) [0x7f4f47b98184]
    0: /lib/x86_64-linux-gnu/libc.so.6(clone+0x6d) [0x7f4f4718d03d]
[INFO ] 20191108_150523 DEV_SendScanPara:106 -| End DEV_SendScanPara.
    5: ./exe() [0x40a0fc]
    4: ./exe() [0x40a5a7]
    3: ./exe() [0x405077]
    2: ./exe() [0x402c89]
    1: /lib/x86_64-linux-gnu/libpthread.so.0(+0x8184) [0x7f4f47b98184]
    0: /lib/x86_64-linux-gnu/libc.so.6(clone+0x6d) [0x7f4f4718d03d]
[INFO ] 20191108_150525 DEV_SendScanPara:68 -| Running In DEV_SendScanPara...
    5: ./exe() [0x40a0fc]
    4: ./exe() [0x40a5a7]
    3: ./exe() [0x404e7d]
    2: ./exe() [0x402c89]
    1: /lib/x86_64-linux-gnu/libpthread.so.0(+0x8184) [0x7f4f47b98184]
    0: /lib/x86_64-linux-gnu/libc.so.6(clone+0x6d) [0x7f4f4718d03d]
[INFO ] 20191108_150525 DEV_SendScanPara:106 -| End DEV_SendScanPara.
    5: ./exe() [0x40a0fc]
    4: ./exe() [0x40a5a7]
    3: ./exe() [0x405077]
    2: ./exe() [0x402c89]
    1: /lib/x86_64-linux-gnu/libpthread.so.0(+0x8184) [0x7f4f47b98184]
    0: /lib/x86_64-linux-gnu/libc.so.6(clone+0x6d) [0x7f4f4718d03d]
[INFO ] 20191108_150527 DEV_SendScanPara:68 -| Running In DEV_SendScanPara...
    5: ./exe() [0x40a0fc]
    4: ./exe() [0x40a5a7]
    3: ./exe() [0x404e7d]
    2: ./exe() [0x402c89]
    1: /lib/x86_64-linux-gnu/libpthread.so.0(+0x8184) [0x7f4f47b98184]
    0: /lib/x86_64-linux-gnu/libc.so.6(clone+0x6d) [0x7f4f4718d03d]
[INFO ] 20191108_150527 DEV_SendScanPara:106 -| End DEV_SendScanPara.
    5: ./exe() [0x40a0fc]
    4: ./exe() [0x40a5a7]
    3: ./exe() [0x405077]
    2: ./exe() [0x402c89]
    1: /lib/x86_64-linux-gnu/libpthread.so.0(+0x8184) [0x7f4f47b98184]
    0: /lib/x86_64-linux-gnu/libc.so.6(clone+0x6d) [0x7f4f4718d03d]
[INFO ] 20191108_150529 DEV_SendLocatePara:126 -| Running In DEV_SendLocatePara...
    5: ./exe() [0x40a0fc]
    4: ./exe() [0x40a5a7]
    3: ./exe() [0x4050f2]
    2: ./exe() [0x402d3c]
    1: /lib/x86_64-linux-gnu/libpthread.so.0(+0x8184) [0x7f4f47b98184]
    0: /lib/x86_64-linux-gnu/libc.so.6(clone+0x6d) [0x7f4f4718d03d]
[INFO ] 20191108_150529 DEV_SendLocatePara:158 -| End DEV_SendLocatePara.
    5: ./exe() [0x40a0fc]
    4: ./exe() [0x40a5a7]
    3: ./exe() [0x405298]
    2: ./exe() [0x402d3c]
    1: /lib/x86_64-linux-gnu/libpthread.so.0(+0x8184) [0x7f4f47b98184]
    0: /lib/x86_64-linux-gnu/libc.so.6(clone+0x6d) [0x7f4f4718d03d]
[INFO ] 20191108_150529 DEV_SendScanPara:68 -| Running In DEV_SendScanPara...
    5: ./exe() [0x40a0fc]
    4: ./exe() [0x40a5a7]
    3: ./exe() [0x404e7d]
    2: ./exe() [0x402c89]
    1: /lib/x86_64-linux-gnu/libpthread.so.0(+0x8184) [0x7f4f47b98184]
    0: /lib/x86_64-linux-gnu/libc.so.6(clone+0x6d) [0x7f4f4718d03d]
[INFO ] 20191108_150529 DEV_SendScanPara:106 -| End DEV_SendScanPara.
    5: ./exe() [0x40a0fc]
    4: ./exe() [0x40a5a7]
    3: ./exe() [0x405077]
    2: ./exe() [0x402c89]
    1: /lib/x86_64-linux-gnu/libpthread.so.0(+0x8184) [0x7f4f47b98184]
    0: /lib/x86_64-linux-gnu/libc.so.6(clone+0x6d) [0x7f4f4718d03d]
[INFO ] 20191108_150531 DEV_SendScanPara:68 -| Running In DEV_SendScanPara...
    5: ./exe() [0x40a0fc]
    4: ./exe() [0x40a5a7]
    3: ./exe() [0x404e7d]
    2: ./exe() [0x402c89]
    1: /lib/x86_64-linux-gnu/libpthread.so.0(+0x8184) [0x7f4f47b98184]
    0: /lib/x86_64-linux-gnu/libc.so.6(clone+0x6d) [0x7f4f4718d03d]
[INFO ] 20191108_150531 DEV_SendScanPara:106 -| End DEV_SendScanPara.
    5: ./exe() [0x40a0fc]
    4: ./exe() [0x40a5a7]
    3: ./exe() [0x405077]
    2: ./exe() [0x402c89]
    1: /lib/x86_64-linux-gnu/libpthread.so.0(+0x8184) [0x7f4f47b98184]
    0: /lib/x86_64-linux-gnu/libc.so.6(clone+0x6d) [0x7f4f4718d03d]
[INFO ] 20191108_150533 DEV_SendScanPara:68 -| Running In DEV_SendScanPara...
    5: ./exe() [0x40a0fc]
    4: ./exe() [0x40a5a7]
    3: ./exe() [0x404e7d]
    2: ./exe() [0x402c89]
    1: /lib/x86_64-linux-gnu/libpthread.so.0(+0x8184) [0x7f4f47b98184]
    0: /lib/x86_64-linux-gnu/libc.so.6(clone+0x6d) [0x7f4f4718d03d]
[INFO ] 20191108_150533 DEV_SendScanPara:106 -| End DEV_SendScanPara.
    5: ./exe() [0x40a0fc]
    4: ./exe() [0x40a5a7]
    3: ./exe() [0x405077]
    2: ./exe() [0x402c89]
    1: /lib/x86_64-linux-gnu/libpthread.so.0(+0x8184) [0x7f4f47b98184]
    0: /lib/x86_64-linux-gnu/libc.so.6(clone+0x6d) [0x7f4f4718d03d]
[INFO ] 20191108_150535 DEV_SendScanPara:68 -| Running In DEV_SendScanPara...
    5: ./exe() [0x40a0fc]
    4: ./exe() [0x40a5a7]
    3: ./exe() [0x404e7d]
    2: ./exe() [0x402c89]
    1: /lib/x86_64-linux-gnu/libpthread.so.0(+0x8184) [0x7f4f47b98184]
    0: /lib/x86_64-linux-gnu/libc.so.6(clone+0x6d) [0x7f4f4718d03d]
[INFO ] 20191108_150535 DEV_SendScanPara:106 -| End DEV_SendScanPara.
    5: ./exe() [0x40a0fc]
    4: ./exe() [0x40a5a7]
    3: ./exe() [0x405077]
    2: ./exe() [0x402c89]
    1: /lib/x86_64-linux-gnu/libpthread.so.0(+0x8184) [0x7f4f47b98184]
    0: /lib/x86_64-linux-gnu/libc.so.6(clone+0x6d) [0x7f4f4718d03d]
[INFO ] 20191108_150537 DEV_SendScanPara:68 -| Running In DEV_SendScanPara...
    5: ./exe() [0x40a0fc]
    4: ./exe() [0x40a5a7]
    3: ./exe() [0x404e7d]
    2: ./exe() [0x402c89]
    1: /lib/x86_64-linux-gnu/libpthread.so.0(+0x8184) [0x7f4f47b98184]
    0: /lib/x86_64-linux-gnu/libc.so.6(clone+0x6d) [0x7f4f4718d03d]
[INFO ] 20191108_150537 DEV_SendScanPara:106 -| End DEV_SendScanPara.
    5: ./exe() [0x40a0fc]
    4: ./exe() [0x40a5a7]
    3: ./exe() [0x405077]
    2: ./exe() [0x402c89]
    1: /lib/x86_64-linux-gnu/libpthread.so.0(+0x8184) [0x7f4f47b98184]
    0: /lib/x86_64-linux-gnu/libc.so.6(clone+0x6d) [0x7f4f4718d03d]
[INFO ] 20191108_150539 DEV_SendLocatePara:126 -| Running In DEV_SendLocatePara...
    5: ./exe() [0x40a0fc]
    4: ./exe() [0x40a5a7]
    3: ./exe() [0x4050f2]
    2: ./exe() [0x402d3c]
    1: /lib/x86_64-linux-gnu/libpthread.so.0(+0x8184) [0x7f4f47b98184]
    0: /lib/x86_64-linux-gnu/libc.so.6(clone+0x6d) [0x7f4f4718d03d]
[INFO ] 20191108_150539 DEV_SendLocatePara:158 -| End DEV_SendLocatePara.
    5: ./exe() [0x40a0fc]
    4: ./exe() [0x40a5a7]
    3: ./exe() [0x405298]
    2: ./exe() [0x402d3c]
    1: /lib/x86_64-linux-gnu/libpthread.so.0(+0x8184) [0x7f4f47b98184]
    0: /lib/x86_64-linux-gnu/libc.so.6(clone+0x6d) [0x7f4f4718d03d]
[INFO ] 20191108_150539 DEV_SendScanPara:68 -| Running In DEV_SendScanPara...
    5: ./exe() [0x40a0fc]
    4: ./exe() [0x40a5a7]
    3: ./exe() [0x404e7d]
    2: ./exe() [0x402c89]
    1: /lib/x86_64-linux-gnu/libpthread.so.0(+0x8184) [0x7f4f47b98184]
    0: /lib/x86_64-linux-gnu/libc.so.6(clone+0x6d) [0x7f4f4718d03d]
[INFO ] 20191108_150539 DEV_SendScanPara:106 -| End DEV_SendScanPara.
    5: ./exe() [0x40a0fc]
    4: ./exe() [0x40a5a7]
    3: ./exe() [0x405077]
    2: ./exe() [0x402c89]
    1: /lib/x86_64-linux-gnu/libpthread.so.0(+0x8184) [0x7f4f47b98184]
    0: /lib/x86_64-linux-gnu/libc.so.6(clone+0x6d) [0x7f4f4718d03d]
[INFO ] 20191108_150541 DEV_SendScanPara:68 -| Running In DEV_SendScanPara...
    5: ./exe() [0x40a0fc]
    4: ./exe() [0x40a5a7]
    3: ./exe() [0x404e7d]
    2: ./exe() [0x402c89]
    1: /lib/x86_64-linux-gnu/libpthread.so.0(+0x8184) [0x7f4f47b98184]
    0: /lib/x86_64-linux-gnu/libc.so.6(clone+0x6d) [0x7f4f4718d03d]
[INFO ] 20191108_150541 DEV_SendScanPara:106 -| End DEV_SendScanPara.
    5: ./exe() [0x40a0fc]
    4: ./exe() [0x40a5a7]
    3: ./exe() [0x405077]
    2: ./exe() [0x402c89]
    1: /lib/x86_64-linux-gnu/libpthread.so.0(+0x8184) [0x7f4f47b98184]
    0: /lib/x86_64-linux-gnu/libc.so.6(clone+0x6d) [0x7f4f4718d03d]
[INFO ] 20191108_150543 DEV_SendScanPara:68 -| Running In DEV_SendScanPara...
    5: ./exe() [0x40a0fc]
    4: ./exe() [0x40a5a7]
    3: ./exe() [0x404e7d]
    2: ./exe() [0x402c89]
    1: /lib/x86_64-linux-gnu/libpthread.so.0(+0x8184) [0x7f4f47b98184]
    0: /lib/x86_64-linux-gnu/libc.so.6(clone+0x6d) [0x7f4f4718d03d]
[INFO ] 20191108_150543 DEV_SendScanPara:106 -| End DEV_SendScanPara.
    5: ./exe() [0x40a0fc]
    4: ./exe() [0x40a5a7]
    3: ./exe() [0x405077]
    2: ./exe() [0x402c89]
    1: /lib/x86_64-linux-gnu/libpthread.so.0(+0x8184) [0x7f4f47b98184]
    0: /lib/x86_64-linux-gnu/libc.so.6(clone+0x6d) [0x7f4f4718d03d]
[INFO ] 20191108_150545 DEV_SendScanPara:68 -| Running In DEV_SendScanPara...
    5: ./exe() [0x40a0fc]
    4: ./exe() [0x40a5a7]
    3: ./exe() [0x404e7d]
    2: ./exe() [0x402c89]
    1: /lib/x86_64-linux-gnu/libpthread.so.0(+0x8184) [0x7f4f47b98184]
    0: /lib/x86_64-linux-gnu/libc.so.6(clone+0x6d) [0x7f4f4718d03d]
[INFO ] 20191108_150545 DEV_SendScanPara:106 -| End DEV_SendScanPara.
    5: ./exe() [0x40a0fc]
    4: ./exe() [0x40a5a7]
    3: ./exe() [0x405077]
    2: ./exe() [0x402c89]
    1: /lib/x86_64-linux-gnu/libpthread.so.0(+0x8184) [0x7f4f47b98184]
    0: /lib/x86_64-linux-gnu/libc.so.6(clone+0x6d) [0x7f4f4718d03d]
[INFO ] 20191108_150547 DEV_SendScanPara:68 -| Running In DEV_SendScanPara...
    5: ./exe() [0x40a0fc]
    4: ./exe() [0x40a5a7]
    3: ./exe() [0x404e7d]
    2: ./exe() [0x402c89]
    1: /lib/x86_64-linux-gnu/libpthread.so.0(+0x8184) [0x7f4f47b98184]
    0: /lib/x86_64-linux-gnu/libc.so.6(clone+0x6d) [0x7f4f4718d03d]
[INFO ] 20191108_150547 DEV_SendScanPara:106 -| End DEV_SendScanPara.
    5: ./exe() [0x40a0fc]
    4: ./exe() [0x40a5a7]
    3: ./exe() [0x405077]
    2: ./exe() [0x402c89]
    1: /lib/x86_64-linux-gnu/libpthread.so.0(+0x8184) [0x7f4f47b98184]
    0: /lib/x86_64-linux-gnu/libc.so.6(clone+0x6d) [0x7f4f4718d03d]
[INFO ] 20191108_150549 DEV_SendLocatePara:126 -| Running In DEV_SendLocatePara...
    5: ./exe() [0x40a0fc]
    4: ./exe() [0x40a5a7]
    3: ./exe() [0x4050f2]
    2: ./exe() [0x402d3c]
    1: /lib/x86_64-linux-gnu/libpthread.so.0(+0x8184) [0x7f4f47b98184]
    0: /lib/x86_64-linux-gnu/libc.so.6(clone+0x6d) [0x7f4f4718d03d]
[INFO ] 20191108_150549 DEV_SendLocatePara:158 -| End DEV_SendLocatePara.
    5: ./exe() [0x40a0fc]
    4: ./exe() [0x40a5a7]
    3: ./exe() [0x405298]
    2: ./exe() [0x402d3c]
    1: /lib/x86_64-linux-gnu/libpthread.so.0(+0x8184) [0x7f4f47b98184]
    0: /lib/x86_64-linux-gnu/libc.so.6(clone+0x6d) [0x7f4f4718d03d]
[INFO ] 20191108_150549 DEV_SendScanPara:68 -| Running In DEV_SendScanPara...
    5: ./exe() [0x40a0fc]
    4: ./exe() [0x40a5a7]
    3: ./exe() [0x404e7d]
    2: ./exe() [0x402c89]
    1: /lib/x86_64-linux-gnu/libpthread.so.0(+0x8184) [0x7f4f47b98184]
    0: /lib/x86_64-linux-gnu/libc.so.6(clone+0x6d) [0x7f4f4718d03d]
[INFO ] 20191108_150549 DEV_SendScanPara:106 -| End DEV_SendScanPara.
    5: ./exe() [0x40a0fc]
    4: ./exe() [0x40a5a7]
    3: ./exe() [0x405077]
    2: ./exe() [0x402c89]
    1: /lib/x86_64-linux-gnu/libpthread.so.0(+0x8184) [0x7f4f47b98184]
    0: /lib/x86_64-linux-gnu/libc.so.6(clone+0x6d) [0x7f4f4718d03d]
[INFO ] 20191108_150551 DEV_SendScanPara:68 -| Running In DEV_SendScanPara...
    5: ./exe() [0x40a0fc]
    4: ./exe() [0x40a5a7]
    3: ./exe() [0x404e7d]
    2: ./exe() [0x402c89]
    1: /lib/x86_64-linux-gnu/libpthread.so.0(+0x8184) [0x7f4f47b98184]
    0: /lib/x86_64-linux-gnu/libc.so.6(clone+0x6d) [0x7f4f4718d03d]
[INFO ] 20191108_150551 DEV_SendScanPara:106 -| End DEV_SendScanPara.
    5: ./exe() [0x40a0fc]
    4: ./exe() [0x40a5a7]
    3: ./exe() [0x405077]
    2: ./exe() [0x402c89]
    1: /lib/x86_64-linux-gnu/libpthread.so.0(+0x8184) [0x7f4f47b98184]
    0: /lib/x86_64-linux-gnu/libc.so.6(clone+0x6d) [0x7f4f4718d03d]
[INFO ] 20191108_150553 DEV_SendScanPara:68 -| Running In DEV_SendScanPara...
    5: ./exe() [0x40a0fc]
    4: ./exe() [0x40a5a7]
    3: ./exe() [0x404e7d]
    2: ./exe() [0x402c89]
    1: /lib/x86_64-linux-gnu/libpthread.so.0(+0x8184) [0x7f4f47b98184]
    0: /lib/x86_64-linux-gnu/libc.so.6(clone+0x6d) [0x7f4f4718d03d]
[INFO ] 20191108_150553 DEV_SendScanPara:106 -| End DEV_SendScanPara.
    5: ./exe() [0x40a0fc]
    4: ./exe() [0x40a5a7]
    3: ./exe() [0x405077]
    2: ./exe() [0x402c89]
    1: /lib/x86_64-linux-gnu/libpthread.so.0(+0x8184) [0x7f4f47b98184]
    0: /lib/x86_64-linux-gnu/libc.so.6(clone+0x6d) [0x7f4f4718d03d]
[INFO ] 20191108_150555 DEV_SendScanPara:68 -| Running In DEV_SendScanPara...
    5: ./exe() [0x40a0fc]
    4: ./exe() [0x40a5a7]
    3: ./exe() [0x404e7d]
    2: ./exe() [0x402c89]
    1: /lib/x86_64-linux-gnu/libpthread.so.0(+0x8184) [0x7f4f47b98184]
    0: /lib/x86_64-linux-gnu/libc.so.6(clone+0x6d) [0x7f4f4718d03d]
[INFO ] 20191108_150555 DEV_SendScanPara:106 -| End DEV_SendScanPara.
    5: ./exe() [0x40a0fc]
    4: ./exe() [0x40a5a7]
    3: ./exe() [0x405077]
    2: ./exe() [0x402c89]
    1: /lib/x86_64-linux-gnu/libpthread.so.0(+0x8184) [0x7f4f47b98184]
    0: /lib/x86_64-linux-gnu/libc.so.6(clone+0x6d) [0x7f4f4718d03d]
[INFO ] 20191108_150556 th_RDWR:271 -| th_RDWR read data lens:32, data:0001000200030000001d001600040003

    4: ./exe() [0x40a0fc]
    3: ./exe() [0x40a5a7]
    2: ./exe() [0x402ab5]
    1: /lib/x86_64-linux-gnu/libpthread.so.0(+0x8184) [0x7f4f47b98184]
    0: /lib/x86_64-linux-gnu/libc.so.6(clone+0x6d) [0x7f4f4718d03d]
[INFO ] 20191108_150556 DecodeRecvData:237 -| recv data type...
    5: ./exe() [0x40a0fc]
    4: ./exe() [0x40a5a7]
    3: ./exe() [0x404050]
    2: ./exe() [0x402acc]
    1: /lib/x86_64-linux-gnu/libpthread.so.0(+0x8184) [0x7f4f47b98184]
    0: /lib/x86_64-linux-gnu/libc.so.6(clone+0x6d) [0x7f4f4718d03d]
[INFO ] 20191108_150556 DecodeRecvData:432 -| End DecodeRecvData.
    5: ./exe() [0x40a0fc]
    4: ./exe() [0x40a5a7]
    3: ./exe() [0x404bf5]
    2: ./exe() [0x402acc]
    1: /lib/x86_64-linux-gnu/libpthread.so.0(+0x8184) [0x7f4f47b98184]
    0: /lib/x86_64-linux-gnu/libc.so.6(clone+0x6d) [0x7f4f4718d03d]
[INFO ] 20191108_150557 DEV_SendScanPara:68 -| Running In DEV_SendScanPara...
    5: ./exe() [0x40a0fc]
    4: ./exe() [0x40a5a7]
    3: ./exe() [0x404e7d]
    2: ./exe() [0x402c89]
    1: /lib/x86_64-linux-gnu/libpthread.so.0(+0x8184) [0x7f4f47b98184]
    0: /lib/x86_64-linux-gnu/libc.so.6(clone+0x6d) [0x7f4f4718d03d]
[INFO ] 20191108_150557 DEV_SendScanPara:106 -| End DEV_SendScanPara.
    5: ./exe() [0x40a0fc]
    4: ./exe() [0x40a5a7]
    3: ./exe() [0x405077]
    2: ./exe() [0x402c89]
    1: /lib/x86_64-linux-gnu/libpthread.so.0(+0x8184) [0x7f4f47b98184]
    0: /lib/x86_64-linux-gnu/libc.so.6(clone+0x6d) [0x7f4f4718d03d]
[INFO ] 20191108_150559 DEV_SendLocatePara:126 -| Running In DEV_SendLocatePara...
    5: ./exe() [0x40a0fc]
    4: ./exe() [0x40a5a7]
    3: ./exe() [0x4050f2]
    2: ./exe() [0x402d3c]
    1: /lib/x86_64-linux-gnu/libpthread.so.0(+0x8184) [0x7f4f47b98184]
    0: /lib/x86_64-linux-gnu/libc.so.6(clone+0x6d) [0x7f4f4718d03d]
[INFO ] 20191108_150559 DEV_SendLocatePara:158 -| End DEV_SendLocatePara.
    5: ./exe() [0x40a0fc]
    4: ./exe() [0x40a5a7]
    3: ./exe() [0x405298]
    2: ./exe() [0x402d3c]
    1: /lib/x86_64-linux-gnu/libpthread.so.0(+0x8184) [0x7f4f47b98184]
    0: /lib/x86_64-linux-gnu/libc.so.6(clone+0x6d) [0x7f4f4718d03d]
[INFO ] 20191108_150559 DEV_SendScanPara:68 -| Running In DEV_SendScanPara...
    5: ./exe() [0x40a0fc]
    4: ./exe() [0x40a5a7]
    3: ./exe() [0x404e7d]
    2: ./exe() [0x402c89]
    1: /lib/x86_64-linux-gnu/libpthread.so.0(+0x8184) [0x7f4f47b98184]
    0: /lib/x86_64-linux-gnu/libc.so.6(clone+0x6d) [0x7f4f4718d03d]
[INFO ] 20191108_150559 DEV_SendScanPara:106 -| End DEV_SendScanPara.
    5: ./exe() [0x40a0fc]
    4: ./exe() [0x40a5a7]
    3: ./exe() [0x405077]
    2: ./exe() [0x402c89]
    1: /lib/x86_64-linux-gnu/libpthread.so.0(+0x8184) [0x7f4f47b98184]
    0: /lib/x86_64-linux-gnu/libc.so.6(clone+0x6d) [0x7f4f4718d03d]
[INFO ] 20191108_150601 DEV_SendScanPara:68 -| Running In DEV_SendScanPara...
    5: ./exe() [0x40a0fc]
    4: ./exe() [0x40a5a7]
    3: ./exe() [0x404e7d]
    2: ./exe() [0x402c89]
    1: /lib/x86_64-linux-gnu/libpthread.so.0(+0x8184) [0x7f4f47b98184]
    0: /lib/x86_64-linux-gnu/libc.so.6(clone+0x6d) [0x7f4f4718d03d]
[INFO ] 20191108_150601 DEV_SendScanPara:106 -| End DEV_SendScanPara.
    5: ./exe() [0x40a0fc]
    4: ./exe() [0x40a5a7]
    3: ./exe() [0x405077]
    2: ./exe() [0x402c89]
    1: /lib/x86_64-linux-gnu/libpthread.so.0(+0x8184) [0x7f4f47b98184]
    0: /lib/x86_64-linux-gnu/libc.so.6(clone+0x6d) [0x7f4f4718d03d]
[INFO ] 20191108_150603 DEV_SendScanPara:68 -| Running In DEV_SendScanPara...
    5: ./exe() [0x40a0fc]
    4: ./exe() [0x40a5a7]
    3: ./exe() [0x404e7d]
    2: ./exe() [0x402c89]
    1: /lib/x86_64-linux-gnu/libpthread.so.0(+0x8184) [0x7f4f47b98184]
    0: /lib/x86_64-linux-gnu/libc.so.6(clone+0x6d) [0x7f4f4718d03d]
[INFO ] 20191108_150603 DEV_SendScanPara:106 -| End DEV_SendScanPara.
    5: ./exe() [0x40a0fc]
    4: ./exe() [0x40a5a7]
    3: ./exe() [0x405077]
    2: ./exe() [0x402c89]
    1: /lib/x86_64-linux-gnu/libpthread.so.0(+0x8184) [0x7f4f47b98184]
    0: /lib/x86_64-linux-gnu/libc.so.6(clone+0x6d) [0x7f4f4718d03d]
[INFO ] 20191108_150605 DEV_SendScanPara:68 -| Running In DEV_SendScanPara...
    5: ./exe() [0x40a0fc]
    4: ./exe() [0x40a5a7]
    3: ./exe() [0x404e7d]
    2: ./exe() [0x402c89]
    1: /lib/x86_64-linux-gnu/libpthread.so.0(+0x8184) [0x7f4f47b98184]
    0: /lib/x86_64-linux-gnu/libc.so.6(clone+0x6d) [0x7f4f4718d03d]
[INFO ] 20191108_150605 DEV_SendScanPara:106 -| End DEV_SendScanPara.
    5: ./exe() [0x40a0fc]
    4: ./exe() [0x40a5a7]
    3: ./exe() [0x405077]
    2: ./exe() [0x402c89]
    1: /lib/x86_64-linux-gnu/libpthread.so.0(+0x8184) [0x7f4f47b98184]
    0: /lib/x86_64-linux-gnu/libc.so.6(clone+0x6d) [0x7f4f4718d03d]
[INFO ] 20191108_150606 th_RDWR:271 -| th_RDWR read data lens:48, data:0001000200030000ffff0013001400010000000100bb00aa

    4: ./exe() [0x40a0fc]
    3: ./exe() [0x40a5a7]
    2: ./exe() [0x402ab5]
    1: /lib/x86_64-linux-gnu/libpthread.so.0(+0x8184) [0x7f4f47b98184]
    0: /lib/x86_64-linux-gnu/libc.so.6(clone+0x6d) [0x7f4f4718d03d]
[INFO ] 20191108_150606 DecodeRecvData:237 -| recv data type...
    5: ./exe() [0x40a0fc]
    4: ./exe() [0x40a5a7]
    3: ./exe() [0x404050]
    2: ./exe() [0x402acc]
    1: /lib/x86_64-linux-gnu/libpthread.so.0(+0x8184) [0x7f4f47b98184]
    0: /lib/x86_64-linux-gnu/libc.so.6(clone+0x6d) [0x7f4f4718d03d]
[INFO ] 20191108_150606 DecodeRecvData:328 -| The Message type is MT_POSITION_PARA!
    5: ./exe() [0x40a0fc]
    4: ./exe() [0x40a5a7]
    3: ./exe() [0x40460d]
    2: ./exe() [0x402acc]
    1: /lib/x86_64-linux-gnu/libpthread.so.0(+0x8184) [0x7f4f47b98184]
    0: /lib/x86_64-linux-gnu/libc.so.6(clone+0x6d) [0x7f4f4718d03d]
[INFO ] 20191108_150606 DEV_SendLocatePara:126 -| Running In DEV_SendLocatePara...
    6: ./exe() [0x40a0fc]
    5: ./exe() [0x40a5a7]
    4: ./exe() [0x4050f2]
    3: ./exe() [0x40481f]
    2: ./exe() [0x402acc]
    1: /lib/x86_64-linux-gnu/libpthread.so.0(+0x8184) [0x7f4f47b98184]
    0: /lib/x86_64-linux-gnu/libc.so.6(clone+0x6d) [0x7f4f4718d03d]
[INFO ] 20191108_150606 DEV_SendLocatePara:158 -| End DEV_SendLocatePara.
    6: ./exe() [0x40a0fc]
    5: ./exe() [0x40a5a7]
    4: ./exe() [0x405298]
    3: ./exe() [0x40481f]
    2: ./exe() [0x402acc]
    1: /lib/x86_64-linux-gnu/libpthread.so.0(+0x8184) [0x7f4f47b98184]
    0: /lib/x86_64-linux-gnu/libc.so.6(clone+0x6d) [0x7f4f4718d03d]
[INFO ] 20191108_150606 DecodeRecvData:432 -| End DecodeRecvData.
    5: ./exe() [0x40a0fc]
    4: ./exe() [0x40a5a7]
    3: ./exe() [0x404bf5]
    2: ./exe() [0x402acc]
    1: /lib/x86_64-linux-gnu/libpthread.so.0(+0x8184) [0x7f4f47b98184]
    0: /lib/x86_64-linux-gnu/libc.so.6(clone+0x6d) [0x7f4f4718d03d]
[INFO ] 20191108_150607 DEV_SendScanPara:68 -| Running In DEV_SendScanPara...
    5: ./exe() [0x40a0fc]
    4: ./exe() [0x40a5a7]
    3: ./exe() [0x404e7d]
    2: ./exe() [0x402c89]
    1: /lib/x86_64-linux-gnu/libpthread.so.0(+0x8184) [0x7f4f47b98184]
    0: /lib/x86_64-linux-gnu/libc.so.6(clone+0x6d) [0x7f4f4718d03d]
[INFO ] 20191108_150607 DEV_SendScanPara:106 -| End DEV_SendScanPara.
    5: ./exe() [0x40a0fc]
    4: ./exe() [0x40a5a7]
    3: ./exe() [0x405077]
    2: ./exe() [0x402c89]
    1: /lib/x86_64-linux-gnu/libpthread.so.0(+0x8184) [0x7f4f47b98184]
    0: /lib/x86_64-linux-gnu/libc.so.6(clone+0x6d) [0x7f4f4718d03d]
[INFO ] 20191108_150609 DEV_SendLocatePara:126 -| Running In DEV_SendLocatePara...
    5: ./exe() [0x40a0fc]
    4: ./exe() [0x40a5a7]
    3: ./exe() [0x4050f2]
    2: ./exe() [0x402d3c]
    1: /lib/x86_64-linux-gnu/libpthread.so.0(+0x8184) [0x7f4f47b98184]
    0: /lib/x86_64-linux-gnu/libc.so.6(clone+0x6d) [0x7f4f4718d03d]
[INFO ] 20191108_150609 DEV_SendLocatePara:158 -| End DEV_SendLocatePara.
    5: ./exe() [0x40a0fc]
    4: ./exe() [0x40a5a7]
    3: ./exe() [0x405298]
    2: ./exe() [0x402d3c]
    1: /lib/x86_64-linux-gnu/libpthread.so.0(+0x8184) [0x7f4f47b98184]
    0: /lib/x86_64-linux-gnu/libc.so.6(clone+0x6d) [0x7f4f4718d03d]
[INFO ] 20191108_150609 DEV_SendScanPara:68 -| Running In DEV_SendScanPara...
    5: ./exe() [0x40a0fc]
    4: ./exe() [0x40a5a7]
    3: ./exe() [0x404e7d]
    2: ./exe() [0x402c89]
    1: /lib/x86_64-linux-gnu/libpthread.so.0(+0x8184) [0x7f4f47b98184]
    0: /lib/x86_64-linux-gnu/libc.so.6(clone+0x6d) [0x7f4f4718d03d]
[INFO ] 20191108_150609 DEV_SendScanPara:106 -| End DEV_SendScanPara.
    5: ./exe() [0x40a0fc]
    4: ./exe() [0x40a5a7]
    3: ./exe() [0x405077]
    2: ./exe() [0x402c89]
    1: /lib/x86_64-linux-gnu/libpthread.so.0(+0x8184) [0x7f4f47b98184]
    0: /lib/x86_64-linux-gnu/libc.so.6(clone+0x6d) [0x7f4f4718d03d]
[INFO ] 20191108_150611 DEV_SendScanPara:68 -| Running In DEV_SendScanPara...
    5: ./exe() [0x40a0fc]
    4: ./exe() [0x40a5a7]
    3: ./exe() [0x404e7d]
    2: ./exe() [0x402c89]
    1: /lib/x86_64-linux-gnu/libpthread.so.0(+0x8184) [0x7f4f47b98184]
    0: /lib/x86_64-linux-gnu/libc.so.6(clone+0x6d) [0x7f4f4718d03d]
[INFO ] 20191108_150611 DEV_SendScanPara:106 -| End DEV_SendScanPara.
    5: ./exe() [0x40a0fc]
    4: ./exe() [0x40a5a7]
    3: ./exe() [0x405077]
    2: ./exe() [0x402c89]
    1: /lib/x86_64-linux-gnu/libpthread.so.0(+0x8184) [0x7f4f47b98184]
    0: /lib/x86_64-linux-gnu/libc.so.6(clone+0x6d) [0x7f4f4718d03d]
[INFO ] 20191108_150613 DEV_SendScanPara:68 -| Running In DEV_SendScanPara...
    5: ./exe() [0x40a0fc]
    4: ./exe() [0x40a5a7]
    3: ./exe() [0x404e7d]
    2: ./exe() [0x402c89]
    1: /lib/x86_64-linux-gnu/libpthread.so.0(+0x8184) [0x7f4f47b98184]
    0: /lib/x86_64-linux-gnu/libc.so.6(clone+0x6d) [0x7f4f4718d03d]
[INFO ] 20191108_150613 DEV_SendScanPara:106 -| End DEV_SendScanPara.
    5: ./exe() [0x40a0fc]
    4: ./exe() [0x40a5a7]
    3: ./exe() [0x405077]
    2: ./exe() [0x402c89]
    1: /lib/x86_64-linux-gnu/libpthread.so.0(+0x8184) [0x7f4f47b98184]
    0: /lib/x86_64-linux-gnu/libc.so.6(clone+0x6d) [0x7f4f4718d03d]
[INFO ] 20191108_150615 DEV_SendScanPara:68 -| Running In DEV_SendScanPara...
    5: ./exe() [0x40a0fc]
    4: ./exe() [0x40a5a7]
    3: ./exe() [0x404e7d]
    2: ./exe() [0x402c89]
    1: /lib/x86_64-linux-gnu/libpthread.so.0(+0x8184) [0x7f4f47b98184]
    0: /lib/x86_64-linux-gnu/libc.so.6(clone+0x6d) [0x7f4f4718d03d]
[INFO ] 20191108_150615 DEV_SendScanPara:106 -| End DEV_SendScanPara.
    5: ./exe() [0x40a0fc]
    4: ./exe() [0x40a5a7]
    3: ./exe() [0x405077]
    2: ./exe() [0x402c89]
    1: /lib/x86_64-linux-gnu/libpthread.so.0(+0x8184) [0x7f4f47b98184]
    0: /lib/x86_64-linux-gnu/libc.so.6(clone+0x6d) [0x7f4f4718d03d]
[INFO ] 20191108_150617 DEV_SendScanPara:68 -| Running In DEV_SendScanPara...
    5: ./exe() [0x40a0fc]
    4: ./exe() [0x40a5a7]
    3: ./exe() [0x404e7d]
    2: ./exe() [0x402c89]
    1: /lib/x86_64-linux-gnu/libpthread.so.0(+0x8184) [0x7f4f47b98184]
    0: /lib/x86_64-linux-gnu/libc.so.6(clone+0x6d) [0x7f4f4718d03d]
[INFO ] 20191108_150617 DEV_SendScanPara:106 -| End DEV_SendScanPara.
    5: ./exe() [0x40a0fc]
    4: ./exe() [0x40a5a7]
    3: ./exe() [0x405077]
    2: ./exe() [0x402c89]
    1: /lib/x86_64-linux-gnu/libpthread.so.0(+0x8184) [0x7f4f47b98184]
    0: /lib/x86_64-linux-gnu/libc.so.6(clone+0x6d) [0x7f4f4718d03d]
[INFO ] 20191108_150619 DEV_SendLocatePara:126 -| Running In DEV_SendLocatePara...
    5: ./exe() [0x40a0fc]
    4: ./exe() [0x40a5a7]
    3: ./exe() [0x4050f2]
    2: ./exe() [0x402d3c]
    1: /lib/x86_64-linux-gnu/libpthread.so.0(+0x8184) [0x7f4f47b98184]
    0: /lib/x86_64-linux-gnu/libc.so.6(clone+0x6d) [0x7f4f4718d03d]
[INFO ] 20191108_150619 DEV_SendLocatePara:158 -| End DEV_SendLocatePara.
    5: ./exe() [0x40a0fc]
    4: ./exe() [0x40a5a7]
    3: ./exe() [0x405298]
    2: ./exe() [0x402d3c]
    1: /lib/x86_64-linux-gnu/libpthread.so.0(+0x8184) [0x7f4f47b98184]
    0: /lib/x86_64-linux-gnu/libc.so.6(clone+0x6d) [0x7f4f4718d03d]
[INFO ] 20191108_150619 DEV_SendScanPara:68 -| Running In DEV_SendScanPara...
    5: ./exe() [0x40a0fc]
    4: ./exe() [0x40a5a7]
    3: ./exe() [0x404e7d]
    2: ./exe() [0x402c89]
    1: /lib/x86_64-linux-gnu/libpthread.so.0(+0x8184) [0x7f4f47b98184]
    0: /lib/x86_64-linux-gnu/libc.so.6(clone+0x6d) [0x7f4f4718d03d]
[INFO ] 20191108_150619 DEV_SendScanPara:106 -| End DEV_SendScanPara.
    5: ./exe() [0x40a0fc]
    4: ./exe() [0x40a5a7]
    3: ./exe() [0x405077]
    2: ./exe() [0x402c89]
    1: /lib/x86_64-linux-gnu/libpthread.so.0(+0x8184) [0x7f4f47b98184]
    0: /lib/x86_64-linux-gnu/libc.so.6(clone+0x6d) [0x7f4f4718d03d]
[INFO ] 20191108_150621 DEV_SendScanPara:68 -| Running In DEV_SendScanPara...
    5: ./exe() [0x40a0fc]
    4: ./exe() [0x40a5a7]
    3: ./exe() [0x404e7d]
    2: ./exe() [0x402c89]
    1: /lib/x86_64-linux-gnu/libpthread.so.0(+0x8184) [0x7f4f47b98184]
    0: /lib/x86_64-linux-gnu/libc.so.6(clone+0x6d) [0x7f4f4718d03d]
[INFO ] 20191108_150621 DEV_SendScanPara:106 -| End DEV_SendScanPara.
    5: ./exe() [0x40a0fc]
    4: ./exe() [0x40a5a7]
    3: ./exe() [0x405077]
    2: ./exe() [0x402c89]
    1: /lib/x86_64-linux-gnu/libpthread.so.0(+0x8184) [0x7f4f47b98184]
    0: /lib/x86_64-linux-gnu/libc.so.6(clone+0x6d) [0x7f4f4718d03d]
[INFO ] 20191108_150623 DEV_SendScanPara:68 -| Running In DEV_SendScanPara...
    5: ./exe() [0x40a0fc]
    4: ./exe() [0x40a5a7]
    3: ./exe() [0x404e7d]
    2: ./exe() [0x402c89]
    1: /lib/x86_64-linux-gnu/libpthread.so.0(+0x8184) [0x7f4f47b98184]
    0: /lib/x86_64-linux-gnu/libc.so.6(clone+0x6d) [0x7f4f4718d03d]
[INFO ] 20191108_150623 DEV_SendScanPara:106 -| End DEV_SendScanPara.
    5: ./exe() [0x40a0fc]
    4: ./exe() [0x40a5a7]
    3: ./exe() [0x405077]
    2: ./exe() [0x402c89]
    1: /lib/x86_64-linux-gnu/libpthread.so.0(+0x8184) [0x7f4f47b98184]
    0: /lib/x86_64-linux-gnu/libc.so.6(clone+0x6d) [0x7f4f4718d03d]
[INFO ] 20191108_150625 DEV_SendScanPara:68 -| Running In DEV_SendScanPara...
    5: ./exe() [0x40a0fc]
    4: ./exe() [0x40a5a7]
    3: ./exe() [0x404e7d]
    2: ./exe() [0x402c89]
    1: /lib/x86_64-linux-gnu/libpthread.so.0(+0x8184) [0x7f4f47b98184]
    0: /lib/x86_64-linux-gnu/libc.so.6(clone+0x6d) [0x7f4f4718d03d]
[INFO ] 20191108_150625 DEV_SendScanPara:106 -| End DEV_SendScanPara.
    5: ./exe() [0x40a0fc]
    4: ./exe() [0x40a5a7]
    3: ./exe() [0x405077]
    2: ./exe() [0x402c89]
    1: /lib/x86_64-linux-gnu/libpthread.so.0(+0x8184) [0x7f4f47b98184]
    0: /lib/x86_64-linux-gnu/libc.so.6(clone+0x6d) [0x7f4f4718d03d]
[INFO ] 20191108_150627 DEV_SendScanPara:68 -| Running In DEV_SendScanPara...
    5: ./exe() [0x40a0fc]
    4: ./exe() [0x40a5a7]
    3: ./exe() [0x404e7d]
    2: ./exe() [0x402c89]
    1: /lib/x86_64-linux-gnu/libpthread.so.0(+0x8184) [0x7f4f47b98184]
    0: /lib/x86_64-linux-gnu/libc.so.6(clone+0x6d) [0x7f4f4718d03d]
[INFO ] 20191108_150627 DEV_SendScanPara:106 -| End DEV_SendScanPara.
    5: ./exe() [0x40a0fc]
    4: ./exe() [0x40a5a7]
    3: ./exe() [0x405077]
    2: ./exe() [0x402c89]
    1: /lib/x86_64-linux-gnu/libpthread.so.0(+0x8184) [0x7f4f47b98184]
    0: /lib/x86_64-linux-gnu/libc.so.6(clone+0x6d) [0x7f4f4718d03d]
[INFO ] 20191108_150629 DEV_SendLocatePara:126 -| Running In DEV_SendLocatePara...
    5: ./exe() [0x40a0fc]
    4: ./exe() [0x40a5a7]
    3: ./exe() [0x4050f2]
    2: ./exe() [0x402d3c]
    1: /lib/x86_64-linux-gnu/libpthread.so.0(+0x8184) [0x7f4f47b98184]
    0: /lib/x86_64-linux-gnu/libc.so.6(clone+0x6d) [0x7f4f4718d03d]
[INFO ] 20191108_150629 DEV_SendLocatePara:158 -| End DEV_SendLocatePara.
    5: ./exe() [0x40a0fc]
    4: ./exe() [0x40a5a7]
    3: ./exe() [0x405298]
    2: ./exe() [0x402d3c]
    1: /lib/x86_64-linux-gnu/libpthread.so.0(+0x8184) [0x7f4f47b98184]
    0: /lib/x86_64-linux-gnu/libc.so.6(clone+0x6d) [0x7f4f4718d03d]
[INFO ] 20191108_150629 DEV_SendScanPara:68 -| Running In DEV_SendScanPara...
    5: ./exe() [0x40a0fc]
    4: ./exe() [0x40a5a7]
    3: ./exe() [0x404e7d]
    2: ./exe() [0x402c89]
    1: /lib/x86_64-linux-gnu/libpthread.so.0(+0x8184) [0x7f4f47b98184]
    0: /lib/x86_64-linux-gnu/libc.so.6(clone+0x6d) [0x7f4f4718d03d]
[INFO ] 20191108_150629 DEV_SendScanPara:106 -| End DEV_SendScanPara.
    5: ./exe() [0x40a0fc]
    4: ./exe() [0x40a5a7]
    3: ./exe() [0x405077]
    2: ./exe() [0x402c89]
    1: /lib/x86_64-linux-gnu/libpthread.so.0(+0x8184) [0x7f4f47b98184]
    0: /lib/x86_64-linux-gnu/libc.so.6(clone+0x6d) [0x7f4f4718d03d]
[INFO ] 20191108_150631 DEV_SendScanPara:68 -| Running In DEV_SendScanPara...
    5: ./exe() [0x40a0fc]
    4: ./exe() [0x40a5a7]
    3: ./exe() [0x404e7d]
    2: ./exe() [0x402c89]
    1: /lib/x86_64-linux-gnu/libpthread.so.0(+0x8184) [0x7f4f47b98184]
    0: /lib/x86_64-linux-gnu/libc.so.6(clone+0x6d) [0x7f4f4718d03d]
[INFO ] 20191108_150631 DEV_SendScanPara:106 -| End DEV_SendScanPara.
    5: ./exe() [0x40a0fc]
    4: ./exe() [0x40a5a7]
    3: ./exe() [0x405077]
    2: ./exe() [0x402c89]
    1: /lib/x86_64-linux-gnu/libpthread.so.0(+0x8184) [0x7f4f47b98184]
    0: /lib/x86_64-linux-gnu/libc.so.6(clone+0x6d) [0x7f4f4718d03d]
[INFO ] 20191108_150633 DEV_SendScanPara:68 -| Running In DEV_SendScanPara...
    5: ./exe() [0x40a0fc]
    4: ./exe() [0x40a5a7]
    3: ./exe() [0x404e7d]
    2: ./exe() [0x402c89]
    1: /lib/x86_64-linux-gnu/libpthread.so.0(+0x8184) [0x7f4f47b98184]
    0: /lib/x86_64-linux-gnu/libc.so.6(clone+0x6d) [0x7f4f4718d03d]
[INFO ] 20191108_150633 DEV_SendScanPara:106 -| End DEV_SendScanPara.
    5: ./exe() [0x40a0fc]
    4: ./exe() [0x40a5a7]
    3: ./exe() [0x405077]
    2: ./exe() [0x402c89]
    1: /lib/x86_64-linux-gnu/libpthread.so.0(+0x8184) [0x7f4f47b98184]
    0: /lib/x86_64-linux-gnu/libc.so.6(clone+0x6d) [0x7f4f4718d03d]
[INFO ] 20191108_150635 DEV_SendScanPara:68 -| Running In DEV_SendScanPara...
    5: ./exe() [0x40a0fc]
    4: ./exe() [0x40a5a7]
    3: ./exe() [0x404e7d]
    2: ./exe() [0x402c89]
    1: /lib/x86_64-linux-gnu/libpthread.so.0(+0x8184) [0x7f4f47b98184]
    0: /lib/x86_64-linux-gnu/libc.so.6(clone+0x6d) [0x7f4f4718d03d]
[INFO ] 20191108_150635 DEV_SendScanPara:106 -| End DEV_SendScanPara.
    5: ./exe() [0x40a0fc]
    4: ./exe() [0x40a5a7]
    3: ./exe() [0x405077]
    2: ./exe() [0x402c89]
    1: /lib/x86_64-linux-gnu/libpthread.so.0(+0x8184) [0x7f4f47b98184]
    0: /lib/x86_64-linux-gnu/libc.so.6(clone+0x6d) [0x7f4f4718d03d]
[INFO ] 20191108_150637 DEV_SendScanPara:68 -| Running In DEV_SendScanPara...
    5: ./exe() [0x40a0fc]
    4: ./exe() [0x40a5a7]
    3: ./exe() [0x404e7d]
    2: ./exe() [0x402c89]
    1: /lib/x86_64-linux-gnu/libpthread.so.0(+0x8184) [0x7f4f47b98184]
    0: /lib/x86_64-linux-gnu/libc.so.6(clone+0x6d) [0x7f4f4718d03d]
[INFO ] 20191108_150637 DEV_SendScanPara:106 -| End DEV_SendScanPara.
    5: ./exe() [0x40a0fc]
    4: ./exe() [0x40a5a7]
    3: ./exe() [0x405077]
    2: ./exe() [0x402c89]
    1: /lib/x86_64-linux-gnu/libpthread.so.0(+0x8184) [0x7f4f47b98184]
    0: /lib/x86_64-linux-gnu/libc.so.6(clone+0x6d) [0x7f4f4718d03d]
[INFO ] 20191108_150639 DEV_SendLocatePara:126 -| Running In DEV_SendLocatePara...
    5: ./exe() [0x40a0fc]
    4: ./exe() [0x40a5a7]
    3: ./exe() [0x4050f2]
    2: ./exe() [0x402d3c]
    1: /lib/x86_64-linux-gnu/libpthread.so.0(+0x8184) [0x7f4f47b98184]
    0: /lib/x86_64-linux-gnu/libc.so.6(clone+0x6d) [0x7f4f4718d03d]
[INFO ] 20191108_150639 DEV_SendLocatePara:158 -| End DEV_SendLocatePara.
    5: ./exe() [0x40a0fc]
    4: ./exe() [0x40a5a7]
    3: ./exe() [0x405298]
    2: ./exe() [0x402d3c]
    1: /lib/x86_64-linux-gnu/libpthread.so.0(+0x8184) [0x7f4f47b98184]
    0: /lib/x86_64-linux-gnu/libc.so.6(clone+0x6d) [0x7f4f4718d03d]
[INFO ] 20191108_150639 DEV_SendScanPara:68 -| Running In DEV_SendScanPara...
    5: ./exe() [0x40a0fc]
    4: ./exe() [0x40a5a7]
    3: ./exe() [0x404e7d]
    2: ./exe() [0x402c89]
    1: /lib/x86_64-linux-gnu/libpthread.so.0(+0x8184) [0x7f4f47b98184]
    0: /lib/x86_64-linux-gnu/libc.so.6(clone+0x6d) [0x7f4f4718d03d]
[INFO ] 20191108_150639 DEV_SendScanPara:106 -| End DEV_SendScanPara.
    5: ./exe() [0x40a0fc]
    4: ./exe() [0x40a5a7]
    3: ./exe() [0x405077]
    2: ./exe() [0x402c89]
    1: /lib/x86_64-linux-gnu/libpthread.so.0(+0x8184) [0x7f4f47b98184]
    0: /lib/x86_64-linux-gnu/libc.so.6(clone+0x6d) [0x7f4f4718d03d]
[INFO ] 20191108_150641 DEV_SendScanPara:68 -| Running In DEV_SendScanPara...
    5: ./exe() [0x40a0fc]
    4: ./exe() [0x40a5a7]
    3: ./exe() [0x404e7d]
    2: ./exe() [0x402c89]
    1: /lib/x86_64-linux-gnu/libpthread.so.0(+0x8184) [0x7f4f47b98184]
    0: /lib/x86_64-linux-gnu/libc.so.6(clone+0x6d) [0x7f4f4718d03d]
[INFO ] 20191108_150641 DEV_SendScanPara:106 -| End DEV_SendScanPara.
    5: ./exe() [0x40a0fc]
    4: ./exe() [0x40a5a7]
    3: ./exe() [0x405077]
    2: ./exe() [0x402c89]
    1: /lib/x86_64-linux-gnu/libpthread.so.0(+0x8184) [0x7f4f47b98184]
    0: /lib/x86_64-linux-gnu/libc.so.6(clone+0x6d) [0x7f4f4718d03d]
[INFO ] 20191108_150643 DEV_SendScanPara:68 -| Running In DEV_SendScanPara...
    5: ./exe() [0x40a0fc]
    4: ./exe() [0x40a5a7]
    3: ./exe() [0x404e7d]
    2: ./exe() [0x402c89]
    1: /lib/x86_64-linux-gnu/libpthread.so.0(+0x8184) [0x7f4f47b98184]
    0: /lib/x86_64-linux-gnu/libc.so.6(clone+0x6d) [0x7f4f4718d03d]
[INFO ] 20191108_150643 DEV_SendScanPara:106 -| End DEV_SendScanPara.
    5: ./exe() [0x40a0fc]
    4: ./exe() [0x40a5a7]
    3: ./exe() [0x405077]
    2: ./exe() [0x402c89]
    1: /lib/x86_64-linux-gnu/libpthread.so.0(+0x8184) [0x7f4f47b98184]
    0: /lib/x86_64-linux-gnu/libc.so.6(clone+0x6d) [0x7f4f4718d03d]
[INFO ] 20191108_150645 DEV_SendScanPara:68 -| Running In DEV_SendScanPara...
    5: ./exe() [0x40a0fc]
    4: ./exe() [0x40a5a7]
    3: ./exe() [0x404e7d]
    2: ./exe() [0x402c89]
    1: /lib/x86_64-linux-gnu/libpthread.so.0(+0x8184) [0x7f4f47b98184]
    0: /lib/x86_64-linux-gnu/libc.so.6(clone+0x6d) [0x7f4f4718d03d]
[INFO ] 20191108_150645 DEV_SendScanPara:106 -| End DEV_SendScanPara.
    5: ./exe() [0x40a0fc]
    4: ./exe() [0x40a5a7]
    3: ./exe() [0x405077]
    2: ./exe() [0x402c89]
    1: /lib/x86_64-linux-gnu/libpthread.so.0(+0x8184) [0x7f4f47b98184]
    0: /lib/x86_64-linux-gnu/libc.so.6(clone+0x6d) [0x7f4f4718d03d]
[INFO ] 20191108_150647 DEV_SendScanPara:68 -| Running In DEV_SendScanPara...
    5: ./exe() [0x40a0fc]
    4: ./exe() [0x40a5a7]
    3: ./exe() [0x404e7d]
    2: ./exe() [0x402c89]
    1: /lib/x86_64-linux-gnu/libpthread.so.0(+0x8184) [0x7f4f47b98184]
    0: /lib/x86_64-linux-gnu/libc.so.6(clone+0x6d) [0x7f4f4718d03d]
[INFO ] 20191108_150647 DEV_SendScanPara:106 -| End DEV_SendScanPara.
    5: ./exe() [0x40a0fc]
    4: ./exe() [0x40a5a7]
    3: ./exe() [0x405077]
    2: ./exe() [0x402c89]
    1: /lib/x86_64-linux-gnu/libpthread.so.0(+0x8184) [0x7f4f47b98184]
    0: /lib/x86_64-linux-gnu/libc.so.6(clone+0x6d) [0x7f4f4718d03d]
[INFO ] 20191108_150649 DEV_SendLocatePara:126 -| Running In DEV_SendLocatePara...
    5: ./exe() [0x40a0fc]
    4: ./exe() [0x40a5a7]
    3: ./exe() [0x4050f2]
    2: ./exe() [0x402d3c]
    1: /lib/x86_64-linux-gnu/libpthread.so.0(+0x8184) [0x7f4f47b98184]
    0: /lib/x86_64-linux-gnu/libc.so.6(clone+0x6d) [0x7f4f4718d03d]
[INFO ] 20191108_150649 DEV_SendLocatePara:158 -| End DEV_SendLocatePara.
    5: ./exe() [0x40a0fc]
    4: ./exe() [0x40a5a7]
    3: ./exe() [0x405298]
    2: ./exe() [0x402d3c]
    1: /lib/x86_64-linux-gnu/libpthread.so.0(+0x8184) [0x7f4f47b98184]
    0: /lib/x86_64-linux-gnu/libc.so.6(clone+0x6d) [0x7f4f4718d03d]
[INFO ] 20191108_150649 DEV_SendScanPara:68 -| Running In DEV_SendScanPara...
    5: ./exe() [0x40a0fc]
    4: ./exe() [0x40a5a7]
    3: ./exe() [0x404e7d]
    2: ./exe() [0x402c89]
    1: /lib/x86_64-linux-gnu/libpthread.so.0(+0x8184) [0x7f4f47b98184]
    0: /lib/x86_64-linux-gnu/libc.so.6(clone+0x6d) [0x7f4f4718d03d]
[INFO ] 20191108_150649 DEV_SendScanPara:106 -| End DEV_SendScanPara.
    5: ./exe() [0x40a0fc]
    4: ./exe() [0x40a5a7]
    3: ./exe() [0x405077]
    2: ./exe() [0x402c89]
    1: /lib/x86_64-linux-gnu/libpthread.so.0(+0x8184) [0x7f4f47b98184]
    0: /lib/x86_64-linux-gnu/libc.so.6(clone+0x6d) [0x7f4f4718d03d]
[INFO ] 20191108_150651 DEV_SendScanPara:68 -| Running In DEV_SendScanPara...
    5: ./exe() [0x40a0fc]
    4: ./exe() [0x40a5a7]
    3: ./exe() [0x404e7d]
    2: ./exe() [0x402c89]
    1: /lib/x86_64-linux-gnu/libpthread.so.0(+0x8184) [0x7f4f47b98184]
    0: /lib/x86_64-linux-gnu/libc.so.6(clone+0x6d) [0x7f4f4718d03d]
[INFO ] 20191108_150651 DEV_SendScanPara:106 -| End DEV_SendScanPara.
    5: ./exe() [0x40a0fc]
    4: ./exe() [0x40a5a7]
    3: ./exe() [0x405077]
    2: ./exe() [0x402c89]
    1: /lib/x86_64-linux-gnu/libpthread.so.0(+0x8184) [0x7f4f47b98184]
    0: /lib/x86_64-linux-gnu/libc.so.6(clone+0x6d) [0x7f4f4718d03d]
[INFO ] 20191108_150653 DEV_SendScanPara:68 -| Running In DEV_SendScanPara...
    5: ./exe() [0x40a0fc]
    4: ./exe() [0x40a5a7]
    3: ./exe() [0x404e7d]
    2: ./exe() [0x402c89]
    1: /lib/x86_64-linux-gnu/libpthread.so.0(+0x8184) [0x7f4f47b98184]
    0: /lib/x86_64-linux-gnu/libc.so.6(clone+0x6d) [0x7f4f4718d03d]
[INFO ] 20191108_150653 DEV_SendScanPara:106 -| End DEV_SendScanPara.
    5: ./exe() [0x40a0fc]
    4: ./exe() [0x40a5a7]
    3: ./exe() [0x405077]
    2: ./exe() [0x402c89]
    1: /lib/x86_64-linux-gnu/libpthread.so.0(+0x8184) [0x7f4f47b98184]
    0: /lib/x86_64-linux-gnu/libc.so.6(clone+0x6d) [0x7f4f4718d03d]
[INFO ] 20191108_150655 DEV_SendScanPara:68 -| Running In DEV_SendScanPara...
    5: ./exe() [0x40a0fc]
    4: ./exe() [0x40a5a7]
    3: ./exe() [0x404e7d]
    2: ./exe() [0x402c89]
    1: /lib/x86_64-linux-gnu/libpthread.so.0(+0x8184) [0x7f4f47b98184]
    0: /lib/x86_64-linux-gnu/libc.so.6(clone+0x6d) [0x7f4f4718d03d]
[INFO ] 20191108_150655 DEV_SendScanPara:106 -| End DEV_SendScanPara.
    5: ./exe() [0x40a0fc]
    4: ./exe() [0x40a5a7]
    3: ./exe() [0x405077]
    2: ./exe() [0x402c89]
    1: /lib/x86_64-linux-gnu/libpthread.so.0(+0x8184) [0x7f4f47b98184]
    0: /lib/x86_64-linux-gnu/libc.so.6(clone+0x6d) [0x7f4f4718d03d]
[INFO ] 20191108_150657 DEV_SendScanPara:68 -| Running In DEV_SendScanPara...
    5: ./exe() [0x40a0fc]
    4: ./exe() [0x40a5a7]
    3: ./exe() [0x404e7d]
    2: ./exe() [0x402c89]
    1: /lib/x86_64-linux-gnu/libpthread.so.0(+0x8184) [0x7f4f47b98184]
    0: /lib/x86_64-linux-gnu/libc.so.6(clone+0x6d) [0x7f4f4718d03d]
[INFO ] 20191108_150657 DEV_SendScanPara:106 -| End DEV_SendScanPara.
    5: ./exe() [0x40a0fc]
    4: ./exe() [0x40a5a7]
    3: ./exe() [0x405077]
    2: ./exe() [0x402c89]
    1: /lib/x86_64-linux-gnu/libpthread.so.0(+0x8184) [0x7f4f47b98184]
    0: /lib/x86_64-linux-gnu/libc.so.6(clone+0x6d) [0x7f4f4718d03d]
[INFO ] 20191108_150659 DEV_SendLocatePara:126 -| Running In DEV_SendLocatePara...
    5: ./exe() [0x40a0fc]
    4: ./exe() [0x40a5a7]
    3: ./exe() [0x4050f2]
    2: ./exe() [0x402d3c]
    1: /lib/x86_64-linux-gnu/libpthread.so.0(+0x8184) [0x7f4f47b98184]
    0: /lib/x86_64-linux-gnu/libc.so.6(clone+0x6d) [0x7f4f4718d03d]
[INFO ] 20191108_150659 DEV_SendLocatePara:158 -| End DEV_SendLocatePara.
    5: ./exe() [0x40a0fc]
    4: ./exe() [0x40a5a7]
    3: ./exe() [0x405298]
    2: ./exe() [0x402d3c]
    1: /lib/x86_64-linux-gnu/libpthread.so.0(+0x8184) [0x7f4f47b98184]
    0: /lib/x86_64-linux-gnu/libc.so.6(clone+0x6d) [0x7f4f4718d03d]
[INFO ] 20191108_150659 DEV_SendScanPara:68 -| Running In DEV_SendScanPara...
    5: ./exe() [0x40a0fc]
    4: ./exe() [0x40a5a7]
    3: ./exe() [0x404e7d]
    2: ./exe() [0x402c89]
    1: /lib/x86_64-linux-gnu/libpthread.so.0(+0x8184) [0x7f4f47b98184]
    0: /lib/x86_64-linux-gnu/libc.so.6(clone+0x6d) [0x7f4f4718d03d]
[INFO ] 20191108_150659 DEV_SendScanPara:106 -| End DEV_SendScanPara.
    5: ./exe() [0x40a0fc]
    4: ./exe() [0x40a5a7]
    3: ./exe() [0x405077]
    2: ./exe() [0x402c89]
    1: /lib/x86_64-linux-gnu/libpthread.so.0(+0x8184) [0x7f4f47b98184]
    0: /lib/x86_64-linux-gnu/libc.so.6(clone+0x6d) [0x7f4f4718d03d]
[INFO ] 20191108_150701 DEV_SendScanPara:68 -| Running In DEV_SendScanPara...
    5: ./exe() [0x40a0fc]
    4: ./exe() [0x40a5a7]
    3: ./exe() [0x404e7d]
    2: ./exe() [0x402c89]
    1: /lib/x86_64-linux-gnu/libpthread.so.0(+0x8184) [0x7f4f47b98184]
    0: /lib/x86_64-linux-gnu/libc.so.6(clone+0x6d) [0x7f4f4718d03d]
[INFO ] 20191108_150701 DEV_SendScanPara:106 -| End DEV_SendScanPara.
    5: ./exe() [0x40a0fc]
    4: ./exe() [0x40a5a7]
    3: ./exe() [0x405077]
    2: ./exe() [0x402c89]
    1: /lib/x86_64-linux-gnu/libpthread.so.0(+0x8184) [0x7f4f47b98184]
    0: /lib/x86_64-linux-gnu/libc.so.6(clone+0x6d) [0x7f4f4718d03d]
[INFO ] 20191108_150703 DEV_SendScanPara:68 -| Running In DEV_SendScanPara...
    5: ./exe() [0x40a0fc]
    4: ./exe() [0x40a5a7]
    3: ./exe() [0x404e7d]
    2: ./exe() [0x402c89]
    1: /lib/x86_64-linux-gnu/libpthread.so.0(+0x8184) [0x7f4f47b98184]
    0: /lib/x86_64-linux-gnu/libc.so.6(clone+0x6d) [0x7f4f4718d03d]
[INFO ] 20191108_150703 DEV_SendScanPara:106 -| End DEV_SendScanPara.
    5: ./exe() [0x40a0fc]
    4: ./exe() [0x40a5a7]
    3: ./exe() [0x405077]
    2: ./exe() [0x402c89]
    1: /lib/x86_64-linux-gnu/libpthread.so.0(+0x8184) [0x7f4f47b98184]
    0: /lib/x86_64-linux-gnu/libc.so.6(clone+0x6d) [0x7f4f4718d03d]
[INFO ] 20191108_150705 DEV_SendScanPara:68 -| Running In DEV_SendScanPara...
    5: ./exe() [0x40a0fc]
    4: ./exe() [0x40a5a7]
    3: ./exe() [0x404e7d]
    2: ./exe() [0x402c89]
    1: /lib/x86_64-linux-gnu/libpthread.so.0(+0x8184) [0x7f4f47b98184]
    0: /lib/x86_64-linux-gnu/libc.so.6(clone+0x6d) [0x7f4f4718d03d]
[INFO ] 20191108_150705 DEV_SendScanPara:106 -| End DEV_SendScanPara.
    5: ./exe() [0x40a0fc]
    4: ./exe() [0x40a5a7]
    3: ./exe() [0x405077]
    2: ./exe() [0x402c89]
    1: /lib/x86_64-linux-gnu/libpthread.so.0(+0x8184) [0x7f4f47b98184]
    0: /lib/x86_64-linux-gnu/libc.so.6(clone+0x6d) [0x7f4f4718d03d]
[INFO ] 20191108_150707 DEV_SendScanPara:68 -| Running In DEV_SendScanPara...
    5: ./exe() [0x40a0fc]
    4: ./exe() [0x40a5a7]
    3: ./exe() [0x404e7d]
    2: ./exe() [0x402c89]
    1: /lib/x86_64-linux-gnu/libpthread.so.0(+0x8184) [0x7f4f47b98184]
    0: /lib/x86_64-linux-gnu/libc.so.6(clone+0x6d) [0x7f4f4718d03d]
[INFO ] 20191108_150707 DEV_SendScanPara:106 -| End DEV_SendScanPara.
    5: ./exe() [0x40a0fc]
    4: ./exe() [0x40a5a7]
    3: ./exe() [0x405077]
    2: ./exe() [0x402c89]
    1: /lib/x86_64-linux-gnu/libpthread.so.0(+0x8184) [0x7f4f47b98184]
    0: /lib/x86_64-linux-gnu/libc.so.6(clone+0x6d) [0x7f4f4718d03d]
[INFO ] 20191108_150709 DEV_SendLocatePara:126 -| Running In DEV_SendLocatePara...
    5: ./exe() [0x40a0fc]
    4: ./exe() [0x40a5a7]
    3: ./exe() [0x4050f2]
    2: ./exe() [0x402d3c]
    1: /lib/x86_64-linux-gnu/libpthread.so.0(+0x8184) [0x7f4f47b98184]
    0: /lib/x86_64-linux-gnu/libc.so.6(clone+0x6d) [0x7f4f4718d03d]
[INFO ] 20191108_150709 DEV_SendLocatePara:158 -| End DEV_SendLocatePara.
    5: ./exe() [0x40a0fc]
    4: ./exe() [0x40a5a7]
    3: ./exe() [0x405298]
    2: ./exe() [0x402d3c]
    1: /lib/x86_64-linux-gnu/libpthread.so.0(+0x8184) [0x7f4f47b98184]
    0: /lib/x86_64-linux-gnu/libc.so.6(clone+0x6d) [0x7f4f4718d03d]
[INFO ] 20191108_150709 DEV_SendScanPara:68 -| Running In DEV_SendScanPara...
    5: ./exe() [0x40a0fc]
    4: ./exe() [0x40a5a7]
    3: ./exe() [0x404e7d]
    2: ./exe() [0x402c89]
    1: /lib/x86_64-linux-gnu/libpthread.so.0(+0x8184) [0x7f4f47b98184]
    0: /lib/x86_64-linux-gnu/libc.so.6(clone+0x6d) [0x7f4f4718d03d]
[INFO ] 20191108_150709 DEV_SendScanPara:106 -| End DEV_SendScanPara.
    5: ./exe() [0x40a0fc]
    4: ./exe() [0x40a5a7]
    3: ./exe() [0x405077]
    2: ./exe() [0x402c89]
    1: /lib/x86_64-linux-gnu/libpthread.so.0(+0x8184) [0x7f4f47b98184]
    0: /lib/x86_64-linux-gnu/libc.so.6(clone+0x6d) [0x7f4f4718d03d]
[INFO ] 20191108_150711 DEV_SendScanPara:68 -| Running In DEV_SendScanPara...
    5: ./exe() [0x40a0fc]
    4: ./exe() [0x40a5a7]
    3: ./exe() [0x404e7d]
    2: ./exe() [0x402c89]
    1: /lib/x86_64-linux-gnu/libpthread.so.0(+0x8184) [0x7f4f47b98184]
    0: /lib/x86_64-linux-gnu/libc.so.6(clone+0x6d) [0x7f4f4718d03d]
[INFO ] 20191108_150711 DEV_SendScanPara:106 -| End DEV_SendScanPara.
    5: ./exe() [0x40a0fc]
    4: ./exe() [0x40a5a7]
    3: ./exe() [0x405077]
    2: ./exe() [0x402c89]
    1: /lib/x86_64-linux-gnu/libpthread.so.0(+0x8184) [0x7f4f47b98184]
    0: /lib/x86_64-linux-gnu/libc.so.6(clone+0x6d) [0x7f4f4718d03d]
[INFO ] 20191108_150713 DEV_SendScanPara:68 -| Running In DEV_SendScanPara...
    5: ./exe() [0x40a0fc]
    4: ./exe() [0x40a5a7]
    3: ./exe() [0x404e7d]
    2: ./exe() [0x402c89]
    1: /lib/x86_64-linux-gnu/libpthread.so.0(+0x8184) [0x7f4f47b98184]
    0: /lib/x86_64-linux-gnu/libc.so.6(clone+0x6d) [0x7f4f4718d03d]
[INFO ] 20191108_150713 DEV_SendScanPara:106 -| End DEV_SendScanPara.
    5: ./exe() [0x40a0fc]
    4: ./exe() [0x40a5a7]
    3: ./exe() [0x405077]
    2: ./exe() [0x402c89]
    1: /lib/x86_64-linux-gnu/libpthread.so.0(+0x8184) [0x7f4f47b98184]
    0: /lib/x86_64-linux-gnu/libc.so.6(clone+0x6d) [0x7f4f4718d03d]
[INFO ] 20191108_150715 DEV_SendScanPara:68 -| Running In DEV_SendScanPara...
    5: ./exe() [0x40a0fc]
    4: ./exe() [0x40a5a7]
    3: ./exe() [0x404e7d]
    2: ./exe() [0x402c89]
    1: /lib/x86_64-linux-gnu/libpthread.so.0(+0x8184) [0x7f4f47b98184]
    0: /lib/x86_64-linux-gnu/libc.so.6(clone+0x6d) [0x7f4f4718d03d]
[INFO ] 20191108_150715 DEV_SendScanPara:106 -| End DEV_SendScanPara.
    5: ./exe() [0x40a0fc]
    4: ./exe() [0x40a5a7]
    3: ./exe() [0x405077]
    2: ./exe() [0x402c89]
    1: /lib/x86_64-linux-gnu/libpthread.so.0(+0x8184) [0x7f4f47b98184]
    0: /lib/x86_64-linux-gnu/libc.so.6(clone+0x6d) [0x7f4f4718d03d]
[INFO ] 20191108_150717 DEV_SendScanPara:68 -| Running In DEV_SendScanPara...
    5: ./exe() [0x40a0fc]
    4: ./exe() [0x40a5a7]
    3: ./exe() [0x404e7d]
    2: ./exe() [0x402c89]
    1: /lib/x86_64-linux-gnu/libpthread.so.0(+0x8184) [0x7f4f47b98184]
    0: /lib/x86_64-linux-gnu/libc.so.6(clone+0x6d) [0x7f4f4718d03d]
[INFO ] 20191108_150717 DEV_SendScanPara:106 -| End DEV_SendScanPara.
    5: ./exe() [0x40a0fc]
    4: ./exe() [0x40a5a7]
    3: ./exe() [0x405077]
    2: ./exe() [0x402c89]
    1: /lib/x86_64-linux-gnu/libpthread.so.0(+0x8184) [0x7f4f47b98184]
    0: /lib/x86_64-linux-gnu/libc.so.6(clone+0x6d) [0x7f4f4718d03d]
[INFO ] 20191108_150719 DEV_SendLocatePara:126 -| Running In DEV_SendLocatePara...
    5: ./exe() [0x40a0fc]
    4: ./exe() [0x40a5a7]
    3: ./exe() [0x4050f2]
    2: ./exe() [0x402d3c]
    1: /lib/x86_64-linux-gnu/libpthread.so.0(+0x8184) [0x7f4f47b98184]
    0: /lib/x86_64-linux-gnu/libc.so.6(clone+0x6d) [0x7f4f4718d03d]
[INFO ] 20191108_150719 DEV_SendLocatePara:158 -| End DEV_SendLocatePara.
    5: ./exe() [0x40a0fc]
    4: ./exe() [0x40a5a7]
    3: ./exe() [0x405298]
    2: ./exe() [0x402d3c]
    1: /lib/x86_64-linux-gnu/libpthread.so.0(+0x8184) [0x7f4f47b98184]
    0: /lib/x86_64-linux-gnu/libc.so.6(clone+0x6d) [0x7f4f4718d03d]
[INFO ] 20191108_150719 DEV_SendScanPara:68 -| Running In DEV_SendScanPara...
    5: ./exe() [0x40a0fc]
    4: ./exe() [0x40a5a7]
    3: ./exe() [0x404e7d]
    2: ./exe() [0x402c89]
    1: /lib/x86_64-linux-gnu/libpthread.so.0(+0x8184) [0x7f4f47b98184]
    0: /lib/x86_64-linux-gnu/libc.so.6(clone+0x6d) [0x7f4f4718d03d]
[INFO ] 20191108_150719 DEV_SendScanPara:106 -| End DEV_SendScanPara.
    5: ./exe() [0x40a0fc]
    4: ./exe() [0x40a5a7]
    3: ./exe() [0x405077]
    2: ./exe() [0x402c89]
    1: /lib/x86_64-linux-gnu/libpthread.so.0(+0x8184) [0x7f4f47b98184]
    0: /lib/x86_64-linux-gnu/libc.so.6(clone+0x6d) [0x7f4f4718d03d]
[INFO ] 20191108_150721 DEV_SendScanPara:68 -| Running In DEV_SendScanPara...
    5: ./exe() [0x40a0fc]
    4: ./exe() [0x40a5a7]
    3: ./exe() [0x404e7d]
    2: ./exe() [0x402c89]
    1: /lib/x86_64-linux-gnu/libpthread.so.0(+0x8184) [0x7f4f47b98184]
    0: /lib/x86_64-linux-gnu/libc.so.6(clone+0x6d) [0x7f4f4718d03d]
[INFO ] 20191108_150721 DEV_SendScanPara:106 -| End DEV_SendScanPara.
    5: ./exe() [0x40a0fc]
    4: ./exe() [0x40a5a7]
    3: ./exe() [0x405077]
    2: ./exe() [0x402c89]
    1: /lib/x86_64-linux-gnu/libpthread.so.0(+0x8184) [0x7f4f47b98184]
    0: /lib/x86_64-linux-gnu/libc.so.6(clone+0x6d) [0x7f4f4718d03d]
[INFO ] 20191108_150723 DEV_SendScanPara:68 -| Running In DEV_SendScanPara...
    5: ./exe() [0x40a0fc]
    4: ./exe() [0x40a5a7]
    3: ./exe() [0x404e7d]
    2: ./exe() [0x402c89]
    1: /lib/x86_64-linux-gnu/libpthread.so.0(+0x8184) [0x7f4f47b98184]
    0: /lib/x86_64-linux-gnu/libc.so.6(clone+0x6d) [0x7f4f4718d03d]
[INFO ] 20191108_150723 DEV_SendScanPara:106 -| End DEV_SendScanPara.
    5: ./exe() [0x40a0fc]
    4: ./exe() [0x40a5a7]
    3: ./exe() [0x405077]
    2: ./exe() [0x402c89]
    1: /lib/x86_64-linux-gnu/libpthread.so.0(+0x8184) [0x7f4f47b98184]
    0: /lib/x86_64-linux-gnu/libc.so.6(clone+0x6d) [0x7f4f4718d03d]
[INFO ] 20191108_150725 DEV_SendScanPara:68 -| Running In DEV_SendScanPara...
    5: ./exe() [0x40a0fc]
    4: ./exe() [0x40a5a7]
    3: ./exe() [0x404e7d]
    2: ./exe() [0x402c89]
    1: /lib/x86_64-linux-gnu/libpthread.so.0(+0x8184) [0x7f4f47b98184]
    0: /lib/x86_64-linux-gnu/libc.so.6(clone+0x6d) [0x7f4f4718d03d]
[INFO ] 20191108_150725 DEV_SendScanPara:106 -| End DEV_SendScanPara.
    5: ./exe() [0x40a0fc]
    4: ./exe() [0x40a5a7]
    3: ./exe() [0x405077]
    2: ./exe() [0x402c89]
    1: /lib/x86_64-linux-gnu/libpthread.so.0(+0x8184) [0x7f4f47b98184]
    0: /lib/x86_64-linux-gnu/libc.so.6(clone+0x6d) [0x7f4f4718d03d]
[INFO ] 20191108_150727 DEV_SendScanPara:68 -| Running In DEV_SendScanPara...
    5: ./exe() [0x40a0fc]
    4: ./exe() [0x40a5a7]
    3: ./exe() [0x404e7d]
    2: ./exe() [0x402c89]
    1: /lib/x86_64-linux-gnu/libpthread.so.0(+0x8184) [0x7f4f47b98184]
    0: /lib/x86_64-linux-gnu/libc.so.6(clone+0x6d) [0x7f4f4718d03d]
[INFO ] 20191108_150727 DEV_SendScanPara:106 -| End DEV_SendScanPara.
    5: ./exe() [0x40a0fc]
    4: ./exe() [0x40a5a7]
    3: ./exe() [0x405077]
    2: ./exe() [0x402c89]
    1: /lib/x86_64-linux-gnu/libpthread.so.0(+0x8184) [0x7f4f47b98184]
    0: /lib/x86_64-linux-gnu/libc.so.6(clone+0x6d) [0x7f4f4718d03d]
[INFO ] 20191108_150729 DEV_SendLocatePara:126 -| Running In DEV_SendLocatePara...
    5: ./exe() [0x40a0fc]
    4: ./exe() [0x40a5a7]
    3: ./exe() [0x4050f2]
    2: ./exe() [0x402d3c]
    1: /lib/x86_64-linux-gnu/libpthread.so.0(+0x8184) [0x7f4f47b98184]
    0: /lib/x86_64-linux-gnu/libc.so.6(clone+0x6d) [0x7f4f4718d03d]
[INFO ] 20191108_150729 DEV_SendLocatePara:158 -| End DEV_SendLocatePara.
    5: ./exe() [0x40a0fc]
    4: ./exe() [0x40a5a7]
    3: ./exe() [0x405298]
    2: ./exe() [0x402d3c]
    1: /lib/x86_64-linux-gnu/libpthread.so.0(+0x8184) [0x7f4f47b98184]
    0: /lib/x86_64-linux-gnu/libc.so.6(clone+0x6d) [0x7f4f4718d03d]
[INFO ] 20191108_150729 DEV_SendScanPara:68 -| Running In DEV_SendScanPara...
    5: ./exe() [0x40a0fc]
    4: ./exe() [0x40a5a7]
    3: ./exe() [0x404e7d]
    2: ./exe() [0x402c89]
    1: /lib/x86_64-linux-gnu/libpthread.so.0(+0x8184) [0x7f4f47b98184]
    0: /lib/x86_64-linux-gnu/libc.so.6(clone+0x6d) [0x7f4f4718d03d]
[INFO ] 20191108_150729 DEV_SendScanPara:106 -| End DEV_SendScanPara.
    5: ./exe() [0x40a0fc]
    4: ./exe() [0x40a5a7]
    3: ./exe() [0x405077]
    2: ./exe() [0x402c89]
    1: /lib/x86_64-linux-gnu/libpthread.so.0(+0x8184) [0x7f4f47b98184]
    0: /lib/x86_64-linux-gnu/libc.so.6(clone+0x6d) [0x7f4f4718d03d]
[INFO ] 20191108_150731 DEV_SendScanPara:68 -| Running In DEV_SendScanPara...
    5: ./exe() [0x40a0fc]
    4: ./exe() [0x40a5a7]
    3: ./exe() [0x404e7d]
    2: ./exe() [0x402c89]
    1: /lib/x86_64-linux-gnu/libpthread.so.0(+0x8184) [0x7f4f47b98184]
    0: /lib/x86_64-linux-gnu/libc.so.6(clone+0x6d) [0x7f4f4718d03d]
[INFO ] 20191108_150731 DEV_SendScanPara:106 -| End DEV_SendScanPara.
    5: ./exe() [0x40a0fc]
    4: ./exe() [0x40a5a7]
    3: ./exe() [0x405077]
    2: ./exe() [0x402c89]
    1: /lib/x86_64-linux-gnu/libpthread.so.0(+0x8184) [0x7f4f47b98184]
    0: /lib/x86_64-linux-gnu/libc.so.6(clone+0x6d) [0x7f4f4718d03d]
[INFO ] 20191108_150733 DEV_SendScanPara:68 -| Running In DEV_SendScanPara...
    5: ./exe() [0x40a0fc]
    4: ./exe() [0x40a5a7]
    3: ./exe() [0x404e7d]
    2: ./exe() [0x402c89]
    1: /lib/x86_64-linux-gnu/libpthread.so.0(+0x8184) [0x7f4f47b98184]
    0: /lib/x86_64-linux-gnu/libc.so.6(clone+0x6d) [0x7f4f4718d03d]
[INFO ] 20191108_150733 DEV_SendScanPara:106 -| End DEV_SendScanPara.
    5: ./exe() [0x40a0fc]
    4: ./exe() [0x40a5a7]
    3: ./exe() [0x405077]
    2: ./exe() [0x402c89]
    1: /lib/x86_64-linux-gnu/libpthread.so.0(+0x8184) [0x7f4f47b98184]
    0: /lib/x86_64-linux-gnu/libc.so.6(clone+0x6d) [0x7f4f4718d03d]
[INFO ] 20191108_150735 DEV_SendScanPara:68 -| Running In DEV_SendScanPara...
    5: ./exe() [0x40a0fc]
    4: ./exe() [0x40a5a7]
    3: ./exe() [0x404e7d]
    2: ./exe() [0x402c89]
    1: /lib/x86_64-linux-gnu/libpthread.so.0(+0x8184) [0x7f4f47b98184]
    0: /lib/x86_64-linux-gnu/libc.so.6(clone+0x6d) [0x7f4f4718d03d]
[INFO ] 20191108_150735 DEV_SendScanPara:106 -| End DEV_SendScanPara.
    5: ./exe() [0x40a0fc]
    4: ./exe() [0x40a5a7]
    3: ./exe() [0x405077]
    2: ./exe() [0x402c89]
    1: /lib/x86_64-linux-gnu/libpthread.so.0(+0x8184) [0x7f4f47b98184]
    0: /lib/x86_64-linux-gnu/libc.so.6(clone+0x6d) [0x7f4f4718d03d]
[INFO ] 20191108_150737 DEV_SendScanPara:68 -| Running In DEV_SendScanPara...
    5: ./exe() [0x40a0fc]
    4: ./exe() [0x40a5a7]
    3: ./exe() [0x404e7d]
    2: ./exe() [0x402c89]
    1: /lib/x86_64-linux-gnu/libpthread.so.0(+0x8184) [0x7f4f47b98184]
    0: /lib/x86_64-linux-gnu/libc.so.6(clone+0x6d) [0x7f4f4718d03d]
[INFO ] 20191108_150737 DEV_SendScanPara:106 -| End DEV_SendScanPara.
    5: ./exe() [0x40a0fc]
    4: ./exe() [0x40a5a7]
    3: ./exe() [0x405077]
    2: ./exe() [0x402c89]
    1: /lib/x86_64-linux-gnu/libpthread.so.0(+0x8184) [0x7f4f47b98184]
    0: /lib/x86_64-linux-gnu/libc.so.6(clone+0x6d) [0x7f4f4718d03d]
[INFO ] 20191108_150739 DEV_SendLocatePara:126 -| Running In DEV_SendLocatePara...
    5: ./exe() [0x40a0fc]
    4: ./exe() [0x40a5a7]
    3: ./exe() [0x4050f2]
    2: ./exe() [0x402d3c]
    1: /lib/x86_64-linux-gnu/libpthread.so.0(+0x8184) [0x7f4f47b98184]
    0: /lib/x86_64-linux-gnu/libc.so.6(clone+0x6d) [0x7f4f4718d03d]
[INFO ] 20191108_150739 DEV_SendLocatePara:158 -| End DEV_SendLocatePara.
    5: ./exe() [0x40a0fc]
    4: ./exe() [0x40a5a7]
    3: ./exe() [0x405298]
    2: ./exe() [0x402d3c]
    1: /lib/x86_64-linux-gnu/libpthread.so.0(+0x8184) [0x7f4f47b98184]
    0: /lib/x86_64-linux-gnu/libc.so.6(clone+0x6d) [0x7f4f4718d03d]
[INFO ] 20191108_150739 DEV_SendScanPara:68 -| Running In DEV_SendScanPara...
    5: ./exe() [0x40a0fc]
    4: ./exe() [0x40a5a7]
    3: ./exe() [0x404e7d]
    2: ./exe() [0x402c89]
    1: /lib/x86_64-linux-gnu/libpthread.so.0(+0x8184) [0x7f4f47b98184]
    0: /lib/x86_64-linux-gnu/libc.so.6(clone+0x6d) [0x7f4f4718d03d]
[INFO ] 20191108_150739 DEV_SendScanPara:106 -| End DEV_SendScanPara.
    5: ./exe() [0x40a0fc]
    4: ./exe() [0x40a5a7]
    3: ./exe() [0x405077]
    2: ./exe() [0x402c89]
    1: /lib/x86_64-linux-gnu/libpthread.so.0(+0x8184) [0x7f4f47b98184]
    0: /lib/x86_64-linux-gnu/libc.so.6(clone+0x6d) [0x7f4f4718d03d]
[INFO ] 20191108_150741 DEV_SendScanPara:68 -| Running In DEV_SendScanPara...
    5: ./exe() [0x40a0fc]
    4: ./exe() [0x40a5a7]
    3: ./exe() [0x404e7d]
    2: ./exe() [0x402c89]
    1: /lib/x86_64-linux-gnu/libpthread.so.0(+0x8184) [0x7f4f47b98184]
    0: /lib/x86_64-linux-gnu/libc.so.6(clone+0x6d) [0x7f4f4718d03d]
[INFO ] 20191108_150741 DEV_SendScanPara:106 -| End DEV_SendScanPara.
    5: ./exe() [0x40a0fc]
    4: ./exe() [0x40a5a7]
    3: ./exe() [0x405077]
    2: ./exe() [0x402c89]
    1: /lib/x86_64-linux-gnu/libpthread.so.0(+0x8184) [0x7f4f47b98184]
    0: /lib/x86_64-linux-gnu/libc.so.6(clone+0x6d) [0x7f4f4718d03d]
[INFO ] 20191108_150743 DEV_SendScanPara:68 -| Running In DEV_SendScanPara...
    5: ./exe() [0x40a0fc]
    4: ./exe() [0x40a5a7]
    3: ./exe() [0x404e7d]
    2: ./exe() [0x402c89]
    1: /lib/x86_64-linux-gnu/libpthread.so.0(+0x8184) [0x7f4f47b98184]
    0: /lib/x86_64-linux-gnu/libc.so.6(clone+0x6d) [0x7f4f4718d03d]
[INFO ] 20191108_150743 DEV_SendScanPara:106 -| End DEV_SendScanPara.
    5: ./exe() [0x40a0fc]
    4: ./exe() [0x40a5a7]
    3: ./exe() [0x405077]
    2: ./exe() [0x402c89]
    1: /lib/x86_64-linux-gnu/libpthread.so.0(+0x8184) [0x7f4f47b98184]
    0: /lib/x86_64-linux-gnu/libc.so.6(clone+0x6d) [0x7f4f4718d03d]
[INFO ] 20191108_150745 DEV_SendScanPara:68 -| Running In DEV_SendScanPara...
    5: ./exe() [0x40a0fc]
    4: ./exe() [0x40a5a7]
    3: ./exe() [0x404e7d]
    2: ./exe() [0x402c89]
    1: /lib/x86_64-linux-gnu/libpthread.so.0(+0x8184) [0x7f4f47b98184]
    0: /lib/x86_64-linux-gnu/libc.so.6(clone+0x6d) [0x7f4f4718d03d]
[INFO ] 20191108_150745 DEV_SendScanPara:106 -| End DEV_SendScanPara.
    5: ./exe() [0x40a0fc]
    4: ./exe() [0x40a5a7]
    3: ./exe() [0x405077]
    2: ./exe() [0x402c89]
    1: /lib/x86_64-linux-gnu/libpthread.so.0(+0x8184) [0x7f4f47b98184]
    0: /lib/x86_64-linux-gnu/libc.so.6(clone+0x6d) [0x7f4f4718d03d]
[INFO ] 20191108_150747 DEV_SendScanPara:68 -| Running In DEV_SendScanPara...
    5: ./exe() [0x40a0fc]
    4: ./exe() [0x40a5a7]
    3: ./exe() [0x404e7d]
    2: ./exe() [0x402c89]
    1: /lib/x86_64-linux-gnu/libpthread.so.0(+0x8184) [0x7f4f47b98184]
    0: /lib/x86_64-linux-gnu/libc.so.6(clone+0x6d) [0x7f4f4718d03d]
[INFO ] 20191108_150747 DEV_SendScanPara:106 -| End DEV_SendScanPara.
    5: ./exe() [0x40a0fc]
    4: ./exe() [0x40a5a7]
    3: ./exe() [0x405077]
    2: ./exe() [0x402c89]
    1: /lib/x86_64-linux-gnu/libpthread.so.0(+0x8184) [0x7f4f47b98184]
    0: /lib/x86_64-linux-gnu/libc.so.6(clone+0x6d) [0x7f4f4718d03d]
[INFO ] 20191108_150749 DEV_SendLocatePara:126 -| Running In DEV_SendLocatePara...
    5: ./exe() [0x40a0fc]
    4: ./exe() [0x40a5a7]
    3: ./exe() [0x4050f2]
    2: ./exe() [0x402d3c]
    1: /lib/x86_64-linux-gnu/libpthread.so.0(+0x8184) [0x7f4f47b98184]
    0: /lib/x86_64-linux-gnu/libc.so.6(clone+0x6d) [0x7f4f4718d03d]
[INFO ] 20191108_150749 DEV_SendLocatePara:158 -| End DEV_SendLocatePara.
    5: ./exe() [0x40a0fc]
    4: ./exe() [0x40a5a7]
    3: ./exe() [0x405298]
    2: ./exe() [0x402d3c]
    1: /lib/x86_64-linux-gnu/libpthread.so.0(+0x8184) [0x7f4f47b98184]
    0: /lib/x86_64-linux-gnu/libc.so.6(clone+0x6d) [0x7f4f4718d03d]
[INFO ] 20191108_150749 DEV_SendScanPara:68 -| Running In DEV_SendScanPara...
    5: ./exe() [0x40a0fc]
    4: ./exe() [0x40a5a7]
    3: ./exe() [0x404e7d]
    2: ./exe() [0x402c89]
    1: /lib/x86_64-linux-gnu/libpthread.so.0(+0x8184) [0x7f4f47b98184]
    0: /lib/x86_64-linux-gnu/libc.so.6(clone+0x6d) [0x7f4f4718d03d]
[INFO ] 20191108_150749 DEV_SendScanPara:106 -| End DEV_SendScanPara.
    5: ./exe() [0x40a0fc]
    4: ./exe() [0x40a5a7]
    3: ./exe() [0x405077]
    2: ./exe() [0x402c89]
    1: /lib/x86_64-linux-gnu/libpthread.so.0(+0x8184) [0x7f4f47b98184]
    0: /lib/x86_64-linux-gnu/libc.so.6(clone+0x6d) [0x7f4f4718d03d]
[INFO ] 20191108_150751 DEV_SendScanPara:68 -| Running In DEV_SendScanPara...
    5: ./exe() [0x40a0fc]
    4: ./exe() [0x40a5a7]
    3: ./exe() [0x404e7d]
    2: ./exe() [0x402c89]
    1: /lib/x86_64-linux-gnu/libpthread.so.0(+0x8184) [0x7f4f47b98184]
    0: /lib/x86_64-linux-gnu/libc.so.6(clone+0x6d) [0x7f4f4718d03d]
[INFO ] 20191108_150751 DEV_SendScanPara:106 -| End DEV_SendScanPara.
    5: ./exe() [0x40a0fc]
    4: ./exe() [0x40a5a7]
    3: ./exe() [0x405077]
    2: ./exe() [0x402c89]
    1: /lib/x86_64-linux-gnu/libpthread.so.0(+0x8184) [0x7f4f47b98184]
    0: /lib/x86_64-linux-gnu/libc.so.6(clone+0x6d) [0x7f4f4718d03d]
[INFO ] 20191108_150753 DEV_SendScanPara:68 -| Running In DEV_SendScanPara...
    5: ./exe() [0x40a0fc]
    4: ./exe() [0x40a5a7]
    3: ./exe() [0x404e7d]
    2: ./exe() [0x402c89]
    1: /lib/x86_64-linux-gnu/libpthread.so.0(+0x8184) [0x7f4f47b98184]
    0: /lib/x86_64-linux-gnu/libc.so.6(clone+0x6d) [0x7f4f4718d03d]
[INFO ] 20191108_150753 DEV_SendScanPara:106 -| End DEV_SendScanPara.
    5: ./exe() [0x40a0fc]
    4: ./exe() [0x40a5a7]
    3: ./exe() [0x405077]
    2: ./exe() [0x402c89]
    1: /lib/x86_64-linux-gnu/libpthread.so.0(+0x8184) [0x7f4f47b98184]
    0: /lib/x86_64-linux-gnu/libc.so.6(clone+0x6d) [0x7f4f4718d03d]
[INFO ] 20191108_150755 DEV_SendScanPara:68 -| Running In DEV_SendScanPara...
    5: ./exe() [0x40a0fc]
    4: ./exe() [0x40a5a7]
    3: ./exe() [0x404e7d]
    2: ./exe() [0x402c89]
    1: /lib/x86_64-linux-gnu/libpthread.so.0(+0x8184) [0x7f4f47b98184]
    0: /lib/x86_64-linux-gnu/libc.so.6(clone+0x6d) [0x7f4f4718d03d]
[INFO ] 20191108_150755 DEV_SendScanPara:106 -| End DEV_SendScanPara.
    5: ./exe() [0x40a0fc]
    4: ./exe() [0x40a5a7]
    3: ./exe() [0x405077]
    2: ./exe() [0x402c89]
    1: /lib/x86_64-linux-gnu/libpthread.so.0(+0x8184) [0x7f4f47b98184]
    0: /lib/x86_64-linux-gnu/libc.so.6(clone+0x6d) [0x7f4f4718d03d]
[INFO ] 20191108_150757 DEV_SendScanPara:68 -| Running In DEV_SendScanPara...
    5: ./exe() [0x40a0fc]
    4: ./exe() [0x40a5a7]
    3: ./exe() [0x404e7d]
    2: ./exe() [0x402c89]
    1: /lib/x86_64-linux-gnu/libpthread.so.0(+0x8184) [0x7f4f47b98184]
    0: /lib/x86_64-linux-gnu/libc.so.6(clone+0x6d) [0x7f4f4718d03d]
[INFO ] 20191108_150757 DEV_SendScanPara:106 -| End DEV_SendScanPara.
    5: ./exe() [0x40a0fc]
    4: ./exe() [0x40a5a7]
    3: ./exe() [0x405077]
    2: ./exe() [0x402c89]
    1: /lib/x86_64-linux-gnu/libpthread.so.0(+0x8184) [0x7f4f47b98184]
    0: /lib/x86_64-linux-gnu/libc.so.6(clone+0x6d) [0x7f4f4718d03d]
[INFO ] 20191108_150759 DEV_SendLocatePara:126 -| Running In DEV_SendLocatePara...
    5: ./exe() [0x40a0fc]
    4: ./exe() [0x40a5a7]
    3: ./exe() [0x4050f2]
    2: ./exe() [0x402d3c]
    1: /lib/x86_64-linux-gnu/libpthread.so.0(+0x8184) [0x7f4f47b98184]
    0: /lib/x86_64-linux-gnu/libc.so.6(clone+0x6d) [0x7f4f4718d03d]
[INFO ] 20191108_150759 DEV_SendLocatePara:158 -| End DEV_SendLocatePara.
    5: ./exe() [0x40a0fc]
    4: ./exe() [0x40a5a7]
    3: ./exe() [0x405298]
    2: ./exe() [0x402d3c]
    1: /lib/x86_64-linux-gnu/libpthread.so.0(+0x8184) [0x7f4f47b98184]
    0: /lib/x86_64-linux-gnu/libc.so.6(clone+0x6d) [0x7f4f4718d03d]
[INFO ] 20191108_150759 DEV_SendScanPara:68 -| Running In DEV_SendScanPara...
    5: ./exe() [0x40a0fc]
    4: ./exe() [0x40a5a7]
    3: ./exe() [0x404e7d]
    2: ./exe() [0x402c89]
    1: /lib/x86_64-linux-gnu/libpthread.so.0(+0x8184) [0x7f4f47b98184]
    0: /lib/x86_64-linux-gnu/libc.so.6(clone+0x6d) [0x7f4f4718d03d]
[INFO ] 20191108_150759 DEV_SendScanPara:106 -| End DEV_SendScanPara.
    5: ./exe() [0x40a0fc]
    4: ./exe() [0x40a5a7]
    3: ./exe() [0x405077]
    2: ./exe() [0x402c89]
    1: /lib/x86_64-linux-gnu/libpthread.so.0(+0x8184) [0x7f4f47b98184]
    0: /lib/x86_64-linux-gnu/libc.so.6(clone+0x6d) [0x7f4f4718d03d]
[INFO ] 20191108_150801 DEV_SendScanPara:68 -| Running In DEV_SendScanPara...
    5: ./exe() [0x40a0fc]
    4: ./exe() [0x40a5a7]
    3: ./exe() [0x404e7d]
    2: ./exe() [0x402c89]
    1: /lib/x86_64-linux-gnu/libpthread.so.0(+0x8184) [0x7f4f47b98184]
    0: /lib/x86_64-linux-gnu/libc.so.6(clone+0x6d) [0x7f4f4718d03d]
[INFO ] 20191108_150801 DEV_SendScanPara:106 -| End DEV_SendScanPara.
    5: ./exe() [0x40a0fc]
    4: ./exe() [0x40a5a7]
    3: ./exe() [0x405077]
    2: ./exe() [0x402c89]
    1: /lib/x86_64-linux-gnu/libpthread.so.0(+0x8184) [0x7f4f47b98184]
    0: /lib/x86_64-linux-gnu/libc.so.6(clone+0x6d) [0x7f4f4718d03d]
[INFO ] 20191108_150803 DEV_SendScanPara:68 -| Running In DEV_SendScanPara...
    5: ./exe() [0x40a0fc]
    4: ./exe() [0x40a5a7]
    3: ./exe() [0x404e7d]
    2: ./exe() [0x402c89]
    1: /lib/x86_64-linux-gnu/libpthread.so.0(+0x8184) [0x7f4f47b98184]
    0: /lib/x86_64-linux-gnu/libc.so.6(clone+0x6d) [0x7f4f4718d03d]
[INFO ] 20191108_150803 DEV_SendScanPara:106 -| End DEV_SendScanPara.
    5: ./exe() [0x40a0fc]
    4: ./exe() [0x40a5a7]
    3: ./exe() [0x405077]
    2: ./exe() [0x402c89]
    1: /lib/x86_64-linux-gnu/libpthread.so.0(+0x8184) [0x7f4f47b98184]
    0: /lib/x86_64-linux-gnu/libc.so.6(clone+0x6d) [0x7f4f4718d03d]
[INFO ] 20191108_150805 DEV_SendScanPara:68 -| Running In DEV_SendScanPara...
    5: ./exe() [0x40a0fc]
    4: ./exe() [0x40a5a7]
    3: ./exe() [0x404e7d]
    2: ./exe() [0x402c89]
    1: /lib/x86_64-linux-gnu/libpthread.so.0(+0x8184) [0x7f4f47b98184]
    0: /lib/x86_64-linux-gnu/libc.so.6(clone+0x6d) [0x7f4f4718d03d]
[INFO ] 20191108_150805 DEV_SendScanPara:106 -| End DEV_SendScanPara.
    5: ./exe() [0x40a0fc]
    4: ./exe() [0x40a5a7]
    3: ./exe() [0x405077]
    2: ./exe() [0x402c89]
    1: /lib/x86_64-linux-gnu/libpthread.so.0(+0x8184) [0x7f4f47b98184]
    0: /lib/x86_64-linux-gnu/libc.so.6(clone+0x6d) [0x7f4f4718d03d]
[INFO ] 20191108_150807 DEV_SendScanPara:68 -| Running In DEV_SendScanPara...
    5: ./exe() [0x40a0fc]
    4: ./exe() [0x40a5a7]
    3: ./exe() [0x404e7d]
    2: ./exe() [0x402c89]
    1: /lib/x86_64-linux-gnu/libpthread.so.0(+0x8184) [0x7f4f47b98184]
    0: /lib/x86_64-linux-gnu/libc.so.6(clone+0x6d) [0x7f4f4718d03d]
[INFO ] 20191108_150807 DEV_SendScanPara:106 -| End DEV_SendScanPara.
    5: ./exe() [0x40a0fc]
    4: ./exe() [0x40a5a7]
    3: ./exe() [0x405077]
    2: ./exe() [0x402c89]
    1: /lib/x86_64-linux-gnu/libpthread.so.0(+0x8184) [0x7f4f47b98184]
    0: /lib/x86_64-linux-gnu/libc.so.6(clone+0x6d) [0x7f4f4718d03d]
[INFO ] 20191108_150809 DEV_SendLocatePara:126 -| Running In DEV_SendLocatePara...
    5: ./exe() [0x40a0fc]
    4: ./exe() [0x40a5a7]
    3: ./exe() [0x4050f2]
    2: ./exe() [0x402d3c]
    1: /lib/x86_64-linux-gnu/libpthread.so.0(+0x8184) [0x7f4f47b98184]
    0: /lib/x86_64-linux-gnu/libc.so.6(clone+0x6d) [0x7f4f4718d03d]
[INFO ] 20191108_150809 DEV_SendLocatePara:158 -| End DEV_SendLocatePara.
    5: ./exe() [0x40a0fc]
    4: ./exe() [0x40a5a7]
    3: ./exe() [0x405298]
    2: ./exe() [0x402d3c]
    1: /lib/x86_64-linux-gnu/libpthread.so.0(+0x8184) [0x7f4f47b98184]
    0: /lib/x86_64-linux-gnu/libc.so.6(clone+0x6d) [0x7f4f4718d03d]
[INFO ] 20191108_150809 DEV_SendScanPara:68 -| Running In DEV_SendScanPara...
    5: ./exe() [0x40a0fc]
    4: ./exe() [0x40a5a7]
    3: ./exe() [0x404e7d]
    2: ./exe() [0x402c89]
    1: /lib/x86_64-linux-gnu/libpthread.so.0(+0x8184) [0x7f4f47b98184]
    0: /lib/x86_64-linux-gnu/libc.so.6(clone+0x6d) [0x7f4f4718d03d]
[INFO ] 20191108_150809 DEV_SendScanPara:106 -| End DEV_SendScanPara.
    5: ./exe() [0x40a0fc]
    4: ./exe() [0x40a5a7]
    3: ./exe() [0x405077]
    2: ./exe() [0x402c89]
    1: /lib/x86_64-linux-gnu/libpthread.so.0(+0x8184) [0x7f4f47b98184]
    0: /lib/x86_64-linux-gnu/libc.so.6(clone+0x6d) [0x7f4f4718d03d]
[INFO ] 20191108_150811 DEV_SendScanPara:68 -| Running In DEV_SendScanPara...
    5: ./exe() [0x40a0fc]
    4: ./exe() [0x40a5a7]
    3: ./exe() [0x404e7d]
    2: ./exe() [0x402c89]
    1: /lib/x86_64-linux-gnu/libpthread.so.0(+0x8184) [0x7f4f47b98184]
    0: /lib/x86_64-linux-gnu/libc.so.6(clone+0x6d) [0x7f4f4718d03d]
[INFO ] 20191108_150811 DEV_SendScanPara:106 -| End DEV_SendScanPara.
    5: ./exe() [0x40a0fc]
    4: ./exe() [0x40a5a7]
    3: ./exe() [0x405077]
    2: ./exe() [0x402c89]
    1: /lib/x86_64-linux-gnu/libpthread.so.0(+0x8184) [0x7f4f47b98184]
    0: /lib/x86_64-linux-gnu/libc.so.6(clone+0x6d) [0x7f4f4718d03d]
[INFO ] 20191108_150814 DEV_SendScanPara:68 -| Running In DEV_SendScanPara...
    5: ./exe() [0x40a0fc]
    4: ./exe() [0x40a5a7]
    3: ./exe() [0x404e7d]
    2: ./exe() [0x402c89]
    1: /lib/x86_64-linux-gnu/libpthread.so.0(+0x8184) [0x7f4f47b98184]
    0: /lib/x86_64-linux-gnu/libc.so.6(clone+0x6d) [0x7f4f4718d03d]
[INFO ] 20191108_150814 DEV_SendScanPara:106 -| End DEV_SendScanPara.
    5: ./exe() [0x40a0fc]
    4: ./exe() [0x40a5a7]
    3: ./exe() [0x405077]
    2: ./exe() [0x402c89]
    1: /lib/x86_64-linux-gnu/libpthread.so.0(+0x8184) [0x7f4f47b98184]
    0: /lib/x86_64-linux-gnu/libc.so.6(clone+0x6d) [0x7f4f4718d03d]
[INFO ] 20191108_150816 DEV_SendScanPara:68 -| Running In DEV_SendScanPara...
    5: ./exe() [0x40a0fc]
    4: ./exe() [0x40a5a7]
    3: ./exe() [0x404e7d]
    2: ./exe() [0x402c89]
    1: /lib/x86_64-linux-gnu/libpthread.so.0(+0x8184) [0x7f4f47b98184]
    0: /lib/x86_64-linux-gnu/libc.so.6(clone+0x6d) [0x7f4f4718d03d]
[INFO ] 20191108_150816 DEV_SendScanPara:106 -| End DEV_SendScanPara.
    5: ./exe() [0x40a0fc]
    4: ./exe() [0x40a5a7]
    3: ./exe() [0x405077]
    2: ./exe() [0x402c89]
    1: /lib/x86_64-linux-gnu/libpthread.so.0(+0x8184) [0x7f4f47b98184]
    0: /lib/x86_64-linux-gnu/libc.so.6(clone+0x6d) [0x7f4f4718d03d]
[INFO ] 20191108_150818 DEV_SendScanPara:68 -| Running In DEV_SendScanPara...
    5: ./exe() [0x40a0fc]
    4: ./exe() [0x40a5a7]
    3: ./exe() [0x404e7d]
    2: ./exe() [0x402c89]
    1: /lib/x86_64-linux-gnu/libpthread.so.0(+0x8184) [0x7f4f47b98184]
    0: /lib/x86_64-linux-gnu/libc.so.6(clone+0x6d) [0x7f4f4718d03d]
[INFO ] 20191108_150818 DEV_SendScanPara:106 -| End DEV_SendScanPara.
    5: ./exe() [0x40a0fc]
    4: ./exe() [0x40a5a7]
    3: ./exe() [0x405077]
    2: ./exe() [0x402c89]
    1: /lib/x86_64-linux-gnu/libpthread.so.0(+0x8184) [0x7f4f47b98184]
    0: /lib/x86_64-linux-gnu/libc.so.6(clone+0x6d) [0x7f4f4718d03d]
[INFO ] 20191108_150819 DEV_SendLocatePara:126 -| Running In DEV_SendLocatePara...
    5: ./exe() [0x40a0fc]
    4: ./exe() [0x40a5a7]
    3: ./exe() [0x4050f2]
    2: ./exe() [0x402d3c]
    1: /lib/x86_64-linux-gnu/libpthread.so.0(+0x8184) [0x7f4f47b98184]
    0: /lib/x86_64-linux-gnu/libc.so.6(clone+0x6d) [0x7f4f4718d03d]
[INFO ] 20191108_150819 DEV_SendLocatePara:158 -| End DEV_SendLocatePara.
    5: ./exe() [0x40a0fc]
    4: ./exe() [0x40a5a7]
    3: ./exe() [0x405298]
    2: ./exe() [0x402d3c]
    1: /lib/x86_64-linux-gnu/libpthread.so.0(+0x8184) [0x7f4f47b98184]
    0: /lib/x86_64-linux-gnu/libc.so.6(clone+0x6d) [0x7f4f4718d03d]
