[INFO ] 20191105_205128 main:408 -| Create th_RDWR thread success!
    4: ./exe() [0x409ce5]
    3: ./exe() [0x40a190]
    2: ./exe() [0x4030cb]
    1: /lib/x86_64-linux-gnu/libc.so.6(__libc_start_main+0xf5) [0x7fd88fbd7f45]
    0: ./exe() [0x402469]
[ERROR] 20191105_205134 DecodeRecvHead:187 -| Msg type ERROR! source:0, target:0
    5: ./exe() [0x409ce5]
    4: ./exe() [0x40a190]
    3: ./exe() [0x403a52]
    2: ./exe() [0x402818]
    1: /lib/x86_64-linux-gnu/libpthread.so.0(+0x8184) [0x7fd8906bf184]
    0: /lib/x86_64-linux-gnu/libc.so.6(clone+0x6d) [0x7fd88fcb403d]
[INFO ] 20191105_205134 th_RDWR:163 -| th_RDWR read data lens:0, data:

    4: ./exe() [0x409ce5]
    3: ./exe() [0x40a190]
    2: ./exe() [0x4028a9]
    1: /lib/x86_64-linux-gnu/libpthread.so.0(+0x8184) [0x7fd8906bf184]
    0: /lib/x86_64-linux-gnu/libc.so.6(clone+0x6d) [0x7fd88fcb403d]
[ERROR] 20191105_205134 DecodeRecvData:210 -| MakeSendData ILLEGAL ARGUMENT! input str lens:0 data:
    5: ./exe() [0x409ce5]
    4: ./exe() [0x40a190]
    3: ./exe() [0x403b40]
    2: ./exe() [0x4028c0]
    1: /lib/x86_64-linux-gnu/libpthread.so.0(+0x8184) [0x7fd8906bf184]
    0: /lib/x86_64-linux-gnu/libc.so.6(clone+0x6d) [0x7fd88fcb403d]
[ERROR] 20191105_205134 writeLenData:81 -| read ERROR In writeLenData!
    5: ./exe() [0x409ce5]
    4: ./exe() [0x40a190]
    3: ./exe() [0x403690]
    2: ./exe() [0x4028df]
    1: /lib/x86_64-linux-gnu/libpthread.so.0(+0x8184) [0x7fd8906bf184]
    0: /lib/x86_64-linux-gnu/libc.so.6(clone+0x6d) [0x7fd88fcb403d]
[ERROR] 20191105_205139 DecodeRecvHead:187 -| Msg type ERROR! source:0, target:0
    5: ./exe() [0x409ce5]
    4: ./exe() [0x40a190]
    3: ./exe() [0x403a52]
    2: ./exe() [0x402818]
    1: /lib/x86_64-linux-gnu/libpthread.so.0(+0x8184) [0x7fd8906bf184]
    0: /lib/x86_64-linux-gnu/libc.so.6(clone+0x6d) [0x7fd88fcb403d]
[INFO ] 20191105_205139 th_RDWR:163 -| th_RDWR read data lens:0, data:

    4: ./exe() [0x409ce5]
    3: ./exe() [0x40a190]
    2: ./exe() [0x4028a9]
    1: /lib/x86_64-linux-gnu/libpthread.so.0(+0x8184) [0x7fd8906bf184]
    0: /lib/x86_64-linux-gnu/libc.so.6(clone+0x6d) [0x7fd88fcb403d]
[ERROR] 20191105_205139 DecodeRecvData:210 -| MakeSendData ILLEGAL ARGUMENT! input str lens:0 data:
    5: ./exe() [0x409ce5]
    4: ./exe() [0x40a190]
    3: ./exe() [0x403b40]
    2: ./exe() [0x4028c0]
    1: /lib/x86_64-linux-gnu/libpthread.so.0(+0x8184) [0x7fd8906bf184]
    0: /lib/x86_64-linux-gnu/libc.so.6(clone+0x6d) [0x7fd88fcb403d]
[ERROR] 20191105_205139 writeLenData:81 -| read ERROR In writeLenData!
    5: ./exe() [0x409ce5]
    4: ./exe() [0x40a190]
    3: ./exe() [0x403690]
    2: ./exe() [0x4028df]
    1: /lib/x86_64-linux-gnu/libpthread.so.0(+0x8184) [0x7fd8906bf184]
    0: /lib/x86_64-linux-gnu/libc.so.6(clone+0x6d) [0x7fd88fcb403d]
[ERROR] 20191105_205144 DecodeRecvHead:187 -| Msg type ERROR! source:0, target:0
    5: ./exe() [0x409ce5]
    4: ./exe() [0x40a190]
    3: ./exe() [0x403a52]
    2: ./exe() [0x402818]
    1: /lib/x86_64-linux-gnu/libpthread.so.0(+0x8184) [0x7fd8906bf184]
    0: /lib/x86_64-linux-gnu/libc.so.6(clone+0x6d) [0x7fd88fcb403d]
[INFO ] 20191105_205144 th_RDWR:163 -| th_RDWR read data lens:0, data:

    4: ./exe() [0x409ce5]
    3: ./exe() [0x40a190]
    2: ./exe() [0x4028a9]
    1: /lib/x86_64-linux-gnu/libpthread.so.0(+0x8184) [0x7fd8906bf184]
    0: /lib/x86_64-linux-gnu/libc.so.6(clone+0x6d) [0x7fd88fcb403d]
[ERROR] 20191105_205144 DecodeRecvData:210 -| MakeSendData ILLEGAL ARGUMENT! input str lens:0 data:
    5: ./exe() [0x409ce5]
    4: ./exe() [0x40a190]
    3: ./exe() [0x403b40]
    2: ./exe() [0x4028c0]
    1: /lib/x86_64-linux-gnu/libpthread.so.0(+0x8184) [0x7fd8906bf184]
    0: /lib/x86_64-linux-gnu/libc.so.6(clone+0x6d) [0x7fd88fcb403d]
[ERROR] 20191105_205144 writeLenData:81 -| read ERROR In writeLenData!
    5: ./exe() [0x409ce5]
    4: ./exe() [0x40a190]
    3: ./exe() [0x403690]
    2: ./exe() [0x4028df]
    1: /lib/x86_64-linux-gnu/libpthread.so.0(+0x8184) [0x7fd8906bf184]
    0: /lib/x86_64-linux-gnu/libc.so.6(clone+0x6d) [0x7fd88fcb403d]
[ERROR] 20191105_205149 DecodeRecvHead:187 -| Msg type ERROR! source:0, target:0
    5: ./exe() [0x409ce5]
    4: ./exe() [0x40a190]
    3: ./exe() [0x403a52]
    2: ./exe() [0x402818]
    1: /lib/x86_64-linux-gnu/libpthread.so.0(+0x8184) [0x7fd8906bf184]
    0: /lib/x86_64-linux-gnu/libc.so.6(clone+0x6d) [0x7fd88fcb403d]
[INFO ] 20191105_205149 th_RDWR:163 -| th_RDWR read data lens:0, data:

    4: ./exe() [0x409ce5]
    3: ./exe() [0x40a190]
    2: ./exe() [0x4028a9]
    1: /lib/x86_64-linux-gnu/libpthread.so.0(+0x8184) [0x7fd8906bf184]
    0: /lib/x86_64-linux-gnu/libc.so.6(clone+0x6d) [0x7fd88fcb403d]
[ERROR] 20191105_205149 DecodeRecvData:210 -| MakeSendData ILLEGAL ARGUMENT! input str lens:0 data:
    5: ./exe() [0x409ce5]
    4: ./exe() [0x40a190]
    3: ./exe() [0x403b40]
    2: ./exe() [0x4028c0]
    1: /lib/x86_64-linux-gnu/libpthread.so.0(+0x8184) [0x7fd8906bf184]
    0: /lib/x86_64-linux-gnu/libc.so.6(clone+0x6d) [0x7fd88fcb403d]
[ERROR] 20191105_205149 writeLenData:81 -| read ERROR In writeLenData!
    5: ./exe() [0x409ce5]
    4: ./exe() [0x40a190]
    3: ./exe() [0x403690]
    2: ./exe() [0x4028df]
    1: /lib/x86_64-linux-gnu/libpthread.so.0(+0x8184) [0x7fd8906bf184]
    0: /lib/x86_64-linux-gnu/libc.so.6(clone+0x6d) [0x7fd88fcb403d]
[ERROR] 20191105_205154 DecodeRecvHead:187 -| Msg type ERROR! source:0, target:0
    5: ./exe() [0x409ce5]
    4: ./exe() [0x40a190]
    3: ./exe() [0x403a52]
    2: ./exe() [0x402818]
    1: /lib/x86_64-linux-gnu/libpthread.so.0(+0x8184) [0x7fd8906bf184]
    0: /lib/x86_64-linux-gnu/libc.so.6(clone+0x6d) [0x7fd88fcb403d]
[INFO ] 20191105_205154 th_RDWR:163 -| th_RDWR read data lens:0, data:

    4: ./exe() [0x409ce5]
    3: ./exe() [0x40a190]
    2: ./exe() [0x4028a9]
    1: /lib/x86_64-linux-gnu/libpthread.so.0(+0x8184) [0x7fd8906bf184]
    0: /lib/x86_64-linux-gnu/libc.so.6(clone+0x6d) [0x7fd88fcb403d]
[ERROR] 20191105_205154 DecodeRecvData:210 -| MakeSendData ILLEGAL ARGUMENT! input str lens:0 data:
    5: ./exe() [0x409ce5]
    4: ./exe() [0x40a190]
    3: ./exe() [0x403b40]
    2: ./exe() [0x4028c0]
    1: /lib/x86_64-linux-gnu/libpthread.so.0(+0x8184) [0x7fd8906bf184]
    0: /lib/x86_64-linux-gnu/libc.so.6(clone+0x6d) [0x7fd88fcb403d]
[ERROR] 20191105_205154 writeLenData:81 -| read ERROR In writeLenData!
    5: ./exe() [0x409ce5]
    4: ./exe() [0x40a190]
    3: ./exe() [0x403690]
    2: ./exe() [0x4028df]
    1: /lib/x86_64-linux-gnu/libpthread.so.0(+0x8184) [0x7fd8906bf184]
    0: /lib/x86_64-linux-gnu/libc.so.6(clone+0x6d) [0x7fd88fcb403d]
[ERROR] 20191105_205200 DecodeRecvHead:187 -| Msg type ERROR! source:0, target:0
    5: ./exe() [0x409ce5]
    4: ./exe() [0x40a190]
    3: ./exe() [0x403a52]
    2: ./exe() [0x402818]
    1: /lib/x86_64-linux-gnu/libpthread.so.0(+0x8184) [0x7fd8906bf184]
    0: /lib/x86_64-linux-gnu/libc.so.6(clone+0x6d) [0x7fd88fcb403d]
[INFO ] 20191105_205200 th_RDWR:163 -| th_RDWR read data lens:0, data:

    4: ./exe() [0x409ce5]
    3: ./exe() [0x40a190]
    2: ./exe() [0x4028a9]
    1: /lib/x86_64-linux-gnu/libpthread.so.0(+0x8184) [0x7fd8906bf184]
    0: /lib/x86_64-linux-gnu/libc.so.6(clone+0x6d) [0x7fd88fcb403d]
[ERROR] 20191105_205200 DecodeRecvData:210 -| MakeSendData ILLEGAL ARGUMENT! input str lens:0 data:
    5: ./exe() [0x409ce5]
    4: ./exe() [0x40a190]
    3: ./exe() [0x403b40]
    2: ./exe() [0x4028c0]
    1: /lib/x86_64-linux-gnu/libpthread.so.0(+0x8184) [0x7fd8906bf184]
    0: /lib/x86_64-linux-gnu/libc.so.6(clone+0x6d) [0x7fd88fcb403d]
[ERROR] 20191105_205200 writeLenData:81 -| read ERROR In writeLenData!
    5: ./exe() [0x409ce5]
    4: ./exe() [0x40a190]
    3: ./exe() [0x403690]
    2: ./exe() [0x4028df]
    1: /lib/x86_64-linux-gnu/libpthread.so.0(+0x8184) [0x7fd8906bf184]
    0: /lib/x86_64-linux-gnu/libc.so.6(clone+0x6d) [0x7fd88fcb403d]
[ERROR] 20191105_205205 DecodeRecvHead:187 -| Msg type ERROR! source:0, target:0
    5: ./exe() [0x409ce5]
    4: ./exe() [0x40a190]
    3: ./exe() [0x403a52]
    2: ./exe() [0x402818]
    1: /lib/x86_64-linux-gnu/libpthread.so.0(+0x8184) [0x7fd8906bf184]
    0: /lib/x86_64-linux-gnu/libc.so.6(clone+0x6d) [0x7fd88fcb403d]
[INFO ] 20191105_205205 th_RDWR:163 -| th_RDWR read data lens:0, data:

    4: ./exe() [0x409ce5]
    3: ./exe() [0x40a190]
    2: ./exe() [0x4028a9]
    1: /lib/x86_64-linux-gnu/libpthread.so.0(+0x8184) [0x7fd8906bf184]
    0: /lib/x86_64-linux-gnu/libc.so.6(clone+0x6d) [0x7fd88fcb403d]
[ERROR] 20191105_205205 DecodeRecvData:210 -| MakeSendData ILLEGAL ARGUMENT! input str lens:0 data:
    5: ./exe() [0x409ce5]
    4: ./exe() [0x40a190]
    3: ./exe() [0x403b40]
    2: ./exe() [0x4028c0]
    1: /lib/x86_64-linux-gnu/libpthread.so.0(+0x8184) [0x7fd8906bf184]
    0: /lib/x86_64-linux-gnu/libc.so.6(clone+0x6d) [0x7fd88fcb403d]
[ERROR] 20191105_205205 writeLenData:81 -| read ERROR In writeLenData!
    5: ./exe() [0x409ce5]
    4: ./exe() [0x40a190]
    3: ./exe() [0x403690]
    2: ./exe() [0x4028df]
    1: /lib/x86_64-linux-gnu/libpthread.so.0(+0x8184) [0x7fd8906bf184]
    0: /lib/x86_64-linux-gnu/libc.so.6(clone+0x6d) [0x7fd88fcb403d]
[ERROR] 20191105_205210 DecodeRecvHead:187 -| Msg type ERROR! source:0, target:0
    5: ./exe() [0x409ce5]
    4: ./exe() [0x40a190]
    3: ./exe() [0x403a52]
    2: ./exe() [0x402818]
    1: /lib/x86_64-linux-gnu/libpthread.so.0(+0x8184) [0x7fd8906bf184]
    0: /lib/x86_64-linux-gnu/libc.so.6(clone+0x6d) [0x7fd88fcb403d]
[INFO ] 20191105_205210 th_RDWR:163 -| th_RDWR read data lens:0, data:

    4: ./exe() [0x409ce5]
    3: ./exe() [0x40a190]
    2: ./exe() [0x4028a9]
    1: /lib/x86_64-linux-gnu/libpthread.so.0(+0x8184) [0x7fd8906bf184]
    0: /lib/x86_64-linux-gnu/libc.so.6(clone+0x6d) [0x7fd88fcb403d]
[ERROR] 20191105_205210 DecodeRecvData:210 -| MakeSendData ILLEGAL ARGUMENT! input str lens:0 data:
    5: ./exe() [0x409ce5]
    4: ./exe() [0x40a190]
    3: ./exe() [0x403b40]
    2: ./exe() [0x4028c0]
    1: /lib/x86_64-linux-gnu/libpthread.so.0(+0x8184) [0x7fd8906bf184]
    0: /lib/x86_64-linux-gnu/libc.so.6(clone+0x6d) [0x7fd88fcb403d]
[ERROR] 20191105_205210 writeLenData:81 -| read ERROR In writeLenData!
    5: ./exe() [0x409ce5]
    4: ./exe() [0x40a190]
    3: ./exe() [0x403690]
    2: ./exe() [0x4028df]
    1: /lib/x86_64-linux-gnu/libpthread.so.0(+0x8184) [0x7fd8906bf184]
    0: /lib/x86_64-linux-gnu/libc.so.6(clone+0x6d) [0x7fd88fcb403d]
[ERROR] 20191105_205215 DecodeRecvHead:187 -| Msg type ERROR! source:0, target:0
    5: ./exe() [0x409ce5]
    4: ./exe() [0x40a190]
    3: ./exe() [0x403a52]
    2: ./exe() [0x402818]
    1: /lib/x86_64-linux-gnu/libpthread.so.0(+0x8184) [0x7fd8906bf184]
    0: /lib/x86_64-linux-gnu/libc.so.6(clone+0x6d) [0x7fd88fcb403d]
[INFO ] 20191105_205215 th_RDWR:163 -| th_RDWR read data lens:0, data:

    4: ./exe() [0x409ce5]
    3: ./exe() [0x40a190]
    2: ./exe() [0x4028a9]
    1: /lib/x86_64-linux-gnu/libpthread.so.0(+0x8184) [0x7fd8906bf184]
    0: /lib/x86_64-linux-gnu/libc.so.6(clone+0x6d) [0x7fd88fcb403d]
[ERROR] 20191105_205215 DecodeRecvData:210 -| MakeSendData ILLEGAL ARGUMENT! input str lens:0 data:
    5: ./exe() [0x409ce5]
    4: ./exe() [0x40a190]
    3: ./exe() [0x403b40]
    2: ./exe() [0x4028c0]
    1: /lib/x86_64-linux-gnu/libpthread.so.0(+0x8184) [0x7fd8906bf184]
    0: /lib/x86_64-linux-gnu/libc.so.6(clone+0x6d) [0x7fd88fcb403d]
[ERROR] 20191105_205215 writeLenData:81 -| read ERROR In writeLenData!
    5: ./exe() [0x409ce5]
    4: ./exe() [0x40a190]
    3: ./exe() [0x403690]
    2: ./exe() [0x4028df]
    1: /lib/x86_64-linux-gnu/libpthread.so.0(+0x8184) [0x7fd8906bf184]
    0: /lib/x86_64-linux-gnu/libc.so.6(clone+0x6d) [0x7fd88fcb403d]
[ERROR] 20191105_205220 DecodeRecvHead:187 -| Msg type ERROR! source:0, target:0
    5: ./exe() [0x409ce5]
    4: ./exe() [0x40a190]
    3: ./exe() [0x403a52]
    2: ./exe() [0x402818]
    1: /lib/x86_64-linux-gnu/libpthread.so.0(+0x8184) [0x7fd8906bf184]
    0: /lib/x86_64-linux-gnu/libc.so.6(clone+0x6d) [0x7fd88fcb403d]
[INFO ] 20191105_205220 th_RDWR:163 -| th_RDWR read data lens:0, data:

    4: ./exe() [0x409ce5]
    3: ./exe() [0x40a190]
    2: ./exe() [0x4028a9]
    1: /lib/x86_64-linux-gnu/libpthread.so.0(+0x8184) [0x7fd8906bf184]
    0: /lib/x86_64-linux-gnu/libc.so.6(clone+0x6d) [0x7fd88fcb403d]
[ERROR] 20191105_205220 DecodeRecvData:210 -| MakeSendData ILLEGAL ARGUMENT! input str lens:0 data:
    5: ./exe() [0x409ce5]
    4: ./exe() [0x40a190]
    3: ./exe() [0x403b40]
    2: ./exe() [0x4028c0]
    1: /lib/x86_64-linux-gnu/libpthread.so.0(+0x8184) [0x7fd8906bf184]
    0: /lib/x86_64-linux-gnu/libc.so.6(clone+0x6d) [0x7fd88fcb403d]
[ERROR] 20191105_205220 writeLenData:81 -| read ERROR In writeLenData!
    5: ./exe() [0x409ce5]
    4: ./exe() [0x40a190]
    3: ./exe() [0x403690]
    2: ./exe() [0x4028df]
    1: /lib/x86_64-linux-gnu/libpthread.so.0(+0x8184) [0x7fd8906bf184]
    0: /lib/x86_64-linux-gnu/libc.so.6(clone+0x6d) [0x7fd88fcb403d]
[ERROR] 20191105_205226 DecodeRecvHead:187 -| Msg type ERROR! source:0, target:0
    5: ./exe() [0x409ce5]
    4: ./exe() [0x40a190]
    3: ./exe() [0x403a52]
    2: ./exe() [0x402818]
    1: /lib/x86_64-linux-gnu/libpthread.so.0(+0x8184) [0x7fd8906bf184]
    0: /lib/x86_64-linux-gnu/libc.so.6(clone+0x6d) [0x7fd88fcb403d]
[INFO ] 20191105_205226 th_RDWR:163 -| th_RDWR read data lens:0, data:

    4: ./exe() [0x409ce5]
    3: ./exe() [0x40a190]
    2: ./exe() [0x4028a9]
    1: /lib/x86_64-linux-gnu/libpthread.so.0(+0x8184) [0x7fd8906bf184]
    0: /lib/x86_64-linux-gnu/libc.so.6(clone+0x6d) [0x7fd88fcb403d]
[ERROR] 20191105_205226 DecodeRecvData:210 -| MakeSendData ILLEGAL ARGUMENT! input str lens:0 data:
    5: ./exe() [0x409ce5]
    4: ./exe() [0x40a190]
    3: ./exe() [0x403b40]
    2: ./exe() [0x4028c0]
    1: /lib/x86_64-linux-gnu/libpthread.so.0(+0x8184) [0x7fd8906bf184]
    0: /lib/x86_64-linux-gnu/libc.so.6(clone+0x6d) [0x7fd88fcb403d]
[ERROR] 20191105_205226 writeLenData:81 -| read ERROR In writeLenData!
    5: ./exe() [0x409ce5]
    4: ./exe() [0x40a190]
    3: ./exe() [0x403690]
    2: ./exe() [0x4028df]
    1: /lib/x86_64-linux-gnu/libpthread.so.0(+0x8184) [0x7fd8906bf184]
    0: /lib/x86_64-linux-gnu/libc.so.6(clone+0x6d) [0x7fd88fcb403d]
[ERROR] 20191105_205231 DecodeRecvHead:187 -| Msg type ERROR! source:0, target:0
    5: ./exe() [0x409ce5]
    4: ./exe() [0x40a190]
    3: ./exe() [0x403a52]
    2: ./exe() [0x402818]
    1: /lib/x86_64-linux-gnu/libpthread.so.0(+0x8184) [0x7fd8906bf184]
    0: /lib/x86_64-linux-gnu/libc.so.6(clone+0x6d) [0x7fd88fcb403d]
[INFO ] 20191105_205231 th_RDWR:163 -| th_RDWR read data lens:0, data:

    4: ./exe() [0x409ce5]
    3: ./exe() [0x40a190]
    2: ./exe() [0x4028a9]
    1: /lib/x86_64-linux-gnu/libpthread.so.0(+0x8184) [0x7fd8906bf184]
    0: /lib/x86_64-linux-gnu/libc.so.6(clone+0x6d) [0x7fd88fcb403d]
[ERROR] 20191105_205231 DecodeRecvData:210 -| MakeSendData ILLEGAL ARGUMENT! input str lens:0 data:
    5: ./exe() [0x409ce5]
    4: ./exe() [0x40a190]
    3: ./exe() [0x403b40]
    2: ./exe() [0x4028c0]
    1: /lib/x86_64-linux-gnu/libpthread.so.0(+0x8184) [0x7fd8906bf184]
    0: /lib/x86_64-linux-gnu/libc.so.6(clone+0x6d) [0x7fd88fcb403d]
[ERROR] 20191105_205231 writeLenData:81 -| read ERROR In writeLenData!
    5: ./exe() [0x409ce5]
    4: ./exe() [0x40a190]
    3: ./exe() [0x403690]
    2: ./exe() [0x4028df]
    1: /lib/x86_64-linux-gnu/libpthread.so.0(+0x8184) [0x7fd8906bf184]
    0: /lib/x86_64-linux-gnu/libc.so.6(clone+0x6d) [0x7fd88fcb403d]
[ERROR] 20191105_205236 DecodeRecvHead:187 -| Msg type ERROR! source:0, target:0
    5: ./exe() [0x409ce5]
    4: ./exe() [0x40a190]
    3: ./exe() [0x403a52]
    2: ./exe() [0x402818]
    1: /lib/x86_64-linux-gnu/libpthread.so.0(+0x8184) [0x7fd8906bf184]
    0: /lib/x86_64-linux-gnu/libc.so.6(clone+0x6d) [0x7fd88fcb403d]
[INFO ] 20191105_205236 th_RDWR:163 -| th_RDWR read data lens:0, data:

    4: ./exe() [0x409ce5]
    3: ./exe() [0x40a190]
    2: ./exe() [0x4028a9]
    1: /lib/x86_64-linux-gnu/libpthread.so.0(+0x8184) [0x7fd8906bf184]
    0: /lib/x86_64-linux-gnu/libc.so.6(clone+0x6d) [0x7fd88fcb403d]
[ERROR] 20191105_205236 DecodeRecvData:210 -| MakeSendData ILLEGAL ARGUMENT! input str lens:0 data:
    5: ./exe() [0x409ce5]
    4: ./exe() [0x40a190]
    3: ./exe() [0x403b40]
    2: ./exe() [0x4028c0]
    1: /lib/x86_64-linux-gnu/libpthread.so.0(+0x8184) [0x7fd8906bf184]
    0: /lib/x86_64-linux-gnu/libc.so.6(clone+0x6d) [0x7fd88fcb403d]
[ERROR] 20191105_205236 writeLenData:81 -| read ERROR In writeLenData!
    5: ./exe() [0x409ce5]
    4: ./exe() [0x40a190]
    3: ./exe() [0x403690]
    2: ./exe() [0x4028df]
    1: /lib/x86_64-linux-gnu/libpthread.so.0(+0x8184) [0x7fd8906bf184]
    0: /lib/x86_64-linux-gnu/libc.so.6(clone+0x6d) [0x7fd88fcb403d]
[ERROR] 20191105_205241 DecodeRecvHead:187 -| Msg type ERROR! source:0, target:0
    5: ./exe() [0x409ce5]
    4: ./exe() [0x40a190]
    3: ./exe() [0x403a52]
    2: ./exe() [0x402818]
    1: /lib/x86_64-linux-gnu/libpthread.so.0(+0x8184) [0x7fd8906bf184]
    0: /lib/x86_64-linux-gnu/libc.so.6(clone+0x6d) [0x7fd88fcb403d]
[INFO ] 20191105_205241 th_RDWR:163 -| th_RDWR read data lens:0, data:

    4: ./exe() [0x409ce5]
    3: ./exe() [0x40a190]
    2: ./exe() [0x4028a9]
    1: /lib/x86_64-linux-gnu/libpthread.so.0(+0x8184) [0x7fd8906bf184]
    0: /lib/x86_64-linux-gnu/libc.so.6(clone+0x6d) [0x7fd88fcb403d]
[ERROR] 20191105_205241 DecodeRecvData:210 -| MakeSendData ILLEGAL ARGUMENT! input str lens:0 data:
    5: ./exe() [0x409ce5]
    4: ./exe() [0x40a190]
    3: ./exe() [0x403b40]
    2: ./exe() [0x4028c0]
    1: /lib/x86_64-linux-gnu/libpthread.so.0(+0x8184) [0x7fd8906bf184]
    0: /lib/x86_64-linux-gnu/libc.so.6(clone+0x6d) [0x7fd88fcb403d]
[ERROR] 20191105_205241 writeLenData:81 -| read ERROR In writeLenData!
    5: ./exe() [0x409ce5]
    4: ./exe() [0x40a190]
    3: ./exe() [0x403690]
    2: ./exe() [0x4028df]
    1: /lib/x86_64-linux-gnu/libpthread.so.0(+0x8184) [0x7fd8906bf184]
    0: /lib/x86_64-linux-gnu/libc.so.6(clone+0x6d) [0x7fd88fcb403d]
[ERROR] 20191105_205246 DecodeRecvHead:187 -| Msg type ERROR! source:0, target:0
    5: ./exe() [0x409ce5]
    4: ./exe() [0x40a190]
    3: ./exe() [0x403a52]
    2: ./exe() [0x402818]
    1: /lib/x86_64-linux-gnu/libpthread.so.0(+0x8184) [0x7fd8906bf184]
    0: /lib/x86_64-linux-gnu/libc.so.6(clone+0x6d) [0x7fd88fcb403d]
[INFO ] 20191105_205246 th_RDWR:163 -| th_RDWR read data lens:0, data:

    4: ./exe() [0x409ce5]
    3: ./exe() [0x40a190]
    2: ./exe() [0x4028a9]
    1: /lib/x86_64-linux-gnu/libpthread.so.0(+0x8184) [0x7fd8906bf184]
    0: /lib/x86_64-linux-gnu/libc.so.6(clone+0x6d) [0x7fd88fcb403d]
[ERROR] 20191105_205246 DecodeRecvData:210 -| MakeSendData ILLEGAL ARGUMENT! input str lens:0 data:
    5: ./exe() [0x409ce5]
    4: ./exe() [0x40a190]
    3: ./exe() [0x403b40]
    2: ./exe() [0x4028c0]
    1: /lib/x86_64-linux-gnu/libpthread.so.0(+0x8184) [0x7fd8906bf184]
    0: /lib/x86_64-linux-gnu/libc.so.6(clone+0x6d) [0x7fd88fcb403d]
[ERROR] 20191105_205246 writeLenData:81 -| read ERROR In writeLenData!
    5: ./exe() [0x409ce5]
    4: ./exe() [0x40a190]
    3: ./exe() [0x403690]
    2: ./exe() [0x4028df]
    1: /lib/x86_64-linux-gnu/libpthread.so.0(+0x8184) [0x7fd8906bf184]
    0: /lib/x86_64-linux-gnu/libc.so.6(clone+0x6d) [0x7fd88fcb403d]
[ERROR] 20191105_205252 DecodeRecvHead:187 -| Msg type ERROR! source:0, target:0
    5: ./exe() [0x409ce5]
    4: ./exe() [0x40a190]
    3: ./exe() [0x403a52]
    2: ./exe() [0x402818]
    1: /lib/x86_64-linux-gnu/libpthread.so.0(+0x8184) [0x7fd8906bf184]
    0: /lib/x86_64-linux-gnu/libc.so.6(clone+0x6d) [0x7fd88fcb403d]
[INFO ] 20191105_205252 th_RDWR:163 -| th_RDWR read data lens:0, data:

    4: ./exe() [0x409ce5]
    3: ./exe() [0x40a190]
    2: ./exe() [0x4028a9]
    1: /lib/x86_64-linux-gnu/libpthread.so.0(+0x8184) [0x7fd8906bf184]
    0: /lib/x86_64-linux-gnu/libc.so.6(clone+0x6d) [0x7fd88fcb403d]
[ERROR] 20191105_205252 DecodeRecvData:210 -| MakeSendData ILLEGAL ARGUMENT! input str lens:0 data:
    5: ./exe() [0x409ce5]
    4: ./exe() [0x40a190]
    3: ./exe() [0x403b40]
    2: ./exe() [0x4028c0]
    1: /lib/x86_64-linux-gnu/libpthread.so.0(+0x8184) [0x7fd8906bf184]
    0: /lib/x86_64-linux-gnu/libc.so.6(clone+0x6d) [0x7fd88fcb403d]
[ERROR] 20191105_205252 writeLenData:81 -| read ERROR In writeLenData!
    5: ./exe() [0x409ce5]
    4: ./exe() [0x40a190]
    3: ./exe() [0x403690]
    2: ./exe() [0x4028df]
    1: /lib/x86_64-linux-gnu/libpthread.so.0(+0x8184) [0x7fd8906bf184]
    0: /lib/x86_64-linux-gnu/libc.so.6(clone+0x6d) [0x7fd88fcb403d]
[ERROR] 20191105_205257 DecodeRecvHead:187 -| Msg type ERROR! source:0, target:0
    5: ./exe() [0x409ce5]
    4: ./exe() [0x40a190]
    3: ./exe() [0x403a52]
    2: ./exe() [0x402818]
    1: /lib/x86_64-linux-gnu/libpthread.so.0(+0x8184) [0x7fd8906bf184]
    0: /lib/x86_64-linux-gnu/libc.so.6(clone+0x6d) [0x7fd88fcb403d]
[INFO ] 20191105_205257 th_RDWR:163 -| th_RDWR read data lens:0, data:

    4: ./exe() [0x409ce5]
    3: ./exe() [0x40a190]
    2: ./exe() [0x4028a9]
    1: /lib/x86_64-linux-gnu/libpthread.so.0(+0x8184) [0x7fd8906bf184]
    0: /lib/x86_64-linux-gnu/libc.so.6(clone+0x6d) [0x7fd88fcb403d]
[ERROR] 20191105_205257 DecodeRecvData:210 -| MakeSendData ILLEGAL ARGUMENT! input str lens:0 data:
    5: ./exe() [0x409ce5]
    4: ./exe() [0x40a190]
    3: ./exe() [0x403b40]
    2: ./exe() [0x4028c0]
    1: /lib/x86_64-linux-gnu/libpthread.so.0(+0x8184) [0x7fd8906bf184]
    0: /lib/x86_64-linux-gnu/libc.so.6(clone+0x6d) [0x7fd88fcb403d]
[ERROR] 20191105_205257 writeLenData:81 -| read ERROR In writeLenData!
    5: ./exe() [0x409ce5]
    4: ./exe() [0x40a190]
    3: ./exe() [0x403690]
    2: ./exe() [0x4028df]
    1: /lib/x86_64-linux-gnu/libpthread.so.0(+0x8184) [0x7fd8906bf184]
    0: /lib/x86_64-linux-gnu/libc.so.6(clone+0x6d) [0x7fd88fcb403d]
[ERROR] 20191105_205302 DecodeRecvHead:187 -| Msg type ERROR! source:0, target:0
    5: ./exe() [0x409ce5]
    4: ./exe() [0x40a190]
    3: ./exe() [0x403a52]
    2: ./exe() [0x402818]
    1: /lib/x86_64-linux-gnu/libpthread.so.0(+0x8184) [0x7fd8906bf184]
    0: /lib/x86_64-linux-gnu/libc.so.6(clone+0x6d) [0x7fd88fcb403d]
[INFO ] 20191105_205302 th_RDWR:163 -| th_RDWR read data lens:0, data:

    4: ./exe() [0x409ce5]
    3: ./exe() [0x40a190]
    2: ./exe() [0x4028a9]
    1: /lib/x86_64-linux-gnu/libpthread.so.0(+0x8184) [0x7fd8906bf184]
    0: /lib/x86_64-linux-gnu/libc.so.6(clone+0x6d) [0x7fd88fcb403d]
[ERROR] 20191105_205302 DecodeRecvData:210 -| MakeSendData ILLEGAL ARGUMENT! input str lens:0 data:
    5: ./exe() [0x409ce5]
    4: ./exe() [0x40a190]
    3: ./exe() [0x403b40]
    2: ./exe() [0x4028c0]
    1: /lib/x86_64-linux-gnu/libpthread.so.0(+0x8184) [0x7fd8906bf184]
    0: /lib/x86_64-linux-gnu/libc.so.6(clone+0x6d) [0x7fd88fcb403d]
[ERROR] 20191105_205302 writeLenData:81 -| read ERROR In writeLenData!
    5: ./exe() [0x409ce5]
    4: ./exe() [0x40a190]
    3: ./exe() [0x403690]
    2: ./exe() [0x4028df]
    1: /lib/x86_64-linux-gnu/libpthread.so.0(+0x8184) [0x7fd8906bf184]
    0: /lib/x86_64-linux-gnu/libc.so.6(clone+0x6d) [0x7fd88fcb403d]
[ERROR] 20191105_205308 DecodeRecvHead:187 -| Msg type ERROR! source:0, target:0
    5: ./exe() [0x409ce5]
    4: ./exe() [0x40a190]
    3: ./exe() [0x403a52]
    2: ./exe() [0x402818]
    1: /lib/x86_64-linux-gnu/libpthread.so.0(+0x8184) [0x7fd8906bf184]
    0: /lib/x86_64-linux-gnu/libc.so.6(clone+0x6d) [0x7fd88fcb403d]
[INFO ] 20191105_205308 th_RDWR:163 -| th_RDWR read data lens:0, data:

    4: ./exe() [0x409ce5]
    3: ./exe() [0x40a190]
    2: ./exe() [0x4028a9]
    1: /lib/x86_64-linux-gnu/libpthread.so.0(+0x8184) [0x7fd8906bf184]
    0: /lib/x86_64-linux-gnu/libc.so.6(clone+0x6d) [0x7fd88fcb403d]
[ERROR] 20191105_205308 DecodeRecvData:210 -| MakeSendData ILLEGAL ARGUMENT! input str lens:0 data:
    5: ./exe() [0x409ce5]
    4: ./exe() [0x40a190]
    3: ./exe() [0x403b40]
    2: ./exe() [0x4028c0]
    1: /lib/x86_64-linux-gnu/libpthread.so.0(+0x8184) [0x7fd8906bf184]
    0: /lib/x86_64-linux-gnu/libc.so.6(clone+0x6d) [0x7fd88fcb403d]
[ERROR] 20191105_205308 writeLenData:81 -| read ERROR In writeLenData!
    5: ./exe() [0x409ce5]
    4: ./exe() [0x40a190]
    3: ./exe() [0x403690]
    2: ./exe() [0x4028df]
    1: /lib/x86_64-linux-gnu/libpthread.so.0(+0x8184) [0x7fd8906bf184]
    0: /lib/x86_64-linux-gnu/libc.so.6(clone+0x6d) [0x7fd88fcb403d]
[ERROR] 20191105_205313 DecodeRecvHead:187 -| Msg type ERROR! source:0, target:0
    5: ./exe() [0x409ce5]
    4: ./exe() [0x40a190]
    3: ./exe() [0x403a52]
    2: ./exe() [0x402818]
    1: /lib/x86_64-linux-gnu/libpthread.so.0(+0x8184) [0x7fd8906bf184]
    0: /lib/x86_64-linux-gnu/libc.so.6(clone+0x6d) [0x7fd88fcb403d]
[INFO ] 20191105_205313 th_RDWR:163 -| th_RDWR read data lens:0, data:

    4: ./exe() [0x409ce5]
    3: ./exe() [0x40a190]
    2: ./exe() [0x4028a9]
    1: /lib/x86_64-linux-gnu/libpthread.so.0(+0x8184) [0x7fd8906bf184]
    0: /lib/x86_64-linux-gnu/libc.so.6(clone+0x6d) [0x7fd88fcb403d]
[ERROR] 20191105_205313 DecodeRecvData:210 -| MakeSendData ILLEGAL ARGUMENT! input str lens:0 data:
    5: ./exe() [0x409ce5]
    4: ./exe() [0x40a190]
    3: ./exe() [0x403b40]
    2: ./exe() [0x4028c0]
    1: /lib/x86_64-linux-gnu/libpthread.so.0(+0x8184) [0x7fd8906bf184]
    0: /lib/x86_64-linux-gnu/libc.so.6(clone+0x6d) [0x7fd88fcb403d]
[ERROR] 20191105_205313 writeLenData:81 -| read ERROR In writeLenData!
    5: ./exe() [0x409ce5]
    4: ./exe() [0x40a190]
    3: ./exe() [0x403690]
    2: ./exe() [0x4028df]
    1: /lib/x86_64-linux-gnu/libpthread.so.0(+0x8184) [0x7fd8906bf184]
    0: /lib/x86_64-linux-gnu/libc.so.6(clone+0x6d) [0x7fd88fcb403d]
[ERROR] 20191105_205318 DecodeRecvHead:187 -| Msg type ERROR! source:0, target:0
    5: ./exe() [0x409ce5]
    4: ./exe() [0x40a190]
    3: ./exe() [0x403a52]
    2: ./exe() [0x402818]
    1: /lib/x86_64-linux-gnu/libpthread.so.0(+0x8184) [0x7fd8906bf184]
    0: /lib/x86_64-linux-gnu/libc.so.6(clone+0x6d) [0x7fd88fcb403d]
[INFO ] 20191105_205318 th_RDWR:163 -| th_RDWR read data lens:0, data:

    4: ./exe() [0x409ce5]
    3: ./exe() [0x40a190]
    2: ./exe() [0x4028a9]
    1: /lib/x86_64-linux-gnu/libpthread.so.0(+0x8184) [0x7fd8906bf184]
    0: /lib/x86_64-linux-gnu/libc.so.6(clone+0x6d) [0x7fd88fcb403d]
[ERROR] 20191105_205318 DecodeRecvData:210 -| MakeSendData ILLEGAL ARGUMENT! input str lens:0 data:
    5: ./exe() [0x409ce5]
    4: ./exe() [0x40a190]
    3: ./exe() [0x403b40]
    2: ./exe() [0x4028c0]
    1: /lib/x86_64-linux-gnu/libpthread.so.0(+0x8184) [0x7fd8906bf184]
    0: /lib/x86_64-linux-gnu/libc.so.6(clone+0x6d) [0x7fd88fcb403d]
[ERROR] 20191105_205318 writeLenData:81 -| read ERROR In writeLenData!
    5: ./exe() [0x409ce5]
    4: ./exe() [0x40a190]
    3: ./exe() [0x403690]
    2: ./exe() [0x4028df]
    1: /lib/x86_64-linux-gnu/libpthread.so.0(+0x8184) [0x7fd8906bf184]
    0: /lib/x86_64-linux-gnu/libc.so.6(clone+0x6d) [0x7fd88fcb403d]
[ERROR] 20191105_205323 DecodeRecvHead:187 -| Msg type ERROR! source:0, target:0
    5: ./exe() [0x409ce5]
    4: ./exe() [0x40a190]
    3: ./exe() [0x403a52]
    2: ./exe() [0x402818]
    1: /lib/x86_64-linux-gnu/libpthread.so.0(+0x8184) [0x7fd8906bf184]
    0: /lib/x86_64-linux-gnu/libc.so.6(clone+0x6d) [0x7fd88fcb403d]
[INFO ] 20191105_205323 th_RDWR:163 -| th_RDWR read data lens:0, data:

    4: ./exe() [0x409ce5]
    3: ./exe() [0x40a190]
    2: ./exe() [0x4028a9]
    1: /lib/x86_64-linux-gnu/libpthread.so.0(+0x8184) [0x7fd8906bf184]
    0: /lib/x86_64-linux-gnu/libc.so.6(clone+0x6d) [0x7fd88fcb403d]
[ERROR] 20191105_205323 DecodeRecvData:210 -| MakeSendData ILLEGAL ARGUMENT! input str lens:0 data:
    5: ./exe() [0x409ce5]
    4: ./exe() [0x40a190]
    3: ./exe() [0x403b40]
    2: ./exe() [0x4028c0]
    1: /lib/x86_64-linux-gnu/libpthread.so.0(+0x8184) [0x7fd8906bf184]
    0: /lib/x86_64-linux-gnu/libc.so.6(clone+0x6d) [0x7fd88fcb403d]
[ERROR] 20191105_205323 writeLenData:81 -| read ERROR In writeLenData!
    5: ./exe() [0x409ce5]
    4: ./exe() [0x40a190]
    3: ./exe() [0x403690]
    2: ./exe() [0x4028df]
    1: /lib/x86_64-linux-gnu/libpthread.so.0(+0x8184) [0x7fd8906bf184]
    0: /lib/x86_64-linux-gnu/libc.so.6(clone+0x6d) [0x7fd88fcb403d]
[ERROR] 20191105_205328 DecodeRecvHead:187 -| Msg type ERROR! source:0, target:0
    5: ./exe() [0x409ce5]
    4: ./exe() [0x40a190]
    3: ./exe() [0x403a52]
    2: ./exe() [0x402818]
    1: /lib/x86_64-linux-gnu/libpthread.so.0(+0x8184) [0x7fd8906bf184]
    0: /lib/x86_64-linux-gnu/libc.so.6(clone+0x6d) [0x7fd88fcb403d]
[INFO ] 20191105_205328 th_RDWR:163 -| th_RDWR read data lens:0, data:

    4: ./exe() [0x409ce5]
    3: ./exe() [0x40a190]
    2: ./exe() [0x4028a9]
    1: /lib/x86_64-linux-gnu/libpthread.so.0(+0x8184) [0x7fd8906bf184]
    0: /lib/x86_64-linux-gnu/libc.so.6(clone+0x6d) [0x7fd88fcb403d]
[ERROR] 20191105_205328 DecodeRecvData:210 -| MakeSendData ILLEGAL ARGUMENT! input str lens:0 data:
    5: ./exe() [0x409ce5]
    4: ./exe() [0x40a190]
    3: ./exe() [0x403b40]
    2: ./exe() [0x4028c0]
    1: /lib/x86_64-linux-gnu/libpthread.so.0(+0x8184) [0x7fd8906bf184]
    0: /lib/x86_64-linux-gnu/libc.so.6(clone+0x6d) [0x7fd88fcb403d]
[ERROR] 20191105_205328 writeLenData:81 -| read ERROR In writeLenData!
    5: ./exe() [0x409ce5]
    4: ./exe() [0x40a190]
    3: ./exe() [0x403690]
    2: ./exe() [0x4028df]
    1: /lib/x86_64-linux-gnu/libpthread.so.0(+0x8184) [0x7fd8906bf184]
    0: /lib/x86_64-linux-gnu/libc.so.6(clone+0x6d) [0x7fd88fcb403d]
[ERROR] 20191105_205333 DecodeRecvHead:187 -| Msg type ERROR! source:0, target:0
    5: ./exe() [0x409ce5]
    4: ./exe() [0x40a190]
    3: ./exe() [0x403a52]
    2: ./exe() [0x402818]
    1: /lib/x86_64-linux-gnu/libpthread.so.0(+0x8184) [0x7fd8906bf184]
    0: /lib/x86_64-linux-gnu/libc.so.6(clone+0x6d) [0x7fd88fcb403d]
[INFO ] 20191105_205333 th_RDWR:163 -| th_RDWR read data lens:0, data:

    4: ./exe() [0x409ce5]
    3: ./exe() [0x40a190]
    2: ./exe() [0x4028a9]
    1: /lib/x86_64-linux-gnu/libpthread.so.0(+0x8184) [0x7fd8906bf184]
    0: /lib/x86_64-linux-gnu/libc.so.6(clone+0x6d) [0x7fd88fcb403d]
[ERROR] 20191105_205333 DecodeRecvData:210 -| MakeSendData ILLEGAL ARGUMENT! input str lens:0 data:
    5: ./exe() [0x409ce5]
    4: ./exe() [0x40a190]
    3: ./exe() [0x403b40]
    2: ./exe() [0x4028c0]
    1: /lib/x86_64-linux-gnu/libpthread.so.0(+0x8184) [0x7fd8906bf184]
    0: /lib/x86_64-linux-gnu/libc.so.6(clone+0x6d) [0x7fd88fcb403d]
[ERROR] 20191105_205333 writeLenData:81 -| read ERROR In writeLenData!
    5: ./exe() [0x409ce5]
    4: ./exe() [0x40a190]
    3: ./exe() [0x403690]
    2: ./exe() [0x4028df]
    1: /lib/x86_64-linux-gnu/libpthread.so.0(+0x8184) [0x7fd8906bf184]
    0: /lib/x86_64-linux-gnu/libc.so.6(clone+0x6d) [0x7fd88fcb403d]
