[INFO ] 20191106_140215 th_RDWR:255 -| th_RDWR read data lens:48, data:00010002000300000029001300140001000004da160115f7

    4: ./exe() [0x409ec3]
    3: ./exe() [0x40a36e]
    2: ./exe() [0x402a12]
    1: /lib/x86_64-linux-gnu/libpthread.so.0(+0x8184) [0x7fb68b4ca184]
    0: /lib/x86_64-linux-gnu/libc.so.6(clone+0x6d) [0x7fb68aabf03d]
[INFO ] 20191106_140215 DecodeRecvData:237 -| recv data type...
    5: ./exe() [0x409ec3]
    4: ./exe() [0x40a36e]
    3: ./exe() [0x403e06]
    2: ./exe() [0x402a29]
    1: /lib/x86_64-linux-gnu/libpthread.so.0(+0x8184) [0x7fb68b4ca184]
    0: /lib/x86_64-linux-gnu/libc.so.6(clone+0x6d) [0x7fb68aabf03d]
[INFO ] 20191106_140215 DecodeRecvData:328 -| The Message type is MT_POSITION_PARA!
    5: ./exe() [0x409ec3]
    4: ./exe() [0x40a36e]
    3: ./exe() [0x4043c3]
    2: ./exe() [0x402a29]
    1: /lib/x86_64-linux-gnu/libpthread.so.0(+0x8184) [0x7fb68b4ca184]
    0: /lib/x86_64-linux-gnu/libc.so.6(clone+0x6d) [0x7fb68aabf03d]
[INFO ] 20191106_140215 DEV_SendLocatePara:126 -| Running In DEV_SendLocatePara...
    6: ./exe() [0x409ec3]
    5: ./exe() [0x40a36e]
    4: ./exe() [0x404ea9]
    3: ./exe() [0x4045d5]
    2: ./exe() [0x402a29]
    1: /lib/x86_64-linux-gnu/libpthread.so.0(+0x8184) [0x7fb68b4ca184]
    0: /lib/x86_64-linux-gnu/libc.so.6(clone+0x6d) [0x7fb68aabf03d]
[INFO ] 20191106_140215 DEV_SendLocatePara:158 -| End DEV_SendLocatePara.
    6: ./exe() [0x409ec3]
    5: ./exe() [0x40a36e]
    4: ./exe() [0x40504f]
    3: ./exe() [0x4045d5]
    2: ./exe() [0x402a29]
    1: /lib/x86_64-linux-gnu/libpthread.so.0(+0x8184) [0x7fb68b4ca184]
    0: /lib/x86_64-linux-gnu/libc.so.6(clone+0x6d) [0x7fb68aabf03d]
[INFO ] 20191106_140215 DecodeRecvData:432 -| End DecodeRecvData.
    5: ./exe() [0x409ec3]
    4: ./exe() [0x40a36e]
    3: ./exe() [0x4049ab]
    2: ./exe() [0x402a29]
    1: /lib/x86_64-linux-gnu/libpthread.so.0(+0x8184) [0x7fb68b4ca184]
    0: /lib/x86_64-linux-gnu/libc.so.6(clone+0x6d) [0x7fb68aabf03d]
[ERROR] 20191106_140232 DecodeRecvHead:187 -| Msg type ERROR! source:0, target:0
    5: ./exe() [0x409ec3]
    4: ./exe() [0x40a36e]
    3: ./exe() [0x403c30]
    2: ./exe() [0x402981]
    1: /lib/x86_64-linux-gnu/libpthread.so.0(+0x8184) [0x7fb68b4ca184]
    0: /lib/x86_64-linux-gnu/libc.so.6(clone+0x6d) [0x7fb68aabf03d]
[INFO ] 20191106_140232 th_RDWR:255 -| th_RDWR read data lens:0, data:

    4: ./exe() [0x409ec3]
    3: ./exe() [0x40a36e]
    2: ./exe() [0x402a12]
    1: /lib/x86_64-linux-gnu/libpthread.so.0(+0x8184) [0x7fb68b4ca184]
    0: /lib/x86_64-linux-gnu/libc.so.6(clone+0x6d) [0x7fb68aabf03d]
[ERROR] 20191106_140232 DecodeRecvData:210 -| MakeSendData ILLEGAL ARGUMENT! input str lens:0 data:
    5: ./exe() [0x409ec3]
    4: ./exe() [0x40a36e]
    3: ./exe() [0x403d1e]
    2: ./exe() [0x402a29]
    1: /lib/x86_64-linux-gnu/libpthread.so.0(+0x8184) [0x7fb68b4ca184]
    0: /lib/x86_64-linux-gnu/libc.so.6(clone+0x6d) [0x7fb68aabf03d]
[ERROR] 20191106_140232 writeLenData:81 -| read ERROR In writeLenData!
    5: ./exe() [0x409ec3]
    4: ./exe() [0x40a36e]
    3: ./exe() [0x40386e]
    2: ./exe() [0x402a48]
    1: /lib/x86_64-linux-gnu/libpthread.so.0(+0x8184) [0x7fb68b4ca184]
    0: /lib/x86_64-linux-gnu/libc.so.6(clone+0x6d) [0x7fb68aabf03d]
[INFO ] 20191106_140333 th_RDWR:255 -| th_RDWR read data lens:80, data:00010002000300000050001300340003000004da160115f7000004db160115f7000004dc160115f7

    4: ./exe() [0x409ec3]
    3: ./exe() [0x40a36e]
    2: ./exe() [0x402a12]
    1: /lib/x86_64-linux-gnu/libpthread.so.0(+0x8184) [0x7fb68b4ca184]
    0: /lib/x86_64-linux-gnu/libc.so.6(clone+0x6d) [0x7fb68aabf03d]
[INFO ] 20191106_140333 DecodeRecvData:237 -| recv data type...
    5: ./exe() [0x409ec3]
    4: ./exe() [0x40a36e]
    3: ./exe() [0x403e06]
    2: ./exe() [0x402a29]
    1: /lib/x86_64-linux-gnu/libpthread.so.0(+0x8184) [0x7fb68b4ca184]
    0: /lib/x86_64-linux-gnu/libc.so.6(clone+0x6d) [0x7fb68aabf03d]
[INFO ] 20191106_140333 DecodeRecvData:328 -| The Message type is MT_POSITION_PARA!
    5: ./exe() [0x409ec3]
    4: ./exe() [0x40a36e]
    3: ./exe() [0x4043c3]
    2: ./exe() [0x402a29]
    1: /lib/x86_64-linux-gnu/libpthread.so.0(+0x8184) [0x7fb68b4ca184]
    0: /lib/x86_64-linux-gnu/libc.so.6(clone+0x6d) [0x7fb68aabf03d]
[INFO ] 20191106_140333 DEV_SendLocatePara:126 -| Running In DEV_SendLocatePara...
    6: ./exe() [0x409ec3]
    5: ./exe() [0x40a36e]
    4: ./exe() [0x404ea9]
    3: ./exe() [0x4045d5]
    2: ./exe() [0x402a29]
    1: /lib/x86_64-linux-gnu/libpthread.so.0(+0x8184) [0x7fb68b4ca184]
    0: /lib/x86_64-linux-gnu/libc.so.6(clone+0x6d) [0x7fb68aabf03d]
[INFO ] 20191106_140333 DEV_SendLocatePara:158 -| End DEV_SendLocatePara.
    6: ./exe() [0x409ec3]
    5: ./exe() [0x40a36e]
    4: ./exe() [0x40504f]
    3: ./exe() [0x4045d5]
    2: ./exe() [0x402a29]
    1: /lib/x86_64-linux-gnu/libpthread.so.0(+0x8184) [0x7fb68b4ca184]
    0: /lib/x86_64-linux-gnu/libc.so.6(clone+0x6d) [0x7fb68aabf03d]
[INFO ] 20191106_140333 DecodeRecvData:432 -| End DecodeRecvData.
    5: ./exe() [0x409ec3]
    4: ./exe() [0x40a36e]
    3: ./exe() [0x4049ab]
    2: ./exe() [0x402a29]
    1: /lib/x86_64-linux-gnu/libpthread.so.0(+0x8184) [0x7fb68b4ca184]
    0: /lib/x86_64-linux-gnu/libc.so.6(clone+0x6d) [0x7fb68aabf03d]
[INFO ] 20191106_140354 th_RDWR:255 -| th_RDWR read data lens:112, data:00010002000300000070001300540005000004dc160115f7000004db160115f7000004da160115f7000004d7160115f7000004d9160115f7

    4: ./exe() [0x409ec3]
    3: ./exe() [0x40a36e]
    2: ./exe() [0x402a12]
    1: /lib/x86_64-linux-gnu/libpthread.so.0(+0x8184) [0x7fb68b4ca184]
    0: /lib/x86_64-linux-gnu/libc.so.6(clone+0x6d) [0x7fb68aabf03d]
[INFO ] 20191106_140354 DecodeRecvData:237 -| recv data type...
    5: ./exe() [0x409ec3]
    4: ./exe() [0x40a36e]
    3: ./exe() [0x403e06]
    2: ./exe() [0x402a29]
    1: /lib/x86_64-linux-gnu/libpthread.so.0(+0x8184) [0x7fb68b4ca184]
    0: /lib/x86_64-linux-gnu/libc.so.6(clone+0x6d) [0x7fb68aabf03d]
[INFO ] 20191106_140354 DecodeRecvData:328 -| The Message type is MT_POSITION_PARA!
    5: ./exe() [0x409ec3]
    4: ./exe() [0x40a36e]
    3: ./exe() [0x4043c3]
    2: ./exe() [0x402a29]
    1: /lib/x86_64-linux-gnu/libpthread.so.0(+0x8184) [0x7fb68b4ca184]
    0: /lib/x86_64-linux-gnu/libc.so.6(clone+0x6d) [0x7fb68aabf03d]
[INFO ] 20191106_140354 DEV_SendLocatePara:126 -| Running In DEV_SendLocatePara...
    6: ./exe() [0x409ec3]
    5: ./exe() [0x40a36e]
    4: ./exe() [0x404ea9]
    3: ./exe() [0x4045d5]
    2: ./exe() [0x402a29]
    1: /lib/x86_64-linux-gnu/libpthread.so.0(+0x8184) [0x7fb68b4ca184]
    0: /lib/x86_64-linux-gnu/libc.so.6(clone+0x6d) [0x7fb68aabf03d]
[INFO ] 20191106_140354 DEV_SendLocatePara:158 -| End DEV_SendLocatePara.
    6: ./exe() [0x409ec3]
    5: ./exe() [0x40a36e]
    4: ./exe() [0x40504f]
    3: ./exe() [0x4045d5]
    2: ./exe() [0x402a29]
    1: /lib/x86_64-linux-gnu/libpthread.so.0(+0x8184) [0x7fb68b4ca184]
    0: /lib/x86_64-linux-gnu/libc.so.6(clone+0x6d) [0x7fb68aabf03d]
[INFO ] 20191106_140354 DecodeRecvData:432 -| End DecodeRecvData.
    5: ./exe() [0x409ec3]
    4: ./exe() [0x40a36e]
    3: ./exe() [0x4049ab]
    2: ./exe() [0x402a29]
    1: /lib/x86_64-linux-gnu/libpthread.so.0(+0x8184) [0x7fb68b4ca184]
    0: /lib/x86_64-linux-gnu/libc.so.6(clone+0x6d) [0x7fb68aabf03d]
[ERROR] 20191106_140421 DecodeRecvHead:187 -| Msg type ERROR! source:0, target:0
    5: ./exe() [0x409ec3]
    4: ./exe() [0x40a36e]
    3: ./exe() [0x403c30]
    2: ./exe() [0x402981]
    1: /lib/x86_64-linux-gnu/libpthread.so.0(+0x8184) [0x7fb68b4ca184]
    0: /lib/x86_64-linux-gnu/libc.so.6(clone+0x6d) [0x7fb68aabf03d]
[INFO ] 20191106_140421 th_RDWR:255 -| th_RDWR read data lens:0, data:

    4: ./exe() [0x409ec3]
    3: ./exe() [0x40a36e]
    2: ./exe() [0x402a12]
    1: /lib/x86_64-linux-gnu/libpthread.so.0(+0x8184) [0x7fb68b4ca184]
    0: /lib/x86_64-linux-gnu/libc.so.6(clone+0x6d) [0x7fb68aabf03d]
[ERROR] 20191106_140421 DecodeRecvData:210 -| MakeSendData ILLEGAL ARGUMENT! input str lens:0 data:
    5: ./exe() [0x409ec3]
    4: ./exe() [0x40a36e]
    3: ./exe() [0x403d1e]
    2: ./exe() [0x402a29]
    1: /lib/x86_64-linux-gnu/libpthread.so.0(+0x8184) [0x7fb68b4ca184]
    0: /lib/x86_64-linux-gnu/libc.so.6(clone+0x6d) [0x7fb68aabf03d]
[ERROR] 20191106_140421 writeLenData:81 -| read ERROR In writeLenData!
    5: ./exe() [0x409ec3]
    4: ./exe() [0x40a36e]
    3: ./exe() [0x40386e]
    2: ./exe() [0x402a48]
    1: /lib/x86_64-linux-gnu/libpthread.so.0(+0x8184) [0x7fb68b4ca184]
    0: /lib/x86_64-linux-gnu/libc.so.6(clone+0x6d) [0x7fb68aabf03d]
[INFO ] 20191106_140511 main:598 -| Main BYE!
    4: ./exe() [0x409ec3]
    3: ./exe() [0x40a36e]
    2: ./exe() [0x40340b]
    1: /lib/x86_64-linux-gnu/libc.so.6(__libc_start_main+0xf5) [0x7fb68a9e2f45]
    0: ./exe() [0x402469]
