[INFO ] 20191108_141216 DEV_SendLocatePara:126 -| Running In DEV_SendLocatePara...
    5: ./exe() [0x409f0d]
    4: ./exe() [0x40a3b8]
    3: ./exe() [0x404f03]
    2: ./exe() [0x402c89]
    1: /lib/x86_64-linux-gnu/libpthread.so.0(+0x8184) [0x7fb77bf27184]
    0: /lib/x86_64-linux-gnu/libc.so.6(clone+0x6d) [0x7fb77b51c03d]
[INFO ] 20191108_141217 DEV_SendLocatePara:158 -| End DEV_SendLocatePara.
    5: ./exe() [0x409f0d]
    4: ./exe() [0x40a3b8]
    3: ./exe() [0x4050a9]
    2: ./exe() [0x402c89]
    1: /lib/x86_64-linux-gnu/libpthread.so.0(+0x8184) [0x7fb77bf27184]
    0: /lib/x86_64-linux-gnu/libc.so.6(clone+0x6d) [0x7fb77b51c03d]
[INFO ] 20191108_141227 DEV_SendLocatePara:126 -| Running In DEV_SendLocatePara...
    5: ./exe() [0x409f0d]
    4: ./exe() [0x40a3b8]
    3: ./exe() [0x404f03]
    2: ./exe() [0x402c89]
    1: /lib/x86_64-linux-gnu/libpthread.so.0(+0x8184) [0x7fb77bf27184]
    0: /lib/x86_64-linux-gnu/libc.so.6(clone+0x6d) [0x7fb77b51c03d]
[INFO ] 20191108_141227 DEV_SendLocatePara:158 -| End DEV_SendLocatePara.
    5: ./exe() [0x409f0d]
    4: ./exe() [0x40a3b8]
    3: ./exe() [0x4050a9]
    2: ./exe() [0x402c89]
    1: /lib/x86_64-linux-gnu/libpthread.so.0(+0x8184) [0x7fb77bf27184]
    0: /lib/x86_64-linux-gnu/libc.so.6(clone+0x6d) [0x7fb77b51c03d]
[INFO ] 20191108_141237 DEV_SendLocatePara:126 -| Running In DEV_SendLocatePara...
    5: ./exe() [0x409f0d]
    4: ./exe() [0x40a3b8]
    3: ./exe() [0x404f03]
    2: ./exe() [0x402c89]
    1: /lib/x86_64-linux-gnu/libpthread.so.0(+0x8184) [0x7fb77bf27184]
    0: /lib/x86_64-linux-gnu/libc.so.6(clone+0x6d) [0x7fb77b51c03d]
[INFO ] 20191108_141237 DEV_SendLocatePara:158 -| End DEV_SendLocatePara.
    5: ./exe() [0x409f0d]
    4: ./exe() [0x40a3b8]
    3: ./exe() [0x4050a9]
    2: ./exe() [0x402c89]
    1: /lib/x86_64-linux-gnu/libpthread.so.0(+0x8184) [0x7fb77bf27184]
    0: /lib/x86_64-linux-gnu/libc.so.6(clone+0x6d) [0x7fb77b51c03d]
[INFO ] 20191108_141237 main:639 -| Main BYE!
    4: ./exe() [0x409f0d]
    3: ./exe() [0x40a3b8]
    2: ./exe() [0x403466]
    1: /lib/x86_64-linux-gnu/libc.so.6(__libc_start_main+0xf5) [0x7fb77b43ff45]
    0: ./exe() [0x402469]
