[INFO ] 20191108_140927 signal_hander:466 -| get SIGALRM
[INFO ] 20191108_140927 signal_hander:472 -| signal_hander write data lens:78, data:000200010000ffff00030023003200630011000200032019110716163300000000000000550001
    11: ./exe() [0x40a080]
    10: ./exe() [0x40a52b]
    9: ./exe() [0x4031bc]
    8: /lib/x86_64-linux-gnu/libc.so.6(+0x36cb0) [0x7f76d7b69cb0]
    7: /lib/x86_64-linux-gnu/libc.so.6(__read+0x2b) [0x7f76d7c2237b]
    6: /lib/x86_64-linux-gnu/libc.so.6(_IO_file_underflow+0x130) [0x7f76d7bad5b0]
    5: /lib/x86_64-linux-gnu/libc.so.6(_IO_default_uflow+0xe) [0x7f76d7bae53e]
    4: /lib/x86_64-linux-gnu/libc.so.6(_IO_vfscanf+0x41a2) [0x7f76d7b8b7d2]
    3: /lib/x86_64-linux-gnu/libc.so.6(__isoc99_scanf+0x109) [0x7f76d7b90e19]
    2: ./exe() [0x4034ec]
    1: /lib/x86_64-linux-gnu/libc.so.6(__libc_start_main+0xf5) [0x7f76d7b54f45]
    0: ./exe() [0x402469]
[INFO ] 20191108_140932 signal_hander:466 -| get SIGALRM
[INFO ] 20191108_140932 signal_hander:472 -| signal_hander write data lens:78, data:000200010000ffff00030023003200630011000200032019110716163300000000000000550001
    11: ./exe() [0x40a080]
    10: ./exe() [0x40a52b]
    9: ./exe() [0x4031bc]
    8: /lib/x86_64-linux-gnu/libc.so.6(+0x36cb0) [0x7f76d7b69cb0]
    7: /lib/x86_64-linux-gnu/libc.so.6(__read+0x2b) [0x7f76d7c2237b]
    6: /lib/x86_64-linux-gnu/libc.so.6(_IO_file_underflow+0x130) [0x7f76d7bad5b0]
    5: /lib/x86_64-linux-gnu/libc.so.6(_IO_default_uflow+0xe) [0x7f76d7bae53e]
    4: /lib/x86_64-linux-gnu/libc.so.6(_IO_vfscanf+0x41a2) [0x7f76d7b8b7d2]
    3: /lib/x86_64-linux-gnu/libc.so.6(__isoc99_scanf+0x109) [0x7f76d7b90e19]
    2: ./exe() [0x4034ec]
    1: /lib/x86_64-linux-gnu/libc.so.6(__libc_start_main+0xf5) [0x7f76d7b54f45]
    0: ./exe() [0x402469]
[INFO ] 20191108_140932 DEV_SendLocatePara:126 -| Running In DEV_SendLocatePara...
    5: ./exe() [0x40a080]
    4: ./exe() [0x40a52b]
    3: ./exe() [0x405076]
    2: ./exe() [0x402c89]
    1: /lib/x86_64-linux-gnu/libpthread.so.0(+0x8184) [0x7f76d863c184]
    0: /lib/x86_64-linux-gnu/libc.so.6(clone+0x6d) [0x7f76d7c3103d]
[INFO ] 20191108_140932 DEV_SendLocatePara:158 -| End DEV_SendLocatePara.
    5: ./exe() [0x40a080]
    4: ./exe() [0x40a52b]
    3: ./exe() [0x40521c]
    2: ./exe() [0x402c89]
    1: /lib/x86_64-linux-gnu/libpthread.so.0(+0x8184) [0x7f76d863c184]
    0: /lib/x86_64-linux-gnu/libc.so.6(clone+0x6d) [0x7f76d7c3103d]
[INFO ] 20191108_140937 signal_hander:466 -| get SIGALRM
[INFO ] 20191108_140937 signal_hander:472 -| signal_hander write data lens:78, data:000200010000ffff00030023003200630011000200032019110716163300000000000000550001
    11: ./exe() [0x40a080]
    10: ./exe() [0x40a52b]
    9: ./exe() [0x4031bc]
    8: /lib/x86_64-linux-gnu/libc.so.6(+0x36cb0) [0x7f76d7b69cb0]
    7: /lib/x86_64-linux-gnu/libc.so.6(__read+0x2b) [0x7f76d7c2237b]
    6: /lib/x86_64-linux-gnu/libc.so.6(_IO_file_underflow+0x130) [0x7f76d7bad5b0]
    5: /lib/x86_64-linux-gnu/libc.so.6(_IO_default_uflow+0xe) [0x7f76d7bae53e]
    4: /lib/x86_64-linux-gnu/libc.so.6(_IO_vfscanf+0x41a2) [0x7f76d7b8b7d2]
    3: /lib/x86_64-linux-gnu/libc.so.6(__isoc99_scanf+0x109) [0x7f76d7b90e19]
    2: ./exe() [0x4034ec]
    1: /lib/x86_64-linux-gnu/libc.so.6(__libc_start_main+0xf5) [0x7f76d7b54f45]
    0: ./exe() [0x402469]
[INFO ] 20191108_140942 signal_hander:466 -| get SIGALRM
[INFO ] 20191108_140942 signal_hander:472 -| signal_hander write data lens:78, data:000200010000ffff00030023003200630011000200032019110716163300000000000000550001
    11: ./exe() [0x40a080]
    10: ./exe() [0x40a52b]
    9: ./exe() [0x4031bc]
    8: /lib/x86_64-linux-gnu/libc.so.6(+0x36cb0) [0x7f76d7b69cb0]
    7: /lib/x86_64-linux-gnu/libc.so.6(__read+0x2b) [0x7f76d7c2237b]
    6: /lib/x86_64-linux-gnu/libc.so.6(_IO_file_underflow+0x130) [0x7f76d7bad5b0]
    5: /lib/x86_64-linux-gnu/libc.so.6(_IO_default_uflow+0xe) [0x7f76d7bae53e]
    4: /lib/x86_64-linux-gnu/libc.so.6(_IO_vfscanf+0x41a2) [0x7f76d7b8b7d2]
    3: /lib/x86_64-linux-gnu/libc.so.6(__isoc99_scanf+0x109) [0x7f76d7b90e19]
    2: ./exe() [0x4034ec]
    1: /lib/x86_64-linux-gnu/libc.so.6(__libc_start_main+0xf5) [0x7f76d7b54f45]
    0: ./exe() [0x402469]
[INFO ] 20191108_140942 DEV_SendLocatePara:126 -| Running In DEV_SendLocatePara...
    5: ./exe() [0x40a080]
    4: ./exe() [0x40a52b]
    3: ./exe() [0x405076]
    2: ./exe() [0x402c89]
    1: /lib/x86_64-linux-gnu/libpthread.so.0(+0x8184) [0x7f76d863c184]
    0: /lib/x86_64-linux-gnu/libc.so.6(clone+0x6d) [0x7f76d7c3103d]
[INFO ] 20191108_140942 DEV_SendLocatePara:158 -| End DEV_SendLocatePara.
    5: ./exe() [0x40a080]
    4: ./exe() [0x40a52b]
    3: ./exe() [0x40521c]
    2: ./exe() [0x402c89]
    1: /lib/x86_64-linux-gnu/libpthread.so.0(+0x8184) [0x7f76d863c184]
    0: /lib/x86_64-linux-gnu/libc.so.6(clone+0x6d) [0x7f76d7c3103d]
[INFO ] 20191108_140947 signal_hander:466 -| get SIGALRM
[INFO ] 20191108_140947 signal_hander:472 -| signal_hander write data lens:78, data:000200010000ffff00030023003200630011000200032019110716163300000000000000550001
    11: ./exe() [0x40a080]
    10: ./exe() [0x40a52b]
    9: ./exe() [0x4031bc]
    8: /lib/x86_64-linux-gnu/libc.so.6(+0x36cb0) [0x7f76d7b69cb0]
    7: /lib/x86_64-linux-gnu/libc.so.6(__read+0x2b) [0x7f76d7c2237b]
    6: /lib/x86_64-linux-gnu/libc.so.6(_IO_file_underflow+0x130) [0x7f76d7bad5b0]
    5: /lib/x86_64-linux-gnu/libc.so.6(_IO_default_uflow+0xe) [0x7f76d7bae53e]
    4: /lib/x86_64-linux-gnu/libc.so.6(_IO_vfscanf+0x41a2) [0x7f76d7b8b7d2]
    3: /lib/x86_64-linux-gnu/libc.so.6(__isoc99_scanf+0x109) [0x7f76d7b90e19]
    2: ./exe() [0x4034ec]
    1: /lib/x86_64-linux-gnu/libc.so.6(__libc_start_main+0xf5) [0x7f76d7b54f45]
    0: ./exe() [0x402469]
