[INFO ] 20191031_092623 main:467 -| Create th_RDWR thread success!
    4: ./exe() [0x40a1fe]
    3: ./exe() [0x40a6a9]
    2: ./exe() [0x4034c0]
    1: /lib/x86_64-linux-gnu/libc.so.6(__libc_start_main+0xf5) [0x7f42fc944f45]
    0: ./exe() [0x402469]
[INFO ] 20191031_092633 DEV_SendLocatePara:126 -| Running In DEV_SendLocatePara...
    5: ./exe() [0x40a1fe]
    4: ./exe() [0x40a6a9]
    3: ./exe() [0x4051e4]
    2: ./exe() [0x402dfd]
    1: /lib/x86_64-linux-gnu/libpthread.so.0(+0x8184) [0x7f42fd42c184]
    0: /lib/x86_64-linux-gnu/libc.so.6(clone+0x6d) [0x7f42fca2103d]
[INFO ] 20191031_092633 DEV_SendLocatePara:158 -| End DEV_SendLocatePara.
    5: ./exe() [0x40a1fe]
    4: ./exe() [0x40a6a9]
    3: ./exe() [0x40538a]
    2: ./exe() [0x402dfd]
    1: /lib/x86_64-linux-gnu/libpthread.so.0(+0x8184) [0x7f42fd42c184]
    0: /lib/x86_64-linux-gnu/libc.so.6(clone+0x6d) [0x7f42fca2103d]
[INFO ] 20191031_092643 DEV_SendLocatePara:126 -| Running In DEV_SendLocatePara...
    5: ./exe() [0x40a1fe]
    4: ./exe() [0x40a6a9]
    3: ./exe() [0x4051e4]
    2: ./exe() [0x402dfd]
    1: /lib/x86_64-linux-gnu/libpthread.so.0(+0x8184) [0x7f42fd42c184]
    0: /lib/x86_64-linux-gnu/libc.so.6(clone+0x6d) [0x7f42fca2103d]
[INFO ] 20191031_092643 DEV_SendLocatePara:158 -| End DEV_SendLocatePara.
    5: ./exe() [0x40a1fe]
    4: ./exe() [0x40a6a9]
    3: ./exe() [0x40538a]
    2: ./exe() [0x402dfd]
    1: /lib/x86_64-linux-gnu/libpthread.so.0(+0x8184) [0x7f42fd42c184]
    0: /lib/x86_64-linux-gnu/libc.so.6(clone+0x6d) [0x7f42fca2103d]
[INFO ] 20191031_092653 DEV_SendLocatePara:126 -| Running In DEV_SendLocatePara...
    5: ./exe() [0x40a1fe]
    4: ./exe() [0x40a6a9]
    3: ./exe() [0x4051e4]
    2: ./exe() [0x402dfd]
    1: /lib/x86_64-linux-gnu/libpthread.so.0(+0x8184) [0x7f42fd42c184]
    0: /lib/x86_64-linux-gnu/libc.so.6(clone+0x6d) [0x7f42fca2103d]
[INFO ] 20191031_092653 DEV_SendLocatePara:158 -| End DEV_SendLocatePara.
    5: ./exe() [0x40a1fe]
    4: ./exe() [0x40a6a9]
    3: ./exe() [0x40538a]
    2: ./exe() [0x402dfd]
    1: /lib/x86_64-linux-gnu/libpthread.so.0(+0x8184) [0x7f42fd42c184]
    0: /lib/x86_64-linux-gnu/libc.so.6(clone+0x6d) [0x7f42fca2103d]
[INFO ] 20191031_092703 DEV_SendLocatePara:126 -| Running In DEV_SendLocatePara...
    5: ./exe() [0x40a1fe]
    4: ./exe() [0x40a6a9]
    3: ./exe() [0x4051e4]
    2: ./exe() [0x402dfd]
    1: /lib/x86_64-linux-gnu/libpthread.so.0(+0x8184) [0x7f42fd42c184]
    0: /lib/x86_64-linux-gnu/libc.so.6(clone+0x6d) [0x7f42fca2103d]
[INFO ] 20191031_092703 DEV_SendLocatePara:158 -| End DEV_SendLocatePara.
    5: ./exe() [0x40a1fe]
    4: ./exe() [0x40a6a9]
    3: ./exe() [0x40538a]
    2: ./exe() [0x402dfd]
    1: /lib/x86_64-linux-gnu/libpthread.so.0(+0x8184) [0x7f42fd42c184]
    0: /lib/x86_64-linux-gnu/libc.so.6(clone+0x6d) [0x7f42fca2103d]
[INFO ] 20191031_092713 DEV_SendLocatePara:126 -| Running In DEV_SendLocatePara...
    5: ./exe() [0x40a1fe]
    4: ./exe() [0x40a6a9]
    3: ./exe() [0x4051e4]
    2: ./exe() [0x402dfd]
    1: /lib/x86_64-linux-gnu/libpthread.so.0(+0x8184) [0x7f42fd42c184]
    0: /lib/x86_64-linux-gnu/libc.so.6(clone+0x6d) [0x7f42fca2103d]
[INFO ] 20191031_092713 DEV_SendLocatePara:158 -| End DEV_SendLocatePara.
    5: ./exe() [0x40a1fe]
    4: ./exe() [0x40a6a9]
    3: ./exe() [0x40538a]
    2: ./exe() [0x402dfd]
    1: /lib/x86_64-linux-gnu/libpthread.so.0(+0x8184) [0x7f42fd42c184]
    0: /lib/x86_64-linux-gnu/libc.so.6(clone+0x6d) [0x7f42fca2103d]
[INFO ] 20191031_092723 DEV_SendLocatePara:126 -| Running In DEV_SendLocatePara...
    5: ./exe() [0x40a1fe]
    4: ./exe() [0x40a6a9]
    3: ./exe() [0x4051e4]
    2: ./exe() [0x402dfd]
    1: /lib/x86_64-linux-gnu/libpthread.so.0(+0x8184) [0x7f42fd42c184]
    0: /lib/x86_64-linux-gnu/libc.so.6(clone+0x6d) [0x7f42fca2103d]
[INFO ] 20191031_092723 DEV_SendLocatePara:158 -| End DEV_SendLocatePara.
    5: ./exe() [0x40a1fe]
    4: ./exe() [0x40a6a9]
    3: ./exe() [0x40538a]
    2: ./exe() [0x402dfd]
    1: /lib/x86_64-linux-gnu/libpthread.so.0(+0x8184) [0x7f42fd42c184]
    0: /lib/x86_64-linux-gnu/libc.so.6(clone+0x6d) [0x7f42fca2103d]
[INFO ] 20191031_092733 DEV_SendLocatePara:126 -| Running In DEV_SendLocatePara...
    5: ./exe() [0x40a1fe]
    4: ./exe() [0x40a6a9]
    3: ./exe() [0x4051e4]
    2: ./exe() [0x402dfd]
    1: /lib/x86_64-linux-gnu/libpthread.so.0(+0x8184) [0x7f42fd42c184]
    0: /lib/x86_64-linux-gnu/libc.so.6(clone+0x6d) [0x7f42fca2103d]
[INFO ] 20191031_092733 DEV_SendLocatePara:158 -| End DEV_SendLocatePara.
    5: ./exe() [0x40a1fe]
    4: ./exe() [0x40a6a9]
    3: ./exe() [0x40538a]
    2: ./exe() [0x402dfd]
    1: /lib/x86_64-linux-gnu/libpthread.so.0(+0x8184) [0x7f42fd42c184]
    0: /lib/x86_64-linux-gnu/libc.so.6(clone+0x6d) [0x7f42fca2103d]
[INFO ] 20191031_092743 DEV_SendLocatePara:126 -| Running In DEV_SendLocatePara...
    5: ./exe() [0x40a1fe]
    4: ./exe() [0x40a6a9]
    3: ./exe() [0x4051e4]
    2: ./exe() [0x402dfd]
    1: /lib/x86_64-linux-gnu/libpthread.so.0(+0x8184) [0x7f42fd42c184]
    0: /lib/x86_64-linux-gnu/libc.so.6(clone+0x6d) [0x7f42fca2103d]
[INFO ] 20191031_092743 DEV_SendLocatePara:158 -| End DEV_SendLocatePara.
    5: ./exe() [0x40a1fe]
    4: ./exe() [0x40a6a9]
    3: ./exe() [0x40538a]
    2: ./exe() [0x402dfd]
    1: /lib/x86_64-linux-gnu/libpthread.so.0(+0x8184) [0x7f42fd42c184]
    0: /lib/x86_64-linux-gnu/libc.so.6(clone+0x6d) [0x7f42fca2103d]
