[INFO ] 20191108_134632 DEV_SendLocatePara:126 -| Running In DEV_SendLocatePara...
    5: ./exe() [0x40a080]
    4: ./exe() [0x40a52b]
    3: ./exe() [0x405076]
    2: ./exe() [0x402c89]
    1: /lib/x86_64-linux-gnu/libpthread.so.0(+0x8184) [0x7f818bc0d184]
    0: /lib/x86_64-linux-gnu/libc.so.6(clone+0x6d) [0x7f818b20203d]
[INFO ] 20191108_134632 DEV_SendLocatePara:158 -| End DEV_SendLocatePara.
    5: ./exe() [0x40a080]
    4: ./exe() [0x40a52b]
    3: ./exe() [0x40521c]
    2: ./exe() [0x402c89]
    1: /lib/x86_64-linux-gnu/libpthread.so.0(+0x8184) [0x7f818bc0d184]
    0: /lib/x86_64-linux-gnu/libc.so.6(clone+0x6d) [0x7f818b20203d]
[INFO ] 20191108_134642 DEV_SendLocatePara:126 -| Running In DEV_SendLocatePara...
    5: ./exe() [0x40a080]
    4: ./exe() [0x40a52b]
    3: ./exe() [0x405076]
    2: ./exe() [0x402c89]
    1: /lib/x86_64-linux-gnu/libpthread.so.0(+0x8184) [0x7f818bc0d184]
    0: /lib/x86_64-linux-gnu/libc.so.6(clone+0x6d) [0x7f818b20203d]
[INFO ] 20191108_134642 DEV_SendLocatePara:158 -| End DEV_SendLocatePara.
    5: ./exe() [0x40a080]
    4: ./exe() [0x40a52b]
    3: ./exe() [0x40521c]
    2: ./exe() [0x402c89]
    1: /lib/x86_64-linux-gnu/libpthread.so.0(+0x8184) [0x7f818bc0d184]
    0: /lib/x86_64-linux-gnu/libc.so.6(clone+0x6d) [0x7f818b20203d]
[INFO ] 20191108_134652 DEV_SendLocatePara:126 -| Running In DEV_SendLocatePara...
    5: ./exe() [0x40a080]
    4: ./exe() [0x40a52b]
    3: ./exe() [0x405076]
    2: ./exe() [0x402c89]
    1: /lib/x86_64-linux-gnu/libpthread.so.0(+0x8184) [0x7f818bc0d184]
    0: /lib/x86_64-linux-gnu/libc.so.6(clone+0x6d) [0x7f818b20203d]
[INFO ] 20191108_134652 DEV_SendLocatePara:158 -| End DEV_SendLocatePara.
    5: ./exe() [0x40a080]
    4: ./exe() [0x40a52b]
    3: ./exe() [0x40521c]
    2: ./exe() [0x402c89]
    1: /lib/x86_64-linux-gnu/libpthread.so.0(+0x8184) [0x7f818bc0d184]
    0: /lib/x86_64-linux-gnu/libc.so.6(clone+0x6d) [0x7f818b20203d]
[INFO ] 20191108_134702 DEV_SendLocatePara:126 -| Running In DEV_SendLocatePara...
    5: ./exe() [0x40a080]
    4: ./exe() [0x40a52b]
    3: ./exe() [0x405076]
    2: ./exe() [0x402c89]
    1: /lib/x86_64-linux-gnu/libpthread.so.0(+0x8184) [0x7f818bc0d184]
    0: /lib/x86_64-linux-gnu/libc.so.6(clone+0x6d) [0x7f818b20203d]
[INFO ] 20191108_134702 DEV_SendLocatePara:158 -| End DEV_SendLocatePara.
    5: ./exe() [0x40a080]
    4: ./exe() [0x40a52b]
    3: ./exe() [0x40521c]
    2: ./exe() [0x402c89]
    1: /lib/x86_64-linux-gnu/libpthread.so.0(+0x8184) [0x7f818bc0d184]
    0: /lib/x86_64-linux-gnu/libc.so.6(clone+0x6d) [0x7f818b20203d]
[ERROR] 20191108_134711 DecodeRecvHead:187 -| Msg type ERROR! source:0, target:0
    5: ./exe() [0x40a080]
    4: ./exe() [0x40a52b]
    3: ./exe() [0x403dfe]
    2: ./exe() [0x402a18]
    1: /lib/x86_64-linux-gnu/libpthread.so.0(+0x8184) [0x7f818bc0d184]
    0: /lib/x86_64-linux-gnu/libc.so.6(clone+0x6d) [0x7f818b20203d]
[INFO ] 20191108_134711 th_RDWR:271 -| th_RDWR read data lens:0, data:

    4: ./exe() [0x40a080]
    3: ./exe() [0x40a52b]
    2: ./exe() [0x402ab5]
    1: /lib/x86_64-linux-gnu/libpthread.so.0(+0x8184) [0x7f818bc0d184]
    0: /lib/x86_64-linux-gnu/libc.so.6(clone+0x6d) [0x7f818b20203d]
[ERROR] 20191108_134711 DecodeRecvData:210 -| MakeSendData ILLEGAL ARGUMENT! input str lens:0 data:
    5: ./exe() [0x40a080]
    4: ./exe() [0x40a52b]
    3: ./exe() [0x403eec]
    2: ./exe() [0x402acc]
    1: /lib/x86_64-linux-gnu/libpthread.so.0(+0x8184) [0x7f818bc0d184]
    0: /lib/x86_64-linux-gnu/libc.so.6(clone+0x6d) [0x7f818b20203d]
[ERROR] 20191108_134711 writeLenData:81 -| read ERROR In writeLenData!
    5: ./exe() [0x40a080]
    4: ./exe() [0x40a52b]
    3: ./exe() [0x403a3c]
    2: ./exe() [0x402aeb]
    1: /lib/x86_64-linux-gnu/libpthread.so.0(+0x8184) [0x7f818bc0d184]
    0: /lib/x86_64-linux-gnu/libc.so.6(clone+0x6d) [0x7f818b20203d]
[ERROR] 20191108_134712 writeLenData:81 -| read ERROR In writeLenData!
    5: ./exe() [0x40a080]
    4: ./exe() [0x40a52b]
    3: ./exe() [0x403a3c]
    2: ./exe() [0x402d5b]
    1: /lib/x86_64-linux-gnu/libpthread.so.0(+0x8184) [0x7f818bc0d184]
    0: /lib/x86_64-linux-gnu/libc.so.6(clone+0x6d) [0x7f818b20203d]
[INFO ] 20191108_134712 DEV_SendLocatePara:126 -| Running In DEV_SendLocatePara...
    5: ./exe() [0x40a080]
    4: ./exe() [0x40a52b]
    3: ./exe() [0x405076]
    2: ./exe() [0x402c89]
    1: /lib/x86_64-linux-gnu/libpthread.so.0(+0x8184) [0x7f818bc0d184]
    0: /lib/x86_64-linux-gnu/libc.so.6(clone+0x6d) [0x7f818b20203d]
[INFO ] 20191108_134712 DEV_SendLocatePara:158 -| End DEV_SendLocatePara.
    5: ./exe() [0x40a080]
    4: ./exe() [0x40a52b]
    3: ./exe() [0x40521c]
    2: ./exe() [0x402c89]
    1: /lib/x86_64-linux-gnu/libpthread.so.0(+0x8184) [0x7f818bc0d184]
    0: /lib/x86_64-linux-gnu/libc.so.6(clone+0x6d) [0x7f818b20203d]
[ERROR] 20191108_134712 writeLenData:81 -| read ERROR In writeLenData!
    5: ./exe() [0x40a080]
    4: ./exe() [0x40a52b]
    3: ./exe() [0x403a3c]
    2: ./exe() [0x402ca8]
    1: /lib/x86_64-linux-gnu/libpthread.so.0(+0x8184) [0x7f818bc0d184]
    0: /lib/x86_64-linux-gnu/libc.so.6(clone+0x6d) [0x7f818b20203d]
[ERROR] 20191108_134722 writeLenData:81 -| read ERROR In writeLenData!
    5: ./exe() [0x40a080]
    4: ./exe() [0x40a52b]
    3: ./exe() [0x403a3c]
    2: ./exe() [0x402d5b]
    1: /lib/x86_64-linux-gnu/libpthread.so.0(+0x8184) [0x7f818bc0d184]
    0: /lib/x86_64-linux-gnu/libc.so.6(clone+0x6d) [0x7f818b20203d]
[INFO ] 20191108_134722 DEV_SendLocatePara:126 -| Running In DEV_SendLocatePara...
    5: ./exe() [0x40a080]
    4: ./exe() [0x40a52b]
    3: ./exe() [0x405076]
    2: ./exe() [0x402c89]
    1: /lib/x86_64-linux-gnu/libpthread.so.0(+0x8184) [0x7f818bc0d184]
    0: /lib/x86_64-linux-gnu/libc.so.6(clone+0x6d) [0x7f818b20203d]
[INFO ] 20191108_134722 DEV_SendLocatePara:158 -| End DEV_SendLocatePara.
    5: ./exe() [0x40a080]
    4: ./exe() [0x40a52b]
    3: ./exe() [0x40521c]
    2: ./exe() [0x402c89]
    1: /lib/x86_64-linux-gnu/libpthread.so.0(+0x8184) [0x7f818bc0d184]
    0: /lib/x86_64-linux-gnu/libc.so.6(clone+0x6d) [0x7f818b20203d]
[ERROR] 20191108_134722 writeLenData:81 -| read ERROR In writeLenData!
    5: ./exe() [0x40a080]
    4: ./exe() [0x40a52b]
    3: ./exe() [0x403a3c]
    2: ./exe() [0x402ca8]
    1: /lib/x86_64-linux-gnu/libpthread.so.0(+0x8184) [0x7f818bc0d184]
    0: /lib/x86_64-linux-gnu/libc.so.6(clone+0x6d) [0x7f818b20203d]
[ERROR] 20191108_134732 writeLenData:81 -| read ERROR In writeLenData!
    5: ./exe() [0x40a080]
    4: ./exe() [0x40a52b]
    3: ./exe() [0x403a3c]
    2: ./exe() [0x402d5b]
    1: /lib/x86_64-linux-gnu/libpthread.so.0(+0x8184) [0x7f818bc0d184]
    0: /lib/x86_64-linux-gnu/libc.so.6(clone+0x6d) [0x7f818b20203d]
[INFO ] 20191108_134732 DEV_SendLocatePara:126 -| Running In DEV_SendLocatePara...
    5: ./exe() [0x40a080]
    4: ./exe() [0x40a52b]
    3: ./exe() [0x405076]
    2: ./exe() [0x402c89]
    1: /lib/x86_64-linux-gnu/libpthread.so.0(+0x8184) [0x7f818bc0d184]
    0: /lib/x86_64-linux-gnu/libc.so.6(clone+0x6d) [0x7f818b20203d]
[INFO ] 20191108_134732 DEV_SendLocatePara:158 -| End DEV_SendLocatePara.
    5: ./exe() [0x40a080]
    4: ./exe() [0x40a52b]
    3: ./exe() [0x40521c]
    2: ./exe() [0x402c89]
    1: /lib/x86_64-linux-gnu/libpthread.so.0(+0x8184) [0x7f818bc0d184]
    0: /lib/x86_64-linux-gnu/libc.so.6(clone+0x6d) [0x7f818b20203d]
[ERROR] 20191108_134732 writeLenData:81 -| read ERROR In writeLenData!
    5: ./exe() [0x40a080]
    4: ./exe() [0x40a52b]
    3: ./exe() [0x403a3c]
    2: ./exe() [0x402ca8]
    1: /lib/x86_64-linux-gnu/libpthread.so.0(+0x8184) [0x7f818bc0d184]
    0: /lib/x86_64-linux-gnu/libc.so.6(clone+0x6d) [0x7f818b20203d]
[ERROR] 20191108_134742 writeLenData:81 -| read ERROR In writeLenData!
    5: ./exe() [0x40a080]
    4: ./exe() [0x40a52b]
    3: ./exe() [0x403a3c]
    2: ./exe() [0x402d5b]
    1: /lib/x86_64-linux-gnu/libpthread.so.0(+0x8184) [0x7f818bc0d184]
    0: /lib/x86_64-linux-gnu/libc.so.6(clone+0x6d) [0x7f818b20203d]
[INFO ] 20191108_134742 DEV_SendLocatePara:126 -| Running In DEV_SendLocatePara...
    5: ./exe() [0x40a080]
    4: ./exe() [0x40a52b]
    3: ./exe() [0x405076]
    2: ./exe() [0x402c89]
    1: /lib/x86_64-linux-gnu/libpthread.so.0(+0x8184) [0x7f818bc0d184]
    0: /lib/x86_64-linux-gnu/libc.so.6(clone+0x6d) [0x7f818b20203d]
[INFO ] 20191108_134742 DEV_SendLocatePara:158 -| End DEV_SendLocatePara.
    5: ./exe() [0x40a080]
    4: ./exe() [0x40a52b]
    3: ./exe() [0x40521c]
    2: ./exe() [0x402c89]
    1: /lib/x86_64-linux-gnu/libpthread.so.0(+0x8184) [0x7f818bc0d184]
    0: /lib/x86_64-linux-gnu/libc.so.6(clone+0x6d) [0x7f818b20203d]
[ERROR] 20191108_134742 writeLenData:81 -| read ERROR In writeLenData!
    5: ./exe() [0x40a080]
    4: ./exe() [0x40a52b]
    3: ./exe() [0x403a3c]
    2: ./exe() [0x402ca8]
    1: /lib/x86_64-linux-gnu/libpthread.so.0(+0x8184) [0x7f818bc0d184]
    0: /lib/x86_64-linux-gnu/libc.so.6(clone+0x6d) [0x7f818b20203d]
[INFO ] 20191108_134752 DEV_SendLocatePara:126 -| Running In DEV_SendLocatePara...
    5: ./exe() [0x40a080]
    4: ./exe() [0x40a52b]
    3: ./exe() [0x405076]
    2: ./exe() [0x402c89]
    1: /lib/x86_64-linux-gnu/libpthread.so.0(+0x8184) [0x7f818bc0d184]
    0: /lib/x86_64-linux-gnu/libc.so.6(clone+0x6d) [0x7f818b20203d]
[INFO ] 20191108_134752 DEV_SendLocatePara:158 -| End DEV_SendLocatePara.
    5: ./exe() [0x40a080]
    4: ./exe() [0x40a52b]
    3: ./exe() [0x40521c]
    2: ./exe() [0x402c89]
    1: /lib/x86_64-linux-gnu/libpthread.so.0(+0x8184) [0x7f818bc0d184]
    0: /lib/x86_64-linux-gnu/libc.so.6(clone+0x6d) [0x7f818b20203d]
[INFO ] 20191108_134802 DEV_SendLocatePara:126 -| Running In DEV_SendLocatePara...
    5: ./exe() [0x40a080]
    4: ./exe() [0x40a52b]
    3: ./exe() [0x405076]
    2: ./exe() [0x402c89]
    1: /lib/x86_64-linux-gnu/libpthread.so.0(+0x8184) [0x7f818bc0d184]
    0: /lib/x86_64-linux-gnu/libc.so.6(clone+0x6d) [0x7f818b20203d]
[INFO ] 20191108_134802 DEV_SendLocatePara:158 -| End DEV_SendLocatePara.
    5: ./exe() [0x40a080]
    4: ./exe() [0x40a52b]
    3: ./exe() [0x40521c]
    2: ./exe() [0x402c89]
    1: /lib/x86_64-linux-gnu/libpthread.so.0(+0x8184) [0x7f818bc0d184]
    0: /lib/x86_64-linux-gnu/libc.so.6(clone+0x6d) [0x7f818b20203d]
[INFO ] 20191108_134812 DEV_SendLocatePara:126 -| Running In DEV_SendLocatePara...
    5: ./exe() [0x40a080]
    4: ./exe() [0x40a52b]
    3: ./exe() [0x405076]
    2: ./exe() [0x402c89]
    1: /lib/x86_64-linux-gnu/libpthread.so.0(+0x8184) [0x7f818bc0d184]
    0: /lib/x86_64-linux-gnu/libc.so.6(clone+0x6d) [0x7f818b20203d]
[INFO ] 20191108_134812 DEV_SendLocatePara:158 -| End DEV_SendLocatePara.
    5: ./exe() [0x40a080]
    4: ./exe() [0x40a52b]
    3: ./exe() [0x40521c]
    2: ./exe() [0x402c89]
    1: /lib/x86_64-linux-gnu/libpthread.so.0(+0x8184) [0x7f818bc0d184]
    0: /lib/x86_64-linux-gnu/libc.so.6(clone+0x6d) [0x7f818b20203d]
[INFO ] 20191108_134822 DEV_SendLocatePara:126 -| Running In DEV_SendLocatePara...
    5: ./exe() [0x40a080]
    4: ./exe() [0x40a52b]
    3: ./exe() [0x405076]
    2: ./exe() [0x402c89]
    1: /lib/x86_64-linux-gnu/libpthread.so.0(+0x8184) [0x7f818bc0d184]
    0: /lib/x86_64-linux-gnu/libc.so.6(clone+0x6d) [0x7f818b20203d]
[INFO ] 20191108_134822 DEV_SendLocatePara:158 -| End DEV_SendLocatePara.
    5: ./exe() [0x40a080]
    4: ./exe() [0x40a52b]
    3: ./exe() [0x40521c]
    2: ./exe() [0x402c89]
    1: /lib/x86_64-linux-gnu/libpthread.so.0(+0x8184) [0x7f818bc0d184]
    0: /lib/x86_64-linux-gnu/libc.so.6(clone+0x6d) [0x7f818b20203d]
[INFO ] 20191108_134832 DEV_SendLocatePara:126 -| Running In DEV_SendLocatePara...
    5: ./exe() [0x40a080]
    4: ./exe() [0x40a52b]
    3: ./exe() [0x405076]
    2: ./exe() [0x402c89]
    1: /lib/x86_64-linux-gnu/libpthread.so.0(+0x8184) [0x7f818bc0d184]
    0: /lib/x86_64-linux-gnu/libc.so.6(clone+0x6d) [0x7f818b20203d]
[INFO ] 20191108_134832 DEV_SendLocatePara:158 -| End DEV_SendLocatePara.
    5: ./exe() [0x40a080]
    4: ./exe() [0x40a52b]
    3: ./exe() [0x40521c]
    2: ./exe() [0x402c89]
    1: /lib/x86_64-linux-gnu/libpthread.so.0(+0x8184) [0x7f818bc0d184]
    0: /lib/x86_64-linux-gnu/libc.so.6(clone+0x6d) [0x7f818b20203d]
[INFO ] 20191108_134842 DEV_SendLocatePara:126 -| Running In DEV_SendLocatePara...
    5: ./exe() [0x40a080]
    4: ./exe() [0x40a52b]
    3: ./exe() [0x405076]
    2: ./exe() [0x402c89]
    1: /lib/x86_64-linux-gnu/libpthread.so.0(+0x8184) [0x7f818bc0d184]
    0: /lib/x86_64-linux-gnu/libc.so.6(clone+0x6d) [0x7f818b20203d]
[INFO ] 20191108_134842 DEV_SendLocatePara:158 -| End DEV_SendLocatePara.
    5: ./exe() [0x40a080]
    4: ./exe() [0x40a52b]
    3: ./exe() [0x40521c]
    2: ./exe() [0x402c89]
    1: /lib/x86_64-linux-gnu/libpthread.so.0(+0x8184) [0x7f818bc0d184]
    0: /lib/x86_64-linux-gnu/libc.so.6(clone+0x6d) [0x7f818b20203d]
[INFO ] 20191108_134852 DEV_SendLocatePara:126 -| Running In DEV_SendLocatePara...
    5: ./exe() [0x40a080]
    4: ./exe() [0x40a52b]
    3: ./exe() [0x405076]
    2: ./exe() [0x402c89]
    1: /lib/x86_64-linux-gnu/libpthread.so.0(+0x8184) [0x7f818bc0d184]
    0: /lib/x86_64-linux-gnu/libc.so.6(clone+0x6d) [0x7f818b20203d]
[INFO ] 20191108_134852 DEV_SendLocatePara:158 -| End DEV_SendLocatePara.
    5: ./exe() [0x40a080]
    4: ./exe() [0x40a52b]
    3: ./exe() [0x40521c]
    2: ./exe() [0x402c89]
    1: /lib/x86_64-linux-gnu/libpthread.so.0(+0x8184) [0x7f818bc0d184]
    0: /lib/x86_64-linux-gnu/libc.so.6(clone+0x6d) [0x7f818b20203d]
[INFO ] 20191108_134902 DEV_SendLocatePara:126 -| Running In DEV_SendLocatePara...
    5: ./exe() [0x40a080]
    4: ./exe() [0x40a52b]
    3: ./exe() [0x405076]
    2: ./exe() [0x402c89]
    1: /lib/x86_64-linux-gnu/libpthread.so.0(+0x8184) [0x7f818bc0d184]
    0: /lib/x86_64-linux-gnu/libc.so.6(clone+0x6d) [0x7f818b20203d]
[INFO ] 20191108_134902 DEV_SendLocatePara:158 -| End DEV_SendLocatePara.
    5: ./exe() [0x40a080]
    4: ./exe() [0x40a52b]
    3: ./exe() [0x40521c]
    2: ./exe() [0x402c89]
    1: /lib/x86_64-linux-gnu/libpthread.so.0(+0x8184) [0x7f818bc0d184]
    0: /lib/x86_64-linux-gnu/libc.so.6(clone+0x6d) [0x7f818b20203d]
[INFO ] 20191108_134912 DEV_SendLocatePara:126 -| Running In DEV_SendLocatePara...
    5: ./exe() [0x40a080]
    4: ./exe() [0x40a52b]
    3: ./exe() [0x405076]
    2: ./exe() [0x402c89]
    1: /lib/x86_64-linux-gnu/libpthread.so.0(+0x8184) [0x7f818bc0d184]
    0: /lib/x86_64-linux-gnu/libc.so.6(clone+0x6d) [0x7f818b20203d]
[INFO ] 20191108_134912 DEV_SendLocatePara:158 -| End DEV_SendLocatePara.
    5: ./exe() [0x40a080]
    4: ./exe() [0x40a52b]
    3: ./exe() [0x40521c]
    2: ./exe() [0x402c89]
    1: /lib/x86_64-linux-gnu/libpthread.so.0(+0x8184) [0x7f818bc0d184]
    0: /lib/x86_64-linux-gnu/libc.so.6(clone+0x6d) [0x7f818b20203d]
[INFO ] 20191108_134922 DEV_SendLocatePara:126 -| Running In DEV_SendLocatePara...
    5: ./exe() [0x40a080]
    4: ./exe() [0x40a52b]
    3: ./exe() [0x405076]
    2: ./exe() [0x402c89]
    1: /lib/x86_64-linux-gnu/libpthread.so.0(+0x8184) [0x7f818bc0d184]
    0: /lib/x86_64-linux-gnu/libc.so.6(clone+0x6d) [0x7f818b20203d]
[INFO ] 20191108_134922 DEV_SendLocatePara:158 -| End DEV_SendLocatePara.
    5: ./exe() [0x40a080]
    4: ./exe() [0x40a52b]
    3: ./exe() [0x40521c]
    2: ./exe() [0x402c89]
    1: /lib/x86_64-linux-gnu/libpthread.so.0(+0x8184) [0x7f818bc0d184]
    0: /lib/x86_64-linux-gnu/libc.so.6(clone+0x6d) [0x7f818b20203d]
[INFO ] 20191108_134932 DEV_SendLocatePara:126 -| Running In DEV_SendLocatePara...
    5: ./exe() [0x40a080]
    4: ./exe() [0x40a52b]
    3: ./exe() [0x405076]
    2: ./exe() [0x402c89]
    1: /lib/x86_64-linux-gnu/libpthread.so.0(+0x8184) [0x7f818bc0d184]
    0: /lib/x86_64-linux-gnu/libc.so.6(clone+0x6d) [0x7f818b20203d]
[INFO ] 20191108_134932 DEV_SendLocatePara:158 -| End DEV_SendLocatePara.
    5: ./exe() [0x40a080]
    4: ./exe() [0x40a52b]
    3: ./exe() [0x40521c]
    2: ./exe() [0x402c89]
    1: /lib/x86_64-linux-gnu/libpthread.so.0(+0x8184) [0x7f818bc0d184]
    0: /lib/x86_64-linux-gnu/libc.so.6(clone+0x6d) [0x7f818b20203d]
[INFO ] 20191108_134942 DEV_SendLocatePara:126 -| Running In DEV_SendLocatePara...
    5: ./exe() [0x40a080]
    4: ./exe() [0x40a52b]
    3: ./exe() [0x405076]
    2: ./exe() [0x402c89]
    1: /lib/x86_64-linux-gnu/libpthread.so.0(+0x8184) [0x7f818bc0d184]
    0: /lib/x86_64-linux-gnu/libc.so.6(clone+0x6d) [0x7f818b20203d]
[INFO ] 20191108_134942 DEV_SendLocatePara:158 -| End DEV_SendLocatePara.
    5: ./exe() [0x40a080]
    4: ./exe() [0x40a52b]
    3: ./exe() [0x40521c]
    2: ./exe() [0x402c89]
    1: /lib/x86_64-linux-gnu/libpthread.so.0(+0x8184) [0x7f818bc0d184]
    0: /lib/x86_64-linux-gnu/libc.so.6(clone+0x6d) [0x7f818b20203d]
[INFO ] 20191108_134952 DEV_SendLocatePara:126 -| Running In DEV_SendLocatePara...
    5: ./exe() [0x40a080]
    4: ./exe() [0x40a52b]
    3: ./exe() [0x405076]
    2: ./exe() [0x402c89]
    1: /lib/x86_64-linux-gnu/libpthread.so.0(+0x8184) [0x7f818bc0d184]
    0: /lib/x86_64-linux-gnu/libc.so.6(clone+0x6d) [0x7f818b20203d]
[INFO ] 20191108_134952 DEV_SendLocatePara:158 -| End DEV_SendLocatePara.
    5: ./exe() [0x40a080]
    4: ./exe() [0x40a52b]
    3: ./exe() [0x40521c]
    2: ./exe() [0x402c89]
    1: /lib/x86_64-linux-gnu/libpthread.so.0(+0x8184) [0x7f818bc0d184]
    0: /lib/x86_64-linux-gnu/libc.so.6(clone+0x6d) [0x7f818b20203d]
[INFO ] 20191108_135002 DEV_SendLocatePara:126 -| Running In DEV_SendLocatePara...
    5: ./exe() [0x40a080]
    4: ./exe() [0x40a52b]
    3: ./exe() [0x405076]
    2: ./exe() [0x402c89]
    1: /lib/x86_64-linux-gnu/libpthread.so.0(+0x8184) [0x7f818bc0d184]
    0: /lib/x86_64-linux-gnu/libc.so.6(clone+0x6d) [0x7f818b20203d]
[INFO ] 20191108_135002 DEV_SendLocatePara:158 -| End DEV_SendLocatePara.
    5: ./exe() [0x40a080]
    4: ./exe() [0x40a52b]
    3: ./exe() [0x40521c]
    2: ./exe() [0x402c89]
    1: /lib/x86_64-linux-gnu/libpthread.so.0(+0x8184) [0x7f818bc0d184]
    0: /lib/x86_64-linux-gnu/libc.so.6(clone+0x6d) [0x7f818b20203d]
[INFO ] 20191108_135012 DEV_SendLocatePara:126 -| Running In DEV_SendLocatePara...
    5: ./exe() [0x40a080]
    4: ./exe() [0x40a52b]
    3: ./exe() [0x405076]
    2: ./exe() [0x402c89]
    1: /lib/x86_64-linux-gnu/libpthread.so.0(+0x8184) [0x7f818bc0d184]
    0: /lib/x86_64-linux-gnu/libc.so.6(clone+0x6d) [0x7f818b20203d]
[INFO ] 20191108_135012 DEV_SendLocatePara:158 -| End DEV_SendLocatePara.
    5: ./exe() [0x40a080]
    4: ./exe() [0x40a52b]
    3: ./exe() [0x40521c]
    2: ./exe() [0x402c89]
    1: /lib/x86_64-linux-gnu/libpthread.so.0(+0x8184) [0x7f818bc0d184]
    0: /lib/x86_64-linux-gnu/libc.so.6(clone+0x6d) [0x7f818b20203d]
[INFO ] 20191108_135022 DEV_SendLocatePara:126 -| Running In DEV_SendLocatePara...
    5: ./exe() [0x40a080]
    4: ./exe() [0x40a52b]
    3: ./exe() [0x405076]
    2: ./exe() [0x402c89]
    1: /lib/x86_64-linux-gnu/libpthread.so.0(+0x8184) [0x7f818bc0d184]
    0: /lib/x86_64-linux-gnu/libc.so.6(clone+0x6d) [0x7f818b20203d]
[INFO ] 20191108_135022 DEV_SendLocatePara:158 -| End DEV_SendLocatePara.
    5: ./exe() [0x40a080]
    4: ./exe() [0x40a52b]
    3: ./exe() [0x40521c]
    2: ./exe() [0x402c89]
    1: /lib/x86_64-linux-gnu/libpthread.so.0(+0x8184) [0x7f818bc0d184]
    0: /lib/x86_64-linux-gnu/libc.so.6(clone+0x6d) [0x7f818b20203d]
[INFO ] 20191108_135032 DEV_SendLocatePara:126 -| Running In DEV_SendLocatePara...
    5: ./exe() [0x40a080]
    4: ./exe() [0x40a52b]
    3: ./exe() [0x405076]
    2: ./exe() [0x402c89]
    1: /lib/x86_64-linux-gnu/libpthread.so.0(+0x8184) [0x7f818bc0d184]
    0: /lib/x86_64-linux-gnu/libc.so.6(clone+0x6d) [0x7f818b20203d]
[INFO ] 20191108_135032 DEV_SendLocatePara:158 -| End DEV_SendLocatePara.
    5: ./exe() [0x40a080]
    4: ./exe() [0x40a52b]
    3: ./exe() [0x40521c]
    2: ./exe() [0x402c89]
    1: /lib/x86_64-linux-gnu/libpthread.so.0(+0x8184) [0x7f818bc0d184]
    0: /lib/x86_64-linux-gnu/libc.so.6(clone+0x6d) [0x7f818b20203d]
