[INFO ] 20191108_142902 signal_hander:491 -| get SIGALRM
[INFO ] 20191108_142902 signal_hander:497 -| signal_hander write data lens:78, data:000200010000ffff00030023003200630011000200032019110716163300000000000000550001
    11: ./exe() [0x40a0c5]
    10: ./exe() [0x40a570]
    9: ./exe() [0x40326f]
    8: /lib/x86_64-linux-gnu/libc.so.6(+0x36cb0) [0x7f8f02726cb0]
    7: /lib/x86_64-linux-gnu/libc.so.6(__read+0x2b) [0x7f8f027df37b]
    6: /lib/x86_64-linux-gnu/libc.so.6(_IO_file_underflow+0x130) [0x7f8f0276a5b0]
    5: /lib/x86_64-linux-gnu/libc.so.6(_IO_default_uflow+0xe) [0x7f8f0276b53e]
    4: /lib/x86_64-linux-gnu/libc.so.6(_IO_vfscanf+0x41a2) [0x7f8f027487d2]
    3: /lib/x86_64-linux-gnu/libc.so.6(__isoc99_scanf+0x109) [0x7f8f0274de19]
    2: ./exe() [0x403563]
    1: /lib/x86_64-linux-gnu/libc.so.6(__libc_start_main+0xf5) [0x7f8f02711f45]
    0: ./exe() [0x402469]
[INFO ] 20191108_142904 signal_hander:491 -| get SIGALRM
[INFO ] 20191108_142904 signal_hander:497 -| signal_hander write data lens:78, data:000200010000ffff00030023003200630011000200032019110716163300000000000000550001
    11: ./exe() [0x40a0c5]
    10: ./exe() [0x40a570]
    9: ./exe() [0x40326f]
    8: /lib/x86_64-linux-gnu/libc.so.6(+0x36cb0) [0x7f8f02726cb0]
    7: /lib/x86_64-linux-gnu/libc.so.6(__read+0x2b) [0x7f8f027df37b]
    6: /lib/x86_64-linux-gnu/libc.so.6(_IO_file_underflow+0x130) [0x7f8f0276a5b0]
    5: /lib/x86_64-linux-gnu/libc.so.6(_IO_default_uflow+0xe) [0x7f8f0276b53e]
    4: /lib/x86_64-linux-gnu/libc.so.6(_IO_vfscanf+0x41a2) [0x7f8f027487d2]
    3: /lib/x86_64-linux-gnu/libc.so.6(__isoc99_scanf+0x109) [0x7f8f0274de19]
    2: ./exe() [0x403563]
    1: /lib/x86_64-linux-gnu/libc.so.6(__libc_start_main+0xf5) [0x7f8f02711f45]
    0: ./exe() [0x402469]
[INFO ] 20191108_142906 signal_hander:491 -| get SIGALRM
[INFO ] 20191108_142906 signal_hander:497 -| signal_hander write data lens:78, data:000200010000ffff00030023003200630011000200032019110716163300000000000000550001
    11: ./exe() [0x40a0c5]
    10: ./exe() [0x40a570]
    9: ./exe() [0x40326f]
    8: /lib/x86_64-linux-gnu/libc.so.6(+0x36cb0) [0x7f8f02726cb0]
    7: /lib/x86_64-linux-gnu/libc.so.6(__read+0x2b) [0x7f8f027df37b]
    6: /lib/x86_64-linux-gnu/libc.so.6(_IO_file_underflow+0x130) [0x7f8f0276a5b0]
    5: /lib/x86_64-linux-gnu/libc.so.6(_IO_default_uflow+0xe) [0x7f8f0276b53e]
    4: /lib/x86_64-linux-gnu/libc.so.6(_IO_vfscanf+0x41a2) [0x7f8f027487d2]
    3: /lib/x86_64-linux-gnu/libc.so.6(__isoc99_scanf+0x109) [0x7f8f0274de19]
    2: ./exe() [0x403563]
    1: /lib/x86_64-linux-gnu/libc.so.6(__libc_start_main+0xf5) [0x7f8f02711f45]
    0: ./exe() [0x402469]
[INFO ] 20191108_142908 signal_hander:491 -| get SIGALRM
[INFO ] 20191108_142908 signal_hander:497 -| signal_hander write data lens:78, data:000200010000ffff00030023003200630011000200032019110716163300000000000000550001
    11: ./exe() [0x40a0c5]
    10: ./exe() [0x40a570]
    9: ./exe() [0x40326f]
    8: /lib/x86_64-linux-gnu/libc.so.6(+0x36cb0) [0x7f8f02726cb0]
    7: /lib/x86_64-linux-gnu/libc.so.6(__read+0x2b) [0x7f8f027df37b]
    6: /lib/x86_64-linux-gnu/libc.so.6(_IO_file_underflow+0x130) [0x7f8f0276a5b0]
    5: /lib/x86_64-linux-gnu/libc.so.6(_IO_default_uflow+0xe) [0x7f8f0276b53e]
    4: /lib/x86_64-linux-gnu/libc.so.6(_IO_vfscanf+0x41a2) [0x7f8f027487d2]
    3: /lib/x86_64-linux-gnu/libc.so.6(__isoc99_scanf+0x109) [0x7f8f0274de19]
    2: ./exe() [0x403563]
    1: /lib/x86_64-linux-gnu/libc.so.6(__libc_start_main+0xf5) [0x7f8f02711f45]
    0: ./exe() [0x402469]
[INFO ] 20191108_142910 signal_hander:491 -| get SIGALRM
[INFO ] 20191108_142910 signal_hander:497 -| signal_hander write data lens:78, data:000200010000ffff00030023003200630011000200032019110716163300000000000000550001
    11: ./exe() [0x40a0c5]
    10: ./exe() [0x40a570]
    9: ./exe() [0x40326f]
    8: /lib/x86_64-linux-gnu/libc.so.6(+0x36cb0) [0x7f8f02726cb0]
    7: /lib/x86_64-linux-gnu/libc.so.6(__read+0x2b) [0x7f8f027df37b]
    6: /lib/x86_64-linux-gnu/libc.so.6(_IO_file_underflow+0x130) [0x7f8f0276a5b0]
    5: /lib/x86_64-linux-gnu/libc.so.6(_IO_default_uflow+0xe) [0x7f8f0276b53e]
    4: /lib/x86_64-linux-gnu/libc.so.6(_IO_vfscanf+0x41a2) [0x7f8f027487d2]
    3: /lib/x86_64-linux-gnu/libc.so.6(__isoc99_scanf+0x109) [0x7f8f0274de19]
    2: ./exe() [0x403563]
    1: /lib/x86_64-linux-gnu/libc.so.6(__libc_start_main+0xf5) [0x7f8f02711f45]
    0: ./exe() [0x402469]
[INFO ] 20191108_142912 signal_hander:491 -| get SIGALRM
[INFO ] 20191108_142912 signal_hander:497 -| signal_hander write data lens:78, data:000200010000ffff00030023003200630011000200032019110716163300000000000000550001
    11: ./exe() [0x40a0c5]
    10: ./exe() [0x40a570]
    9: ./exe() [0x40326f]
    8: /lib/x86_64-linux-gnu/libc.so.6(+0x36cb0) [0x7f8f02726cb0]
    7: /lib/x86_64-linux-gnu/libc.so.6(__read+0x2b) [0x7f8f027df37b]
    6: /lib/x86_64-linux-gnu/libc.so.6(_IO_file_underflow+0x130) [0x7f8f0276a5b0]
    5: /lib/x86_64-linux-gnu/libc.so.6(_IO_default_uflow+0xe) [0x7f8f0276b53e]
    4: /lib/x86_64-linux-gnu/libc.so.6(_IO_vfscanf+0x41a2) [0x7f8f027487d2]
    3: /lib/x86_64-linux-gnu/libc.so.6(__isoc99_scanf+0x109) [0x7f8f0274de19]
    2: ./exe() [0x403563]
    1: /lib/x86_64-linux-gnu/libc.so.6(__libc_start_main+0xf5) [0x7f8f02711f45]
    0: ./exe() [0x402469]
[INFO ] 20191108_142914 signal_hander:491 -| get SIGALRM
[INFO ] 20191108_142914 signal_hander:497 -| signal_hander write data lens:78, data:000200010000ffff00030023003200630011000200032019110716163300000000000000550001
    11: ./exe() [0x40a0c5]
    10: ./exe() [0x40a570]
    9: ./exe() [0x40326f]
    8: /lib/x86_64-linux-gnu/libc.so.6(+0x36cb0) [0x7f8f02726cb0]
    7: /lib/x86_64-linux-gnu/libc.so.6(__read+0x2b) [0x7f8f027df37b]
    6: /lib/x86_64-linux-gnu/libc.so.6(_IO_file_underflow+0x130) [0x7f8f0276a5b0]
    5: /lib/x86_64-linux-gnu/libc.so.6(_IO_default_uflow+0xe) [0x7f8f0276b53e]
    4: /lib/x86_64-linux-gnu/libc.so.6(_IO_vfscanf+0x41a2) [0x7f8f027487d2]
    3: /lib/x86_64-linux-gnu/libc.so.6(__isoc99_scanf+0x109) [0x7f8f0274de19]
    2: ./exe() [0x403563]
    1: /lib/x86_64-linux-gnu/libc.so.6(__libc_start_main+0xf5) [0x7f8f02711f45]
    0: ./exe() [0x402469]
[INFO ] 20191108_142916 signal_hander:491 -| get SIGALRM
[INFO ] 20191108_142916 signal_hander:497 -| signal_hander write data lens:78, data:000200010000ffff00030023003200630011000200032019110716163300000000000000550001
    11: ./exe() [0x40a0c5]
    10: ./exe() [0x40a570]
    9: ./exe() [0x40326f]
    8: /lib/x86_64-linux-gnu/libc.so.6(+0x36cb0) [0x7f8f02726cb0]
    7: /lib/x86_64-linux-gnu/libc.so.6(__read+0x2b) [0x7f8f027df37b]
    6: /lib/x86_64-linux-gnu/libc.so.6(_IO_file_underflow+0x130) [0x7f8f0276a5b0]
    5: /lib/x86_64-linux-gnu/libc.so.6(_IO_default_uflow+0xe) [0x7f8f0276b53e]
    4: /lib/x86_64-linux-gnu/libc.so.6(_IO_vfscanf+0x41a2) [0x7f8f027487d2]
    3: /lib/x86_64-linux-gnu/libc.so.6(__isoc99_scanf+0x109) [0x7f8f0274de19]
    2: ./exe() [0x403563]
    1: /lib/x86_64-linux-gnu/libc.so.6(__libc_start_main+0xf5) [0x7f8f02711f45]
    0: ./exe() [0x402469]
[INFO ] 20191108_142918 signal_hander:491 -| get SIGALRM
[INFO ] 20191108_142918 signal_hander:497 -| signal_hander write data lens:78, data:000200010000ffff00030023003200630011000200032019110716163300000000000000550001
    11: ./exe() [0x40a0c5]
    10: ./exe() [0x40a570]
    9: ./exe() [0x40326f]
    8: /lib/x86_64-linux-gnu/libc.so.6(+0x36cb0) [0x7f8f02726cb0]
    7: /lib/x86_64-linux-gnu/libc.so.6(__read+0x2b) [0x7f8f027df37b]
    6: /lib/x86_64-linux-gnu/libc.so.6(_IO_file_underflow+0x130) [0x7f8f0276a5b0]
    5: /lib/x86_64-linux-gnu/libc.so.6(_IO_default_uflow+0xe) [0x7f8f0276b53e]
    4: /lib/x86_64-linux-gnu/libc.so.6(_IO_vfscanf+0x41a2) [0x7f8f027487d2]
    3: /lib/x86_64-linux-gnu/libc.so.6(__isoc99_scanf+0x109) [0x7f8f0274de19]
    2: ./exe() [0x403563]
    1: /lib/x86_64-linux-gnu/libc.so.6(__libc_start_main+0xf5) [0x7f8f02711f45]
    0: ./exe() [0x402469]
[INFO ] 20191108_142920 signal_hander:491 -| get SIGALRM
[INFO ] 20191108_142920 signal_hander:497 -| signal_hander write data lens:78, data:000200010000ffff00030023003200630011000200032019110716163300000000000000550001
    11: ./exe() [0x40a0c5]
    10: ./exe() [0x40a570]
    9: ./exe() [0x40326f]
    8: /lib/x86_64-linux-gnu/libc.so.6(+0x36cb0) [0x7f8f02726cb0]
    7: /lib/x86_64-linux-gnu/libc.so.6(__read+0x2b) [0x7f8f027df37b]
    6: /lib/x86_64-linux-gnu/libc.so.6(_IO_file_underflow+0x130) [0x7f8f0276a5b0]
    5: /lib/x86_64-linux-gnu/libc.so.6(_IO_default_uflow+0xe) [0x7f8f0276b53e]
    4: /lib/x86_64-linux-gnu/libc.so.6(_IO_vfscanf+0x41a2) [0x7f8f027487d2]
    3: /lib/x86_64-linux-gnu/libc.so.6(__isoc99_scanf+0x109) [0x7f8f0274de19]
    2: ./exe() [0x403563]
    1: /lib/x86_64-linux-gnu/libc.so.6(__libc_start_main+0xf5) [0x7f8f02711f45]
    0: ./exe() [0x402469]
[INFO ] 20191108_142922 signal_hander:491 -| get SIGALRM
[INFO ] 20191108_142922 signal_hander:497 -| signal_hander write data lens:78, data:000200010000ffff00030023003200630011000200032019110716163300000000000000550001
    11: ./exe() [0x40a0c5]
    10: ./exe() [0x40a570]
    9: ./exe() [0x40326f]
    8: /lib/x86_64-linux-gnu/libc.so.6(+0x36cb0) [0x7f8f02726cb0]
    7: /lib/x86_64-linux-gnu/libc.so.6(__read+0x2b) [0x7f8f027df37b]
    6: /lib/x86_64-linux-gnu/libc.so.6(_IO_file_underflow+0x130) [0x7f8f0276a5b0]
    5: /lib/x86_64-linux-gnu/libc.so.6(_IO_default_uflow+0xe) [0x7f8f0276b53e]
    4: /lib/x86_64-linux-gnu/libc.so.6(_IO_vfscanf+0x41a2) [0x7f8f027487d2]
    3: /lib/x86_64-linux-gnu/libc.so.6(__isoc99_scanf+0x109) [0x7f8f0274de19]
    2: ./exe() [0x403563]
    1: /lib/x86_64-linux-gnu/libc.so.6(__libc_start_main+0xf5) [0x7f8f02711f45]
    0: ./exe() [0x402469]
[INFO ] 20191108_142924 signal_hander:491 -| get SIGALRM
[INFO ] 20191108_142924 signal_hander:497 -| signal_hander write data lens:78, data:000200010000ffff00030023003200630011000200032019110716163300000000000000550001
    11: ./exe() [0x40a0c5]
    10: ./exe() [0x40a570]
    9: ./exe() [0x40326f]
    8: /lib/x86_64-linux-gnu/libc.so.6(+0x36cb0) [0x7f8f02726cb0]
    7: /lib/x86_64-linux-gnu/libc.so.6(__read+0x2b) [0x7f8f027df37b]
    6: /lib/x86_64-linux-gnu/libc.so.6(_IO_file_underflow+0x130) [0x7f8f0276a5b0]
    5: /lib/x86_64-linux-gnu/libc.so.6(_IO_default_uflow+0xe) [0x7f8f0276b53e]
    4: /lib/x86_64-linux-gnu/libc.so.6(_IO_vfscanf+0x41a2) [0x7f8f027487d2]
    3: /lib/x86_64-linux-gnu/libc.so.6(__isoc99_scanf+0x109) [0x7f8f0274de19]
    2: ./exe() [0x403563]
    1: /lib/x86_64-linux-gnu/libc.so.6(__libc_start_main+0xf5) [0x7f8f02711f45]
    0: ./exe() [0x402469]
[INFO ] 20191108_142926 signal_hander:491 -| get SIGALRM
[INFO ] 20191108_142926 signal_hander:497 -| signal_hander write data lens:78, data:000200010000ffff00030023003200630011000200032019110716163300000000000000550001
    11: ./exe() [0x40a0c5]
    10: ./exe() [0x40a570]
    9: ./exe() [0x40326f]
    8: /lib/x86_64-linux-gnu/libc.so.6(+0x36cb0) [0x7f8f02726cb0]
    7: /lib/x86_64-linux-gnu/libc.so.6(__read+0x2b) [0x7f8f027df37b]
    6: /lib/x86_64-linux-gnu/libc.so.6(_IO_file_underflow+0x130) [0x7f8f0276a5b0]
    5: /lib/x86_64-linux-gnu/libc.so.6(_IO_default_uflow+0xe) [0x7f8f0276b53e]
    4: /lib/x86_64-linux-gnu/libc.so.6(_IO_vfscanf+0x41a2) [0x7f8f027487d2]
    3: /lib/x86_64-linux-gnu/libc.so.6(__isoc99_scanf+0x109) [0x7f8f0274de19]
    2: ./exe() [0x403563]
    1: /lib/x86_64-linux-gnu/libc.so.6(__libc_start_main+0xf5) [0x7f8f02711f45]
    0: ./exe() [0x402469]
