[INFO ] 20191105_210253 main:408 -| Create th_RDWR thread success!
    4: ./exe() [0x409d00]
    3: ./exe() [0x40a1ab]
    2: ./exe() [0x4030d3]
    1: /lib/x86_64-linux-gnu/libc.so.6(__libc_start_main+0xf5) [0x7fe94b530f45]
    0: ./exe() [0x402469]
[ERROR] 20191105_210307 DecodeRecvHead:187 -| Msg type ERROR! source:0, target:0
    5: ./exe() [0x409d00]
    4: ./exe() [0x40a1ab]
    3: ./exe() [0x403a6d]
    2: ./exe() [0x402817]
    1: /lib/x86_64-linux-gnu/libpthread.so.0(+0x8184) [0x7fe94c018184]
    0: /lib/x86_64-linux-gnu/libc.so.6(clone+0x6d) [0x7fe94b60d03d]
[INFO ] 20191105_210307 th_RDWR:163 -| th_RDWR read data lens:0, data:

    4: ./exe() [0x409d00]
    3: ./exe() [0x40a1ab]
    2: ./exe() [0x4028a8]
    1: /lib/x86_64-linux-gnu/libpthread.so.0(+0x8184) [0x7fe94c018184]
    0: /lib/x86_64-linux-gnu/libc.so.6(clone+0x6d) [0x7fe94b60d03d]
[ERROR] 20191105_210307 DecodeRecvData:210 -| MakeSendData ILLEGAL ARGUMENT! input str lens:0 data:
    5: ./exe() [0x409d00]
    4: ./exe() [0x40a1ab]
    3: ./exe() [0x403b5b]
    2: ./exe() [0x4028bf]
    1: /lib/x86_64-linux-gnu/libpthread.so.0(+0x8184) [0x7fe94c018184]
    0: /lib/x86_64-linux-gnu/libc.so.6(clone+0x6d) [0x7fe94b60d03d]
[ERROR] 20191105_210307 writeLenData:81 -| read ERROR In writeLenData!
    5: ./exe() [0x409d00]
    4: ./exe() [0x40a1ab]
    3: ./exe() [0x4036ab]
    2: ./exe() [0x4028de]
    1: /lib/x86_64-linux-gnu/libpthread.so.0(+0x8184) [0x7fe94c018184]
    0: /lib/x86_64-linux-gnu/libc.so.6(clone+0x6d) [0x7fe94b60d03d]
[ERROR] 20191105_210317 DecodeRecvHead:187 -| Msg type ERROR! source:0, target:0
    5: ./exe() [0x409d00]
    4: ./exe() [0x40a1ab]
    3: ./exe() [0x403a6d]
    2: ./exe() [0x402817]
    1: /lib/x86_64-linux-gnu/libpthread.so.0(+0x8184) [0x7fe94c018184]
    0: /lib/x86_64-linux-gnu/libc.so.6(clone+0x6d) [0x7fe94b60d03d]
[INFO ] 20191105_210317 th_RDWR:163 -| th_RDWR read data lens:0, data:

    4: ./exe() [0x409d00]
    3: ./exe() [0x40a1ab]
    2: ./exe() [0x4028a8]
    1: /lib/x86_64-linux-gnu/libpthread.so.0(+0x8184) [0x7fe94c018184]
    0: /lib/x86_64-linux-gnu/libc.so.6(clone+0x6d) [0x7fe94b60d03d]
[ERROR] 20191105_210317 DecodeRecvData:210 -| MakeSendData ILLEGAL ARGUMENT! input str lens:0 data:
    5: ./exe() [0x409d00]
    4: ./exe() [0x40a1ab]
    3: ./exe() [0x403b5b]
    2: ./exe() [0x4028bf]
    1: /lib/x86_64-linux-gnu/libpthread.so.0(+0x8184) [0x7fe94c018184]
    0: /lib/x86_64-linux-gnu/libc.so.6(clone+0x6d) [0x7fe94b60d03d]
[ERROR] 20191105_210317 writeLenData:81 -| read ERROR In writeLenData!
    5: ./exe() [0x409d00]
    4: ./exe() [0x40a1ab]
    3: ./exe() [0x4036ab]
    2: ./exe() [0x4028de]
    1: /lib/x86_64-linux-gnu/libpthread.so.0(+0x8184) [0x7fe94c018184]
    0: /lib/x86_64-linux-gnu/libc.so.6(clone+0x6d) [0x7fe94b60d03d]
