[INFO ] 20191108_135706 DEV_SendLocatePara:126 -| Running In DEV_SendLocatePara...
    5: ./exe() [0x40a080]
    4: ./exe() [0x40a52b]
    3: ./exe() [0x405076]
    2: ./exe() [0x402c89]
    1: /lib/x86_64-linux-gnu/libpthread.so.0(+0x8184) [0x7efca48ce184]
    0: /lib/x86_64-linux-gnu/libc.so.6(clone+0x6d) [0x7efca3ec303d]
[INFO ] 20191108_135706 DEV_SendLocatePara:158 -| End DEV_SendLocatePara.
    5: ./exe() [0x40a080]
    4: ./exe() [0x40a52b]
    3: ./exe() [0x40521c]
    2: ./exe() [0x402c89]
    1: /lib/x86_64-linux-gnu/libpthread.so.0(+0x8184) [0x7efca48ce184]
    0: /lib/x86_64-linux-gnu/libc.so.6(clone+0x6d) [0x7efca3ec303d]
[INFO ] 20191108_135716 DEV_SendLocatePara:126 -| Running In DEV_SendLocatePara...
    5: ./exe() [0x40a080]
    4: ./exe() [0x40a52b]
    3: ./exe() [0x405076]
    2: ./exe() [0x402c89]
    1: /lib/x86_64-linux-gnu/libpthread.so.0(+0x8184) [0x7efca48ce184]
    0: /lib/x86_64-linux-gnu/libc.so.6(clone+0x6d) [0x7efca3ec303d]
[INFO ] 20191108_135716 DEV_SendLocatePara:158 -| End DEV_SendLocatePara.
    5: ./exe() [0x40a080]
    4: ./exe() [0x40a52b]
    3: ./exe() [0x40521c]
    2: ./exe() [0x402c89]
    1: /lib/x86_64-linux-gnu/libpthread.so.0(+0x8184) [0x7efca48ce184]
    0: /lib/x86_64-linux-gnu/libc.so.6(clone+0x6d) [0x7efca3ec303d]
[INFO ] 20191108_135726 DEV_SendLocatePara:126 -| Running In DEV_SendLocatePara...
    5: ./exe() [0x40a080]
    4: ./exe() [0x40a52b]
    3: ./exe() [0x405076]
    2: ./exe() [0x402c89]
    1: /lib/x86_64-linux-gnu/libpthread.so.0(+0x8184) [0x7efca48ce184]
    0: /lib/x86_64-linux-gnu/libc.so.6(clone+0x6d) [0x7efca3ec303d]
[INFO ] 20191108_135726 DEV_SendLocatePara:158 -| End DEV_SendLocatePara.
    5: ./exe() [0x40a080]
    4: ./exe() [0x40a52b]
    3: ./exe() [0x40521c]
    2: ./exe() [0x402c89]
    1: /lib/x86_64-linux-gnu/libpthread.so.0(+0x8184) [0x7efca48ce184]
    0: /lib/x86_64-linux-gnu/libc.so.6(clone+0x6d) [0x7efca3ec303d]
[INFO ] 20191108_135736 DEV_SendLocatePara:126 -| Running In DEV_SendLocatePara...
    5: ./exe() [0x40a080]
    4: ./exe() [0x40a52b]
    3: ./exe() [0x405076]
    2: ./exe() [0x402c89]
    1: /lib/x86_64-linux-gnu/libpthread.so.0(+0x8184) [0x7efca48ce184]
    0: /lib/x86_64-linux-gnu/libc.so.6(clone+0x6d) [0x7efca3ec303d]
[INFO ] 20191108_135736 DEV_SendLocatePara:158 -| End DEV_SendLocatePara.
    5: ./exe() [0x40a080]
    4: ./exe() [0x40a52b]
    3: ./exe() [0x40521c]
    2: ./exe() [0x402c89]
    1: /lib/x86_64-linux-gnu/libpthread.so.0(+0x8184) [0x7efca48ce184]
    0: /lib/x86_64-linux-gnu/libc.so.6(clone+0x6d) [0x7efca3ec303d]
[INFO ] 20191108_135746 DEV_SendLocatePara:126 -| Running In DEV_SendLocatePara...
    5: ./exe() [0x40a080]
    4: ./exe() [0x40a52b]
    3: ./exe() [0x405076]
    2: ./exe() [0x402c89]
    1: /lib/x86_64-linux-gnu/libpthread.so.0(+0x8184) [0x7efca48ce184]
    0: /lib/x86_64-linux-gnu/libc.so.6(clone+0x6d) [0x7efca3ec303d]
[INFO ] 20191108_135746 DEV_SendLocatePara:158 -| End DEV_SendLocatePara.
    5: ./exe() [0x40a080]
    4: ./exe() [0x40a52b]
    3: ./exe() [0x40521c]
    2: ./exe() [0x402c89]
    1: /lib/x86_64-linux-gnu/libpthread.so.0(+0x8184) [0x7efca48ce184]
    0: /lib/x86_64-linux-gnu/libc.so.6(clone+0x6d) [0x7efca3ec303d]
[INFO ] 20191108_135756 DEV_SendLocatePara:126 -| Running In DEV_SendLocatePara...
    5: ./exe() [0x40a080]
    4: ./exe() [0x40a52b]
    3: ./exe() [0x405076]
    2: ./exe() [0x402c89]
    1: /lib/x86_64-linux-gnu/libpthread.so.0(+0x8184) [0x7efca48ce184]
    0: /lib/x86_64-linux-gnu/libc.so.6(clone+0x6d) [0x7efca3ec303d]
[INFO ] 20191108_135756 DEV_SendLocatePara:158 -| End DEV_SendLocatePara.
    5: ./exe() [0x40a080]
    4: ./exe() [0x40a52b]
    3: ./exe() [0x40521c]
    2: ./exe() [0x402c89]
    1: /lib/x86_64-linux-gnu/libpthread.so.0(+0x8184) [0x7efca48ce184]
    0: /lib/x86_64-linux-gnu/libc.so.6(clone+0x6d) [0x7efca3ec303d]
[INFO ] 20191108_135806 DEV_SendLocatePara:126 -| Running In DEV_SendLocatePara...
    5: ./exe() [0x40a080]
    4: ./exe() [0x40a52b]
    3: ./exe() [0x405076]
    2: ./exe() [0x402c89]
    1: /lib/x86_64-linux-gnu/libpthread.so.0(+0x8184) [0x7efca48ce184]
    0: /lib/x86_64-linux-gnu/libc.so.6(clone+0x6d) [0x7efca3ec303d]
[INFO ] 20191108_135806 DEV_SendLocatePara:158 -| End DEV_SendLocatePara.
    5: ./exe() [0x40a080]
    4: ./exe() [0x40a52b]
    3: ./exe() [0x40521c]
    2: ./exe() [0x402c89]
    1: /lib/x86_64-linux-gnu/libpthread.so.0(+0x8184) [0x7efca48ce184]
    0: /lib/x86_64-linux-gnu/libc.so.6(clone+0x6d) [0x7efca3ec303d]
[INFO ] 20191108_135816 DEV_SendLocatePara:126 -| Running In DEV_SendLocatePara...
    5: ./exe() [0x40a080]
    4: ./exe() [0x40a52b]
    3: ./exe() [0x405076]
    2: ./exe() [0x402c89]
    1: /lib/x86_64-linux-gnu/libpthread.so.0(+0x8184) [0x7efca48ce184]
    0: /lib/x86_64-linux-gnu/libc.so.6(clone+0x6d) [0x7efca3ec303d]
[INFO ] 20191108_135816 DEV_SendLocatePara:158 -| End DEV_SendLocatePara.
    5: ./exe() [0x40a080]
    4: ./exe() [0x40a52b]
    3: ./exe() [0x40521c]
    2: ./exe() [0x402c89]
    1: /lib/x86_64-linux-gnu/libpthread.so.0(+0x8184) [0x7efca48ce184]
    0: /lib/x86_64-linux-gnu/libc.so.6(clone+0x6d) [0x7efca3ec303d]
[INFO ] 20191108_135826 DEV_SendLocatePara:126 -| Running In DEV_SendLocatePara...
    5: ./exe() [0x40a080]
    4: ./exe() [0x40a52b]
    3: ./exe() [0x405076]
    2: ./exe() [0x402c89]
    1: /lib/x86_64-linux-gnu/libpthread.so.0(+0x8184) [0x7efca48ce184]
    0: /lib/x86_64-linux-gnu/libc.so.6(clone+0x6d) [0x7efca3ec303d]
[INFO ] 20191108_135826 DEV_SendLocatePara:158 -| End DEV_SendLocatePara.
    5: ./exe() [0x40a080]
    4: ./exe() [0x40a52b]
    3: ./exe() [0x40521c]
    2: ./exe() [0x402c89]
    1: /lib/x86_64-linux-gnu/libpthread.so.0(+0x8184) [0x7efca48ce184]
    0: /lib/x86_64-linux-gnu/libc.so.6(clone+0x6d) [0x7efca3ec303d]
[INFO ] 20191108_135836 DEV_SendLocatePara:126 -| Running In DEV_SendLocatePara...
    5: ./exe() [0x40a080]
    4: ./exe() [0x40a52b]
    3: ./exe() [0x405076]
    2: ./exe() [0x402c89]
    1: /lib/x86_64-linux-gnu/libpthread.so.0(+0x8184) [0x7efca48ce184]
    0: /lib/x86_64-linux-gnu/libc.so.6(clone+0x6d) [0x7efca3ec303d]
[INFO ] 20191108_135836 DEV_SendLocatePara:158 -| End DEV_SendLocatePara.
    5: ./exe() [0x40a080]
    4: ./exe() [0x40a52b]
    3: ./exe() [0x40521c]
    2: ./exe() [0x402c89]
    1: /lib/x86_64-linux-gnu/libpthread.so.0(+0x8184) [0x7efca48ce184]
    0: /lib/x86_64-linux-gnu/libc.so.6(clone+0x6d) [0x7efca3ec303d]
[INFO ] 20191108_135846 DEV_SendLocatePara:126 -| Running In DEV_SendLocatePara...
    5: ./exe() [0x40a080]
    4: ./exe() [0x40a52b]
    3: ./exe() [0x405076]
    2: ./exe() [0x402c89]
    1: /lib/x86_64-linux-gnu/libpthread.so.0(+0x8184) [0x7efca48ce184]
    0: /lib/x86_64-linux-gnu/libc.so.6(clone+0x6d) [0x7efca3ec303d]
[INFO ] 20191108_135846 DEV_SendLocatePara:158 -| End DEV_SendLocatePara.
    5: ./exe() [0x40a080]
    4: ./exe() [0x40a52b]
    3: ./exe() [0x40521c]
    2: ./exe() [0x402c89]
    1: /lib/x86_64-linux-gnu/libpthread.so.0(+0x8184) [0x7efca48ce184]
    0: /lib/x86_64-linux-gnu/libc.so.6(clone+0x6d) [0x7efca3ec303d]
[INFO ] 20191108_135856 DEV_SendLocatePara:126 -| Running In DEV_SendLocatePara...
    5: ./exe() [0x40a080]
    4: ./exe() [0x40a52b]
    3: ./exe() [0x405076]
    2: ./exe() [0x402c89]
    1: /lib/x86_64-linux-gnu/libpthread.so.0(+0x8184) [0x7efca48ce184]
    0: /lib/x86_64-linux-gnu/libc.so.6(clone+0x6d) [0x7efca3ec303d]
[INFO ] 20191108_135856 DEV_SendLocatePara:158 -| End DEV_SendLocatePara.
    5: ./exe() [0x40a080]
    4: ./exe() [0x40a52b]
    3: ./exe() [0x40521c]
    2: ./exe() [0x402c89]
    1: /lib/x86_64-linux-gnu/libpthread.so.0(+0x8184) [0x7efca48ce184]
    0: /lib/x86_64-linux-gnu/libc.so.6(clone+0x6d) [0x7efca3ec303d]
[INFO ] 20191108_135906 DEV_SendLocatePara:126 -| Running In DEV_SendLocatePara...
    5: ./exe() [0x40a080]
    4: ./exe() [0x40a52b]
    3: ./exe() [0x405076]
    2: ./exe() [0x402c89]
    1: /lib/x86_64-linux-gnu/libpthread.so.0(+0x8184) [0x7efca48ce184]
    0: /lib/x86_64-linux-gnu/libc.so.6(clone+0x6d) [0x7efca3ec303d]
[INFO ] 20191108_135906 DEV_SendLocatePara:158 -| End DEV_SendLocatePara.
    5: ./exe() [0x40a080]
    4: ./exe() [0x40a52b]
    3: ./exe() [0x40521c]
    2: ./exe() [0x402c89]
    1: /lib/x86_64-linux-gnu/libpthread.so.0(+0x8184) [0x7efca48ce184]
    0: /lib/x86_64-linux-gnu/libc.so.6(clone+0x6d) [0x7efca3ec303d]
[INFO ] 20191108_135916 DEV_SendLocatePara:126 -| Running In DEV_SendLocatePara...
    5: ./exe() [0x40a080]
    4: ./exe() [0x40a52b]
    3: ./exe() [0x405076]
    2: ./exe() [0x402c89]
    1: /lib/x86_64-linux-gnu/libpthread.so.0(+0x8184) [0x7efca48ce184]
    0: /lib/x86_64-linux-gnu/libc.so.6(clone+0x6d) [0x7efca3ec303d]
[INFO ] 20191108_135916 DEV_SendLocatePara:158 -| End DEV_SendLocatePara.
    5: ./exe() [0x40a080]
    4: ./exe() [0x40a52b]
    3: ./exe() [0x40521c]
    2: ./exe() [0x402c89]
    1: /lib/x86_64-linux-gnu/libpthread.so.0(+0x8184) [0x7efca48ce184]
    0: /lib/x86_64-linux-gnu/libc.so.6(clone+0x6d) [0x7efca3ec303d]
[INFO ] 20191108_135926 DEV_SendLocatePara:126 -| Running In DEV_SendLocatePara...
    5: ./exe() [0x40a080]
    4: ./exe() [0x40a52b]
    3: ./exe() [0x405076]
    2: ./exe() [0x402c89]
    1: /lib/x86_64-linux-gnu/libpthread.so.0(+0x8184) [0x7efca48ce184]
    0: /lib/x86_64-linux-gnu/libc.so.6(clone+0x6d) [0x7efca3ec303d]
[INFO ] 20191108_135926 DEV_SendLocatePara:158 -| End DEV_SendLocatePara.
    5: ./exe() [0x40a080]
    4: ./exe() [0x40a52b]
    3: ./exe() [0x40521c]
    2: ./exe() [0x402c89]
    1: /lib/x86_64-linux-gnu/libpthread.so.0(+0x8184) [0x7efca48ce184]
    0: /lib/x86_64-linux-gnu/libc.so.6(clone+0x6d) [0x7efca3ec303d]
[INFO ] 20191108_135936 DEV_SendLocatePara:126 -| Running In DEV_SendLocatePara...
    5: ./exe() [0x40a080]
    4: ./exe() [0x40a52b]
    3: ./exe() [0x405076]
    2: ./exe() [0x402c89]
    1: /lib/x86_64-linux-gnu/libpthread.so.0(+0x8184) [0x7efca48ce184]
    0: /lib/x86_64-linux-gnu/libc.so.6(clone+0x6d) [0x7efca3ec303d]
[INFO ] 20191108_135936 DEV_SendLocatePara:158 -| End DEV_SendLocatePara.
    5: ./exe() [0x40a080]
    4: ./exe() [0x40a52b]
    3: ./exe() [0x40521c]
    2: ./exe() [0x402c89]
    1: /lib/x86_64-linux-gnu/libpthread.so.0(+0x8184) [0x7efca48ce184]
    0: /lib/x86_64-linux-gnu/libc.so.6(clone+0x6d) [0x7efca3ec303d]
[INFO ] 20191108_135946 DEV_SendLocatePara:126 -| Running In DEV_SendLocatePara...
    5: ./exe() [0x40a080]
    4: ./exe() [0x40a52b]
    3: ./exe() [0x405076]
    2: ./exe() [0x402c89]
    1: /lib/x86_64-linux-gnu/libpthread.so.0(+0x8184) [0x7efca48ce184]
    0: /lib/x86_64-linux-gnu/libc.so.6(clone+0x6d) [0x7efca3ec303d]
[INFO ] 20191108_135946 DEV_SendLocatePara:158 -| End DEV_SendLocatePara.
    5: ./exe() [0x40a080]
    4: ./exe() [0x40a52b]
    3: ./exe() [0x40521c]
    2: ./exe() [0x402c89]
    1: /lib/x86_64-linux-gnu/libpthread.so.0(+0x8184) [0x7efca48ce184]
    0: /lib/x86_64-linux-gnu/libc.so.6(clone+0x6d) [0x7efca3ec303d]
[INFO ] 20191108_135956 DEV_SendLocatePara:126 -| Running In DEV_SendLocatePara...
    5: ./exe() [0x40a080]
    4: ./exe() [0x40a52b]
    3: ./exe() [0x405076]
    2: ./exe() [0x402c89]
    1: /lib/x86_64-linux-gnu/libpthread.so.0(+0x8184) [0x7efca48ce184]
    0: /lib/x86_64-linux-gnu/libc.so.6(clone+0x6d) [0x7efca3ec303d]
[INFO ] 20191108_135956 DEV_SendLocatePara:158 -| End DEV_SendLocatePara.
    5: ./exe() [0x40a080]
    4: ./exe() [0x40a52b]
    3: ./exe() [0x40521c]
    2: ./exe() [0x402c89]
    1: /lib/x86_64-linux-gnu/libpthread.so.0(+0x8184) [0x7efca48ce184]
    0: /lib/x86_64-linux-gnu/libc.so.6(clone+0x6d) [0x7efca3ec303d]
