[INFO ] 20191108_150925 DEV_SendLocatePara:126 -| Running In DEV_SendLocatePara...
    5: ./exe() [0x40a0fc]
    4: ./exe() [0x40a5a7]
    3: ./exe() [0x4050f2]
    2: ./exe() [0x402d3c]
    1: /lib/x86_64-linux-gnu/libpthread.so.0(+0x8184) [0x7ffa9ad5b184]
    0: /lib/x86_64-linux-gnu/libc.so.6(clone+0x6d) [0x7ffa9a35003d]
[INFO ] 20191108_150925 DEV_SendScanPara:68 -| Running In DEV_SendScanPara...
    5: ./exe() [0x40a0fc]
    4: ./exe() [0x40a5a7]
    3: ./exe() [0x404e7d]
    2: ./exe() [0x402c89]
    1: /lib/x86_64-linux-gnu/libpthread.so.0(+0x8184) [0x7ffa9ad5b184]
    0: /lib/x86_64-linux-gnu/libc.so.6(clone+0x6d) [0x7ffa9a35003d]
[INFO ] 20191108_150925 DEV_SendLocatePara:158 -| End DEV_SendLocatePara.
    5: ./exe() [0x40a0fc]
    4: ./exe() [0x40a5a7]
    3: ./exe() [0x405298]
    2: ./exe() [0x402d3c]
    1: /lib/x86_64-linux-gnu/libpthread.so.0(+0x8184) [0x7ffa9ad5b184]
    0: /lib/x86_64-linux-gnu/libc.so.6(clone+0x6d) [0x7ffa9a35003d]
[INFO ] 20191108_150925 DEV_SendScanPara:106 -| End DEV_SendScanPara.
    5: ./exe() [0x40a0fc]
    4: ./exe() [0x40a5a7]
    3: ./exe() [0x405077]
    2: ./exe() [0x402c89]
    1: /lib/x86_64-linux-gnu/libpthread.so.0(+0x8184) [0x7ffa9ad5b184]
    0: /lib/x86_64-linux-gnu/libc.so.6(clone+0x6d) [0x7ffa9a35003d]
[INFO ] 20191108_150935 DEV_SendLocatePara:126 -| Running In DEV_SendLocatePara...
    5: ./exe() [0x40a0fc]
    4: ./exe() [0x40a5a7]
    3: ./exe() [0x4050f2]
    2: ./exe() [0x402d3c]
    1: /lib/x86_64-linux-gnu/libpthread.so.0(+0x8184) [0x7ffa9ad5b184]
    0: /lib/x86_64-linux-gnu/libc.so.6(clone+0x6d) [0x7ffa9a35003d]
[INFO ] 20191108_150935 DEV_SendScanPara:68 -| Running In DEV_SendScanPara...
    5: ./exe() [0x40a0fc]
    4: ./exe() [0x40a5a7]
    3: ./exe() [0x404e7d]
    2: ./exe() [0x402c89]
    1: /lib/x86_64-linux-gnu/libpthread.so.0(+0x8184) [0x7ffa9ad5b184]
    0: /lib/x86_64-linux-gnu/libc.so.6(clone+0x6d) [0x7ffa9a35003d]
[INFO ] 20191108_150935 DEV_SendScanPara:106 -| End DEV_SendScanPara.
    5: ./exe() [0x40a0fc]
    4: ./exe() [0x40a5a7]
    3: ./exe() [0x405077]
    2: ./exe() [0x402c89]
    1: /lib/x86_64-linux-gnu/libpthread.so.0(+0x8184) [0x7ffa9ad5b184]
    0: /lib/x86_64-linux-gnu/libc.so.6(clone+0x6d) [0x7ffa9a35003d]
[INFO ] 20191108_150935 DEV_SendLocatePara:158 -| End DEV_SendLocatePara.
    5: ./exe() [0x40a0fc]
    4: ./exe() [0x40a5a7]
    3: ./exe() [0x405298]
    2: ./exe() [0x402d3c]
    1: /lib/x86_64-linux-gnu/libpthread.so.0(+0x8184) [0x7ffa9ad5b184]
    0: /lib/x86_64-linux-gnu/libc.so.6(clone+0x6d) [0x7ffa9a35003d]
[INFO ] 20191108_150945 DEV_SendScanPara:68 -| Running In DEV_SendScanPara...
    5: ./exe() [0x40a0fc]
    4: ./exe() [0x40a5a7]
    3: ./exe() [0x404e7d]
    2: ./exe() [0x402c89]
    1: /lib/x86_64-linux-gnu/libpthread.so.0(+0x8184) [0x7ffa9ad5b184]
    0: /lib/x86_64-linux-gnu/libc.so.6(clone+0x6d) [0x7ffa9a35003d]
[INFO ] 20191108_150945 DEV_SendLocatePara:126 -| Running In DEV_SendLocatePara...
    5: ./exe() [0x40a0fc]
    4: ./exe() [0x40a5a7]
    3: ./exe() [0x4050f2]
    2: ./exe() [0x402d3c]
    1: /lib/x86_64-linux-gnu/libpthread.so.0(+0x8184) [0x7ffa9ad5b184]
    0: /lib/x86_64-linux-gnu/libc.so.6(clone+0x6d) [0x7ffa9a35003d]
[INFO ] 20191108_150945 DEV_SendScanPara:106 -| End DEV_SendScanPara.
    5: ./exe() [0x40a0fc]
    4: ./exe() [0x40a5a7]
    3: ./exe() [0x405077]
    2: ./exe() [0x402c89]
    1: /lib/x86_64-linux-gnu/libpthread.so.0(+0x8184) [0x7ffa9ad5b184]
    0: /lib/x86_64-linux-gnu/libc.so.6(clone+0x6d) [0x7ffa9a35003d]
[INFO ] 20191108_150945 DEV_SendLocatePara:158 -| End DEV_SendLocatePara.
    5: ./exe() [0x40a0fc]
    4: ./exe() [0x40a5a7]
    3: ./exe() [0x405298]
    2: ./exe() [0x402d3c]
    1: /lib/x86_64-linux-gnu/libpthread.so.0(+0x8184) [0x7ffa9ad5b184]
    0: /lib/x86_64-linux-gnu/libc.so.6(clone+0x6d) [0x7ffa9a35003d]
