[INFO ] 20191031_092142 main:467 -| Create th_RDWR thread success!
    4: ./exe() [0x40a1fe]
    3: ./exe() [0x40a6a9]
    2: ./exe() [0x4034c0]
    1: /lib/x86_64-linux-gnu/libc.so.6(__libc_start_main+0xf5) [0x7f567f2ddf45]
    0: ./exe() [0x402469]
[INFO ] 20191031_092152 DEV_SendLocatePara:126 -| Running In DEV_SendLocatePara...
    5: ./exe() [0x40a1fe]
    4: ./exe() [0x40a6a9]
    3: ./exe() [0x4051e4]
    2: ./exe() [0x402dfd]
    1: /lib/x86_64-linux-gnu/libpthread.so.0(+0x8184) [0x7f567fdc5184]
    0: /lib/x86_64-linux-gnu/libc.so.6(clone+0x6d) [0x7f567f3ba03d]
[INFO ] 20191031_092152 DEV_SendLocatePara:158 -| End DEV_SendLocatePara.
    5: ./exe() [0x40a1fe]
    4: ./exe() [0x40a6a9]
    3: ./exe() [0x40538a]
    2: ./exe() [0x402dfd]
    1: /lib/x86_64-linux-gnu/libpthread.so.0(+0x8184) [0x7f567fdc5184]
    0: /lib/x86_64-linux-gnu/libc.so.6(clone+0x6d) [0x7f567f3ba03d]
[INFO ] 20191031_092202 DEV_SendLocatePara:126 -| Running In DEV_SendLocatePara...
    5: ./exe() [0x40a1fe]
    4: ./exe() [0x40a6a9]
    3: ./exe() [0x4051e4]
    2: ./exe() [0x402dfd]
    1: /lib/x86_64-linux-gnu/libpthread.so.0(+0x8184) [0x7f567fdc5184]
    0: /lib/x86_64-linux-gnu/libc.so.6(clone+0x6d) [0x7f567f3ba03d]
[INFO ] 20191031_092202 DEV_SendLocatePara:158 -| End DEV_SendLocatePara.
    5: ./exe() [0x40a1fe]
    4: ./exe() [0x40a6a9]
    3: ./exe() [0x40538a]
    2: ./exe() [0x402dfd]
    1: /lib/x86_64-linux-gnu/libpthread.so.0(+0x8184) [0x7f567fdc5184]
    0: /lib/x86_64-linux-gnu/libc.so.6(clone+0x6d) [0x7f567f3ba03d]
[INFO ] 20191031_092212 DEV_SendLocatePara:126 -| Running In DEV_SendLocatePara...
    5: ./exe() [0x40a1fe]
    4: ./exe() [0x40a6a9]
    3: ./exe() [0x4051e4]
    2: ./exe() [0x402dfd]
    1: /lib/x86_64-linux-gnu/libpthread.so.0(+0x8184) [0x7f567fdc5184]
    0: /lib/x86_64-linux-gnu/libc.so.6(clone+0x6d) [0x7f567f3ba03d]
[INFO ] 20191031_092212 DEV_SendLocatePara:158 -| End DEV_SendLocatePara.
    5: ./exe() [0x40a1fe]
    4: ./exe() [0x40a6a9]
    3: ./exe() [0x40538a]
    2: ./exe() [0x402dfd]
    1: /lib/x86_64-linux-gnu/libpthread.so.0(+0x8184) [0x7f567fdc5184]
    0: /lib/x86_64-linux-gnu/libc.so.6(clone+0x6d) [0x7f567f3ba03d]
[INFO ] 20191031_092222 DEV_SendLocatePara:126 -| Running In DEV_SendLocatePara...
    5: ./exe() [0x40a1fe]
    4: ./exe() [0x40a6a9]
    3: ./exe() [0x4051e4]
    2: ./exe() [0x402dfd]
    1: /lib/x86_64-linux-gnu/libpthread.so.0(+0x8184) [0x7f567fdc5184]
    0: /lib/x86_64-linux-gnu/libc.so.6(clone+0x6d) [0x7f567f3ba03d]
[INFO ] 20191031_092222 DEV_SendLocatePara:158 -| End DEV_SendLocatePara.
    5: ./exe() [0x40a1fe]
    4: ./exe() [0x40a6a9]
    3: ./exe() [0x40538a]
    2: ./exe() [0x402dfd]
    1: /lib/x86_64-linux-gnu/libpthread.so.0(+0x8184) [0x7f567fdc5184]
    0: /lib/x86_64-linux-gnu/libc.so.6(clone+0x6d) [0x7f567f3ba03d]
[INFO ] 20191031_092232 DEV_SendLocatePara:126 -| Running In DEV_SendLocatePara...
    5: ./exe() [0x40a1fe]
    4: ./exe() [0x40a6a9]
    3: ./exe() [0x4051e4]
    2: ./exe() [0x402dfd]
    1: /lib/x86_64-linux-gnu/libpthread.so.0(+0x8184) [0x7f567fdc5184]
    0: /lib/x86_64-linux-gnu/libc.so.6(clone+0x6d) [0x7f567f3ba03d]
[INFO ] 20191031_092232 DEV_SendLocatePara:158 -| End DEV_SendLocatePara.
    5: ./exe() [0x40a1fe]
    4: ./exe() [0x40a6a9]
    3: ./exe() [0x40538a]
    2: ./exe() [0x402dfd]
    1: /lib/x86_64-linux-gnu/libpthread.so.0(+0x8184) [0x7f567fdc5184]
    0: /lib/x86_64-linux-gnu/libc.so.6(clone+0x6d) [0x7f567f3ba03d]
[INFO ] 20191031_092242 DEV_SendLocatePara:126 -| Running In DEV_SendLocatePara...
    5: ./exe() [0x40a1fe]
    4: ./exe() [0x40a6a9]
    3: ./exe() [0x4051e4]
    2: ./exe() [0x402dfd]
    1: /lib/x86_64-linux-gnu/libpthread.so.0(+0x8184) [0x7f567fdc5184]
    0: /lib/x86_64-linux-gnu/libc.so.6(clone+0x6d) [0x7f567f3ba03d]
[INFO ] 20191031_092242 DEV_SendLocatePara:158 -| End DEV_SendLocatePara.
    5: ./exe() [0x40a1fe]
    4: ./exe() [0x40a6a9]
    3: ./exe() [0x40538a]
    2: ./exe() [0x402dfd]
    1: /lib/x86_64-linux-gnu/libpthread.so.0(+0x8184) [0x7f567fdc5184]
    0: /lib/x86_64-linux-gnu/libc.so.6(clone+0x6d) [0x7f567f3ba03d]
[INFO ] 20191031_092252 DEV_SendLocatePara:126 -| Running In DEV_SendLocatePara...
    5: ./exe() [0x40a1fe]
    4: ./exe() [0x40a6a9]
    3: ./exe() [0x4051e4]
    2: ./exe() [0x402dfd]
    1: /lib/x86_64-linux-gnu/libpthread.so.0(+0x8184) [0x7f567fdc5184]
    0: /lib/x86_64-linux-gnu/libc.so.6(clone+0x6d) [0x7f567f3ba03d]
[INFO ] 20191031_092252 DEV_SendLocatePara:158 -| End DEV_SendLocatePara.
    5: ./exe() [0x40a1fe]
    4: ./exe() [0x40a6a9]
    3: ./exe() [0x40538a]
    2: ./exe() [0x402dfd]
    1: /lib/x86_64-linux-gnu/libpthread.so.0(+0x8184) [0x7f567fdc5184]
    0: /lib/x86_64-linux-gnu/libc.so.6(clone+0x6d) [0x7f567f3ba03d]
[INFO ] 20191031_092302 DEV_SendLocatePara:126 -| Running In DEV_SendLocatePara...
    5: ./exe() [0x40a1fe]
    4: ./exe() [0x40a6a9]
    3: ./exe() [0x4051e4]
    2: ./exe() [0x402dfd]
    1: /lib/x86_64-linux-gnu/libpthread.so.0(+0x8184) [0x7f567fdc5184]
    0: /lib/x86_64-linux-gnu/libc.so.6(clone+0x6d) [0x7f567f3ba03d]
[INFO ] 20191031_092302 DEV_SendLocatePara:158 -| End DEV_SendLocatePara.
    5: ./exe() [0x40a1fe]
    4: ./exe() [0x40a6a9]
    3: ./exe() [0x40538a]
    2: ./exe() [0x402dfd]
    1: /lib/x86_64-linux-gnu/libpthread.so.0(+0x8184) [0x7f567fdc5184]
    0: /lib/x86_64-linux-gnu/libc.so.6(clone+0x6d) [0x7f567f3ba03d]
[INFO ] 20191031_092312 DEV_SendLocatePara:126 -| Running In DEV_SendLocatePara...
    5: ./exe() [0x40a1fe]
    4: ./exe() [0x40a6a9]
    3: ./exe() [0x4051e4]
    2: ./exe() [0x402dfd]
    1: /lib/x86_64-linux-gnu/libpthread.so.0(+0x8184) [0x7f567fdc5184]
    0: /lib/x86_64-linux-gnu/libc.so.6(clone+0x6d) [0x7f567f3ba03d]
[INFO ] 20191031_092312 DEV_SendLocatePara:158 -| End DEV_SendLocatePara.
    5: ./exe() [0x40a1fe]
    4: ./exe() [0x40a6a9]
    3: ./exe() [0x40538a]
    2: ./exe() [0x402dfd]
    1: /lib/x86_64-linux-gnu/libpthread.so.0(+0x8184) [0x7f567fdc5184]
    0: /lib/x86_64-linux-gnu/libc.so.6(clone+0x6d) [0x7f567f3ba03d]
