[INFO ] 20191108_140747 signal_hander:466 -| get SIGALRM
[INFO ] 20191108_140747 signal_hander:472 -| signal_hander write data lens:78, data:000200010000ffff00030023003200630011000200032019110716163300000000000000550001
    8: ./exe() [0x40a080]
    7: ./exe() [0x40a52b]
    6: ./exe() [0x4031bc]
    5: /lib/x86_64-linux-gnu/libc.so.6(+0x36cb0) [0x7f3ddaa83cb0]
    4: /lib/x86_64-linux-gnu/libc.so.6(sigprocmask+0x10) [0x7f3ddaa83ee0]
    3: /lib/x86_64-linux-gnu/libc.so.6(sleep+0x59) [0x7f3ddab11b69]
    2: ./exe() [0x4028e2]
    1: /lib/x86_64-linux-gnu/libpthread.so.0(+0x8184) [0x7f3ddb556184]
    0: /lib/x86_64-linux-gnu/libc.so.6(clone+0x6d) [0x7f3ddab4b03d]
[INFO ] 20191108_140748 signal_hander:466 -| get SIGALRM
[INFO ] 20191108_140748 signal_hander:472 -| signal_hander write data lens:78, data:000200010000ffff00030023003200630011000200032019110716163300000000000000550001
    11: ./exe() [0x40a080]
    10: ./exe() [0x40a52b]
    9: ./exe() [0x4031bc]
    8: /lib/x86_64-linux-gnu/libc.so.6(+0x36cb0) [0x7f3ddaa83cb0]
    7: /lib/x86_64-linux-gnu/libc.so.6(__read+0x2b) [0x7f3ddab3c37b]
    6: /lib/x86_64-linux-gnu/libc.so.6(_IO_file_underflow+0x130) [0x7f3ddaac75b0]
    5: /lib/x86_64-linux-gnu/libc.so.6(_IO_default_uflow+0xe) [0x7f3ddaac853e]
    4: /lib/x86_64-linux-gnu/libc.so.6(_IO_vfscanf+0x41a2) [0x7f3ddaaa57d2]
    3: /lib/x86_64-linux-gnu/libc.so.6(__isoc99_scanf+0x109) [0x7f3ddaaaae19]
    2: ./exe() [0x4034ec]
    1: /lib/x86_64-linux-gnu/libc.so.6(__libc_start_main+0xf5) [0x7f3ddaa6ef45]
    0: ./exe() [0x402469]
[INFO ] 20191108_140749 signal_hander:466 -| get SIGALRM
[INFO ] 20191108_140749 signal_hander:472 -| signal_hander write data lens:78, data:000200010000ffff00030023003200630011000200032019110716163300000000000000550001
    11: ./exe() [0x40a080]
    10: ./exe() [0x40a52b]
    9: ./exe() [0x4031bc]
    8: /lib/x86_64-linux-gnu/libc.so.6(+0x36cb0) [0x7f3ddaa83cb0]
    7: /lib/x86_64-linux-gnu/libc.so.6(__read+0x2b) [0x7f3ddab3c37b]
    6: /lib/x86_64-linux-gnu/libc.so.6(_IO_file_underflow+0x130) [0x7f3ddaac75b0]
    5: /lib/x86_64-linux-gnu/libc.so.6(_IO_default_uflow+0xe) [0x7f3ddaac853e]
    4: /lib/x86_64-linux-gnu/libc.so.6(_IO_vfscanf+0x41a2) [0x7f3ddaaa57d2]
    3: /lib/x86_64-linux-gnu/libc.so.6(__isoc99_scanf+0x109) [0x7f3ddaaaae19]
    2: ./exe() [0x4034ec]
    1: /lib/x86_64-linux-gnu/libc.so.6(__libc_start_main+0xf5) [0x7f3ddaa6ef45]
    0: ./exe() [0x402469]
[INFO ] 20191108_140750 signal_hander:466 -| get SIGALRM
[INFO ] 20191108_140750 signal_hander:472 -| signal_hander write data lens:78, data:000200010000ffff00030023003200630011000200032019110716163300000000000000550001
    11: ./exe() [0x40a080]
    10: ./exe() [0x40a52b]
    9: ./exe() [0x4031bc]
    8: /lib/x86_64-linux-gnu/libc.so.6(+0x36cb0) [0x7f3ddaa83cb0]
    7: /lib/x86_64-linux-gnu/libc.so.6(__read+0x2b) [0x7f3ddab3c37b]
    6: /lib/x86_64-linux-gnu/libc.so.6(_IO_file_underflow+0x130) [0x7f3ddaac75b0]
    5: /lib/x86_64-linux-gnu/libc.so.6(_IO_default_uflow+0xe) [0x7f3ddaac853e]
    4: /lib/x86_64-linux-gnu/libc.so.6(_IO_vfscanf+0x41a2) [0x7f3ddaaa57d2]
    3: /lib/x86_64-linux-gnu/libc.so.6(__isoc99_scanf+0x109) [0x7f3ddaaaae19]
    2: ./exe() [0x4034ec]
    1: /lib/x86_64-linux-gnu/libc.so.6(__libc_start_main+0xf5) [0x7f3ddaa6ef45]
    0: ./exe() [0x402469]
[INFO ] 20191108_140751 signal_hander:466 -| get SIGALRM
[INFO ] 20191108_140751 signal_hander:472 -| signal_hander write data lens:78, data:000200010000ffff00030023003200630011000200032019110716163300000000000000550001
    11: ./exe() [0x40a080]
    10: ./exe() [0x40a52b]
    9: ./exe() [0x4031bc]
    8: /lib/x86_64-linux-gnu/libc.so.6(+0x36cb0) [0x7f3ddaa83cb0]
    7: /lib/x86_64-linux-gnu/libc.so.6(__read+0x2b) [0x7f3ddab3c37b]
    6: /lib/x86_64-linux-gnu/libc.so.6(_IO_file_underflow+0x130) [0x7f3ddaac75b0]
    5: /lib/x86_64-linux-gnu/libc.so.6(_IO_default_uflow+0xe) [0x7f3ddaac853e]
    4: /lib/x86_64-linux-gnu/libc.so.6(_IO_vfscanf+0x41a2) [0x7f3ddaaa57d2]
    3: /lib/x86_64-linux-gnu/libc.so.6(__isoc99_scanf+0x109) [0x7f3ddaaaae19]
    2: ./exe() [0x4034ec]
    1: /lib/x86_64-linux-gnu/libc.so.6(__libc_start_main+0xf5) [0x7f3ddaa6ef45]
    0: ./exe() [0x402469]
[INFO ] 20191108_140752 signal_hander:466 -| get SIGALRM
[INFO ] 20191108_140752 signal_hander:472 -| signal_hander write data lens:78, data:000200010000ffff00030023003200630011000200032019110716163300000000000000550001
    11: ./exe() [0x40a080]
    10: ./exe() [0x40a52b]
    9: ./exe() [0x4031bc]
    8: /lib/x86_64-linux-gnu/libc.so.6(+0x36cb0) [0x7f3ddaa83cb0]
    7: /lib/x86_64-linux-gnu/libc.so.6(__read+0x2b) [0x7f3ddab3c37b]
    6: /lib/x86_64-linux-gnu/libc.so.6(_IO_file_underflow+0x130) [0x7f3ddaac75b0]
    5: /lib/x86_64-linux-gnu/libc.so.6(_IO_default_uflow+0xe) [0x7f3ddaac853e]
    4: /lib/x86_64-linux-gnu/libc.so.6(_IO_vfscanf+0x41a2) [0x7f3ddaaa57d2]
    3: /lib/x86_64-linux-gnu/libc.so.6(__isoc99_scanf+0x109) [0x7f3ddaaaae19]
    2: ./exe() [0x4034ec]
    1: /lib/x86_64-linux-gnu/libc.so.6(__libc_start_main+0xf5) [0x7f3ddaa6ef45]
    0: ./exe() [0x402469]
[INFO ] 20191108_140753 signal_hander:466 -| get SIGALRM
[INFO ] 20191108_140753 signal_hander:472 -| signal_hander write data lens:78, data:000200010000ffff00030023003200630011000200032019110716163300000000000000550001
    11: ./exe() [0x40a080]
    10: ./exe() [0x40a52b]
    9: ./exe() [0x4031bc]
    8: /lib/x86_64-linux-gnu/libc.so.6(+0x36cb0) [0x7f3ddaa83cb0]
    7: /lib/x86_64-linux-gnu/libc.so.6(__read+0x2b) [0x7f3ddab3c37b]
    6: /lib/x86_64-linux-gnu/libc.so.6(_IO_file_underflow+0x130) [0x7f3ddaac75b0]
    5: /lib/x86_64-linux-gnu/libc.so.6(_IO_default_uflow+0xe) [0x7f3ddaac853e]
    4: /lib/x86_64-linux-gnu/libc.so.6(_IO_vfscanf+0x41a2) [0x7f3ddaaa57d2]
    3: /lib/x86_64-linux-gnu/libc.so.6(__isoc99_scanf+0x109) [0x7f3ddaaaae19]
    2: ./exe() [0x4034ec]
    1: /lib/x86_64-linux-gnu/libc.so.6(__libc_start_main+0xf5) [0x7f3ddaa6ef45]
    0: ./exe() [0x402469]
[INFO ] 20191108_140754 signal_hander:466 -| get SIGALRM
[INFO ] 20191108_140754 signal_hander:472 -| signal_hander write data lens:78, data:000200010000ffff00030023003200630011000200032019110716163300000000000000550001
    11: ./exe() [0x40a080]
    10: ./exe() [0x40a52b]
    9: ./exe() [0x4031bc]
    8: /lib/x86_64-linux-gnu/libc.so.6(+0x36cb0) [0x7f3ddaa83cb0]
    7: /lib/x86_64-linux-gnu/libc.so.6(__read+0x2b) [0x7f3ddab3c37b]
    6: /lib/x86_64-linux-gnu/libc.so.6(_IO_file_underflow+0x130) [0x7f3ddaac75b0]
    5: /lib/x86_64-linux-gnu/libc.so.6(_IO_default_uflow+0xe) [0x7f3ddaac853e]
    4: /lib/x86_64-linux-gnu/libc.so.6(_IO_vfscanf+0x41a2) [0x7f3ddaaa57d2]
    3: /lib/x86_64-linux-gnu/libc.so.6(__isoc99_scanf+0x109) [0x7f3ddaaaae19]
    2: ./exe() [0x4034ec]
    1: /lib/x86_64-linux-gnu/libc.so.6(__libc_start_main+0xf5) [0x7f3ddaa6ef45]
    0: ./exe() [0x402469]
[INFO ] 20191108_140755 signal_hander:466 -| get SIGALRM
[INFO ] 20191108_140755 signal_hander:472 -| signal_hander write data lens:78, data:000200010000ffff00030023003200630011000200032019110716163300000000000000550001
    11: ./exe() [0x40a080]
    10: ./exe() [0x40a52b]
    9: ./exe() [0x4031bc]
    8: /lib/x86_64-linux-gnu/libc.so.6(+0x36cb0) [0x7f3ddaa83cb0]
    7: /lib/x86_64-linux-gnu/libc.so.6(__read+0x2b) [0x7f3ddab3c37b]
    6: /lib/x86_64-linux-gnu/libc.so.6(_IO_file_underflow+0x130) [0x7f3ddaac75b0]
    5: /lib/x86_64-linux-gnu/libc.so.6(_IO_default_uflow+0xe) [0x7f3ddaac853e]
    4: /lib/x86_64-linux-gnu/libc.so.6(_IO_vfscanf+0x41a2) [0x7f3ddaaa57d2]
    3: /lib/x86_64-linux-gnu/libc.so.6(__isoc99_scanf+0x109) [0x7f3ddaaaae19]
    2: ./exe() [0x4034ec]
    1: /lib/x86_64-linux-gnu/libc.so.6(__libc_start_main+0xf5) [0x7f3ddaa6ef45]
    0: ./exe() [0x402469]
[INFO ] 20191108_140756 signal_hander:466 -| get SIGALRM
[INFO ] 20191108_140756 DEV_SendLocatePara:126 -| Running In DEV_SendLocatePara...
    5: ./exe() [0x40a080]
    4: ./exe() [0x40a52b]
    3: ./exe() [0x405076]
    2: ./exe() [0x402c89]
    1: /lib/x86_64-linux-gnu/libpthread.so.0(+0x8184) [0x7f3ddb556184]
    0: /lib/x86_64-linux-gnu/libc.so.6(clone+0x6d) [0x7f3ddab4b03d]
[INFO ] 20191108_140756 signal_hander:472 -| signal_hander write data lens:78, data:000200010000ffff00030023003200630011000200032019110716163300000000000000550001
    11: ./exe() [0x40a080]
    10: ./exe() [0x40a52b]
    9: ./exe() [0x4031bc]
    8: /lib/x86_64-linux-gnu/libc.so.6(+0x36cb0) [0x7f3ddaa83cb0]
    7: /lib/x86_64-linux-gnu/libc.so.6(__read+0x2b) [0x7f3ddab3c37b]
    6: /lib/x86_64-linux-gnu/libc.so.6(_IO_file_underflow+0x130) [0x7f3ddaac75b0]
    5: /lib/x86_64-linux-gnu/libc.so.6(_IO_default_uflow+0xe) [0x7f3ddaac853e]
    4: /lib/x86_64-linux-gnu/libc.so.6(_IO_vfscanf+0x41a2) [0x7f3ddaaa57d2]
    3: /lib/x86_64-linux-gnu/libc.so.6(__isoc99_scanf+0x109) [0x7f3ddaaaae19]
    2: ./exe() [0x4034ec]
    1: /lib/x86_64-linux-gnu/libc.so.6(__libc_start_main+0xf5) [0x7f3ddaa6ef45]
    0: ./exe() [0x402469]
[INFO ] 20191108_140756 DEV_SendLocatePara:158 -| End DEV_SendLocatePara.
    5: ./exe() [0x40a080]
    4: ./exe() [0x40a52b]
    3: ./exe() [0x40521c]
    2: ./exe() [0x402c89]
    1: /lib/x86_64-linux-gnu/libpthread.so.0(+0x8184) [0x7f3ddb556184]
    0: /lib/x86_64-linux-gnu/libc.so.6(clone+0x6d) [0x7f3ddab4b03d]
[INFO ] 20191108_140757 signal_hander:466 -| get SIGALRM
[INFO ] 20191108_140757 signal_hander:472 -| signal_hander write data lens:78, data:000200010000ffff00030023003200630011000200032019110716163300000000000000550001
    11: ./exe() [0x40a080]
    10: ./exe() [0x40a52b]
    9: ./exe() [0x4031bc]
    8: /lib/x86_64-linux-gnu/libc.so.6(+0x36cb0) [0x7f3ddaa83cb0]
    7: /lib/x86_64-linux-gnu/libc.so.6(__read+0x2b) [0x7f3ddab3c37b]
    6: /lib/x86_64-linux-gnu/libc.so.6(_IO_file_underflow+0x130) [0x7f3ddaac75b0]
    5: /lib/x86_64-linux-gnu/libc.so.6(_IO_default_uflow+0xe) [0x7f3ddaac853e]
    4: /lib/x86_64-linux-gnu/libc.so.6(_IO_vfscanf+0x41a2) [0x7f3ddaaa57d2]
    3: /lib/x86_64-linux-gnu/libc.so.6(__isoc99_scanf+0x109) [0x7f3ddaaaae19]
    2: ./exe() [0x4034ec]
    1: /lib/x86_64-linux-gnu/libc.so.6(__libc_start_main+0xf5) [0x7f3ddaa6ef45]
    0: ./exe() [0x402469]
[INFO ] 20191108_140758 signal_hander:466 -| get SIGALRM
[INFO ] 20191108_140758 signal_hander:472 -| signal_hander write data lens:78, data:000200010000ffff00030023003200630011000200032019110716163300000000000000550001
    11: ./exe() [0x40a080]
    10: ./exe() [0x40a52b]
    9: ./exe() [0x4031bc]
    8: /lib/x86_64-linux-gnu/libc.so.6(+0x36cb0) [0x7f3ddaa83cb0]
    7: /lib/x86_64-linux-gnu/libc.so.6(__read+0x2b) [0x7f3ddab3c37b]
    6: /lib/x86_64-linux-gnu/libc.so.6(_IO_file_underflow+0x130) [0x7f3ddaac75b0]
    5: /lib/x86_64-linux-gnu/libc.so.6(_IO_default_uflow+0xe) [0x7f3ddaac853e]
    4: /lib/x86_64-linux-gnu/libc.so.6(_IO_vfscanf+0x41a2) [0x7f3ddaaa57d2]
    3: /lib/x86_64-linux-gnu/libc.so.6(__isoc99_scanf+0x109) [0x7f3ddaaaae19]
    2: ./exe() [0x4034ec]
    1: /lib/x86_64-linux-gnu/libc.so.6(__libc_start_main+0xf5) [0x7f3ddaa6ef45]
    0: ./exe() [0x402469]
[INFO ] 20191108_140759 signal_hander:466 -| get SIGALRM
[INFO ] 20191108_140759 signal_hander:472 -| signal_hander write data lens:78, data:000200010000ffff00030023003200630011000200032019110716163300000000000000550001
    11: ./exe() [0x40a080]
    10: ./exe() [0x40a52b]
    9: ./exe() [0x4031bc]
    8: /lib/x86_64-linux-gnu/libc.so.6(+0x36cb0) [0x7f3ddaa83cb0]
    7: /lib/x86_64-linux-gnu/libc.so.6(__read+0x2b) [0x7f3ddab3c37b]
    6: /lib/x86_64-linux-gnu/libc.so.6(_IO_file_underflow+0x130) [0x7f3ddaac75b0]
    5: /lib/x86_64-linux-gnu/libc.so.6(_IO_default_uflow+0xe) [0x7f3ddaac853e]
    4: /lib/x86_64-linux-gnu/libc.so.6(_IO_vfscanf+0x41a2) [0x7f3ddaaa57d2]
    3: /lib/x86_64-linux-gnu/libc.so.6(__isoc99_scanf+0x109) [0x7f3ddaaaae19]
    2: ./exe() [0x4034ec]
    1: /lib/x86_64-linux-gnu/libc.so.6(__libc_start_main+0xf5) [0x7f3ddaa6ef45]
    0: ./exe() [0x402469]
[INFO ] 20191108_140800 signal_hander:466 -| get SIGALRM
[INFO ] 20191108_140800 signal_hander:472 -| signal_hander write data lens:78, data:000200010000ffff00030023003200630011000200032019110716163300000000000000550001
    11: ./exe() [0x40a080]
    10: ./exe() [0x40a52b]
    9: ./exe() [0x4031bc]
    8: /lib/x86_64-linux-gnu/libc.so.6(+0x36cb0) [0x7f3ddaa83cb0]
    7: /lib/x86_64-linux-gnu/libc.so.6(__read+0x2b) [0x7f3ddab3c37b]
    6: /lib/x86_64-linux-gnu/libc.so.6(_IO_file_underflow+0x130) [0x7f3ddaac75b0]
    5: /lib/x86_64-linux-gnu/libc.so.6(_IO_default_uflow+0xe) [0x7f3ddaac853e]
    4: /lib/x86_64-linux-gnu/libc.so.6(_IO_vfscanf+0x41a2) [0x7f3ddaaa57d2]
    3: /lib/x86_64-linux-gnu/libc.so.6(__isoc99_scanf+0x109) [0x7f3ddaaaae19]
    2: ./exe() [0x4034ec]
    1: /lib/x86_64-linux-gnu/libc.so.6(__libc_start_main+0xf5) [0x7f3ddaa6ef45]
    0: ./exe() [0x402469]
[INFO ] 20191108_140801 signal_hander:466 -| get SIGALRM
[INFO ] 20191108_140801 signal_hander:472 -| signal_hander write data lens:78, data:000200010000ffff00030023003200630011000200032019110716163300000000000000550001
    11: ./exe() [0x40a080]
    10: ./exe() [0x40a52b]
    9: ./exe() [0x4031bc]
    8: /lib/x86_64-linux-gnu/libc.so.6(+0x36cb0) [0x7f3ddaa83cb0]
    7: /lib/x86_64-linux-gnu/libc.so.6(__read+0x2b) [0x7f3ddab3c37b]
    6: /lib/x86_64-linux-gnu/libc.so.6(_IO_file_underflow+0x130) [0x7f3ddaac75b0]
    5: /lib/x86_64-linux-gnu/libc.so.6(_IO_default_uflow+0xe) [0x7f3ddaac853e]
    4: /lib/x86_64-linux-gnu/libc.so.6(_IO_vfscanf+0x41a2) [0x7f3ddaaa57d2]
    3: /lib/x86_64-linux-gnu/libc.so.6(__isoc99_scanf+0x109) [0x7f3ddaaaae19]
    2: ./exe() [0x4034ec]
    1: /lib/x86_64-linux-gnu/libc.so.6(__libc_start_main+0xf5) [0x7f3ddaa6ef45]
    0: ./exe() [0x402469]
[INFO ] 20191108_140802 signal_hander:466 -| get SIGALRM
[INFO ] 20191108_140802 signal_hander:472 -| signal_hander write data lens:78, data:000200010000ffff00030023003200630011000200032019110716163300000000000000550001
    11: ./exe() [0x40a080]
    10: ./exe() [0x40a52b]
    9: ./exe() [0x4031bc]
    8: /lib/x86_64-linux-gnu/libc.so.6(+0x36cb0) [0x7f3ddaa83cb0]
    7: /lib/x86_64-linux-gnu/libc.so.6(__read+0x2b) [0x7f3ddab3c37b]
    6: /lib/x86_64-linux-gnu/libc.so.6(_IO_file_underflow+0x130) [0x7f3ddaac75b0]
    5: /lib/x86_64-linux-gnu/libc.so.6(_IO_default_uflow+0xe) [0x7f3ddaac853e]
    4: /lib/x86_64-linux-gnu/libc.so.6(_IO_vfscanf+0x41a2) [0x7f3ddaaa57d2]
    3: /lib/x86_64-linux-gnu/libc.so.6(__isoc99_scanf+0x109) [0x7f3ddaaaae19]
    2: ./exe() [0x4034ec]
    1: /lib/x86_64-linux-gnu/libc.so.6(__libc_start_main+0xf5) [0x7f3ddaa6ef45]
    0: ./exe() [0x402469]
[INFO ] 20191108_140803 signal_hander:466 -| get SIGALRM
[INFO ] 20191108_140803 signal_hander:472 -| signal_hander write data lens:78, data:000200010000ffff00030023003200630011000200032019110716163300000000000000550001
    11: ./exe() [0x40a080]
    10: ./exe() [0x40a52b]
    9: ./exe() [0x4031bc]
    8: /lib/x86_64-linux-gnu/libc.so.6(+0x36cb0) [0x7f3ddaa83cb0]
    7: /lib/x86_64-linux-gnu/libc.so.6(__read+0x2b) [0x7f3ddab3c37b]
    6: /lib/x86_64-linux-gnu/libc.so.6(_IO_file_underflow+0x130) [0x7f3ddaac75b0]
    5: /lib/x86_64-linux-gnu/libc.so.6(_IO_default_uflow+0xe) [0x7f3ddaac853e]
    4: /lib/x86_64-linux-gnu/libc.so.6(_IO_vfscanf+0x41a2) [0x7f3ddaaa57d2]
    3: /lib/x86_64-linux-gnu/libc.so.6(__isoc99_scanf+0x109) [0x7f3ddaaaae19]
    2: ./exe() [0x4034ec]
    1: /lib/x86_64-linux-gnu/libc.so.6(__libc_start_main+0xf5) [0x7f3ddaa6ef45]
    0: ./exe() [0x402469]
[INFO ] 20191108_140804 signal_hander:466 -| get SIGALRM
[INFO ] 20191108_140804 signal_hander:472 -| signal_hander write data lens:78, data:000200010000ffff00030023003200630011000200032019110716163300000000000000550001
    11: ./exe() [0x40a080]
    10: ./exe() [0x40a52b]
    9: ./exe() [0x4031bc]
    8: /lib/x86_64-linux-gnu/libc.so.6(+0x36cb0) [0x7f3ddaa83cb0]
    7: /lib/x86_64-linux-gnu/libc.so.6(__read+0x2b) [0x7f3ddab3c37b]
    6: /lib/x86_64-linux-gnu/libc.so.6(_IO_file_underflow+0x130) [0x7f3ddaac75b0]
    5: /lib/x86_64-linux-gnu/libc.so.6(_IO_default_uflow+0xe) [0x7f3ddaac853e]
    4: /lib/x86_64-linux-gnu/libc.so.6(_IO_vfscanf+0x41a2) [0x7f3ddaaa57d2]
    3: /lib/x86_64-linux-gnu/libc.so.6(__isoc99_scanf+0x109) [0x7f3ddaaaae19]
    2: ./exe() [0x4034ec]
    1: /lib/x86_64-linux-gnu/libc.so.6(__libc_start_main+0xf5) [0x7f3ddaa6ef45]
    0: ./exe() [0x402469]
[INFO ] 20191108_140805 signal_hander:466 -| get SIGALRM
[INFO ] 20191108_140805 signal_hander:472 -| signal_hander write data lens:78, data:000200010000ffff00030023003200630011000200032019110716163300000000000000550001
    11: ./exe() [0x40a080]
    10: ./exe() [0x40a52b]
    9: ./exe() [0x4031bc]
    8: /lib/x86_64-linux-gnu/libc.so.6(+0x36cb0) [0x7f3ddaa83cb0]
    7: /lib/x86_64-linux-gnu/libc.so.6(__read+0x2b) [0x7f3ddab3c37b]
    6: /lib/x86_64-linux-gnu/libc.so.6(_IO_file_underflow+0x130) [0x7f3ddaac75b0]
    5: /lib/x86_64-linux-gnu/libc.so.6(_IO_default_uflow+0xe) [0x7f3ddaac853e]
    4: /lib/x86_64-linux-gnu/libc.so.6(_IO_vfscanf+0x41a2) [0x7f3ddaaa57d2]
    3: /lib/x86_64-linux-gnu/libc.so.6(__isoc99_scanf+0x109) [0x7f3ddaaaae19]
    2: ./exe() [0x4034ec]
    1: /lib/x86_64-linux-gnu/libc.so.6(__libc_start_main+0xf5) [0x7f3ddaa6ef45]
    0: ./exe() [0x402469]
[INFO ] 20191108_140806 signal_hander:466 -| get SIGALRM
[INFO ] 20191108_140806 signal_hander:472 -| signal_hander write data lens:78, data:000200010000ffff00030023003200630011000200032019110716163300000000000000550001
    11: ./exe() [0x40a080]
    10: ./exe() [0x40a52b]
    9: ./exe() [0x4031bc]
    8: /lib/x86_64-linux-gnu/libc.so.6(+0x36cb0) [0x7f3ddaa83cb0]
    7: /lib/x86_64-linux-gnu/libc.so.6(__read+0x2b) [0x7f3ddab3c37b]
    6: /lib/x86_64-linux-gnu/libc.so.6(_IO_file_underflow+0x130) [0x7f3ddaac75b0]
    5: /lib/x86_64-linux-gnu/libc.so.6(_IO_default_uflow+0xe) [0x7f3ddaac853e]
    4: /lib/x86_64-linux-gnu/libc.so.6(_IO_vfscanf+0x41a2) [0x7f3ddaaa57d2]
    3: /lib/x86_64-linux-gnu/libc.so.6(__isoc99_scanf+0x109) [0x7f3ddaaaae19]
    2: ./exe() [0x4034ec]
    1: /lib/x86_64-linux-gnu/libc.so.6(__libc_start_main+0xf5) [0x7f3ddaa6ef45]
    0: ./exe() [0x402469]
[INFO ] 20191108_140806 DEV_SendLocatePara:126 -| Running In DEV_SendLocatePara...
    5: ./exe() [0x40a080]
    4: ./exe() [0x40a52b]
    3: ./exe() [0x405076]
    2: ./exe() [0x402c89]
    1: /lib/x86_64-linux-gnu/libpthread.so.0(+0x8184) [0x7f3ddb556184]
    0: /lib/x86_64-linux-gnu/libc.so.6(clone+0x6d) [0x7f3ddab4b03d]
[INFO ] 20191108_140806 DEV_SendLocatePara:158 -| End DEV_SendLocatePara.
    5: ./exe() [0x40a080]
    4: ./exe() [0x40a52b]
    3: ./exe() [0x40521c]
    2: ./exe() [0x402c89]
    1: /lib/x86_64-linux-gnu/libpthread.so.0(+0x8184) [0x7f3ddb556184]
    0: /lib/x86_64-linux-gnu/libc.so.6(clone+0x6d) [0x7f3ddab4b03d]
[INFO ] 20191108_140807 signal_hander:466 -| get SIGALRM
[INFO ] 20191108_140807 signal_hander:472 -| signal_hander write data lens:78, data:000200010000ffff00030023003200630011000200032019110716163300000000000000550001
    11: ./exe() [0x40a080]
    10: ./exe() [0x40a52b]
    9: ./exe() [0x4031bc]
    8: /lib/x86_64-linux-gnu/libc.so.6(+0x36cb0) [0x7f3ddaa83cb0]
    7: /lib/x86_64-linux-gnu/libc.so.6(__read+0x2b) [0x7f3ddab3c37b]
    6: /lib/x86_64-linux-gnu/libc.so.6(_IO_file_underflow+0x130) [0x7f3ddaac75b0]
    5: /lib/x86_64-linux-gnu/libc.so.6(_IO_default_uflow+0xe) [0x7f3ddaac853e]
    4: /lib/x86_64-linux-gnu/libc.so.6(_IO_vfscanf+0x41a2) [0x7f3ddaaa57d2]
    3: /lib/x86_64-linux-gnu/libc.so.6(__isoc99_scanf+0x109) [0x7f3ddaaaae19]
    2: ./exe() [0x4034ec]
    1: /lib/x86_64-linux-gnu/libc.so.6(__libc_start_main+0xf5) [0x7f3ddaa6ef45]
    0: ./exe() [0x402469]
[INFO ] 20191108_140808 signal_hander:466 -| get SIGALRM
[INFO ] 20191108_140808 signal_hander:472 -| signal_hander write data lens:78, data:000200010000ffff00030023003200630011000200032019110716163300000000000000550001
    11: ./exe() [0x40a080]
    10: ./exe() [0x40a52b]
    9: ./exe() [0x4031bc]
    8: /lib/x86_64-linux-gnu/libc.so.6(+0x36cb0) [0x7f3ddaa83cb0]
    7: /lib/x86_64-linux-gnu/libc.so.6(__read+0x2b) [0x7f3ddab3c37b]
    6: /lib/x86_64-linux-gnu/libc.so.6(_IO_file_underflow+0x130) [0x7f3ddaac75b0]
    5: /lib/x86_64-linux-gnu/libc.so.6(_IO_default_uflow+0xe) [0x7f3ddaac853e]
    4: /lib/x86_64-linux-gnu/libc.so.6(_IO_vfscanf+0x41a2) [0x7f3ddaaa57d2]
    3: /lib/x86_64-linux-gnu/libc.so.6(__isoc99_scanf+0x109) [0x7f3ddaaaae19]
    2: ./exe() [0x4034ec]
    1: /lib/x86_64-linux-gnu/libc.so.6(__libc_start_main+0xf5) [0x7f3ddaa6ef45]
    0: ./exe() [0x402469]
[INFO ] 20191108_140809 signal_hander:466 -| get SIGALRM
[INFO ] 20191108_140809 signal_hander:472 -| signal_hander write data lens:78, data:000200010000ffff00030023003200630011000200032019110716163300000000000000550001
    11: ./exe() [0x40a080]
    10: ./exe() [0x40a52b]
    9: ./exe() [0x4031bc]
    8: /lib/x86_64-linux-gnu/libc.so.6(+0x36cb0) [0x7f3ddaa83cb0]
    7: /lib/x86_64-linux-gnu/libc.so.6(__read+0x2b) [0x7f3ddab3c37b]
    6: /lib/x86_64-linux-gnu/libc.so.6(_IO_file_underflow+0x130) [0x7f3ddaac75b0]
    5: /lib/x86_64-linux-gnu/libc.so.6(_IO_default_uflow+0xe) [0x7f3ddaac853e]
    4: /lib/x86_64-linux-gnu/libc.so.6(_IO_vfscanf+0x41a2) [0x7f3ddaaa57d2]
    3: /lib/x86_64-linux-gnu/libc.so.6(__isoc99_scanf+0x109) [0x7f3ddaaaae19]
    2: ./exe() [0x4034ec]
    1: /lib/x86_64-linux-gnu/libc.so.6(__libc_start_main+0xf5) [0x7f3ddaa6ef45]
    0: ./exe() [0x402469]
[INFO ] 20191108_140810 signal_hander:466 -| get SIGALRM
[INFO ] 20191108_140810 signal_hander:472 -| signal_hander write data lens:78, data:000200010000ffff00030023003200630011000200032019110716163300000000000000550001
    11: ./exe() [0x40a080]
    10: ./exe() [0x40a52b]
    9: ./exe() [0x4031bc]
    8: /lib/x86_64-linux-gnu/libc.so.6(+0x36cb0) [0x7f3ddaa83cb0]
    7: /lib/x86_64-linux-gnu/libc.so.6(__read+0x2b) [0x7f3ddab3c37b]
    6: /lib/x86_64-linux-gnu/libc.so.6(_IO_file_underflow+0x130) [0x7f3ddaac75b0]
    5: /lib/x86_64-linux-gnu/libc.so.6(_IO_default_uflow+0xe) [0x7f3ddaac853e]
    4: /lib/x86_64-linux-gnu/libc.so.6(_IO_vfscanf+0x41a2) [0x7f3ddaaa57d2]
    3: /lib/x86_64-linux-gnu/libc.so.6(__isoc99_scanf+0x109) [0x7f3ddaaaae19]
    2: ./exe() [0x4034ec]
    1: /lib/x86_64-linux-gnu/libc.so.6(__libc_start_main+0xf5) [0x7f3ddaa6ef45]
    0: ./exe() [0x402469]
[INFO ] 20191108_140811 signal_hander:466 -| get SIGALRM
[INFO ] 20191108_140811 signal_hander:472 -| signal_hander write data lens:78, data:000200010000ffff00030023003200630011000200032019110716163300000000000000550001
    11: ./exe() [0x40a080]
    10: ./exe() [0x40a52b]
    9: ./exe() [0x4031bc]
    8: /lib/x86_64-linux-gnu/libc.so.6(+0x36cb0) [0x7f3ddaa83cb0]
    7: /lib/x86_64-linux-gnu/libc.so.6(__read+0x2b) [0x7f3ddab3c37b]
    6: /lib/x86_64-linux-gnu/libc.so.6(_IO_file_underflow+0x130) [0x7f3ddaac75b0]
    5: /lib/x86_64-linux-gnu/libc.so.6(_IO_default_uflow+0xe) [0x7f3ddaac853e]
    4: /lib/x86_64-linux-gnu/libc.so.6(_IO_vfscanf+0x41a2) [0x7f3ddaaa57d2]
    3: /lib/x86_64-linux-gnu/libc.so.6(__isoc99_scanf+0x109) [0x7f3ddaaaae19]
    2: ./exe() [0x4034ec]
    1: /lib/x86_64-linux-gnu/libc.so.6(__libc_start_main+0xf5) [0x7f3ddaa6ef45]
    0: ./exe() [0x402469]
[INFO ] 20191108_140812 signal_hander:466 -| get SIGALRM
[INFO ] 20191108_140812 signal_hander:472 -| signal_hander write data lens:78, data:000200010000ffff00030023003200630011000200032019110716163300000000000000550001
    11: ./exe() [0x40a080]
    10: ./exe() [0x40a52b]
    9: ./exe() [0x4031bc]
    8: /lib/x86_64-linux-gnu/libc.so.6(+0x36cb0) [0x7f3ddaa83cb0]
    7: /lib/x86_64-linux-gnu/libc.so.6(__read+0x2b) [0x7f3ddab3c37b]
    6: /lib/x86_64-linux-gnu/libc.so.6(_IO_file_underflow+0x130) [0x7f3ddaac75b0]
    5: /lib/x86_64-linux-gnu/libc.so.6(_IO_default_uflow+0xe) [0x7f3ddaac853e]
    4: /lib/x86_64-linux-gnu/libc.so.6(_IO_vfscanf+0x41a2) [0x7f3ddaaa57d2]
    3: /lib/x86_64-linux-gnu/libc.so.6(__isoc99_scanf+0x109) [0x7f3ddaaaae19]
    2: ./exe() [0x4034ec]
    1: /lib/x86_64-linux-gnu/libc.so.6(__libc_start_main+0xf5) [0x7f3ddaa6ef45]
    0: ./exe() [0x402469]
[INFO ] 20191108_140813 signal_hander:466 -| get SIGALRM
[INFO ] 20191108_140813 signal_hander:472 -| signal_hander write data lens:78, data:000200010000ffff00030023003200630011000200032019110716163300000000000000550001
    11: ./exe() [0x40a080]
    10: ./exe() [0x40a52b]
    9: ./exe() [0x4031bc]
    8: /lib/x86_64-linux-gnu/libc.so.6(+0x36cb0) [0x7f3ddaa83cb0]
    7: /lib/x86_64-linux-gnu/libc.so.6(__read+0x2b) [0x7f3ddab3c37b]
    6: /lib/x86_64-linux-gnu/libc.so.6(_IO_file_underflow+0x130) [0x7f3ddaac75b0]
    5: /lib/x86_64-linux-gnu/libc.so.6(_IO_default_uflow+0xe) [0x7f3ddaac853e]
    4: /lib/x86_64-linux-gnu/libc.so.6(_IO_vfscanf+0x41a2) [0x7f3ddaaa57d2]
    3: /lib/x86_64-linux-gnu/libc.so.6(__isoc99_scanf+0x109) [0x7f3ddaaaae19]
    2: ./exe() [0x4034ec]
    1: /lib/x86_64-linux-gnu/libc.so.6(__libc_start_main+0xf5) [0x7f3ddaa6ef45]
    0: ./exe() [0x402469]
[INFO ] 20191108_140814 signal_hander:466 -| get SIGALRM
[INFO ] 20191108_140814 signal_hander:472 -| signal_hander write data lens:78, data:000200010000ffff00030023003200630011000200032019110716163300000000000000550001
    11: ./exe() [0x40a080]
    10: ./exe() [0x40a52b]
    9: ./exe() [0x4031bc]
    8: /lib/x86_64-linux-gnu/libc.so.6(+0x36cb0) [0x7f3ddaa83cb0]
    7: /lib/x86_64-linux-gnu/libc.so.6(__read+0x2b) [0x7f3ddab3c37b]
    6: /lib/x86_64-linux-gnu/libc.so.6(_IO_file_underflow+0x130) [0x7f3ddaac75b0]
    5: /lib/x86_64-linux-gnu/libc.so.6(_IO_default_uflow+0xe) [0x7f3ddaac853e]
    4: /lib/x86_64-linux-gnu/libc.so.6(_IO_vfscanf+0x41a2) [0x7f3ddaaa57d2]
    3: /lib/x86_64-linux-gnu/libc.so.6(__isoc99_scanf+0x109) [0x7f3ddaaaae19]
    2: ./exe() [0x4034ec]
    1: /lib/x86_64-linux-gnu/libc.so.6(__libc_start_main+0xf5) [0x7f3ddaa6ef45]
    0: ./exe() [0x402469]
[INFO ] 20191108_140815 signal_hander:466 -| get SIGALRM
[INFO ] 20191108_140815 signal_hander:472 -| signal_hander write data lens:78, data:000200010000ffff00030023003200630011000200032019110716163300000000000000550001
    11: ./exe() [0x40a080]
    10: ./exe() [0x40a52b]
    9: ./exe() [0x4031bc]
    8: /lib/x86_64-linux-gnu/libc.so.6(+0x36cb0) [0x7f3ddaa83cb0]
    7: /lib/x86_64-linux-gnu/libc.so.6(__read+0x2b) [0x7f3ddab3c37b]
    6: /lib/x86_64-linux-gnu/libc.so.6(_IO_file_underflow+0x130) [0x7f3ddaac75b0]
    5: /lib/x86_64-linux-gnu/libc.so.6(_IO_default_uflow+0xe) [0x7f3ddaac853e]
    4: /lib/x86_64-linux-gnu/libc.so.6(_IO_vfscanf+0x41a2) [0x7f3ddaaa57d2]
    3: /lib/x86_64-linux-gnu/libc.so.6(__isoc99_scanf+0x109) [0x7f3ddaaaae19]
    2: ./exe() [0x4034ec]
    1: /lib/x86_64-linux-gnu/libc.so.6(__libc_start_main+0xf5) [0x7f3ddaa6ef45]
    0: ./exe() [0x402469]
[INFO ] 20191108_140816 signal_hander:466 -| get SIGALRM
[INFO ] 20191108_140816 signal_hander:472 -| signal_hander write data lens:78, data:000200010000ffff00030023003200630011000200032019110716163300000000000000550001
    11: ./exe() [0x40a080]
    10: ./exe() [0x40a52b]
    9: ./exe() [0x4031bc]
    8: /lib/x86_64-linux-gnu/libc.so.6(+0x36cb0) [0x7f3ddaa83cb0]
    7: /lib/x86_64-linux-gnu/libc.so.6(__read+0x2b) [0x7f3ddab3c37b]
    6: /lib/x86_64-linux-gnu/libc.so.6(_IO_file_underflow+0x130) [0x7f3ddaac75b0]
    5: /lib/x86_64-linux-gnu/libc.so.6(_IO_default_uflow+0xe) [0x7f3ddaac853e]
    4: /lib/x86_64-linux-gnu/libc.so.6(_IO_vfscanf+0x41a2) [0x7f3ddaaa57d2]
    3: /lib/x86_64-linux-gnu/libc.so.6(__isoc99_scanf+0x109) [0x7f3ddaaaae19]
    2: ./exe() [0x4034ec]
    1: /lib/x86_64-linux-gnu/libc.so.6(__libc_start_main+0xf5) [0x7f3ddaa6ef45]
    0: ./exe() [0x402469]
[INFO ] 20191108_140816 DEV_SendLocatePara:126 -| Running In DEV_SendLocatePara...
    5: ./exe() [0x40a080]
    4: ./exe() [0x40a52b]
    3: ./exe() [0x405076]
    2: ./exe() [0x402c89]
    1: /lib/x86_64-linux-gnu/libpthread.so.0(+0x8184) [0x7f3ddb556184]
    0: /lib/x86_64-linux-gnu/libc.so.6(clone+0x6d) [0x7f3ddab4b03d]
[INFO ] 20191108_140816 DEV_SendLocatePara:158 -| End DEV_SendLocatePara.
    5: ./exe() [0x40a080]
    4: ./exe() [0x40a52b]
    3: ./exe() [0x40521c]
    2: ./exe() [0x402c89]
    1: /lib/x86_64-linux-gnu/libpthread.so.0(+0x8184) [0x7f3ddb556184]
    0: /lib/x86_64-linux-gnu/libc.so.6(clone+0x6d) [0x7f3ddab4b03d]
[INFO ] 20191108_140817 signal_hander:466 -| get SIGALRM
[INFO ] 20191108_140817 signal_hander:472 -| signal_hander write data lens:78, data:000200010000ffff00030023003200630011000200032019110716163300000000000000550001
    11: ./exe() [0x40a080]
    10: ./exe() [0x40a52b]
    9: ./exe() [0x4031bc]
    8: /lib/x86_64-linux-gnu/libc.so.6(+0x36cb0) [0x7f3ddaa83cb0]
    7: /lib/x86_64-linux-gnu/libc.so.6(__read+0x2b) [0x7f3ddab3c37b]
    6: /lib/x86_64-linux-gnu/libc.so.6(_IO_file_underflow+0x130) [0x7f3ddaac75b0]
    5: /lib/x86_64-linux-gnu/libc.so.6(_IO_default_uflow+0xe) [0x7f3ddaac853e]
    4: /lib/x86_64-linux-gnu/libc.so.6(_IO_vfscanf+0x41a2) [0x7f3ddaaa57d2]
    3: /lib/x86_64-linux-gnu/libc.so.6(__isoc99_scanf+0x109) [0x7f3ddaaaae19]
    2: ./exe() [0x4034ec]
    1: /lib/x86_64-linux-gnu/libc.so.6(__libc_start_main+0xf5) [0x7f3ddaa6ef45]
    0: ./exe() [0x402469]
[INFO ] 20191108_140818 signal_hander:466 -| get SIGALRM
[INFO ] 20191108_140818 signal_hander:472 -| signal_hander write data lens:78, data:000200010000ffff00030023003200630011000200032019110716163300000000000000550001
    11: ./exe() [0x40a080]
    10: ./exe() [0x40a52b]
    9: ./exe() [0x4031bc]
    8: /lib/x86_64-linux-gnu/libc.so.6(+0x36cb0) [0x7f3ddaa83cb0]
    7: /lib/x86_64-linux-gnu/libc.so.6(__read+0x2b) [0x7f3ddab3c37b]
    6: /lib/x86_64-linux-gnu/libc.so.6(_IO_file_underflow+0x130) [0x7f3ddaac75b0]
    5: /lib/x86_64-linux-gnu/libc.so.6(_IO_default_uflow+0xe) [0x7f3ddaac853e]
    4: /lib/x86_64-linux-gnu/libc.so.6(_IO_vfscanf+0x41a2) [0x7f3ddaaa57d2]
    3: /lib/x86_64-linux-gnu/libc.so.6(__isoc99_scanf+0x109) [0x7f3ddaaaae19]
    2: ./exe() [0x4034ec]
    1: /lib/x86_64-linux-gnu/libc.so.6(__libc_start_main+0xf5) [0x7f3ddaa6ef45]
    0: ./exe() [0x402469]
[INFO ] 20191108_140819 signal_hander:466 -| get SIGALRM
[INFO ] 20191108_140819 signal_hander:472 -| signal_hander write data lens:78, data:000200010000ffff00030023003200630011000200032019110716163300000000000000550001
    11: ./exe() [0x40a080]
    10: ./exe() [0x40a52b]
    9: ./exe() [0x4031bc]
    8: /lib/x86_64-linux-gnu/libc.so.6(+0x36cb0) [0x7f3ddaa83cb0]
    7: /lib/x86_64-linux-gnu/libc.so.6(__read+0x2b) [0x7f3ddab3c37b]
    6: /lib/x86_64-linux-gnu/libc.so.6(_IO_file_underflow+0x130) [0x7f3ddaac75b0]
    5: /lib/x86_64-linux-gnu/libc.so.6(_IO_default_uflow+0xe) [0x7f3ddaac853e]
    4: /lib/x86_64-linux-gnu/libc.so.6(_IO_vfscanf+0x41a2) [0x7f3ddaaa57d2]
    3: /lib/x86_64-linux-gnu/libc.so.6(__isoc99_scanf+0x109) [0x7f3ddaaaae19]
    2: ./exe() [0x4034ec]
    1: /lib/x86_64-linux-gnu/libc.so.6(__libc_start_main+0xf5) [0x7f3ddaa6ef45]
    0: ./exe() [0x402469]
[INFO ] 20191108_140820 signal_hander:466 -| get SIGALRM
[INFO ] 20191108_140820 signal_hander:472 -| signal_hander write data lens:78, data:000200010000ffff00030023003200630011000200032019110716163300000000000000550001
    11: ./exe() [0x40a080]
    10: ./exe() [0x40a52b]
    9: ./exe() [0x4031bc]
    8: /lib/x86_64-linux-gnu/libc.so.6(+0x36cb0) [0x7f3ddaa83cb0]
    7: /lib/x86_64-linux-gnu/libc.so.6(__read+0x2b) [0x7f3ddab3c37b]
    6: /lib/x86_64-linux-gnu/libc.so.6(_IO_file_underflow+0x130) [0x7f3ddaac75b0]
    5: /lib/x86_64-linux-gnu/libc.so.6(_IO_default_uflow+0xe) [0x7f3ddaac853e]
    4: /lib/x86_64-linux-gnu/libc.so.6(_IO_vfscanf+0x41a2) [0x7f3ddaaa57d2]
    3: /lib/x86_64-linux-gnu/libc.so.6(__isoc99_scanf+0x109) [0x7f3ddaaaae19]
    2: ./exe() [0x4034ec]
    1: /lib/x86_64-linux-gnu/libc.so.6(__libc_start_main+0xf5) [0x7f3ddaa6ef45]
    0: ./exe() [0x402469]
