[INFO ] 20191108_152255 DEV_SendLocatePara:126 -| Running In DEV_SendLocatePara...
    5: ./exe() [0x40a0f6]
    4: ./exe() [0x40a5a1]
    3: ./exe() [0x4050ec]
    2: ./exe() [0x402d3c]
    1: /lib/x86_64-linux-gnu/libpthread.so.0(+0x8184) [0x7f7217dc4184]
    0: /lib/x86_64-linux-gnu/libc.so.6(clone+0x6d) [0x7f72173b903d]
[INFO ] 20191108_152255 DEV_SendScanPara:68 -| Running In DEV_SendScanPara...
    5: ./exe() [0x40a0f6]
    4: ./exe() [0x40a5a1]
    3: ./exe() [0x404e77]
    2: ./exe() [0x402c89]
    1: /lib/x86_64-linux-gnu/libpthread.so.0(+0x8184) [0x7f7217dc4184]
    0: /lib/x86_64-linux-gnu/libc.so.6(clone+0x6d) [0x7f72173b903d]
[INFO ] 20191108_152255 DEV_SendLocatePara:158 -| End DEV_SendLocatePara.
    5: ./exe() [0x40a0f6]
    4: ./exe() [0x40a5a1]
    3: ./exe() [0x405292]
    2: ./exe() [0x402d3c]
    1: /lib/x86_64-linux-gnu/libpthread.so.0(+0x8184) [0x7f7217dc4184]
    0: /lib/x86_64-linux-gnu/libc.so.6(clone+0x6d) [0x7f72173b903d]
[INFO ] 20191108_152255 DEV_SendScanPara:106 -| End DEV_SendScanPara.
    5: ./exe() [0x40a0f6]
    4: ./exe() [0x40a5a1]
    3: ./exe() [0x405071]
    2: ./exe() [0x402c89]
    1: /lib/x86_64-linux-gnu/libpthread.so.0(+0x8184) [0x7f7217dc4184]
    0: /lib/x86_64-linux-gnu/libc.so.6(clone+0x6d) [0x7f72173b903d]
[INFO ] 20191108_152305 DEV_SendLocatePara:126 -| Running In DEV_SendLocatePara...
    5: ./exe() [0x40a0f6]
    4: ./exe() [0x40a5a1]
    3: ./exe() [0x4050ec]
    2: ./exe() [0x402d3c]
    1: /lib/x86_64-linux-gnu/libpthread.so.0(+0x8184) [0x7f7217dc4184]
    0: /lib/x86_64-linux-gnu/libc.so.6(clone+0x6d) [0x7f72173b903d]
[INFO ] 20191108_152305 DEV_SendScanPara:68 -| Running In DEV_SendScanPara...
    5: ./exe() [0x40a0f6]
    4: ./exe() [0x40a5a1]
    3: ./exe() [0x404e77]
    2: ./exe() [0x402c89]
    1: /lib/x86_64-linux-gnu/libpthread.so.0(+0x8184) [0x7f7217dc4184]
    0: /lib/x86_64-linux-gnu/libc.so.6(clone+0x6d) [0x7f72173b903d]
[INFO ] 20191108_152305 DEV_SendScanPara:106 -| End DEV_SendScanPara.
    5: ./exe() [0x40a0f6]
    4: ./exe() [0x40a5a1]
    3: ./exe() [0x405071]
    2: ./exe() [0x402c89]
    1: /lib/x86_64-linux-gnu/libpthread.so.0(+0x8184) [0x7f7217dc4184]
    0: /lib/x86_64-linux-gnu/libc.so.6(clone+0x6d) [0x7f72173b903d]
[INFO ] 20191108_152305 DEV_SendLocatePara:158 -| End DEV_SendLocatePara.
    5: ./exe() [0x40a0f6]
    4: ./exe() [0x40a5a1]
    3: ./exe() [0x405292]
    2: ./exe() [0x402d3c]
    1: /lib/x86_64-linux-gnu/libpthread.so.0(+0x8184) [0x7f7217dc4184]
    0: /lib/x86_64-linux-gnu/libc.so.6(clone+0x6d) [0x7f72173b903d]
[INFO ] 20191108_152315 DEV_SendScanPara:68 -| Running In DEV_SendScanPara...
    5: ./exe() [0x40a0f6]
    4: ./exe() [0x40a5a1]
    3: ./exe() [0x404e77]
    2: ./exe() [0x402c89]
    1: /lib/x86_64-linux-gnu/libpthread.so.0(+0x8184) [0x7f7217dc4184]
    0: /lib/x86_64-linux-gnu/libc.so.6(clone+0x6d) [0x7f72173b903d]
[INFO ] 20191108_152315 DEV_SendScanPara:106 -| End DEV_SendScanPara.
    5: ./exe() [0x40a0f6]
    4: ./exe() [0x40a5a1]
    3: ./exe() [0x405071]
    2: ./exe() [0x402c89]
    1: /lib/x86_64-linux-gnu/libpthread.so.0(+0x8184) [0x7f7217dc4184]
    0: /lib/x86_64-linux-gnu/libc.so.6(clone+0x6d) [0x7f72173b903d]
[INFO ] 20191108_152315 DEV_SendLocatePara:126 -| Running In DEV_SendLocatePara...
    5: ./exe() [0x40a0f6]
    4: ./exe() [0x40a5a1]
    3: ./exe() [0x4050ec]
    2: ./exe() [0x402d3c]
    1: /lib/x86_64-linux-gnu/libpthread.so.0(+0x8184) [0x7f7217dc4184]
    0: /lib/x86_64-linux-gnu/libc.so.6(clone+0x6d) [0x7f72173b903d]
[INFO ] 20191108_152315 DEV_SendLocatePara:158 -| End DEV_SendLocatePara.
    5: ./exe() [0x40a0f6]
    4: ./exe() [0x40a5a1]
    3: ./exe() [0x405292]
    2: ./exe() [0x402d3c]
    1: /lib/x86_64-linux-gnu/libpthread.so.0(+0x8184) [0x7f7217dc4184]
    0: /lib/x86_64-linux-gnu/libc.so.6(clone+0x6d) [0x7f72173b903d]
[INFO ] 20191108_152325 DEV_SendScanPara:68 -| Running In DEV_SendScanPara...
    5: ./exe() [0x40a0f6]
    4: ./exe() [0x40a5a1]
    3: ./exe() [0x404e77]
    2: ./exe() [0x402c89]
    1: /lib/x86_64-linux-gnu/libpthread.so.0(+0x8184) [0x7f7217dc4184]
    0: /lib/x86_64-linux-gnu/libc.so.6(clone+0x6d) [0x7f72173b903d]
[INFO ] 20191108_152325 DEV_SendScanPara:106 -| End DEV_SendScanPara.
    5: ./exe() [0x40a0f6]
    4: ./exe() [0x40a5a1]
    3: ./exe() [0x405071]
    2: ./exe() [0x402c89]
    1: /lib/x86_64-linux-gnu/libpthread.so.0(+0x8184) [0x7f7217dc4184]
    0: /lib/x86_64-linux-gnu/libc.so.6(clone+0x6d) [0x7f72173b903d]
[INFO ] 20191108_152325 DEV_SendLocatePara:126 -| Running In DEV_SendLocatePara...
    5: ./exe() [0x40a0f6]
    4: ./exe() [0x40a5a1]
    3: ./exe() [0x4050ec]
    2: ./exe() [0x402d3c]
    1: /lib/x86_64-linux-gnu/libpthread.so.0(+0x8184) [0x7f7217dc4184]
    0: /lib/x86_64-linux-gnu/libc.so.6(clone+0x6d) [0x7f72173b903d]
[INFO ] 20191108_152325 DEV_SendLocatePara:158 -| End DEV_SendLocatePara.
    5: ./exe() [0x40a0f6]
    4: ./exe() [0x40a5a1]
    3: ./exe() [0x405292]
    2: ./exe() [0x402d3c]
    1: /lib/x86_64-linux-gnu/libpthread.so.0(+0x8184) [0x7f7217dc4184]
    0: /lib/x86_64-linux-gnu/libc.so.6(clone+0x6d) [0x7f72173b903d]
[INFO ] 20191108_152335 DEV_SendScanPara:68 -| Running In DEV_SendScanPara...
    5: ./exe() [0x40a0f6]
    4: ./exe() [0x40a5a1]
    3: ./exe() [0x404e77]
    2: ./exe() [0x402c89]
    1: /lib/x86_64-linux-gnu/libpthread.so.0(+0x8184) [0x7f7217dc4184]
    0: /lib/x86_64-linux-gnu/libc.so.6(clone+0x6d) [0x7f72173b903d]
[INFO ] 20191108_152335 DEV_SendScanPara:106 -| End DEV_SendScanPara.
    5: ./exe() [0x40a0f6]
    4: ./exe() [0x40a5a1]
    3: ./exe() [0x405071]
    2: ./exe() [0x402c89]
    1: /lib/x86_64-linux-gnu/libpthread.so.0(+0x8184) [0x7f7217dc4184]
    0: /lib/x86_64-linux-gnu/libc.so.6(clone+0x6d) [0x7f72173b903d]
[INFO ] 20191108_152335 DEV_SendLocatePara:126 -| Running In DEV_SendLocatePara...
    5: ./exe() [0x40a0f6]
    4: ./exe() [0x40a5a1]
    3: ./exe() [0x4050ec]
    2: ./exe() [0x402d3c]
    1: /lib/x86_64-linux-gnu/libpthread.so.0(+0x8184) [0x7f7217dc4184]
    0: /lib/x86_64-linux-gnu/libc.so.6(clone+0x6d) [0x7f72173b903d]
[INFO ] 20191108_152335 DEV_SendLocatePara:158 -| End DEV_SendLocatePara.
    5: ./exe() [0x40a0f6]
    4: ./exe() [0x40a5a1]
    3: ./exe() [0x405292]
    2: ./exe() [0x402d3c]
    1: /lib/x86_64-linux-gnu/libpthread.so.0(+0x8184) [0x7f7217dc4184]
    0: /lib/x86_64-linux-gnu/libc.so.6(clone+0x6d) [0x7f72173b903d]
[INFO ] 20191108_152345 DEV_SendScanPara:68 -| Running In DEV_SendScanPara...
    5: ./exe() [0x40a0f6]
    4: ./exe() [0x40a5a1]
    3: ./exe() [0x404e77]
    2: ./exe() [0x402c89]
    1: /lib/x86_64-linux-gnu/libpthread.so.0(+0x8184) [0x7f7217dc4184]
    0: /lib/x86_64-linux-gnu/libc.so.6(clone+0x6d) [0x7f72173b903d]
[INFO ] 20191108_152345 DEV_SendScanPara:106 -| End DEV_SendScanPara.
    5: ./exe() [0x40a0f6]
    4: ./exe() [0x40a5a1]
    3: ./exe() [0x405071]
    2: ./exe() [0x402c89]
    1: /lib/x86_64-linux-gnu/libpthread.so.0(+0x8184) [0x7f7217dc4184]
    0: /lib/x86_64-linux-gnu/libc.so.6(clone+0x6d) [0x7f72173b903d]
[INFO ] 20191108_152345 DEV_SendLocatePara:126 -| Running In DEV_SendLocatePara...
    5: ./exe() [0x40a0f6]
    4: ./exe() [0x40a5a1]
    3: ./exe() [0x4050ec]
    2: ./exe() [0x402d3c]
    1: /lib/x86_64-linux-gnu/libpthread.so.0(+0x8184) [0x7f7217dc4184]
    0: /lib/x86_64-linux-gnu/libc.so.6(clone+0x6d) [0x7f72173b903d]
[INFO ] 20191108_152345 DEV_SendLocatePara:158 -| End DEV_SendLocatePara.
    5: ./exe() [0x40a0f6]
    4: ./exe() [0x40a5a1]
    3: ./exe() [0x405292]
    2: ./exe() [0x402d3c]
    1: /lib/x86_64-linux-gnu/libpthread.so.0(+0x8184) [0x7f7217dc4184]
    0: /lib/x86_64-linux-gnu/libc.so.6(clone+0x6d) [0x7f72173b903d]
[INFO ] 20191108_152355 DEV_SendScanPara:68 -| Running In DEV_SendScanPara...
    5: ./exe() [0x40a0f6]
    4: ./exe() [0x40a5a1]
    3: ./exe() [0x404e77]
    2: ./exe() [0x402c89]
    1: /lib/x86_64-linux-gnu/libpthread.so.0(+0x8184) [0x7f7217dc4184]
    0: /lib/x86_64-linux-gnu/libc.so.6(clone+0x6d) [0x7f72173b903d]
[INFO ] 20191108_152355 DEV_SendScanPara:106 -| End DEV_SendScanPara.
    5: ./exe() [0x40a0f6]
    4: ./exe() [0x40a5a1]
    3: ./exe() [0x405071]
    2: ./exe() [0x402c89]
    1: /lib/x86_64-linux-gnu/libpthread.so.0(+0x8184) [0x7f7217dc4184]
    0: /lib/x86_64-linux-gnu/libc.so.6(clone+0x6d) [0x7f72173b903d]
[INFO ] 20191108_152355 DEV_SendLocatePara:126 -| Running In DEV_SendLocatePara...
    5: ./exe() [0x40a0f6]
    4: ./exe() [0x40a5a1]
    3: ./exe() [0x4050ec]
    2: ./exe() [0x402d3c]
    1: /lib/x86_64-linux-gnu/libpthread.so.0(+0x8184) [0x7f7217dc4184]
    0: /lib/x86_64-linux-gnu/libc.so.6(clone+0x6d) [0x7f72173b903d]
[INFO ] 20191108_152355 DEV_SendLocatePara:158 -| End DEV_SendLocatePara.
    5: ./exe() [0x40a0f6]
    4: ./exe() [0x40a5a1]
    3: ./exe() [0x405292]
    2: ./exe() [0x402d3c]
    1: /lib/x86_64-linux-gnu/libpthread.so.0(+0x8184) [0x7f7217dc4184]
    0: /lib/x86_64-linux-gnu/libc.so.6(clone+0x6d) [0x7f72173b903d]
[INFO ] 20191108_152405 DEV_SendScanPara:68 -| Running In DEV_SendScanPara...
    5: ./exe() [0x40a0f6]
    4: ./exe() [0x40a5a1]
    3: ./exe() [0x404e77]
    2: ./exe() [0x402c89]
    1: /lib/x86_64-linux-gnu/libpthread.so.0(+0x8184) [0x7f7217dc4184]
    0: /lib/x86_64-linux-gnu/libc.so.6(clone+0x6d) [0x7f72173b903d]
[INFO ] 20191108_152405 DEV_SendScanPara:106 -| End DEV_SendScanPara.
    5: ./exe() [0x40a0f6]
    4: ./exe() [0x40a5a1]
    3: ./exe() [0x405071]
    2: ./exe() [0x402c89]
    1: /lib/x86_64-linux-gnu/libpthread.so.0(+0x8184) [0x7f7217dc4184]
    0: /lib/x86_64-linux-gnu/libc.so.6(clone+0x6d) [0x7f72173b903d]
[INFO ] 20191108_152405 DEV_SendLocatePara:126 -| Running In DEV_SendLocatePara...
    5: ./exe() [0x40a0f6]
    4: ./exe() [0x40a5a1]
    3: ./exe() [0x4050ec]
    2: ./exe() [0x402d3c]
    1: /lib/x86_64-linux-gnu/libpthread.so.0(+0x8184) [0x7f7217dc4184]
    0: /lib/x86_64-linux-gnu/libc.so.6(clone+0x6d) [0x7f72173b903d]
[INFO ] 20191108_152405 DEV_SendLocatePara:158 -| End DEV_SendLocatePara.
    5: ./exe() [0x40a0f6]
    4: ./exe() [0x40a5a1]
    3: ./exe() [0x405292]
    2: ./exe() [0x402d3c]
    1: /lib/x86_64-linux-gnu/libpthread.so.0(+0x8184) [0x7f7217dc4184]
    0: /lib/x86_64-linux-gnu/libc.so.6(clone+0x6d) [0x7f72173b903d]
[INFO ] 20191108_152415 DEV_SendScanPara:68 -| Running In DEV_SendScanPara...
    5: ./exe() [0x40a0f6]
    4: ./exe() [0x40a5a1]
    3: ./exe() [0x404e77]
    2: ./exe() [0x402c89]
    1: /lib/x86_64-linux-gnu/libpthread.so.0(+0x8184) [0x7f7217dc4184]
    0: /lib/x86_64-linux-gnu/libc.so.6(clone+0x6d) [0x7f72173b903d]
[INFO ] 20191108_152415 DEV_SendScanPara:106 -| End DEV_SendScanPara.
    5: ./exe() [0x40a0f6]
    4: ./exe() [0x40a5a1]
    3: ./exe() [0x405071]
    2: ./exe() [0x402c89]
    1: /lib/x86_64-linux-gnu/libpthread.so.0(+0x8184) [0x7f7217dc4184]
    0: /lib/x86_64-linux-gnu/libc.so.6(clone+0x6d) [0x7f72173b903d]
[INFO ] 20191108_152415 DEV_SendLocatePara:126 -| Running In DEV_SendLocatePara...
    5: ./exe() [0x40a0f6]
    4: ./exe() [0x40a5a1]
    3: ./exe() [0x4050ec]
    2: ./exe() [0x402d3c]
    1: /lib/x86_64-linux-gnu/libpthread.so.0(+0x8184) [0x7f7217dc4184]
    0: /lib/x86_64-linux-gnu/libc.so.6(clone+0x6d) [0x7f72173b903d]
[INFO ] 20191108_152415 DEV_SendLocatePara:158 -| End DEV_SendLocatePara.
    5: ./exe() [0x40a0f6]
    4: ./exe() [0x40a5a1]
    3: ./exe() [0x405292]
    2: ./exe() [0x402d3c]
    1: /lib/x86_64-linux-gnu/libpthread.so.0(+0x8184) [0x7f7217dc4184]
    0: /lib/x86_64-linux-gnu/libc.so.6(clone+0x6d) [0x7f72173b903d]
[INFO ] 20191108_152425 DEV_SendScanPara:68 -| Running In DEV_SendScanPara...
    5: ./exe() [0x40a0f6]
    4: ./exe() [0x40a5a1]
    3: ./exe() [0x404e77]
    2: ./exe() [0x402c89]
    1: /lib/x86_64-linux-gnu/libpthread.so.0(+0x8184) [0x7f7217dc4184]
    0: /lib/x86_64-linux-gnu/libc.so.6(clone+0x6d) [0x7f72173b903d]
[INFO ] 20191108_152425 DEV_SendScanPara:106 -| End DEV_SendScanPara.
    5: ./exe() [0x40a0f6]
    4: ./exe() [0x40a5a1]
    3: ./exe() [0x405071]
    2: ./exe() [0x402c89]
    1: /lib/x86_64-linux-gnu/libpthread.so.0(+0x8184) [0x7f7217dc4184]
    0: /lib/x86_64-linux-gnu/libc.so.6(clone+0x6d) [0x7f72173b903d]
[INFO ] 20191108_152425 DEV_SendLocatePara:126 -| Running In DEV_SendLocatePara...
    5: ./exe() [0x40a0f6]
    4: ./exe() [0x40a5a1]
    3: ./exe() [0x4050ec]
    2: ./exe() [0x402d3c]
    1: /lib/x86_64-linux-gnu/libpthread.so.0(+0x8184) [0x7f7217dc4184]
    0: /lib/x86_64-linux-gnu/libc.so.6(clone+0x6d) [0x7f72173b903d]
[INFO ] 20191108_152425 DEV_SendLocatePara:158 -| End DEV_SendLocatePara.
    5: ./exe() [0x40a0f6]
    4: ./exe() [0x40a5a1]
    3: ./exe() [0x405292]
    2: ./exe() [0x402d3c]
    1: /lib/x86_64-linux-gnu/libpthread.so.0(+0x8184) [0x7f7217dc4184]
    0: /lib/x86_64-linux-gnu/libc.so.6(clone+0x6d) [0x7f72173b903d]
[INFO ] 20191108_152435 DEV_SendScanPara:68 -| Running In DEV_SendScanPara...
    5: ./exe() [0x40a0f6]
    4: ./exe() [0x40a5a1]
    3: ./exe() [0x404e77]
    2: ./exe() [0x402c89]
    1: /lib/x86_64-linux-gnu/libpthread.so.0(+0x8184) [0x7f7217dc4184]
    0: /lib/x86_64-linux-gnu/libc.so.6(clone+0x6d) [0x7f72173b903d]
[INFO ] 20191108_152435 DEV_SendScanPara:106 -| End DEV_SendScanPara.
    5: ./exe() [0x40a0f6]
    4: ./exe() [0x40a5a1]
    3: ./exe() [0x405071]
    2: ./exe() [0x402c89]
    1: /lib/x86_64-linux-gnu/libpthread.so.0(+0x8184) [0x7f7217dc4184]
    0: /lib/x86_64-linux-gnu/libc.so.6(clone+0x6d) [0x7f72173b903d]
[INFO ] 20191108_152435 DEV_SendLocatePara:126 -| Running In DEV_SendLocatePara...
    5: ./exe() [0x40a0f6]
    4: ./exe() [0x40a5a1]
    3: ./exe() [0x4050ec]
    2: ./exe() [0x402d3c]
    1: /lib/x86_64-linux-gnu/libpthread.so.0(+0x8184) [0x7f7217dc4184]
    0: /lib/x86_64-linux-gnu/libc.so.6(clone+0x6d) [0x7f72173b903d]
[INFO ] 20191108_152435 DEV_SendLocatePara:158 -| End DEV_SendLocatePara.
    5: ./exe() [0x40a0f6]
    4: ./exe() [0x40a5a1]
    3: ./exe() [0x405292]
    2: ./exe() [0x402d3c]
    1: /lib/x86_64-linux-gnu/libpthread.so.0(+0x8184) [0x7f7217dc4184]
    0: /lib/x86_64-linux-gnu/libc.so.6(clone+0x6d) [0x7f72173b903d]
[INFO ] 20191108_152445 DEV_SendScanPara:68 -| Running In DEV_SendScanPara...
    5: ./exe() [0x40a0f6]
    4: ./exe() [0x40a5a1]
    3: ./exe() [0x404e77]
    2: ./exe() [0x402c89]
    1: /lib/x86_64-linux-gnu/libpthread.so.0(+0x8184) [0x7f7217dc4184]
    0: /lib/x86_64-linux-gnu/libc.so.6(clone+0x6d) [0x7f72173b903d]
[INFO ] 20191108_152445 DEV_SendScanPara:106 -| End DEV_SendScanPara.
    5: ./exe() [0x40a0f6]
    4: ./exe() [0x40a5a1]
    3: ./exe() [0x405071]
    2: ./exe() [0x402c89]
    1: /lib/x86_64-linux-gnu/libpthread.so.0(+0x8184) [0x7f7217dc4184]
    0: /lib/x86_64-linux-gnu/libc.so.6(clone+0x6d) [0x7f72173b903d]
[INFO ] 20191108_152445 DEV_SendLocatePara:126 -| Running In DEV_SendLocatePara...
    5: ./exe() [0x40a0f6]
    4: ./exe() [0x40a5a1]
    3: ./exe() [0x4050ec]
    2: ./exe() [0x402d3c]
    1: /lib/x86_64-linux-gnu/libpthread.so.0(+0x8184) [0x7f7217dc4184]
    0: /lib/x86_64-linux-gnu/libc.so.6(clone+0x6d) [0x7f72173b903d]
[INFO ] 20191108_152445 DEV_SendLocatePara:158 -| End DEV_SendLocatePara.
    5: ./exe() [0x40a0f6]
    4: ./exe() [0x40a5a1]
    3: ./exe() [0x405292]
    2: ./exe() [0x402d3c]
    1: /lib/x86_64-linux-gnu/libpthread.so.0(+0x8184) [0x7f7217dc4184]
    0: /lib/x86_64-linux-gnu/libc.so.6(clone+0x6d) [0x7f72173b903d]
[INFO ] 20191108_152455 DEV_SendScanPara:68 -| Running In DEV_SendScanPara...
    5: ./exe() [0x40a0f6]
    4: ./exe() [0x40a5a1]
    3: ./exe() [0x404e77]
    2: ./exe() [0x402c89]
    1: /lib/x86_64-linux-gnu/libpthread.so.0(+0x8184) [0x7f7217dc4184]
    0: /lib/x86_64-linux-gnu/libc.so.6(clone+0x6d) [0x7f72173b903d]
[INFO ] 20191108_152455 DEV_SendLocatePara:126 -| Running In DEV_SendLocatePara...
    5: ./exe() [0x40a0f6]
    4: ./exe() [0x40a5a1]
    3: ./exe() [0x4050ec]
    2: ./exe() [0x402d3c]
    1: /lib/x86_64-linux-gnu/libpthread.so.0(+0x8184) [0x7f7217dc4184]
    0: /lib/x86_64-linux-gnu/libc.so.6(clone+0x6d) [0x7f72173b903d]
[INFO ] 20191108_152455 DEV_SendScanPara:106 -| End DEV_SendScanPara.
    5: ./exe() [0x40a0f6]
    4: ./exe() [0x40a5a1]
    3: ./exe() [0x405071]
    2: ./exe() [0x402c89]
    1: /lib/x86_64-linux-gnu/libpthread.so.0(+0x8184) [0x7f7217dc4184]
    0: /lib/x86_64-linux-gnu/libc.so.6(clone+0x6d) [0x7f72173b903d]
[INFO ] 20191108_152455 DEV_SendLocatePara:158 -| End DEV_SendLocatePara.
    5: ./exe() [0x40a0f6]
    4: ./exe() [0x40a5a1]
    3: ./exe() [0x405292]
    2: ./exe() [0x402d3c]
    1: /lib/x86_64-linux-gnu/libpthread.so.0(+0x8184) [0x7f7217dc4184]
    0: /lib/x86_64-linux-gnu/libc.so.6(clone+0x6d) [0x7f72173b903d]
[INFO ] 20191108_152505 DEV_SendScanPara:68 -| Running In DEV_SendScanPara...
    5: ./exe() [0x40a0f6]
    4: ./exe() [0x40a5a1]
    3: ./exe() [0x404e77]
    2: ./exe() [0x402c89]
    1: /lib/x86_64-linux-gnu/libpthread.so.0(+0x8184) [0x7f7217dc4184]
    0: /lib/x86_64-linux-gnu/libc.so.6(clone+0x6d) [0x7f72173b903d]
[INFO ] 20191108_152505 DEV_SendLocatePara:126 -| Running In DEV_SendLocatePara...
    5: ./exe() [0x40a0f6]
    4: ./exe() [0x40a5a1]
    3: ./exe() [0x4050ec]
    2: ./exe() [0x402d3c]
    1: /lib/x86_64-linux-gnu/libpthread.so.0(+0x8184) [0x7f7217dc4184]
    0: /lib/x86_64-linux-gnu/libc.so.6(clone+0x6d) [0x7f72173b903d]
[INFO ] 20191108_152505 DEV_SendScanPara:106 -| End DEV_SendScanPara.
    5: ./exe() [0x40a0f6]
    4: ./exe() [0x40a5a1]
    3: ./exe() [0x405071]
    2: ./exe() [0x402c89]
    1: /lib/x86_64-linux-gnu/libpthread.so.0(+0x8184) [0x7f7217dc4184]
    0: /lib/x86_64-linux-gnu/libc.so.6(clone+0x6d) [0x7f72173b903d]
[INFO ] 20191108_152505 DEV_SendLocatePara:158 -| End DEV_SendLocatePara.
    5: ./exe() [0x40a0f6]
    4: ./exe() [0x40a5a1]
    3: ./exe() [0x405292]
    2: ./exe() [0x402d3c]
    1: /lib/x86_64-linux-gnu/libpthread.so.0(+0x8184) [0x7f7217dc4184]
    0: /lib/x86_64-linux-gnu/libc.so.6(clone+0x6d) [0x7f72173b903d]
[INFO ] 20191108_152515 DEV_SendScanPara:68 -| Running In DEV_SendScanPara...
    5: ./exe() [0x40a0f6]
    4: ./exe() [0x40a5a1]
    3: ./exe() [0x404e77]
    2: ./exe() [0x402c89]
    1: /lib/x86_64-linux-gnu/libpthread.so.0(+0x8184) [0x7f7217dc4184]
    0: /lib/x86_64-linux-gnu/libc.so.6(clone+0x6d) [0x7f72173b903d]
[INFO ] 20191108_152515 DEV_SendScanPara:106 -| End DEV_SendScanPara.
    5: ./exe() [0x40a0f6]
    4: ./exe() [0x40a5a1]
    3: ./exe() [0x405071]
    2: ./exe() [0x402c89]
    1: /lib/x86_64-linux-gnu/libpthread.so.0(+0x8184) [0x7f7217dc4184]
    0: /lib/x86_64-linux-gnu/libc.so.6(clone+0x6d) [0x7f72173b903d]
[INFO ] 20191108_152515 DEV_SendLocatePara:126 -| Running In DEV_SendLocatePara...
    5: ./exe() [0x40a0f6]
    4: ./exe() [0x40a5a1]
    3: ./exe() [0x4050ec]
    2: ./exe() [0x402d3c]
    1: /lib/x86_64-linux-gnu/libpthread.so.0(+0x8184) [0x7f7217dc4184]
    0: /lib/x86_64-linux-gnu/libc.so.6(clone+0x6d) [0x7f72173b903d]
[INFO ] 20191108_152515 DEV_SendLocatePara:158 -| End DEV_SendLocatePara.
    5: ./exe() [0x40a0f6]
    4: ./exe() [0x40a5a1]
    3: ./exe() [0x405292]
    2: ./exe() [0x402d3c]
    1: /lib/x86_64-linux-gnu/libpthread.so.0(+0x8184) [0x7f7217dc4184]
    0: /lib/x86_64-linux-gnu/libc.so.6(clone+0x6d) [0x7f72173b903d]
[INFO ] 20191108_152525 DEV_SendScanPara:68 -| Running In DEV_SendScanPara...
    5: ./exe() [0x40a0f6]
    4: ./exe() [0x40a5a1]
    3: ./exe() [0x404e77]
    2: ./exe() [0x402c89]
    1: /lib/x86_64-linux-gnu/libpthread.so.0(+0x8184) [0x7f7217dc4184]
    0: /lib/x86_64-linux-gnu/libc.so.6(clone+0x6d) [0x7f72173b903d]
[INFO ] 20191108_152525 DEV_SendScanPara:106 -| End DEV_SendScanPara.
    5: ./exe() [0x40a0f6]
    4: ./exe() [0x40a5a1]
    3: ./exe() [0x405071]
    2: ./exe() [0x402c89]
    1: /lib/x86_64-linux-gnu/libpthread.so.0(+0x8184) [0x7f7217dc4184]
    0: /lib/x86_64-linux-gnu/libc.so.6(clone+0x6d) [0x7f72173b903d]
[INFO ] 20191108_152525 DEV_SendLocatePara:126 -| Running In DEV_SendLocatePara...
    5: ./exe() [0x40a0f6]
    4: ./exe() [0x40a5a1]
    3: ./exe() [0x4050ec]
    2: ./exe() [0x402d3c]
    1: /lib/x86_64-linux-gnu/libpthread.so.0(+0x8184) [0x7f7217dc4184]
    0: /lib/x86_64-linux-gnu/libc.so.6(clone+0x6d) [0x7f72173b903d]
[INFO ] 20191108_152525 DEV_SendLocatePara:158 -| End DEV_SendLocatePara.
    5: ./exe() [0x40a0f6]
    4: ./exe() [0x40a5a1]
    3: ./exe() [0x405292]
    2: ./exe() [0x402d3c]
    1: /lib/x86_64-linux-gnu/libpthread.so.0(+0x8184) [0x7f7217dc4184]
    0: /lib/x86_64-linux-gnu/libc.so.6(clone+0x6d) [0x7f72173b903d]
[INFO ] 20191108_152535 DEV_SendScanPara:68 -| Running In DEV_SendScanPara...
    5: ./exe() [0x40a0f6]
    4: ./exe() [0x40a5a1]
    3: ./exe() [0x404e77]
    2: ./exe() [0x402c89]
    1: /lib/x86_64-linux-gnu/libpthread.so.0(+0x8184) [0x7f7217dc4184]
    0: /lib/x86_64-linux-gnu/libc.so.6(clone+0x6d) [0x7f72173b903d]
[INFO ] 20191108_152535 DEV_SendScanPara:106 -| End DEV_SendScanPara.
    5: ./exe() [0x40a0f6]
    4: ./exe() [0x40a5a1]
    3: ./exe() [0x405071]
    2: ./exe() [0x402c89]
    1: /lib/x86_64-linux-gnu/libpthread.so.0(+0x8184) [0x7f7217dc4184]
    0: /lib/x86_64-linux-gnu/libc.so.6(clone+0x6d) [0x7f72173b903d]
[INFO ] 20191108_152535 DEV_SendLocatePara:126 -| Running In DEV_SendLocatePara...
    5: ./exe() [0x40a0f6]
    4: ./exe() [0x40a5a1]
    3: ./exe() [0x4050ec]
    2: ./exe() [0x402d3c]
    1: /lib/x86_64-linux-gnu/libpthread.so.0(+0x8184) [0x7f7217dc4184]
    0: /lib/x86_64-linux-gnu/libc.so.6(clone+0x6d) [0x7f72173b903d]
[INFO ] 20191108_152535 DEV_SendLocatePara:158 -| End DEV_SendLocatePara.
    5: ./exe() [0x40a0f6]
    4: ./exe() [0x40a5a1]
    3: ./exe() [0x405292]
    2: ./exe() [0x402d3c]
    1: /lib/x86_64-linux-gnu/libpthread.so.0(+0x8184) [0x7f7217dc4184]
    0: /lib/x86_64-linux-gnu/libc.so.6(clone+0x6d) [0x7f72173b903d]
[INFO ] 20191108_152545 DEV_SendScanPara:68 -| Running In DEV_SendScanPara...
    5: ./exe() [0x40a0f6]
    4: ./exe() [0x40a5a1]
    3: ./exe() [0x404e77]
    2: ./exe() [0x402c89]
    1: /lib/x86_64-linux-gnu/libpthread.so.0(+0x8184) [0x7f7217dc4184]
    0: /lib/x86_64-linux-gnu/libc.so.6(clone+0x6d) [0x7f72173b903d]
[INFO ] 20191108_152545 DEV_SendScanPara:106 -| End DEV_SendScanPara.
    5: ./exe() [0x40a0f6]
    4: ./exe() [0x40a5a1]
    3: ./exe() [0x405071]
    2: ./exe() [0x402c89]
    1: /lib/x86_64-linux-gnu/libpthread.so.0(+0x8184) [0x7f7217dc4184]
    0: /lib/x86_64-linux-gnu/libc.so.6(clone+0x6d) [0x7f72173b903d]
[INFO ] 20191108_152545 DEV_SendLocatePara:126 -| Running In DEV_SendLocatePara...
    5: ./exe() [0x40a0f6]
    4: ./exe() [0x40a5a1]
    3: ./exe() [0x4050ec]
    2: ./exe() [0x402d3c]
    1: /lib/x86_64-linux-gnu/libpthread.so.0(+0x8184) [0x7f7217dc4184]
    0: /lib/x86_64-linux-gnu/libc.so.6(clone+0x6d) [0x7f72173b903d]
[INFO ] 20191108_152545 DEV_SendLocatePara:158 -| End DEV_SendLocatePara.
    5: ./exe() [0x40a0f6]
    4: ./exe() [0x40a5a1]
    3: ./exe() [0x405292]
    2: ./exe() [0x402d3c]
    1: /lib/x86_64-linux-gnu/libpthread.so.0(+0x8184) [0x7f7217dc4184]
    0: /lib/x86_64-linux-gnu/libc.so.6(clone+0x6d) [0x7f72173b903d]
[INFO ] 20191108_152555 DEV_SendScanPara:68 -| Running In DEV_SendScanPara...
    5: ./exe() [0x40a0f6]
    4: ./exe() [0x40a5a1]
    3: ./exe() [0x404e77]
    2: ./exe() [0x402c89]
    1: /lib/x86_64-linux-gnu/libpthread.so.0(+0x8184) [0x7f7217dc4184]
    0: /lib/x86_64-linux-gnu/libc.so.6(clone+0x6d) [0x7f72173b903d]
[INFO ] 20191108_152555 DEV_SendScanPara:106 -| End DEV_SendScanPara.
    5: ./exe() [0x40a0f6]
    4: ./exe() [0x40a5a1]
    3: ./exe() [0x405071]
    2: ./exe() [0x402c89]
    1: /lib/x86_64-linux-gnu/libpthread.so.0(+0x8184) [0x7f7217dc4184]
    0: /lib/x86_64-linux-gnu/libc.so.6(clone+0x6d) [0x7f72173b903d]
[INFO ] 20191108_152555 DEV_SendLocatePara:126 -| Running In DEV_SendLocatePara...
    5: ./exe() [0x40a0f6]
    4: ./exe() [0x40a5a1]
    3: ./exe() [0x4050ec]
    2: ./exe() [0x402d3c]
    1: /lib/x86_64-linux-gnu/libpthread.so.0(+0x8184) [0x7f7217dc4184]
    0: /lib/x86_64-linux-gnu/libc.so.6(clone+0x6d) [0x7f72173b903d]
[INFO ] 20191108_152555 DEV_SendLocatePara:158 -| End DEV_SendLocatePara.
    5: ./exe() [0x40a0f6]
    4: ./exe() [0x40a5a1]
    3: ./exe() [0x405292]
    2: ./exe() [0x402d3c]
    1: /lib/x86_64-linux-gnu/libpthread.so.0(+0x8184) [0x7f7217dc4184]
    0: /lib/x86_64-linux-gnu/libc.so.6(clone+0x6d) [0x7f72173b903d]
[INFO ] 20191108_152605 DEV_SendScanPara:68 -| Running In DEV_SendScanPara...
    5: ./exe() [0x40a0f6]
    4: ./exe() [0x40a5a1]
    3: ./exe() [0x404e77]
    2: ./exe() [0x402c89]
    1: /lib/x86_64-linux-gnu/libpthread.so.0(+0x8184) [0x7f7217dc4184]
    0: /lib/x86_64-linux-gnu/libc.so.6(clone+0x6d) [0x7f72173b903d]
[INFO ] 20191108_152605 DEV_SendScanPara:106 -| End DEV_SendScanPara.
    5: ./exe() [0x40a0f6]
    4: ./exe() [0x40a5a1]
    3: ./exe() [0x405071]
    2: ./exe() [0x402c89]
    1: /lib/x86_64-linux-gnu/libpthread.so.0(+0x8184) [0x7f7217dc4184]
    0: /lib/x86_64-linux-gnu/libc.so.6(clone+0x6d) [0x7f72173b903d]
[INFO ] 20191108_152605 DEV_SendLocatePara:126 -| Running In DEV_SendLocatePara...
    5: ./exe() [0x40a0f6]
    4: ./exe() [0x40a5a1]
    3: ./exe() [0x4050ec]
    2: ./exe() [0x402d3c]
    1: /lib/x86_64-linux-gnu/libpthread.so.0(+0x8184) [0x7f7217dc4184]
    0: /lib/x86_64-linux-gnu/libc.so.6(clone+0x6d) [0x7f72173b903d]
[INFO ] 20191108_152605 DEV_SendLocatePara:158 -| End DEV_SendLocatePara.
    5: ./exe() [0x40a0f6]
    4: ./exe() [0x40a5a1]
    3: ./exe() [0x405292]
    2: ./exe() [0x402d3c]
    1: /lib/x86_64-linux-gnu/libpthread.so.0(+0x8184) [0x7f7217dc4184]
    0: /lib/x86_64-linux-gnu/libc.so.6(clone+0x6d) [0x7f72173b903d]
[INFO ] 20191108_152615 DEV_SendScanPara:68 -| Running In DEV_SendScanPara...
    5: ./exe() [0x40a0f6]
    4: ./exe() [0x40a5a1]
    3: ./exe() [0x404e77]
    2: ./exe() [0x402c89]
    1: /lib/x86_64-linux-gnu/libpthread.so.0(+0x8184) [0x7f7217dc4184]
    0: /lib/x86_64-linux-gnu/libc.so.6(clone+0x6d) [0x7f72173b903d]
[INFO ] 20191108_152615 DEV_SendScanPara:106 -| End DEV_SendScanPara.
    5: ./exe() [0x40a0f6]
    4: ./exe() [0x40a5a1]
    3: ./exe() [0x405071]
    2: ./exe() [0x402c89]
    1: /lib/x86_64-linux-gnu/libpthread.so.0(+0x8184) [0x7f7217dc4184]
    0: /lib/x86_64-linux-gnu/libc.so.6(clone+0x6d) [0x7f72173b903d]
[INFO ] 20191108_152615 DEV_SendLocatePara:126 -| Running In DEV_SendLocatePara...
    5: ./exe() [0x40a0f6]
    4: ./exe() [0x40a5a1]
    3: ./exe() [0x4050ec]
    2: ./exe() [0x402d3c]
    1: /lib/x86_64-linux-gnu/libpthread.so.0(+0x8184) [0x7f7217dc4184]
    0: /lib/x86_64-linux-gnu/libc.so.6(clone+0x6d) [0x7f72173b903d]
[INFO ] 20191108_152615 DEV_SendLocatePara:158 -| End DEV_SendLocatePara.
    5: ./exe() [0x40a0f6]
    4: ./exe() [0x40a5a1]
    3: ./exe() [0x405292]
    2: ./exe() [0x402d3c]
    1: /lib/x86_64-linux-gnu/libpthread.so.0(+0x8184) [0x7f7217dc4184]
    0: /lib/x86_64-linux-gnu/libc.so.6(clone+0x6d) [0x7f72173b903d]
[INFO ] 20191108_152625 DEV_SendScanPara:68 -| Running In DEV_SendScanPara...
    5: ./exe() [0x40a0f6]
    4: ./exe() [0x40a5a1]
    3: ./exe() [0x404e77]
    2: ./exe() [0x402c89]
    1: /lib/x86_64-linux-gnu/libpthread.so.0(+0x8184) [0x7f7217dc4184]
    0: /lib/x86_64-linux-gnu/libc.so.6(clone+0x6d) [0x7f72173b903d]
[INFO ] 20191108_152625 DEV_SendScanPara:106 -| End DEV_SendScanPara.
    5: ./exe() [0x40a0f6]
    4: ./exe() [0x40a5a1]
    3: ./exe() [0x405071]
    2: ./exe() [0x402c89]
    1: /lib/x86_64-linux-gnu/libpthread.so.0(+0x8184) [0x7f7217dc4184]
    0: /lib/x86_64-linux-gnu/libc.so.6(clone+0x6d) [0x7f72173b903d]
[INFO ] 20191108_152625 DEV_SendLocatePara:126 -| Running In DEV_SendLocatePara...
    5: ./exe() [0x40a0f6]
    4: ./exe() [0x40a5a1]
    3: ./exe() [0x4050ec]
    2: ./exe() [0x402d3c]
    1: /lib/x86_64-linux-gnu/libpthread.so.0(+0x8184) [0x7f7217dc4184]
    0: /lib/x86_64-linux-gnu/libc.so.6(clone+0x6d) [0x7f72173b903d]
[INFO ] 20191108_152625 DEV_SendLocatePara:158 -| End DEV_SendLocatePara.
    5: ./exe() [0x40a0f6]
    4: ./exe() [0x40a5a1]
    3: ./exe() [0x405292]
    2: ./exe() [0x402d3c]
    1: /lib/x86_64-linux-gnu/libpthread.so.0(+0x8184) [0x7f7217dc4184]
    0: /lib/x86_64-linux-gnu/libc.so.6(clone+0x6d) [0x7f72173b903d]
[INFO ] 20191108_152635 DEV_SendScanPara:68 -| Running In DEV_SendScanPara...
    5: ./exe() [0x40a0f6]
    4: ./exe() [0x40a5a1]
    3: ./exe() [0x404e77]
    2: ./exe() [0x402c89]
    1: /lib/x86_64-linux-gnu/libpthread.so.0(+0x8184) [0x7f7217dc4184]
    0: /lib/x86_64-linux-gnu/libc.so.6(clone+0x6d) [0x7f72173b903d]
[INFO ] 20191108_152635 DEV_SendScanPara:106 -| End DEV_SendScanPara.
    5: ./exe() [0x40a0f6]
    4: ./exe() [0x40a5a1]
    3: ./exe() [0x405071]
    2: ./exe() [0x402c89]
    1: /lib/x86_64-linux-gnu/libpthread.so.0(+0x8184) [0x7f7217dc4184]
    0: /lib/x86_64-linux-gnu/libc.so.6(clone+0x6d) [0x7f72173b903d]
[INFO ] 20191108_152635 DEV_SendLocatePara:126 -| Running In DEV_SendLocatePara...
    5: ./exe() [0x40a0f6]
    4: ./exe() [0x40a5a1]
    3: ./exe() [0x4050ec]
    2: ./exe() [0x402d3c]
    1: /lib/x86_64-linux-gnu/libpthread.so.0(+0x8184) [0x7f7217dc4184]
    0: /lib/x86_64-linux-gnu/libc.so.6(clone+0x6d) [0x7f72173b903d]
[INFO ] 20191108_152635 DEV_SendLocatePara:158 -| End DEV_SendLocatePara.
    5: ./exe() [0x40a0f6]
    4: ./exe() [0x40a5a1]
    3: ./exe() [0x405292]
    2: ./exe() [0x402d3c]
    1: /lib/x86_64-linux-gnu/libpthread.so.0(+0x8184) [0x7f7217dc4184]
    0: /lib/x86_64-linux-gnu/libc.so.6(clone+0x6d) [0x7f72173b903d]
[INFO ] 20191108_152645 DEV_SendScanPara:68 -| Running In DEV_SendScanPara...
    5: ./exe() [0x40a0f6]
    4: ./exe() [0x40a5a1]
    3: ./exe() [0x404e77]
    2: ./exe() [0x402c89]
    1: /lib/x86_64-linux-gnu/libpthread.so.0(+0x8184) [0x7f7217dc4184]
    0: /lib/x86_64-linux-gnu/libc.so.6(clone+0x6d) [0x7f72173b903d]
[INFO ] 20191108_152645 DEV_SendScanPara:106 -| End DEV_SendScanPara.
    5: ./exe() [0x40a0f6]
    4: ./exe() [0x40a5a1]
    3: ./exe() [0x405071]
    2: ./exe() [0x402c89]
    1: /lib/x86_64-linux-gnu/libpthread.so.0(+0x8184) [0x7f7217dc4184]
    0: /lib/x86_64-linux-gnu/libc.so.6(clone+0x6d) [0x7f72173b903d]
[INFO ] 20191108_152645 DEV_SendLocatePara:126 -| Running In DEV_SendLocatePara...
    5: ./exe() [0x40a0f6]
    4: ./exe() [0x40a5a1]
    3: ./exe() [0x4050ec]
    2: ./exe() [0x402d3c]
    1: /lib/x86_64-linux-gnu/libpthread.so.0(+0x8184) [0x7f7217dc4184]
    0: /lib/x86_64-linux-gnu/libc.so.6(clone+0x6d) [0x7f72173b903d]
[INFO ] 20191108_152645 DEV_SendLocatePara:158 -| End DEV_SendLocatePara.
    5: ./exe() [0x40a0f6]
    4: ./exe() [0x40a5a1]
    3: ./exe() [0x405292]
    2: ./exe() [0x402d3c]
    1: /lib/x86_64-linux-gnu/libpthread.so.0(+0x8184) [0x7f7217dc4184]
    0: /lib/x86_64-linux-gnu/libc.so.6(clone+0x6d) [0x7f72173b903d]
[INFO ] 20191108_152655 DEV_SendScanPara:68 -| Running In DEV_SendScanPara...
    5: ./exe() [0x40a0f6]
    4: ./exe() [0x40a5a1]
    3: ./exe() [0x404e77]
    2: ./exe() [0x402c89]
    1: /lib/x86_64-linux-gnu/libpthread.so.0(+0x8184) [0x7f7217dc4184]
    0: /lib/x86_64-linux-gnu/libc.so.6(clone+0x6d) [0x7f72173b903d]
[INFO ] 20191108_152655 DEV_SendScanPara:106 -| End DEV_SendScanPara.
    5: ./exe() [0x40a0f6]
    4: ./exe() [0x40a5a1]
    3: ./exe() [0x405071]
    2: ./exe() [0x402c89]
    1: /lib/x86_64-linux-gnu/libpthread.so.0(+0x8184) [0x7f7217dc4184]
    0: /lib/x86_64-linux-gnu/libc.so.6(clone+0x6d) [0x7f72173b903d]
[INFO ] 20191108_152655 DEV_SendLocatePara:126 -| Running In DEV_SendLocatePara...
    5: ./exe() [0x40a0f6]
    4: ./exe() [0x40a5a1]
    3: ./exe() [0x4050ec]
    2: ./exe() [0x402d3c]
    1: /lib/x86_64-linux-gnu/libpthread.so.0(+0x8184) [0x7f7217dc4184]
    0: /lib/x86_64-linux-gnu/libc.so.6(clone+0x6d) [0x7f72173b903d]
[INFO ] 20191108_152655 DEV_SendLocatePara:158 -| End DEV_SendLocatePara.
    5: ./exe() [0x40a0f6]
    4: ./exe() [0x40a5a1]
    3: ./exe() [0x405292]
    2: ./exe() [0x402d3c]
    1: /lib/x86_64-linux-gnu/libpthread.so.0(+0x8184) [0x7f7217dc4184]
    0: /lib/x86_64-linux-gnu/libc.so.6(clone+0x6d) [0x7f72173b903d]
