[INFO ] 20191108_142459 DEV_SendScanPara:68 -| Running In DEV_SendScanPara...
    5: ./exe() [0x40a0ec]
    4: ./exe() [0x40a597]
    3: ./exe() [0x404e6d]
    2: ./exe() [0x402c89]
    1: /lib/x86_64-linux-gnu/libpthread.so.0(+0x8184) [0x7fb6bed1a184]
    0: /lib/x86_64-linux-gnu/libc.so.6(clone+0x6d) [0x7fb6be30f03d]
[INFO ] 20191108_142459 DEV_SendScanPara:106 -| End DEV_SendScanPara.
    5: ./exe() [0x40a0ec]
    4: ./exe() [0x40a597]
    3: ./exe() [0x405067]
    2: ./exe() [0x402c89]
    1: /lib/x86_64-linux-gnu/libpthread.so.0(+0x8184) [0x7fb6bed1a184]
    0: /lib/x86_64-linux-gnu/libc.so.6(clone+0x6d) [0x7fb6be30f03d]
[INFO ] 20191108_142501 DEV_SendScanPara:68 -| Running In DEV_SendScanPara...
    5: ./exe() [0x40a0ec]
    4: ./exe() [0x40a597]
    3: ./exe() [0x404e6d]
    2: ./exe() [0x402c89]
    1: /lib/x86_64-linux-gnu/libpthread.so.0(+0x8184) [0x7fb6bed1a184]
    0: /lib/x86_64-linux-gnu/libc.so.6(clone+0x6d) [0x7fb6be30f03d]
[INFO ] 20191108_142501 DEV_SendScanPara:106 -| End DEV_SendScanPara.
    5: ./exe() [0x40a0ec]
    4: ./exe() [0x40a597]
    3: ./exe() [0x405067]
    2: ./exe() [0x402c89]
    1: /lib/x86_64-linux-gnu/libpthread.so.0(+0x8184) [0x7fb6bed1a184]
    0: /lib/x86_64-linux-gnu/libc.so.6(clone+0x6d) [0x7fb6be30f03d]
[INFO ] 20191108_142503 DEV_SendScanPara:68 -| Running In DEV_SendScanPara...
    5: ./exe() [0x40a0ec]
    4: ./exe() [0x40a597]
    3: ./exe() [0x404e6d]
    2: ./exe() [0x402c89]
    1: /lib/x86_64-linux-gnu/libpthread.so.0(+0x8184) [0x7fb6bed1a184]
    0: /lib/x86_64-linux-gnu/libc.so.6(clone+0x6d) [0x7fb6be30f03d]
[INFO ] 20191108_142503 DEV_SendScanPara:106 -| End DEV_SendScanPara.
    5: ./exe() [0x40a0ec]
    4: ./exe() [0x40a597]
    3: ./exe() [0x405067]
    2: ./exe() [0x402c89]
    1: /lib/x86_64-linux-gnu/libpthread.so.0(+0x8184) [0x7fb6bed1a184]
    0: /lib/x86_64-linux-gnu/libc.so.6(clone+0x6d) [0x7fb6be30f03d]
[INFO ] 20191108_142505 DEV_SendScanPara:68 -| Running In DEV_SendScanPara...
    5: ./exe() [0x40a0ec]
    4: ./exe() [0x40a597]
    3: ./exe() [0x404e6d]
    2: ./exe() [0x402c89]
    1: /lib/x86_64-linux-gnu/libpthread.so.0(+0x8184) [0x7fb6bed1a184]
    0: /lib/x86_64-linux-gnu/libc.so.6(clone+0x6d) [0x7fb6be30f03d]
[INFO ] 20191108_142505 DEV_SendScanPara:106 -| End DEV_SendScanPara.
    5: ./exe() [0x40a0ec]
    4: ./exe() [0x40a597]
    3: ./exe() [0x405067]
    2: ./exe() [0x402c89]
    1: /lib/x86_64-linux-gnu/libpthread.so.0(+0x8184) [0x7fb6bed1a184]
    0: /lib/x86_64-linux-gnu/libc.so.6(clone+0x6d) [0x7fb6be30f03d]
[INFO ] 20191108_142507 DEV_SendLocatePara:126 -| Running In DEV_SendLocatePara...
    5: ./exe() [0x40a0ec]
    4: ./exe() [0x40a597]
    3: ./exe() [0x4050e2]
    2: ./exe() [0x402d3c]
    1: /lib/x86_64-linux-gnu/libpthread.so.0(+0x8184) [0x7fb6bed1a184]
    0: /lib/x86_64-linux-gnu/libc.so.6(clone+0x6d) [0x7fb6be30f03d]
[INFO ] 20191108_142507 DEV_SendLocatePara:158 -| End DEV_SendLocatePara.
    5: ./exe() [0x40a0ec]
    4: ./exe() [0x40a597]
    3: ./exe() [0x405288]
    2: ./exe() [0x402d3c]
    1: /lib/x86_64-linux-gnu/libpthread.so.0(+0x8184) [0x7fb6bed1a184]
    0: /lib/x86_64-linux-gnu/libc.so.6(clone+0x6d) [0x7fb6be30f03d]
[INFO ] 20191108_142507 DEV_SendScanPara:68 -| Running In DEV_SendScanPara...
    5: ./exe() [0x40a0ec]
    4: ./exe() [0x40a597]
    3: ./exe() [0x404e6d]
    2: ./exe() [0x402c89]
    1: /lib/x86_64-linux-gnu/libpthread.so.0(+0x8184) [0x7fb6bed1a184]
    0: /lib/x86_64-linux-gnu/libc.so.6(clone+0x6d) [0x7fb6be30f03d]
[INFO ] 20191108_142507 DEV_SendScanPara:106 -| End DEV_SendScanPara.
    5: ./exe() [0x40a0ec]
    4: ./exe() [0x40a597]
    3: ./exe() [0x405067]
    2: ./exe() [0x402c89]
    1: /lib/x86_64-linux-gnu/libpthread.so.0(+0x8184) [0x7fb6bed1a184]
    0: /lib/x86_64-linux-gnu/libc.so.6(clone+0x6d) [0x7fb6be30f03d]
[INFO ] 20191108_142509 DEV_SendScanPara:68 -| Running In DEV_SendScanPara...
    5: ./exe() [0x40a0ec]
    4: ./exe() [0x40a597]
    3: ./exe() [0x404e6d]
    2: ./exe() [0x402c89]
    1: /lib/x86_64-linux-gnu/libpthread.so.0(+0x8184) [0x7fb6bed1a184]
    0: /lib/x86_64-linux-gnu/libc.so.6(clone+0x6d) [0x7fb6be30f03d]
[INFO ] 20191108_142509 DEV_SendScanPara:106 -| End DEV_SendScanPara.
    5: ./exe() [0x40a0ec]
    4: ./exe() [0x40a597]
    3: ./exe() [0x405067]
    2: ./exe() [0x402c89]
    1: /lib/x86_64-linux-gnu/libpthread.so.0(+0x8184) [0x7fb6bed1a184]
    0: /lib/x86_64-linux-gnu/libc.so.6(clone+0x6d) [0x7fb6be30f03d]
[INFO ] 20191108_142511 DEV_SendScanPara:68 -| Running In DEV_SendScanPara...
    5: ./exe() [0x40a0ec]
    4: ./exe() [0x40a597]
    3: ./exe() [0x404e6d]
    2: ./exe() [0x402c89]
    1: /lib/x86_64-linux-gnu/libpthread.so.0(+0x8184) [0x7fb6bed1a184]
    0: /lib/x86_64-linux-gnu/libc.so.6(clone+0x6d) [0x7fb6be30f03d]
[INFO ] 20191108_142511 DEV_SendScanPara:106 -| End DEV_SendScanPara.
    5: ./exe() [0x40a0ec]
    4: ./exe() [0x40a597]
    3: ./exe() [0x405067]
    2: ./exe() [0x402c89]
    1: /lib/x86_64-linux-gnu/libpthread.so.0(+0x8184) [0x7fb6bed1a184]
    0: /lib/x86_64-linux-gnu/libc.so.6(clone+0x6d) [0x7fb6be30f03d]
[INFO ] 20191108_142513 DEV_SendScanPara:68 -| Running In DEV_SendScanPara...
    5: ./exe() [0x40a0ec]
    4: ./exe() [0x40a597]
    3: ./exe() [0x404e6d]
    2: ./exe() [0x402c89]
    1: /lib/x86_64-linux-gnu/libpthread.so.0(+0x8184) [0x7fb6bed1a184]
    0: /lib/x86_64-linux-gnu/libc.so.6(clone+0x6d) [0x7fb6be30f03d]
[INFO ] 20191108_142513 DEV_SendScanPara:106 -| End DEV_SendScanPara.
    5: ./exe() [0x40a0ec]
    4: ./exe() [0x40a597]
    3: ./exe() [0x405067]
    2: ./exe() [0x402c89]
    1: /lib/x86_64-linux-gnu/libpthread.so.0(+0x8184) [0x7fb6bed1a184]
    0: /lib/x86_64-linux-gnu/libc.so.6(clone+0x6d) [0x7fb6be30f03d]
[INFO ] 20191108_142515 DEV_SendScanPara:68 -| Running In DEV_SendScanPara...
    5: ./exe() [0x40a0ec]
    4: ./exe() [0x40a597]
    3: ./exe() [0x404e6d]
    2: ./exe() [0x402c89]
    1: /lib/x86_64-linux-gnu/libpthread.so.0(+0x8184) [0x7fb6bed1a184]
    0: /lib/x86_64-linux-gnu/libc.so.6(clone+0x6d) [0x7fb6be30f03d]
[INFO ] 20191108_142515 DEV_SendScanPara:106 -| End DEV_SendScanPara.
    5: ./exe() [0x40a0ec]
    4: ./exe() [0x40a597]
    3: ./exe() [0x405067]
    2: ./exe() [0x402c89]
    1: /lib/x86_64-linux-gnu/libpthread.so.0(+0x8184) [0x7fb6bed1a184]
    0: /lib/x86_64-linux-gnu/libc.so.6(clone+0x6d) [0x7fb6be30f03d]
[INFO ] 20191108_142517 DEV_SendLocatePara:126 -| Running In DEV_SendLocatePara...
    5: ./exe() [0x40a0ec]
    4: ./exe() [0x40a597]
    3: ./exe() [0x4050e2]
    2: ./exe() [0x402d3c]
    1: /lib/x86_64-linux-gnu/libpthread.so.0(+0x8184) [0x7fb6bed1a184]
    0: /lib/x86_64-linux-gnu/libc.so.6(clone+0x6d) [0x7fb6be30f03d]
[INFO ] 20191108_142517 DEV_SendLocatePara:158 -| End DEV_SendLocatePara.
    5: ./exe() [0x40a0ec]
    4: ./exe() [0x40a597]
    3: ./exe() [0x405288]
    2: ./exe() [0x402d3c]
    1: /lib/x86_64-linux-gnu/libpthread.so.0(+0x8184) [0x7fb6bed1a184]
    0: /lib/x86_64-linux-gnu/libc.so.6(clone+0x6d) [0x7fb6be30f03d]
[INFO ] 20191108_142517 DEV_SendScanPara:68 -| Running In DEV_SendScanPara...
    5: ./exe() [0x40a0ec]
    4: ./exe() [0x40a597]
    3: ./exe() [0x404e6d]
    2: ./exe() [0x402c89]
    1: /lib/x86_64-linux-gnu/libpthread.so.0(+0x8184) [0x7fb6bed1a184]
    0: /lib/x86_64-linux-gnu/libc.so.6(clone+0x6d) [0x7fb6be30f03d]
[INFO ] 20191108_142517 DEV_SendScanPara:106 -| End DEV_SendScanPara.
    5: ./exe() [0x40a0ec]
    4: ./exe() [0x40a597]
    3: ./exe() [0x405067]
    2: ./exe() [0x402c89]
    1: /lib/x86_64-linux-gnu/libpthread.so.0(+0x8184) [0x7fb6bed1a184]
    0: /lib/x86_64-linux-gnu/libc.so.6(clone+0x6d) [0x7fb6be30f03d]
[INFO ] 20191108_142519 DEV_SendScanPara:68 -| Running In DEV_SendScanPara...
    5: ./exe() [0x40a0ec]
    4: ./exe() [0x40a597]
    3: ./exe() [0x404e6d]
    2: ./exe() [0x402c89]
    1: /lib/x86_64-linux-gnu/libpthread.so.0(+0x8184) [0x7fb6bed1a184]
    0: /lib/x86_64-linux-gnu/libc.so.6(clone+0x6d) [0x7fb6be30f03d]
[INFO ] 20191108_142519 DEV_SendScanPara:106 -| End DEV_SendScanPara.
    5: ./exe() [0x40a0ec]
    4: ./exe() [0x40a597]
    3: ./exe() [0x405067]
    2: ./exe() [0x402c89]
    1: /lib/x86_64-linux-gnu/libpthread.so.0(+0x8184) [0x7fb6bed1a184]
    0: /lib/x86_64-linux-gnu/libc.so.6(clone+0x6d) [0x7fb6be30f03d]
[INFO ] 20191108_142521 DEV_SendScanPara:68 -| Running In DEV_SendScanPara...
    5: ./exe() [0x40a0ec]
    4: ./exe() [0x40a597]
    3: ./exe() [0x404e6d]
    2: ./exe() [0x402c89]
    1: /lib/x86_64-linux-gnu/libpthread.so.0(+0x8184) [0x7fb6bed1a184]
    0: /lib/x86_64-linux-gnu/libc.so.6(clone+0x6d) [0x7fb6be30f03d]
[INFO ] 20191108_142521 DEV_SendScanPara:106 -| End DEV_SendScanPara.
    5: ./exe() [0x40a0ec]
    4: ./exe() [0x40a597]
    3: ./exe() [0x405067]
    2: ./exe() [0x402c89]
    1: /lib/x86_64-linux-gnu/libpthread.so.0(+0x8184) [0x7fb6bed1a184]
    0: /lib/x86_64-linux-gnu/libc.so.6(clone+0x6d) [0x7fb6be30f03d]
[INFO ] 20191108_142523 DEV_SendScanPara:68 -| Running In DEV_SendScanPara...
    5: ./exe() [0x40a0ec]
    4: ./exe() [0x40a597]
    3: ./exe() [0x404e6d]
    2: ./exe() [0x402c89]
    1: /lib/x86_64-linux-gnu/libpthread.so.0(+0x8184) [0x7fb6bed1a184]
    0: /lib/x86_64-linux-gnu/libc.so.6(clone+0x6d) [0x7fb6be30f03d]
[INFO ] 20191108_142523 DEV_SendScanPara:106 -| End DEV_SendScanPara.
    5: ./exe() [0x40a0ec]
    4: ./exe() [0x40a597]
    3: ./exe() [0x405067]
    2: ./exe() [0x402c89]
    1: /lib/x86_64-linux-gnu/libpthread.so.0(+0x8184) [0x7fb6bed1a184]
    0: /lib/x86_64-linux-gnu/libc.so.6(clone+0x6d) [0x7fb6be30f03d]
[INFO ] 20191108_142526 DEV_SendScanPara:68 -| Running In DEV_SendScanPara...
    5: ./exe() [0x40a0ec]
    4: ./exe() [0x40a597]
    3: ./exe() [0x404e6d]
    2: ./exe() [0x402c89]
    1: /lib/x86_64-linux-gnu/libpthread.so.0(+0x8184) [0x7fb6bed1a184]
    0: /lib/x86_64-linux-gnu/libc.so.6(clone+0x6d) [0x7fb6be30f03d]
[INFO ] 20191108_142526 DEV_SendScanPara:106 -| End DEV_SendScanPara.
    5: ./exe() [0x40a0ec]
    4: ./exe() [0x40a597]
    3: ./exe() [0x405067]
    2: ./exe() [0x402c89]
    1: /lib/x86_64-linux-gnu/libpthread.so.0(+0x8184) [0x7fb6bed1a184]
    0: /lib/x86_64-linux-gnu/libc.so.6(clone+0x6d) [0x7fb6be30f03d]
[INFO ] 20191108_142527 DEV_SendLocatePara:126 -| Running In DEV_SendLocatePara...
    5: ./exe() [0x40a0ec]
    4: ./exe() [0x40a597]
    3: ./exe() [0x4050e2]
    2: ./exe() [0x402d3c]
    1: /lib/x86_64-linux-gnu/libpthread.so.0(+0x8184) [0x7fb6bed1a184]
    0: /lib/x86_64-linux-gnu/libc.so.6(clone+0x6d) [0x7fb6be30f03d]
[INFO ] 20191108_142527 DEV_SendLocatePara:158 -| End DEV_SendLocatePara.
    5: ./exe() [0x40a0ec]
    4: ./exe() [0x40a597]
    3: ./exe() [0x405288]
    2: ./exe() [0x402d3c]
    1: /lib/x86_64-linux-gnu/libpthread.so.0(+0x8184) [0x7fb6bed1a184]
    0: /lib/x86_64-linux-gnu/libc.so.6(clone+0x6d) [0x7fb6be30f03d]
[INFO ] 20191108_142528 DEV_SendScanPara:68 -| Running In DEV_SendScanPara...
    5: ./exe() [0x40a0ec]
    4: ./exe() [0x40a597]
    3: ./exe() [0x404e6d]
    2: ./exe() [0x402c89]
    1: /lib/x86_64-linux-gnu/libpthread.so.0(+0x8184) [0x7fb6bed1a184]
    0: /lib/x86_64-linux-gnu/libc.so.6(clone+0x6d) [0x7fb6be30f03d]
[INFO ] 20191108_142528 DEV_SendScanPara:106 -| End DEV_SendScanPara.
    5: ./exe() [0x40a0ec]
    4: ./exe() [0x40a597]
    3: ./exe() [0x405067]
    2: ./exe() [0x402c89]
    1: /lib/x86_64-linux-gnu/libpthread.so.0(+0x8184) [0x7fb6bed1a184]
    0: /lib/x86_64-linux-gnu/libc.so.6(clone+0x6d) [0x7fb6be30f03d]
[INFO ] 20191108_142530 DEV_SendScanPara:68 -| Running In DEV_SendScanPara...
    5: ./exe() [0x40a0ec]
    4: ./exe() [0x40a597]
    3: ./exe() [0x404e6d]
    2: ./exe() [0x402c89]
    1: /lib/x86_64-linux-gnu/libpthread.so.0(+0x8184) [0x7fb6bed1a184]
    0: /lib/x86_64-linux-gnu/libc.so.6(clone+0x6d) [0x7fb6be30f03d]
[INFO ] 20191108_142530 DEV_SendScanPara:106 -| End DEV_SendScanPara.
    5: ./exe() [0x40a0ec]
    4: ./exe() [0x40a597]
    3: ./exe() [0x405067]
    2: ./exe() [0x402c89]
    1: /lib/x86_64-linux-gnu/libpthread.so.0(+0x8184) [0x7fb6bed1a184]
    0: /lib/x86_64-linux-gnu/libc.so.6(clone+0x6d) [0x7fb6be30f03d]
