[INFO ] 20191106_145053 th_RDWR:255 -| th_RDWR read data lens:64, data:00010002000300000036001300240002000004d7160115f7000004d8160115f7

    4: ./exe() [0x409e3d]
    3: ./exe() [0x40a2e8]
    2: ./exe() [0x402a0f]
    1: /lib/x86_64-linux-gnu/libpthread.so.0(+0x8184) [0x7fd128ca9184]
    0: /lib/x86_64-linux-gnu/libc.so.6(clone+0x6d) [0x7fd12829e03d]
[INFO ] 20191106_145053 DecodeRecvData:237 -| recv data type...
    5: ./exe() [0x409e3d]
    4: ./exe() [0x40a2e8]
    3: ./exe() [0x403d80]
    2: ./exe() [0x402a26]
    1: /lib/x86_64-linux-gnu/libpthread.so.0(+0x8184) [0x7fd128ca9184]
    0: /lib/x86_64-linux-gnu/libc.so.6(clone+0x6d) [0x7fd12829e03d]
[INFO ] 20191106_145053 DecodeRecvData:328 -| The Message type is MT_POSITION_PARA!
    5: ./exe() [0x409e3d]
    4: ./exe() [0x40a2e8]
    3: ./exe() [0x40433d]
    2: ./exe() [0x402a26]
    1: /lib/x86_64-linux-gnu/libpthread.so.0(+0x8184) [0x7fd128ca9184]
    0: /lib/x86_64-linux-gnu/libc.so.6(clone+0x6d) [0x7fd12829e03d]
[INFO ] 20191106_145053 DEV_SendLocatePara:126 -| Running In DEV_SendLocatePara...
    6: ./exe() [0x409e3d]
    5: ./exe() [0x40a2e8]
    4: ./exe() [0x404e23]
    3: ./exe() [0x40454f]
    2: ./exe() [0x402a26]
    1: /lib/x86_64-linux-gnu/libpthread.so.0(+0x8184) [0x7fd128ca9184]
    0: /lib/x86_64-linux-gnu/libc.so.6(clone+0x6d) [0x7fd12829e03d]
[INFO ] 20191106_145053 DEV_SendLocatePara:158 -| End DEV_SendLocatePara.
    6: ./exe() [0x409e3d]
    5: ./exe() [0x40a2e8]
    4: ./exe() [0x404fc9]
    3: ./exe() [0x40454f]
    2: ./exe() [0x402a26]
    1: /lib/x86_64-linux-gnu/libpthread.so.0(+0x8184) [0x7fd128ca9184]
    0: /lib/x86_64-linux-gnu/libc.so.6(clone+0x6d) [0x7fd12829e03d]
[INFO ] 20191106_145053 DecodeRecvData:432 -| End DecodeRecvData.
    5: ./exe() [0x409e3d]
    4: ./exe() [0x40a2e8]
    3: ./exe() [0x404925]
    2: ./exe() [0x402a26]
    1: /lib/x86_64-linux-gnu/libpthread.so.0(+0x8184) [0x7fd128ca9184]
    0: /lib/x86_64-linux-gnu/libc.so.6(clone+0x6d) [0x7fd12829e03d]
[INFO ] 20191106_145145 th_RDWR:255 -| th_RDWR read data lens:64, data:00010002000300000036001300240002000004d8160115f7000004d7160115f7

    4: ./exe() [0x409e3d]
    3: ./exe() [0x40a2e8]
    2: ./exe() [0x402a0f]
    1: /lib/x86_64-linux-gnu/libpthread.so.0(+0x8184) [0x7fd128ca9184]
    0: /lib/x86_64-linux-gnu/libc.so.6(clone+0x6d) [0x7fd12829e03d]
[INFO ] 20191106_145145 DecodeRecvData:237 -| recv data type...
    5: ./exe() [0x409e3d]
    4: ./exe() [0x40a2e8]
    3: ./exe() [0x403d80]
    2: ./exe() [0x402a26]
    1: /lib/x86_64-linux-gnu/libpthread.so.0(+0x8184) [0x7fd128ca9184]
    0: /lib/x86_64-linux-gnu/libc.so.6(clone+0x6d) [0x7fd12829e03d]
[INFO ] 20191106_145145 DecodeRecvData:328 -| The Message type is MT_POSITION_PARA!
    5: ./exe() [0x409e3d]
    4: ./exe() [0x40a2e8]
    3: ./exe() [0x40433d]
    2: ./exe() [0x402a26]
    1: /lib/x86_64-linux-gnu/libpthread.so.0(+0x8184) [0x7fd128ca9184]
    0: /lib/x86_64-linux-gnu/libc.so.6(clone+0x6d) [0x7fd12829e03d]
[INFO ] 20191106_145145 DEV_SendLocatePara:126 -| Running In DEV_SendLocatePara...
    6: ./exe() [0x409e3d]
    5: ./exe() [0x40a2e8]
    4: ./exe() [0x404e23]
    3: ./exe() [0x40454f]
    2: ./exe() [0x402a26]
    1: /lib/x86_64-linux-gnu/libpthread.so.0(+0x8184) [0x7fd128ca9184]
    0: /lib/x86_64-linux-gnu/libc.so.6(clone+0x6d) [0x7fd12829e03d]
[INFO ] 20191106_145145 DEV_SendLocatePara:158 -| End DEV_SendLocatePara.
    6: ./exe() [0x409e3d]
    5: ./exe() [0x40a2e8]
    4: ./exe() [0x404fc9]
    3: ./exe() [0x40454f]
    2: ./exe() [0x402a26]
    1: /lib/x86_64-linux-gnu/libpthread.so.0(+0x8184) [0x7fd128ca9184]
    0: /lib/x86_64-linux-gnu/libc.so.6(clone+0x6d) [0x7fd12829e03d]
[INFO ] 20191106_145145 DecodeRecvData:432 -| End DecodeRecvData.
    5: ./exe() [0x409e3d]
    4: ./exe() [0x40a2e8]
    3: ./exe() [0x404925]
    2: ./exe() [0x402a26]
    1: /lib/x86_64-linux-gnu/libpthread.so.0(+0x8184) [0x7fd128ca9184]
    0: /lib/x86_64-linux-gnu/libc.so.6(clone+0x6d) [0x7fd12829e03d]
[INFO ] 20191106_145145 main:598 -| Main BYE!
    4: ./exe() [0x409e3d]
    3: ./exe() [0x40a2e8]
    2: ./exe() [0x403388]
    1: /lib/x86_64-linux-gnu/libc.so.6(__libc_start_main+0xf5) [0x7fd1281c1f45]
    0: ./exe() [0x402469]
