[INFO ] 20191108_143258 DEV_SendScanPara:68 -| Running In DEV_SendScanPara...
    5: ./exe() [0x40a0ec]
    4: ./exe() [0x40a597]
    3: ./exe() [0x404e6d]
    2: ./exe() [0x402c89]
    1: /lib/x86_64-linux-gnu/libpthread.so.0(+0x8184) [0x7f26b159b184]
    0: /lib/x86_64-linux-gnu/libc.so.6(clone+0x6d) [0x7f26b0b9003d]
[INFO ] 20191108_143258 DEV_SendScanPara:106 -| End DEV_SendScanPara.
    5: ./exe() [0x40a0ec]
    4: ./exe() [0x40a597]
    3: ./exe() [0x405067]
    2: ./exe() [0x402c89]
    1: /lib/x86_64-linux-gnu/libpthread.so.0(+0x8184) [0x7f26b159b184]
    0: /lib/x86_64-linux-gnu/libc.so.6(clone+0x6d) [0x7f26b0b9003d]
[INFO ] 20191108_143300 DEV_SendScanPara:68 -| Running In DEV_SendScanPara...
    5: ./exe() [0x40a0ec]
    4: ./exe() [0x40a597]
    3: ./exe() [0x404e6d]
    2: ./exe() [0x402c89]
    1: /lib/x86_64-linux-gnu/libpthread.so.0(+0x8184) [0x7f26b159b184]
    0: /lib/x86_64-linux-gnu/libc.so.6(clone+0x6d) [0x7f26b0b9003d]
[INFO ] 20191108_143300 DEV_SendScanPara:106 -| End DEV_SendScanPara.
    5: ./exe() [0x40a0ec]
    4: ./exe() [0x40a597]
    3: ./exe() [0x405067]
    2: ./exe() [0x402c89]
    1: /lib/x86_64-linux-gnu/libpthread.so.0(+0x8184) [0x7f26b159b184]
    0: /lib/x86_64-linux-gnu/libc.so.6(clone+0x6d) [0x7f26b0b9003d]
[INFO ] 20191108_143302 DEV_SendScanPara:68 -| Running In DEV_SendScanPara...
    5: ./exe() [0x40a0ec]
    4: ./exe() [0x40a597]
    3: ./exe() [0x404e6d]
    2: ./exe() [0x402c89]
    1: /lib/x86_64-linux-gnu/libpthread.so.0(+0x8184) [0x7f26b159b184]
    0: /lib/x86_64-linux-gnu/libc.so.6(clone+0x6d) [0x7f26b0b9003d]
[INFO ] 20191108_143302 DEV_SendScanPara:106 -| End DEV_SendScanPara.
    5: ./exe() [0x40a0ec]
    4: ./exe() [0x40a597]
    3: ./exe() [0x405067]
    2: ./exe() [0x402c89]
    1: /lib/x86_64-linux-gnu/libpthread.so.0(+0x8184) [0x7f26b159b184]
    0: /lib/x86_64-linux-gnu/libc.so.6(clone+0x6d) [0x7f26b0b9003d]
[INFO ] 20191108_143304 DEV_SendScanPara:68 -| Running In DEV_SendScanPara...
    5: ./exe() [0x40a0ec]
    4: ./exe() [0x40a597]
    3: ./exe() [0x404e6d]
    2: ./exe() [0x402c89]
    1: /lib/x86_64-linux-gnu/libpthread.so.0(+0x8184) [0x7f26b159b184]
    0: /lib/x86_64-linux-gnu/libc.so.6(clone+0x6d) [0x7f26b0b9003d]
[INFO ] 20191108_143304 DEV_SendScanPara:106 -| End DEV_SendScanPara.
    5: ./exe() [0x40a0ec]
    4: ./exe() [0x40a597]
    3: ./exe() [0x405067]
    2: ./exe() [0x402c89]
    1: /lib/x86_64-linux-gnu/libpthread.so.0(+0x8184) [0x7f26b159b184]
    0: /lib/x86_64-linux-gnu/libc.so.6(clone+0x6d) [0x7f26b0b9003d]
[INFO ] 20191108_143306 DEV_SendLocatePara:126 -| Running In DEV_SendLocatePara...
    5: ./exe() [0x40a0ec]
    4: ./exe() [0x40a597]
    3: ./exe() [0x4050e2]
    2: ./exe() [0x402d3c]
    1: /lib/x86_64-linux-gnu/libpthread.so.0(+0x8184) [0x7f26b159b184]
    0: /lib/x86_64-linux-gnu/libc.so.6(clone+0x6d) [0x7f26b0b9003d]
[INFO ] 20191108_143306 DEV_SendLocatePara:158 -| End DEV_SendLocatePara.
    5: ./exe() [0x40a0ec]
    4: ./exe() [0x40a597]
    3: ./exe() [0x405288]
    2: ./exe() [0x402d3c]
    1: /lib/x86_64-linux-gnu/libpthread.so.0(+0x8184) [0x7f26b159b184]
    0: /lib/x86_64-linux-gnu/libc.so.6(clone+0x6d) [0x7f26b0b9003d]
[INFO ] 20191108_143306 DEV_SendScanPara:68 -| Running In DEV_SendScanPara...
    5: ./exe() [0x40a0ec]
    4: ./exe() [0x40a597]
    3: ./exe() [0x404e6d]
    2: ./exe() [0x402c89]
    1: /lib/x86_64-linux-gnu/libpthread.so.0(+0x8184) [0x7f26b159b184]
    0: /lib/x86_64-linux-gnu/libc.so.6(clone+0x6d) [0x7f26b0b9003d]
[INFO ] 20191108_143306 DEV_SendScanPara:106 -| End DEV_SendScanPara.
    5: ./exe() [0x40a0ec]
    4: ./exe() [0x40a597]
    3: ./exe() [0x405067]
    2: ./exe() [0x402c89]
    1: /lib/x86_64-linux-gnu/libpthread.so.0(+0x8184) [0x7f26b159b184]
    0: /lib/x86_64-linux-gnu/libc.so.6(clone+0x6d) [0x7f26b0b9003d]
[INFO ] 20191108_143308 DEV_SendScanPara:68 -| Running In DEV_SendScanPara...
    5: ./exe() [0x40a0ec]
    4: ./exe() [0x40a597]
    3: ./exe() [0x404e6d]
    2: ./exe() [0x402c89]
    1: /lib/x86_64-linux-gnu/libpthread.so.0(+0x8184) [0x7f26b159b184]
    0: /lib/x86_64-linux-gnu/libc.so.6(clone+0x6d) [0x7f26b0b9003d]
[INFO ] 20191108_143308 DEV_SendScanPara:106 -| End DEV_SendScanPara.
    5: ./exe() [0x40a0ec]
    4: ./exe() [0x40a597]
    3: ./exe() [0x405067]
    2: ./exe() [0x402c89]
    1: /lib/x86_64-linux-gnu/libpthread.so.0(+0x8184) [0x7f26b159b184]
    0: /lib/x86_64-linux-gnu/libc.so.6(clone+0x6d) [0x7f26b0b9003d]
[INFO ] 20191108_143310 DEV_SendScanPara:68 -| Running In DEV_SendScanPara...
    5: ./exe() [0x40a0ec]
    4: ./exe() [0x40a597]
    3: ./exe() [0x404e6d]
    2: ./exe() [0x402c89]
    1: /lib/x86_64-linux-gnu/libpthread.so.0(+0x8184) [0x7f26b159b184]
    0: /lib/x86_64-linux-gnu/libc.so.6(clone+0x6d) [0x7f26b0b9003d]
[INFO ] 20191108_143310 DEV_SendScanPara:106 -| End DEV_SendScanPara.
    5: ./exe() [0x40a0ec]
    4: ./exe() [0x40a597]
    3: ./exe() [0x405067]
    2: ./exe() [0x402c89]
    1: /lib/x86_64-linux-gnu/libpthread.so.0(+0x8184) [0x7f26b159b184]
    0: /lib/x86_64-linux-gnu/libc.so.6(clone+0x6d) [0x7f26b0b9003d]
[INFO ] 20191108_143312 DEV_SendScanPara:68 -| Running In DEV_SendScanPara...
    5: ./exe() [0x40a0ec]
    4: ./exe() [0x40a597]
    3: ./exe() [0x404e6d]
    2: ./exe() [0x402c89]
    1: /lib/x86_64-linux-gnu/libpthread.so.0(+0x8184) [0x7f26b159b184]
    0: /lib/x86_64-linux-gnu/libc.so.6(clone+0x6d) [0x7f26b0b9003d]
[INFO ] 20191108_143312 DEV_SendScanPara:106 -| End DEV_SendScanPara.
    5: ./exe() [0x40a0ec]
    4: ./exe() [0x40a597]
    3: ./exe() [0x405067]
    2: ./exe() [0x402c89]
    1: /lib/x86_64-linux-gnu/libpthread.so.0(+0x8184) [0x7f26b159b184]
    0: /lib/x86_64-linux-gnu/libc.so.6(clone+0x6d) [0x7f26b0b9003d]
[INFO ] 20191108_143314 DEV_SendScanPara:68 -| Running In DEV_SendScanPara...
    5: ./exe() [0x40a0ec]
    4: ./exe() [0x40a597]
    3: ./exe() [0x404e6d]
    2: ./exe() [0x402c89]
    1: /lib/x86_64-linux-gnu/libpthread.so.0(+0x8184) [0x7f26b159b184]
    0: /lib/x86_64-linux-gnu/libc.so.6(clone+0x6d) [0x7f26b0b9003d]
[INFO ] 20191108_143314 DEV_SendScanPara:106 -| End DEV_SendScanPara.
    5: ./exe() [0x40a0ec]
    4: ./exe() [0x40a597]
    3: ./exe() [0x405067]
    2: ./exe() [0x402c89]
    1: /lib/x86_64-linux-gnu/libpthread.so.0(+0x8184) [0x7f26b159b184]
    0: /lib/x86_64-linux-gnu/libc.so.6(clone+0x6d) [0x7f26b0b9003d]
[INFO ] 20191108_143316 DEV_SendLocatePara:126 -| Running In DEV_SendLocatePara...
    5: ./exe() [0x40a0ec]
    4: ./exe() [0x40a597]
    3: ./exe() [0x4050e2]
    2: ./exe() [0x402d3c]
    1: /lib/x86_64-linux-gnu/libpthread.so.0(+0x8184) [0x7f26b159b184]
    0: /lib/x86_64-linux-gnu/libc.so.6(clone+0x6d) [0x7f26b0b9003d]
[INFO ] 20191108_143316 DEV_SendLocatePara:158 -| End DEV_SendLocatePara.
    5: ./exe() [0x40a0ec]
    4: ./exe() [0x40a597]
    3: ./exe() [0x405288]
    2: ./exe() [0x402d3c]
    1: /lib/x86_64-linux-gnu/libpthread.so.0(+0x8184) [0x7f26b159b184]
    0: /lib/x86_64-linux-gnu/libc.so.6(clone+0x6d) [0x7f26b0b9003d]
